#
# A fatal error has been detected by the Java Runtime Environment:
#
#  SIGSEGV (0xb) at pc=0x00007fff5b0eb6a9, pid=7090, tid=0x0000000000000307
#
# JRE version: OpenJDK Runtime Environment (8.0_242-b08) (build 1.8.0_242-b08)
# Java VM: OpenJDK 64-Bit Server VM (25.242-b08 mixed mode bsd-amd64 compressed oops)
# Problematic frame:
# C  [libobjc.A.dylib+0x66a9]  objc_msgSend+0x29
#
# Failed to write core dump. Core dumps have been disabled. To enable core dumping, try "ulimit -c unlimited" before starting Java again
#
# If you would like to submit a bug report, please visit:
#   http://bugreport.java.com/bugreport/crash.jsp
# The crash happened outside the Java Virtual Machine in native code.
# See problematic frame for where to report the bug.
#

---------------  T H R E A D  ---------------

Current thread (0x00007fe892863000):  JavaThread "AWT-AppKit" daemon [_thread_in_native, id=775, stack(0x00007ffee0ce7000,0x00007ffee14e7000)]

siginfo: si_signo: 11 (SIGSEGV), si_code: 1 (SEGV_MAPERR), si_addr: 0x0000012800000780

Registers:
RAX=0x00007fe897e75a10, RBX=0x00000001315a6450, RCX=0x0000000000000001, RDX=0x0000000000000000
RSP=0x00007ffee14e21c8, RBP=0x00007ffee14e2280, RSI=0x00007fff2eae8537, RDI=0x00007fe89246e000
R8 =0x0000000000000001, R9 =0x0000000000000000, R10=0x0000000118c5acd0, R11=0x0000012800000780
R12=0x0000000000000000, R13=0x000000015eef8c60, R14=0x00000001315a6440, R15=0x00007fe892863000
RIP=0x00007fff5b0eb6a9, EFLAGS=0x0000000000010202, ERR=0x0000000000000004
  TRAPNO=0x000000000000000e

Top of Stack: (sp=0x00007ffee14e21c8)
0x00007ffee14e21c8:   00000001315a4157 00007ffee14e2220
0x00007ffee14e21d8:   0000000000000003 00007ffee14e2200
0x00007ffee14e21e8:   000000010f9432b2 000000015eef8c60
0x00007ffee14e21f8:   000000015eef8c60 00007fe897e75a10
0x00007ffee14e2208:   00000001315a66a0 00000001315a6710
0x00007ffee14e2218:   00007fff8bb13838 00007fff8d1ed088
0x00007ffee14e2228:   00000001315a6450 00000001315a6690
0x00007ffee14e2238:   00007fe897e75a10 00007fe89246e000
0x00007ffee14e2248:   00007fe8926245f0 00007fe897e75a10
0x00007ffee14e2258:   00007fe89246e000 00007ffee14e2308
0x00007ffee14e2268:   00007fe8928631e0 000000015eef8c60
0x00007ffee14e2278:   00007ffee14e2330 00007ffee14e22f8
0x00007ffee14e2288:   0000000118471407 000000015eef8c60
0x00007ffee14e2298:   00007ffee14e2330 00007ffee14e22f8
0x00007ffee14e22a8:   0000000118471167 0000000118471122
0x00007ffee14e22b8:   00007ffee14e22b8 000000015eef8c60
0x00007ffee14e22c8:   00007ffee14e2330 000000015eefb898
0x00007ffee14e22d8:   0000000000000000 000000015eef8c60
0x00007ffee14e22e8:   0000000000000000 00007ffee14e2318
0x00007ffee14e22f8:   00007ffee14e2378 0000000118460ffd
0x00007ffee14e2308:   000000076fe0e550 000000011846aa58
0x00007ffee14e2318:   00007fe897e75a10 00007ffee14e2378
0x00007ffee14e2328:   00007fe89246e000 000000011846c4c2
0x00007ffee14e2338:   00007ffee14e2338 000000015eef8e2a
0x00007ffee14e2348:   00007ffee14e23a0 000000015eefb898
0x00007ffee14e2358:   0000000000000000 000000015eef8e38
0x00007ffee14e2368:   00007ffee14e2318 00007ffee14e2388
0x00007ffee14e2378:   00007ffee14e23e8 0000000118460ffd
0x00007ffee14e2388:   00007fe897e75a10 000000076f5f8340
0x00007ffee14e2398:   00007fe89246e000 000000076f5f8340
0x00007ffee14e23a8:   00007ffee14e23a8 0000000164db7af6
0x00007ffee14e23b8:   00007ffee14e23f8 0000000164db7bb0 

Instructions: (pc=0x00007fff5b0eb6a9)
0x00007fff5b0eb689:   01 2e 75 66 49 ba f8 ff ff ff ff 7f 00 00 4c 23
0x00007fff5b0eb699:   17 49 89 f3 45 23 5a 18 49 c1 e3 04 4d 03 5a 10
0x00007fff5b0eb6a9:   49 3b 33 75 04 41 ff 63 08 49 83 3b 01 76 0d 49
0x00007fff5b0eb6b9:   83 c3 10 49 3b 33 75 f1 41 ff 63 08 72 68 4d 8b 

Register to memory mapping:

RAX=0x00007fe897e75a10 is an unknown value
RBX=0x00000001315a6450: Java_jogamp_nativewindow_macosx_OSXUtil_GetScreenRefreshRate0+0x1cf0 in /private/var/folders/pt/gmp3zg_n0fv1_5_mkh2b9j80003h5j/T/jogamp_0000/file_cache/jln4216204132464794625/jln3736638899639131409/libnativewindow_macosx.jnilib at 0x000000013159f000
RCX=0x0000000000000001 is an unknown value
RDX=0x0000000000000000 is an unknown value
RSP=0x00007ffee14e21c8 is pointing into the stack for thread: 0x00007fe892863000
RBP=0x00007ffee14e2280 is pointing into the stack for thread: 0x00007fe892863000
RSI=0x00007fff2eae8537: GCC_except_table7+0x9e9b in /System/Library/Frameworks/AppKit.framework/Versions/C/AppKit at 0x00007fff2df41000
RDI=0x00007fe89246e000 is an unknown value
R8 =0x0000000000000001 is an unknown value
R9 =0x0000000000000000 is an unknown value
R10=0x0000000118c5acd0 is at entry_point+-400 in (nmethod*)0x0000000118c5acd0
R11=0x0000012800000780 is an unknown value
R12=0x0000000000000000 is an unknown value
R13={method} {0x000000015eef8c60} 'UnsetJAWTRootSurfaceLayer0' '(JJ)V' in 'jogamp/nativewindow/jawt/macosx/MacOSXJAWTWindow'
R14=0x00000001315a6440: Java_jogamp_nativewindow_macosx_OSXUtil_GetScreenRefreshRate0+0x1ce0 in /private/var/folders/pt/gmp3zg_n0fv1_5_mkh2b9j80003h5j/T/jogamp_0000/file_cache/jln4216204132464794625/jln3736638899639131409/libnativewindow_macosx.jnilib at 0x000000013159f000
R15=0x00007fe892863000 is a thread


Stack: [0x00007ffee0ce7000,0x00007ffee14e7000],  sp=0x00007ffee14e21c8,  free space=8172k
Native frames: (J=compiled Java code, j=interpreted, Vv=VM code, C=native code)
C  [libobjc.A.dylib+0x66a9]  objc_msgSend+0x29
j  jogamp.nativewindow.jawt.macosx.MacOSXJAWTWindow.UnsetJAWTRootSurfaceLayer0(JJ)V+0
j  jogamp.nativewindow.jawt.macosx.MacOSXJAWTWindow.access$200(JJ)V+2
j  jogamp.nativewindow.jawt.macosx.MacOSXJAWTWindow$1.run()V+38
J 1990 C1 com.jogamp.common.util.RunnableTask.run()V (345 bytes) @ 0x0000000118b1a024 [0x0000000118b19e80+0x1a4]
v  ~StubRoutines::call_stub
V  [libjvm.dylib+0x2e3fa7]  JavaCalls::call_helper(JavaValue*, methodHandle*, JavaCallArguments*, Thread*)+0x6a7
V  [libjvm.dylib+0x2ff139]  jni_invoke_nonstatic(JNIEnv_*, JavaValue*, _jobject*, JNICallType, _jmethodID*, JNI_ArgumentPusher*, Thread*)+0x2fe
V  [libjvm.dylib+0x2f13d1]  jni_CallVoidMethod+0x16b
C  [libnativewindow_macosx.jnilib+0x5326]  Java_jogamp_nativewindow_jawt_macosx_MacOSXJAWTWindow_UnsetJAWTRootSurfaceLayer0+0x2b6
C  [Foundation+0xb0302]  __NSThreadPerformPerform+0x148
C  [CoreFoundation+0x57e33]  __CFRUNLOOP_IS_CALLING_OUT_TO_A_SOURCE0_PERFORM_FUNCTION__+0x11
C  [CoreFoundation+0x57dd9]  __CFRunLoopDoSource0+0x6c
C  [CoreFoundation+0x3b7f3]  __CFRunLoopDoSources0+0x11b
C  [CoreFoundation+0x3ad65]  __CFRunLoopRun+0x4a5
C  [CoreFoundation+0x3a66e]  CFRunLoopRunSpecific+0x1c7
C  [HIToolbox+0xb1ab]  RunCurrentEventLoopInMode+0x124
C  [HIToolbox+0xaded]  ReceiveNextEventCommon+0x163
C  [HIToolbox+0xac76]  _BlockUntilNextEventMatchingListInModeWithFilter+0x40
C  [AppKit+0x1a77d]  _DPSNextEvent+0x46f
C  [AppKit+0x1946b]  -[NSApplication(NSEvent) _nextEventMatchingEventMask:untilDate:inMode:dequeue:]+0x551
C  [libosxapp.dylib+0x2328]  -[NSApplicationAWT nextEventMatchingMask:untilDate:inMode:dequeue:]+0x7c
C  [AppKit+0x13588]  -[NSApplication run]+0x2bb
C  [libosxapp.dylib+0x1f72]  +[NSApplicationAWT runAWTLoopWithApp:]+0x9c
C  [libawt_lwawt.dylib+0x4711f]  -[AWTStarter starter:]+0x389
C  [Foundation+0xb0302]  __NSThreadPerformPerform+0x148
C  [CoreFoundation+0x57e33]  __CFRUNLOOP_IS_CALLING_OUT_TO_A_SOURCE0_PERFORM_FUNCTION__+0x11
C  [CoreFoundation+0x57dd9]  __CFRunLoopDoSource0+0x6c
C  [CoreFoundation+0x3b79b]  __CFRunLoopDoSources0+0xc3
C  [CoreFoundation+0x3ad65]  __CFRunLoopRun+0x4a5
C  [CoreFoundation+0x3a66e]  CFRunLoopRunSpecific+0x1c7
C  [java+0x646e]  CreateExecutionEnvironment+0x367
C  [java+0x203c]  JLI_Launch+0x7a0
C  [java+0x84d2]  main+0x6c
C  [java+0x1894]  start+0x34
C  0x0000000000000007

Java frames: (J=compiled Java code, j=interpreted, Vv=VM code)
j  jogamp.nativewindow.jawt.macosx.MacOSXJAWTWindow.UnsetJAWTRootSurfaceLayer0(JJ)V+0
j  jogamp.nativewindow.jawt.macosx.MacOSXJAWTWindow.access$200(JJ)V+2
j  jogamp.nativewindow.jawt.macosx.MacOSXJAWTWindow$1.run()V+38
J 1990 C1 com.jogamp.common.util.RunnableTask.run()V (345 bytes) @ 0x0000000118b1a024 [0x0000000118b19e80+0x1a4]
v  ~StubRoutines::call_stub

---------------  P R O C E S S  ---------------

Java Threads: ( => current thread )
  0x00007fe895154800 JavaThread "Thread-48" [_thread_blocked, id=86047, stack(0x00007000047e8000,0x00007000048e8000)]
  0x00007fe895264000 JavaThread "AWT-EventQueue-1" [_thread_blocked, id=66591, stack(0x000070000510f000,0x000070000520f000)]
  0x00007fe89524b000 JavaThread "DestroyJavaVM" [_thread_blocked, id=9731, stack(0x00007000033ac000,0x00007000034ac000)]
  0x00007fe893969000 JavaThread "AWT-EventQueue-0" [_thread_blocked, id=61703, stack(0x0000700004f09000,0x0000700005009000)]
  0x00007fe8928d6000 JavaThread "Java2D Disposer" daemon [_thread_blocked, id=55075, stack(0x0000700004c80000,0x0000700004d80000)]
  0x00007fe892894800 JavaThread "Java2D Queue Flusher" daemon [_thread_blocked, id=81427, stack(0x0000700004b7d000,0x0000700004c7d000)]
  0x00007fe8938b1800 JavaThread "AWT-Shutdown" [_thread_blocked, id=36907, stack(0x00007000046e5000,0x00007000047e5000)]
=>0x00007fe892863000 JavaThread "AWT-AppKit" daemon [_thread_in_native, id=775, stack(0x00007ffee0ce7000,0x00007ffee14e7000)]
  0x00007fe89301d000 JavaThread "Service Thread" daemon [_thread_blocked, id=15875, stack(0x00007000044df000,0x00007000045df000)]
  0x00007fe89281b000 JavaThread "C1 CompilerThread3" daemon [_thread_blocked, id=16387, stack(0x00007000043dc000,0x00007000044dc000)]
  0x00007fe893000800 JavaThread "C2 CompilerThread2" daemon [_thread_blocked, id=14595, stack(0x00007000042d9000,0x00007000043d9000)]
  0x00007fe895014800 JavaThread "C2 CompilerThread1" daemon [_thread_blocked, id=16899, stack(0x00007000041d6000,0x00007000042d6000)]
  0x00007fe895000000 JavaThread "C2 CompilerThread0" daemon [_thread_blocked, id=14339, stack(0x00007000040d3000,0x00007000041d3000)]
  0x00007fe896016000 JavaThread "Signal Dispatcher" daemon [_thread_blocked, id=17667, stack(0x0000700003fd0000,0x00007000040d0000)]
  0x00007fe895008000 JavaThread "Finalizer" daemon [_thread_blocked, id=13315, stack(0x0000700003ecd000,0x0000700003fcd000)]
  0x00007fe89580d800 JavaThread "Reference Handler" daemon [_thread_blocked, id=12803, stack(0x0000700003dca000,0x0000700003eca000)]

Other Threads:
  0x00007fe892809800 VMThread [stack: 0x0000700003cc7000,0x0000700003dc7000] [id=19971]
  0x00007fe894014000 WatcherThread [stack: 0x00007000045e2000,0x00007000046e2000] [id=15107]

VM state:not at safepoint (normal execution)

VM Mutex/Monitor currently owned by a thread: None

heap address: 0x00000006c0000000, size: 4096 MB, Compressed Oops mode: Zero based, Oop shift amount: 3
Narrow klass base: 0x0000000000000000, Narrow klass shift: 3
Compressed class space size: 1073741824 Address: 0x00000007c0000000

Heap:
 PSYoungGen      total 76288K, used 48083K [0x000000076ab00000, 0x0000000770000000, 0x00000007c0000000)
  eden space 65536K, 56% used [0x000000076ab00000,0x000000076cf78108,0x000000076eb00000)
  from space 10752K, 99% used [0x000000076f580000,0x000000076fffcda0,0x0000000770000000)
  to   space 10752K, 0% used [0x000000076eb00000,0x000000076eb00000,0x000000076f580000)
 ParOldGen       total 175104K, used 14716K [0x00000006c0000000, 0x00000006cab00000, 0x000000076ab00000)
  object space 175104K, 8% used [0x00000006c0000000,0x00000006c0e5f3c0,0x00000006cab00000)
 Metaspace       used 19353K, capacity 19719K, committed 19968K, reserved 1067008K
  class space    used 1874K, capacity 1992K, committed 2048K, reserved 1048576K

Card table byte_map: [0x0000000110736000,0x0000000110f37000] byte_map_base: 0x000000010d136000

Marking Bits: (ParMarkBitMap*) 0x000000011009f5b0
 Begin Bits: [0x0000000127459000, 0x000000012b459000)
 End Bits:   [0x000000012b459000, 0x000000012f459000)

Polling page: 0x000000010e7e3000

CodeCache: size=245760Kb used=8178Kb max_used=8182Kb free=237581Kb
 bounds [0x0000000118459000, 0x0000000118c69000, 0x0000000127459000]
 total_blobs=3208 nmethods=2308 adapters=814
 compilation: enabled

Compilation events (10 events):
Event: 25.994 Thread 0x00007fe895014800 2323       4       java.util.Collections::sort (8 bytes)
Event: 25.998 Thread 0x00007fe895014800 nmethod 2323 0x0000000118c596d0 code [0x0000000118c59860, 0x0000000118c59cd8]
Event: 26.047 Thread 0x00007fe89281b000 2324       1       sun.java2d.SurfaceData::isValid (5 bytes)
Event: 26.047 Thread 0x00007fe89281b000 nmethod 2324 0x0000000118c5bd50 code [0x0000000118c5bea0, 0x0000000118c5bfb0]
Event: 26.047 Thread 0x00007fe89281b000 2325       3       sun.java2d.pipe.RenderBuffer::putFloat (26 bytes)
Event: 26.047 Thread 0x00007fe89281b000 nmethod 2325 0x0000000118c5b990 code [0x0000000118c5bb00, 0x0000000118c5bc90]
Event: 26.077 Thread 0x00007fe89281b000 2327       3       java.util.Stack::empty (13 bytes)
Event: 26.078 Thread 0x00007fe89281b000 nmethod 2327 0x0000000118c5b390 code [0x0000000118c5b500, 0x0000000118c5b8d0]
Event: 26.093 Thread 0x00007fe89281b000 2328       3       sun.lwawt.LWComponentPeer::localToWindow (14 bytes)
Event: 26.093 Thread 0x00007fe89281b000 nmethod 2328 0x0000000118c5acd0 code [0x0000000118c5ae60, 0x0000000118c5b1e8]

GC Heap History (8 events):
Event: 3.696 GC heap before
{Heap before GC invocations=1 (full 0):
 PSYoungGen      total 76288K, used 65536K [0x000000076ab00000, 0x0000000770000000, 0x00000007c0000000)
  eden space 65536K, 100% used [0x000000076ab00000,0x000000076eb00000,0x000000076eb00000)
  from space 10752K, 0% used [0x000000076f580000,0x000000076f580000,0x0000000770000000)
  to   space 10752K, 0% used [0x000000076eb00000,0x000000076eb00000,0x000000076f580000)
 ParOldGen       total 175104K, used 0K [0x00000006c0000000, 0x00000006cab00000, 0x000000076ab00000)
  object space 175104K, 0% used [0x00000006c0000000,0x00000006c0000000,0x00000006cab00000)
 Metaspace       used 18446K, capacity 18771K, committed 18944K, reserved 1067008K
  class space    used 1849K, capacity 1956K, committed 2048K, reserved 1048576K
Event: 3.705 GC heap after
Heap after GC invocations=1 (full 0):
 PSYoungGen      total 76288K, used 10744K [0x000000076ab00000, 0x0000000770000000, 0x00000007c0000000)
  eden space 65536K, 0% used [0x000000076ab00000,0x000000076ab00000,0x000000076eb00000)
  from space 10752K, 99% used [0x000000076eb00000,0x000000076f57e090,0x000000076f580000)
  to   space 10752K, 0% used [0x000000076f580000,0x000000076f580000,0x0000000770000000)
 ParOldGen       total 175104K, used 3429K [0x00000006c0000000, 0x00000006cab00000, 0x000000076ab00000)
  object space 175104K, 1% used [0x00000006c0000000,0x00000006c0359560,0x00000006cab00000)
 Metaspace       used 18446K, capacity 18771K, committed 18944K, reserved 1067008K
  class space    used 1849K, capacity 1956K, committed 2048K, reserved 1048576K
}
Event: 5.112 GC heap before
{Heap before GC invocations=2 (full 0):
 PSYoungGen      total 76288K, used 76280K [0x000000076ab00000, 0x0000000770000000, 0x00000007c0000000)
  eden space 65536K, 100% used [0x000000076ab00000,0x000000076eb00000,0x000000076eb00000)
  from space 10752K, 99% used [0x000000076eb00000,0x000000076f57e090,0x000000076f580000)
  to   space 10752K, 0% used [0x000000076f580000,0x000000076f580000,0x0000000770000000)
 ParOldGen       total 175104K, used 3429K [0x00000006c0000000, 0x00000006cab00000, 0x000000076ab00000)
  object space 175104K, 1% used [0x00000006c0000000,0x00000006c0359560,0x00000006cab00000)
 Metaspace       used 18857K, capacity 19161K, committed 19456K, reserved 1067008K
  class space    used 1857K, capacity 1957K, committed 2048K, reserved 1048576K
Event: 5.122 GC heap after
Heap after GC invocations=2 (full 0):
 PSYoungGen      total 76288K, used 10739K [0x000000076ab00000, 0x0000000770000000, 0x00000007c0000000)
  eden space 65536K, 0% used [0x000000076ab00000,0x000000076ab00000,0x000000076eb00000)
  from space 10752K, 99% used [0x000000076f580000,0x000000076fffcdd0,0x0000000770000000)
  to   space 10752K, 0% used [0x000000076eb00000,0x000000076eb00000,0x000000076f580000)
 ParOldGen       total 175104K, used 10090K [0x00000006c0000000, 0x00000006cab00000, 0x000000076ab00000)
  object space 175104K, 5% used [0x00000006c0000000,0x00000006c09da820,0x00000006cab00000)
 Metaspace       used 18857K, capacity 19161K, committed 19456K, reserved 1067008K
  class space    used 1857K, capacity 1957K, committed 2048K, reserved 1048576K
}
Event: 10.901 GC heap before
{Heap before GC invocations=3 (full 0):
 PSYoungGen      total 76288K, used 76275K [0x000000076ab00000, 0x0000000770000000, 0x00000007c0000000)
  eden space 65536K, 100% used [0x000000076ab00000,0x000000076eb00000,0x000000076eb00000)
  from space 10752K, 99% used [0x000000076f580000,0x000000076fffcdd0,0x0000000770000000)
  to   space 10752K, 0% used [0x000000076eb00000,0x000000076eb00000,0x000000076f580000)
 ParOldGen       total 175104K, used 10090K [0x00000006c0000000, 0x00000006cab00000, 0x000000076ab00000)
  object space 175104K, 5% used [0x00000006c0000000,0x00000006c09da820,0x00000006cab00000)
 Metaspace       used 19205K, capacity 19555K, committed 19712K, reserved 1067008K
  class space    used 1861K, capacity 1958K, committed 2048K, reserved 1048576K
Event: 10.909 GC heap after
Heap after GC invocations=3 (full 0):
 PSYoungGen      total 76288K, used 10723K [0x000000076ab00000, 0x0000000770000000, 0x00000007c0000000)
  eden space 65536K, 0% used [0x000000076ab00000,0x000000076ab00000,0x000000076eb00000)
  from space 10752K, 99% used [0x000000076eb00000,0x000000076f578db0,0x000000076f580000)
  to   space 10752K, 0% used [0x000000076f580000,0x000000076f580000,0x0000000770000000)
 ParOldGen       total 175104K, used 14644K [0x00000006c0000000, 0x00000006cab00000, 0x000000076ab00000)
  object space 175104K, 8% used [0x00000006c0000000,0x00000006c0e4d3c0,0x00000006cab00000)
 Metaspace       used 19205K, capacity 19555K, committed 19712K, reserved 1067008K
  class space    used 1861K, capacity 1958K, committed 2048K, reserved 1048576K
}
Event: 20.793 GC heap before
{Heap before GC invocations=4 (full 0):
 PSYoungGen      total 76288K, used 76259K [0x000000076ab00000, 0x0000000770000000, 0x00000007c0000000)
  eden space 65536K, 100% used [0x000000076ab00000,0x000000076eb00000,0x000000076eb00000)
  from space 10752K, 99% used [0x000000076eb00000,0x000000076f578db0,0x000000076f580000)
  to   space 10752K, 0% used [0x000000076f580000,0x000000076f580000,0x0000000770000000)
 ParOldGen       total 175104K, used 14644K [0x00000006c0000000, 0x00000006cab00000, 0x000000076ab00000)
  object space 175104K, 8% used [0x00000006c0000000,0x00000006c0e4d3c0,0x00000006cab00000)
 Metaspace       used 19261K, capacity 19619K, committed 19968K, reserved 1067008K
  class space    used 1861K, capacity 1958K, committed 2048K, reserved 1048576K
Event: 20.798 GC heap after
Heap after GC invocations=4 (full 0):
 PSYoungGen      total 76288K, used 10739K [0x000000076ab00000, 0x0000000770000000, 0x00000007c0000000)
  eden space 65536K, 0% used [0x000000076ab00000,0x000000076ab00000,0x000000076eb00000)
  from space 10752K, 99% used [0x000000076f580000,0x000000076fffcda0,0x0000000770000000)
  to   space 10752K, 0% used [0x000000076eb00000,0x000000076eb00000,0x000000076f580000)
 ParOldGen       total 175104K, used 14716K [0x00000006c0000000, 0x00000006cab00000, 0x000000076ab00000)
  object space 175104K, 8% used [0x00000006c0000000,0x00000006c0e5f3c0,0x00000006cab00000)
 Metaspace       used 19261K, capacity 19619K, committed 19968K, reserved 1067008K
  class space    used 1861K, capacity 1958K, committed 2048K, reserved 1048576K
}

Deoptimization events (9 events):
Event: 1.622 Thread 0x00007fe895801000 Uncommon trap: reason=unstable_if action=reinterpret pc=0x00000001186100c0 method=java.lang.String.replace(CC)Ljava/lang/String; @ 26
Event: 2.387 Thread 0x00007fe895801000 Uncommon trap: reason=unstable_if action=reinterpret pc=0x000000011865a200 method=java.lang.String.toLowerCase(Ljava/util/Locale;)Ljava/lang/String; @ 85
Event: 2.619 Thread 0x00007fe894139000 Uncommon trap: reason=unstable_if action=reinterpret pc=0x000000011863e7f0 method=java.lang.String.indexOf([CII[CIII)I @ 3
Event: 3.505 Thread 0x00007fe895264000 Uncommon trap: reason=unstable_if action=reinterpret pc=0x000000011863da04 method=java.lang.AbstractStringBuilder.append(Ljava/lang/String;)Ljava/lang/AbstractStringBuilder; @ 1
Event: 3.595 Thread 0x00007fe895264000 Uncommon trap: reason=unstable_if action=reinterpret pc=0x0000000118835464 method=java.util.HashMap$HashIterator.<init>(Ljava/util/HashMap;)V @ 38
Event: 26.045 Thread 0x00007fe895264000 Uncommon trap: reason=unstable_if action=reinterpret pc=0x000000011899b1e8 method=com.jogamp.common.util.VersionNumber.compareTo(Lcom/jogamp/common/util/VersionNumber;)I @ 21
Event: 26.076 Thread 0x00007fe89392f800 Uncommon trap: reason=unstable_if action=reinterpret pc=0x0000000118c16e44 method=java.util.HashMap.putVal(ILjava/lang/Object;Ljava/lang/Object;ZZ)Ljava/lang/Object; @ 81
Event: 26.089 Thread 0x00007fe895264000 Uncommon trap: reason=unstable_if action=reinterpret pc=0x0000000118bf53bc method=java.security.AccessControlContext.optimize()Ljava/security/AccessControlContext; @ 233
Event: 26.090 Thread 0x00007fe895154800 Uncommon trap: reason=predicate action=maybe_recompile pc=0x00000001189355f4 method=java.util.Vector.indexOf(Ljava/lang/Object;I)I @ 44

Classes redefined (0 events):
No events

Internal exceptions (10 events):
Event: 5.897 Thread 0x00007fe8954fb800 Exception <a 'java/security/PrivilegedActionException'> (0x000000076bb55098) thrown at [/Users/jenkins/workspace/build-scripts/jobs/jdk8u/jdk8u-mac-x64-hotspot/workspace/build/src/hotspot/src/share/vm/prims/jvm.cpp, line 1502]
Event: 5.910 Thread 0x00007fe89550c000 Exception <a 'java/security/PrivilegedActionException'> (0x000000076b486218) thrown at [/Users/jenkins/workspace/build-scripts/jobs/jdk8u/jdk8u-mac-x64-hotspot/workspace/build/src/hotspot/src/share/vm/prims/jvm.cpp, line 1502]
Event: 6.067 Thread 0x00007fe8942e0800 Exception <a 'java/security/PrivilegedActionException'> (0x000000076b8c57b0) thrown at [/Users/jenkins/workspace/build-scripts/jobs/jdk8u/jdk8u-mac-x64-hotspot/workspace/build/src/hotspot/src/share/vm/prims/jvm.cpp, line 1502]
Event: 6.109 Thread 0x00007fe892dff000 Exception <a 'java/security/PrivilegedActionException'> (0x000000076bb75d28) thrown at [/Users/jenkins/workspace/build-scripts/jobs/jdk8u/jdk8u-mac-x64-hotspot/workspace/build/src/hotspot/src/share/vm/prims/jvm.cpp, line 1502]
Event: 6.138 Thread 0x00007fe895519000 Exception <a 'java/security/PrivilegedActionException'> (0x000000076bcb2f48) thrown at [/Users/jenkins/workspace/build-scripts/jobs/jdk8u/jdk8u-mac-x64-hotspot/workspace/build/src/hotspot/src/share/vm/prims/jvm.cpp, line 1502]
Event: 6.267 Thread 0x00007fe899085000 Exception <a 'java/security/PrivilegedActionException'> (0x000000076c23dd70) thrown at [/Users/jenkins/workspace/build-scripts/jobs/jdk8u/jdk8u-mac-x64-hotspot/workspace/build/src/hotspot/src/share/vm/prims/jvm.cpp, line 1502]
Event: 6.474 Thread 0x00007fe892e09000 Exception <a 'java/security/PrivilegedActionException'> (0x000000076c533b38) thrown at [/Users/jenkins/workspace/build-scripts/jobs/jdk8u/jdk8u-mac-x64-hotspot/workspace/build/src/hotspot/src/share/vm/prims/jvm.cpp, line 1502]
Event: 6.542 Thread 0x00007fe892e0a800 Exception <a 'java/security/PrivilegedActionException'> (0x000000076c630da0) thrown at [/Users/jenkins/workspace/build-scripts/jobs/jdk8u/jdk8u-mac-x64-hotspot/workspace/build/src/hotspot/src/share/vm/prims/jvm.cpp, line 1502]
Event: 6.584 Thread 0x00007fe8942e4000 Exception <a 'java/security/PrivilegedActionException'> (0x000000076c9ab570) thrown at [/Users/jenkins/workspace/build-scripts/jobs/jdk8u/jdk8u-mac-x64-hotspot/workspace/build/src/hotspot/src/share/vm/prims/jvm.cpp, line 1502]
Event: 6.638 Thread 0x00007fe89432a800 Exception <a 'java/security/PrivilegedActionException'> (0x000000076c7d1d68) thrown at [/Users/jenkins/workspace/build-scripts/jobs/jdk8u/jdk8u-mac-x64-hotspot/workspace/build/src/hotspot/src/share/vm/prims/jvm.cpp, line 1502]

Events (10 events):
Event: 26.089 loading class java/awt/event/AWTEventListenerProxy
Event: 26.089 loading class java/awt/event/AWTEventListenerProxy done
Event: 26.089 loading class java/awt/Toolkit$ToolkitEventMulticaster
Event: 26.089 loading class java/awt/Toolkit$ToolkitEventMulticaster done
Event: 26.090 Thread 0x00007fe89392f800 Thread exited: 0x00007fe89392f800
Event: 26.090 Thread 0x00007fe895154800 Uncommon trap: trap_request=0xffffff86 fr.pc=0x00000001189355f4
Event: 26.090 Thread 0x00007fe895154800 DEOPT PACKING pc=0x00000001189355f4 sp=0x00007000048e7800
Event: 26.090 Thread 0x00007fe895154800 DEOPT UNPACKING pc=0x000000011849e47a sp=0x00007000048e77c0 mode 2
Event: 26.090 loading class java/awt/Window$1DisposeAction
Event: 26.090 loading class java/awt/Window$1DisposeAction done


Dynamic libraries:
0x00007fff300b6000 	/System/Library/Frameworks/Cocoa.framework/Versions/A/Cocoa
0x00007fff3be64000 	/System/Library/Frameworks/Security.framework/Versions/A/Security
0x00007fff2ed48000 	/System/Library/Frameworks/ApplicationServices.framework/Versions/A/ApplicationServices
0x00007fff5bf55000 	/usr/lib/libz.1.dylib
0x00007fff598ac000 	/usr/lib/libSystem.B.dylib
0x00007fff5b0e5000 	/usr/lib/libobjc.A.dylib
0x00007fff32baf000 	/System/Library/Frameworks/Foundation.framework/Versions/C/Foundation
0x00007fff3092b000 	/System/Library/Frameworks/CoreFoundation.framework/Versions/A/CoreFoundation
0x000000010e73b000 	/Library/Application Support/Cylance/Desktop/CyMemDef.dylib
0x00007fff2df41000 	/System/Library/Frameworks/AppKit.framework/Versions/C/AppKit
0x00007fff304b4000 	/System/Library/Frameworks/CoreData.framework/Versions/A/CoreData
0x00007fff53371000 	/System/Library/PrivateFrameworks/RemoteViewServices.framework/Versions/A/RemoteViewServices
0x00007fff575e8000 	/System/Library/PrivateFrameworks/UIFoundation.framework/Versions/A/UIFoundation
0x00007fff58ccd000 	/System/Library/PrivateFrameworks/XCTTargetBootstrap.framework/Versions/A/XCTTargetBootstrap
0x00007fff3083a000 	/System/Library/Frameworks/CoreDisplay.framework/Versions/A/CoreDisplay
0x00007fff4e0ab000 	/System/Library/PrivateFrameworks/IconServices.framework/Versions/A/IconServices
0x00007fff354d1000 	/System/Library/Frameworks/Metal.framework/Versions/A/Metal
0x00007fff455ef000 	/System/Library/PrivateFrameworks/DesktopServicesPriv.framework/Versions/A/DesktopServicesPriv
0x00007fff5a448000 	/usr/lib/libenergytrace.dylib
0x00007fff55acf000 	/System/Library/PrivateFrameworks/SkyLight.framework/Versions/A/SkyLight
0x00007fff30d72000 	/System/Library/Frameworks/CoreGraphics.framework/Versions/A/CoreGraphics
0x00007fff2cd0d000 	/System/Library/Frameworks/Accelerate.framework/Versions/A/Accelerate
0x00007fff332f8000 	/System/Library/Frameworks/IOSurface.framework/Versions/A/IOSurface
0x00007fff4545b000 	/System/Library/PrivateFrameworks/DFRFoundation.framework/Versions/A/DFRFoundation
0x00007fff2f22b000 	/System/Library/Frameworks/AudioToolbox.framework/Versions/A/AudioToolbox
0x00007fff2f4a4000 	/System/Library/Frameworks/AudioUnit.framework/Versions/A/AudioUnit
0x00007fff454f0000 	/System/Library/PrivateFrameworks/DataDetectorsCore.framework/Versions/A/DataDetectorsCore
0x00007fff2fbb9000 	/System/Library/Frameworks/Carbon.framework/Versions/A/Frameworks/HIToolbox.framework/Versions/A/HIToolbox
0x00007fff5a5a1000 	/usr/lib/libicucore.A.dylib
0x00007fff3b3d7000 	/System/Library/Frameworks/QuartzCore.framework/Versions/A/QuartzCore
0x00007fff2ff8e000 	/System/Library/Frameworks/Carbon.framework/Versions/A/Frameworks/SpeechRecognition.framework/Versions/A/SpeechRecognition
0x00007fff59a00000 	/usr/lib/libauto.dylib
0x00007fff5be48000 	/usr/lib/libxml2.2.dylib
0x00007fff45036000 	/System/Library/PrivateFrameworks/CoreUI.framework/Versions/A/CoreUI
0x00007fff3039f000 	/System/Library/Frameworks/CoreAudio.framework/Versions/A/CoreAudio
0x00007fff329e4000 	/System/Library/Frameworks/DiskArbitration.framework/Versions/A/DiskArbitration
0x00007fff5a84f000 	/usr/lib/liblangid.dylib
0x00007fff4f4b6000 	/System/Library/PrivateFrameworks/MultitouchSupport.framework/Versions/A/MultitouchSupport
0x00007fff33267000 	/System/Library/Frameworks/IOKit.framework/Versions/A/IOKit
0x00007fff5946c000 	/usr/lib/libDiagnosticMessagesClient.dylib
0x00007fff31b82000 	/System/Library/Frameworks/CoreServices.framework/Versions/A/CoreServices
0x00007fff51170000 	/System/Library/PrivateFrameworks/PerformanceAnalysis.framework/Versions/A/PerformanceAnalysis
0x00007fff3a5be000 	/System/Library/Frameworks/OpenGL.framework/Versions/A/OpenGL
0x00007fff300c4000 	/System/Library/Frameworks/ColorSync.framework/Versions/A/ColorSync
0x00007fff31404000 	/System/Library/Frameworks/CoreImage.framework/Versions/A/CoreImage
0x00007fff3255a000 	/System/Library/Frameworks/CoreText.framework/Versions/A/CoreText
0x00007fff3335b000 	/System/Library/Frameworks/ImageIO.framework/Versions/A/ImageIO
0x00007fff41688000 	/System/Library/PrivateFrameworks/Backup.framework/Versions/A/Backup
0x00007fff59953000 	/usr/lib/libarchive.2.dylib
0x00007fff2f7fd000 	/System/Library/Frameworks/CFNetwork.framework/Versions/A/CFNetwork
0x00007fff3c5c0000 	/System/Library/Frameworks/SystemConfiguration.framework/Versions/A/SystemConfiguration
0x00007fff5939d000 	/usr/lib/libCRFSuite.dylib
0x00007fff59af1000 	/usr/lib/libc++.1.dylib
0x00007fff59b45000 	/usr/lib/libc++abi.dylib
0x00007fff5c74b000 	/usr/lib/system/libcache.dylib
0x00007fff5c750000 	/usr/lib/system/libcommonCrypto.dylib
0x00007fff5c75b000 	/usr/lib/system/libcompiler_rt.dylib
0x00007fff5c763000 	/usr/lib/system/libcopyfile.dylib
0x00007fff5c76d000 	/usr/lib/system/libcorecrypto.dylib
0x00007fff5c878000 	/usr/lib/system/libdispatch.dylib
0x00007fff5c8b2000 	/usr/lib/system/libdyld.dylib
0x00007fff5c8df000 	/usr/lib/system/libkeymgr.dylib
0x00007fff5c8ed000 	/usr/lib/system/liblaunch.dylib
0x00007fff5c8ee000 	/usr/lib/system/libmacho.dylib
0x00007fff5c8f4000 	/usr/lib/system/libquarantine.dylib
0x00007fff5c8f7000 	/usr/lib/system/libremovefile.dylib
0x00007fff5c8f9000 	/usr/lib/system/libsystem_asl.dylib
0x00007fff5c911000 	/usr/lib/system/libsystem_blocks.dylib
0x00007fff5c912000 	/usr/lib/system/libsystem_c.dylib
0x00007fff5c99a000 	/usr/lib/system/libsystem_configuration.dylib
0x00007fff5c99e000 	/usr/lib/system/libsystem_coreservices.dylib
0x00007fff5c9a2000 	/usr/lib/system/libsystem_darwin.dylib
0x00007fff5c9a9000 	/usr/lib/system/libsystem_dnssd.dylib
0x00007fff5c9b0000 	/usr/lib/system/libsystem_info.dylib
0x00007fff5ca25000 	/usr/lib/system/libsystem_m.dylib
0x00007fff5ca71000 	/usr/lib/system/libsystem_malloc.dylib
0x00007fff5ca9c000 	/usr/lib/system/libsystem_networkextension.dylib
0x00007fff5caa7000 	/usr/lib/system/libsystem_notify.dylib
0x00007fff5cac4000 	/usr/lib/system/libsystem_sandbox.dylib
0x00007fff5cac8000 	/usr/lib/system/libsystem_secinit.dylib
0x00007fff5c9fc000 	/usr/lib/system/libsystem_kernel.dylib
0x00007fff5caaf000 	/usr/lib/system/libsystem_platform.dylib
0x00007fff5cab9000 	/usr/lib/system/libsystem_pthread.dylib
0x00007fff5cacb000 	/usr/lib/system/libsystem_symptoms.dylib
0x00007fff5cad3000 	/usr/lib/system/libsystem_trace.dylib
0x00007fff5caea000 	/usr/lib/system/libunwind.dylib
0x00007fff5caf0000 	/usr/lib/system/libxpc.dylib
0x00007fff59ad2000 	/usr/lib/libbsm.0.dylib
0x00007fff5c8e0000 	/usr/lib/system/libkxld.dylib
0x00007fff40a79000 	/System/Library/PrivateFrameworks/AppleFSCompression.framework/Versions/A/AppleFSCompression
0x00007fff5976c000 	/usr/lib/libOpenScriptingUtil.dylib
0x00007fff59dfa000 	/usr/lib/libcoretls.dylib
0x00007fff59e11000 	/usr/lib/libcoretls_cfhelpers.dylib
0x00007fff5b87c000 	/usr/lib/libpam.2.dylib
0x00007fff5ba3c000 	/usr/lib/libsqlite3.dylib
0x00007fff5be36000 	/usr/lib/libxar.1.dylib
0x00007fff59ae3000 	/usr/lib/libbz2.1.0.dylib
0x00007fff5a851000 	/usr/lib/liblzma.5.dylib
0x00007fff5ad02000 	/usr/lib/libnetwork.dylib
0x00007fff5993c000 	/usr/lib/libapple_nghttp2.dylib
0x00007fff5b883000 	/usr/lib/libpcap.A.dylib
0x00007fff31f21000 	/System/Library/Frameworks/CoreServices.framework/Versions/A/Frameworks/FSEvents.framework/Versions/A/FSEvents
0x00007fff31c00000 	/System/Library/Frameworks/CoreServices.framework/Versions/A/Frameworks/CarbonCore.framework/Versions/A/CarbonCore
0x00007fff320dc000 	/System/Library/Frameworks/CoreServices.framework/Versions/A/Frameworks/Metadata.framework/Versions/A/Metadata
0x00007fff3217b000 	/System/Library/Frameworks/CoreServices.framework/Versions/A/Frameworks/OSServices.framework/Versions/A/OSServices
0x00007fff321c6000 	/System/Library/Frameworks/CoreServices.framework/Versions/A/Frameworks/SearchKit.framework/Versions/A/SearchKit
0x00007fff31b83000 	/System/Library/Frameworks/CoreServices.framework/Versions/A/Frameworks/AE.framework/Versions/A/AE
0x00007fff31f2a000 	/System/Library/Frameworks/CoreServices.framework/Versions/A/Frameworks/LaunchServices.framework/Versions/A/LaunchServices
0x00007fff31ed8000 	/System/Library/Frameworks/CoreServices.framework/Versions/A/Frameworks/DictionaryServices.framework/Versions/A/DictionaryServices
0x00007fff3222e000 	/System/Library/Frameworks/CoreServices.framework/Versions/A/Frameworks/SharedFileList.framework/Versions/A/SharedFileList
0x00007fff36599000 	/System/Library/Frameworks/NetFS.framework/Versions/A/NetFS
0x00007fff4f71c000 	/System/Library/PrivateFrameworks/NetAuth.framework/Versions/A/NetAuth
0x00007fff590d1000 	/System/Library/PrivateFrameworks/login.framework/Versions/A/Frameworks/loginsupport.framework/Versions/A/loginsupport
0x00007fff571f1000 	/System/Library/PrivateFrameworks/TCC.framework/Versions/A/TCC
0x00007fff44693000 	/System/Library/PrivateFrameworks/CoreNLP.framework/Versions/A/CoreNLP
0x00007fff4f1b1000 	/System/Library/PrivateFrameworks/MetadataUtilities.framework/Versions/A/MetadataUtilities
0x00007fff5a926000 	/usr/lib/libmecabra.dylib
0x00007fff2ed49000 	/System/Library/Frameworks/ApplicationServices.framework/Versions/A/Frameworks/ATS.framework/Versions/A/ATS
0x00007fff2f098000 	/System/Library/Frameworks/ApplicationServices.framework/Versions/A/Frameworks/ColorSyncLegacy.framework/Versions/A/ColorSyncLegacy
0x00007fff2f137000 	/System/Library/Frameworks/ApplicationServices.framework/Versions/A/Frameworks/HIServices.framework/Versions/A/HIServices
0x00007fff2f18a000 	/System/Library/Frameworks/ApplicationServices.framework/Versions/A/Frameworks/LangAnalysis.framework/Versions/A/LangAnalysis
0x00007fff2f19a000 	/System/Library/Frameworks/ApplicationServices.framework/Versions/A/Frameworks/PrintCore.framework/Versions/A/PrintCore
0x00007fff2f1e4000 	/System/Library/Frameworks/ApplicationServices.framework/Versions/A/Frameworks/QD.framework/Versions/A/QD
0x00007fff2f21e000 	/System/Library/Frameworks/ApplicationServices.framework/Versions/A/Frameworks/SpeechSynthesis.framework/Versions/A/SpeechSynthesis
0x00007fff59b6d000 	/usr/lib/libcompression.dylib
0x00007fff357a1000 	/System/Library/Frameworks/MetalPerformanceShaders.framework/Versions/A/MetalPerformanceShaders
0x00007fff2cd25000 	/System/Library/Frameworks/Accelerate.framework/Versions/A/Frameworks/vImage.framework/Versions/A/vImage
0x00007fff2dd9f000 	/System/Library/Frameworks/Accelerate.framework/Versions/A/Frameworks/vecLib.framework/Versions/A/vecLib
0x00007fff2dceb000 	/System/Library/Frameworks/Accelerate.framework/Versions/A/Frameworks/vecLib.framework/Versions/A/libvMisc.dylib
0x00007fff2db03000 	/System/Library/Frameworks/Accelerate.framework/Versions/A/Frameworks/vecLib.framework/Versions/A/libvDSP.dylib
0x00007fff2d3bf000 	/System/Library/Frameworks/Accelerate.framework/Versions/A/Frameworks/vecLib.framework/Versions/A/libBLAS.dylib
0x00007fff2d6ac000 	/System/Library/Frameworks/Accelerate.framework/Versions/A/Frameworks/vecLib.framework/Versions/A/libLAPACK.dylib
0x00007fff2da56000 	/System/Library/Frameworks/Accelerate.framework/Versions/A/Frameworks/vecLib.framework/Versions/A/libLinearAlgebra.dylib
0x00007fff2daef000 	/System/Library/Frameworks/Accelerate.framework/Versions/A/Frameworks/vecLib.framework/Versions/A/libSparseBLAS.dylib
0x00007fff2da6c000 	/System/Library/Frameworks/Accelerate.framework/Versions/A/Frameworks/vecLib.framework/Versions/A/libQuadrature.dylib
0x00007fff2d639000 	/System/Library/Frameworks/Accelerate.framework/Versions/A/Frameworks/vecLib.framework/Versions/A/libBNNS.dylib
0x00007fff2da72000 	/System/Library/Frameworks/Accelerate.framework/Versions/A/Frameworks/vecLib.framework/Versions/A/libSparse.dylib
0x00007fff4b9e1000 	/System/Library/PrivateFrameworks/GPUWrangler.framework/Versions/A/GPUWrangler
0x00007fff4dce0000 	/System/Library/PrivateFrameworks/IOAccelerator.framework/Versions/A/IOAccelerator
0x00007fff4dceb000 	/System/Library/PrivateFrameworks/IOPresentment.framework/Versions/A/IOPresentment
0x00007fff4546b000 	/System/Library/PrivateFrameworks/DSExternalDisplay.framework/Versions/A/DSExternalDisplay
0x00007fff39a15000 	/System/Library/Frameworks/OpenGL.framework/Versions/A/Libraries/libCoreFSCache.dylib
0x00007fff35595000 	/System/Library/Frameworks/MetalPerformanceShaders.framework/Frameworks/MPSCore.framework/Versions/A/MPSCore
0x00007fff355b5000 	/System/Library/Frameworks/MetalPerformanceShaders.framework/Frameworks/MPSImage.framework/Versions/A/MPSImage
0x00007fff3565a000 	/System/Library/Frameworks/MetalPerformanceShaders.framework/Frameworks/MPSNeuralNetwork.framework/Versions/A/MPSNeuralNetwork
0x00007fff35632000 	/System/Library/Frameworks/MetalPerformanceShaders.framework/Frameworks/MPSMatrix.framework/Versions/A/MPSMatrix
0x00007fff35786000 	/System/Library/Frameworks/MetalPerformanceShaders.framework/Frameworks/MPSRayIntersector.framework/Versions/A/MPSRayIntersector
0x00007fff4f1da000 	/System/Library/PrivateFrameworks/MetalTools.framework/Versions/A/MetalTools
0x00007fff40323000 	/System/Library/PrivateFrameworks/AggregateDictionary.framework/Versions/A/AggregateDictionary
0x00007fff5974c000 	/usr/lib/libMobileGestalt.dylib
0x00007fff326bd000 	/System/Library/Frameworks/CoreVideo.framework/Versions/A/CoreVideo
0x00007fff4c7f2000 	/System/Library/PrivateFrameworks/GraphVisualizer.framework/Versions/A/GraphVisualizer
0x00007fff46671000 	/System/Library/PrivateFrameworks/FaceCore.framework/Versions/A/FaceCore
0x00007fff39043000 	/System/Library/Frameworks/OpenCL.framework/Versions/A/OpenCL
0x00007fff594a4000 	/usr/lib/libFosl_dynamic.dylib
0x00007fff4ff87000 	/System/Library/PrivateFrameworks/OTSVG.framework/Versions/A/OTSVG
0x00007fff2ee4d000 	/System/Library/Frameworks/ApplicationServices.framework/Versions/A/Frameworks/ATS.framework/Versions/A/Resources/libFontParser.dylib
0x00007fff2ef65000 	/System/Library/Frameworks/ApplicationServices.framework/Versions/A/Frameworks/ATS.framework/Versions/A/Resources/libFontRegistry.dylib
0x00007fff335ca000 	/System/Library/Frameworks/ImageIO.framework/Versions/A/Resources/libJPEG.dylib
0x00007fff338dc000 	/System/Library/Frameworks/ImageIO.framework/Versions/A/Resources/libTIFF.dylib
0x00007fff338b2000 	/System/Library/Frameworks/ImageIO.framework/Versions/A/Resources/libPng.dylib
0x00007fff334e8000 	/System/Library/Frameworks/ImageIO.framework/Versions/A/Resources/libGIF.dylib
0x00007fff334ed000 	/System/Library/Frameworks/ImageIO.framework/Versions/A/Resources/libJP2.dylib
0x00007fff338d9000 	/System/Library/Frameworks/ImageIO.framework/Versions/A/Resources/libRadiance.dylib
0x00007fff40bd0000 	/System/Library/PrivateFrameworks/AppleJPEG.framework/Versions/A/AppleJPEG
0x00007fff39a20000 	/System/Library/Frameworks/OpenGL.framework/Versions/A/Libraries/libGFXShared.dylib
0x00007fff39be3000 	/System/Library/Frameworks/OpenGL.framework/Versions/A/Libraries/libGLU.dylib
0x00007fff39a29000 	/System/Library/Frameworks/OpenGL.framework/Versions/A/Libraries/libGL.dylib
0x00007fff39a35000 	/System/Library/Frameworks/OpenGL.framework/Versions/A/Libraries/libGLImage.dylib
0x00007fff39a12000 	/System/Library/Frameworks/OpenGL.framework/Versions/A/Libraries/libCVMSPluginSupport.dylib
0x00007fff39a1b000 	/System/Library/Frameworks/OpenGL.framework/Versions/A/Libraries/libCoreVMClient.dylib
0x00007fff5a2be000 	/usr/lib/libcups.2.dylib
0x00007fff34a9c000 	/System/Library/Frameworks/Kerberos.framework/Versions/A/Kerberos
0x00007fff32fcb000 	/System/Library/Frameworks/GSS.framework/Versions/A/GSS
0x00007fff5b9d1000 	/usr/lib/libresolv.9.dylib
0x00007fff5a4b0000 	/usr/lib/libiconv.2.dylib
0x00007fff4c967000 	/System/Library/PrivateFrameworks/Heimdal.framework/Versions/A/Heimdal
0x00007fff5a480000 	/usr/lib/libheimdal-asn1.dylib
0x00007fff390b7000 	/System/Library/Frameworks/OpenDirectory.framework/Versions/A/OpenDirectory
0x00007fff433f6000 	/System/Library/PrivateFrameworks/CommonAuth.framework/Versions/A/CommonAuth
0x00007fff3909b000 	/System/Library/Frameworks/OpenDirectory.framework/Versions/A/Frameworks/CFOpenDirectory.framework/Versions/A/CFOpenDirectory
0x00007fff3c165000 	/System/Library/Frameworks/SecurityFoundation.framework/Versions/A/SecurityFoundation
0x00007fff3f869000 	/System/Library/PrivateFrameworks/APFS.framework/Versions/A/APFS
0x00007fff5be32000 	/usr/lib/libutil.dylib
0x00007fff59b5b000 	/usr/lib/libcharset.1.dylib
0x00007fff40e6d000 	/System/Library/PrivateFrameworks/AppleSauce.framework/Versions/A/AppleSauce
0x00007fff40fee000 	/System/Library/PrivateFrameworks/AssertionServices.framework/Versions/A/AssertionServices
0x00007fff4171e000 	/System/Library/PrivateFrameworks/BaseBoard.framework/Versions/A/BaseBoard
0x00007fff5a881000 	/usr/lib/libmecab.1.0.0.dylib
0x00007fff5a47a000 	/usr/lib/libgermantok.dylib
0x00007fff59929000 	/usr/lib/libThaiTokenizer.dylib
0x00007fff593d4000 	/usr/lib/libChineseTokenizer.dylib
0x00007fff4e398000 	/System/Library/PrivateFrameworks/LanguageModeling.framework/Versions/A/LanguageModeling
0x00007fff440d8000 	/System/Library/PrivateFrameworks/CoreEmoji.framework/Versions/A/CoreEmoji
0x00007fff4e474000 	/System/Library/PrivateFrameworks/Lexicon.framework/Versions/A/Lexicon
0x00007fff4e4b7000 	/System/Library/PrivateFrameworks/LinguisticData.framework/Versions/A/LinguisticData
0x00007fff59b5c000 	/usr/lib/libcmph.dylib
0x00007fff3c223000 	/System/Library/Frameworks/ServiceManagement.framework/Versions/A/ServiceManagement
0x00007fff4167f000 	/System/Library/PrivateFrameworks/BackgroundTaskManagement.framework/Versions/A/BackgroundTaskManagement
0x00007fff5bf2c000 	/usr/lib/libxslt.1.dylib
0x00007fff2febb000 	/System/Library/Frameworks/Carbon.framework/Versions/A/Frameworks/Ink.framework/Versions/A/Ink
0x00007fff57463000 	/System/Library/PrivateFrameworks/TextureIO.framework/Versions/A/TextureIO
0x00007fff5997d000 	/usr/lib/libate.dylib
0x00007fff453ba000 	/System/Library/PrivateFrameworks/CrashReporterSupport.framework/Versions/A/CrashReporterSupport
0x00007fff54b9d000 	/System/Library/PrivateFrameworks/Sharing.framework/Versions/A/Sharing
0x00007fff413d1000 	/System/Library/PrivateFrameworks/AuthKit.framework/Versions/A/AuthKit
0x00007fff40925000 	/System/Library/PrivateFrameworks/Apple80211.framework/Versions/A/Apple80211
0x00007fff45162000 	/System/Library/PrivateFrameworks/CoreUtils.framework/Versions/A/CoreUtils
0x00007fff326fe000 	/System/Library/Frameworks/CoreWLAN.framework/Versions/A/CoreWLAN
0x00007fff330fa000 	/System/Library/Frameworks/IOBluetooth.framework/Versions/A/IOBluetooth
0x00007fff53011000 	/System/Library/PrivateFrameworks/ProtocolBuffer.framework/Versions/A/ProtocolBuffer
0x00007fff4f412000 	/System/Library/PrivateFrameworks/MobileKeyBag.framework/Versions/A/MobileKeyBag
0x00007fff449a6000 	/System/Library/PrivateFrameworks/CorePhoneNumbers.framework/Versions/A/CorePhoneNumbers
0x00007fff40b84000 	/System/Library/PrivateFrameworks/AppleIDAuthSupport.framework/Versions/A/AppleIDAuthSupport
0x00007fff4e36b000 	/System/Library/PrivateFrameworks/KeychainCircle.framework/Versions/A/KeychainCircle
0x00007fff531c7000 	/System/Library/PrivateFrameworks/ROCKit.framework/Versions/A/ROCKit
0x00007fff45356000 	/System/Library/PrivateFrameworks/CoreWiFi.framework/Versions/A/CoreWiFi
0x00007fff30489000 	/System/Library/Frameworks/CoreBluetooth.framework/Versions/A/CoreBluetooth
0x00007fff455b1000 	/System/Library/PrivateFrameworks/DebugSymbols.framework/Versions/A/DebugSymbols
0x00007fff44f22000 	/System/Library/PrivateFrameworks/CoreSymbolication.framework/Versions/A/CoreSymbolication
0x00007fff56c7e000 	/System/Library/PrivateFrameworks/Symbolication.framework/Versions/A/Symbolication
0x00007fff56521000 	/System/Library/PrivateFrameworks/SpeechRecognitionCore.framework/Versions/A/SpeechRecognitionCore
0x000000010f800000 	/Library/Java/JavaVirtualMachines/adoptopenjdk-8.jdk/Contents/Home/jre/lib/server/libjvm.dylib
0x00007fff5bd0d000 	/usr/lib/libstdc++.6.dylib
0x000000010e797000 	/Library/Java/JavaVirtualMachines/adoptopenjdk-8.jdk/Contents/Home/jre/lib/libverify.dylib
0x000000010e7a8000 	/Library/Java/JavaVirtualMachines/adoptopenjdk-8.jdk/Contents/Home/jre/lib/libjava.dylib
0x000000010e7ed000 	/Library/Java/JavaVirtualMachines/adoptopenjdk-8.jdk/Contents/Home/jre/lib/libzip.dylib
0x000000011447a000 	/Library/Java/JavaVirtualMachines/adoptopenjdk-8.jdk/Contents/Home/jre/lib/libawt.dylib
0x000000011452a000 	/Library/Java/JavaVirtualMachines/adoptopenjdk-8.jdk/Contents/Home/jre/lib/./libmlib_image.dylib
0x00007fff34a85000 	/System/Library/Frameworks/JavaVM.framework/Versions/A/Frameworks/JavaNativeFoundation.framework/Versions/A/JavaNativeFoundation
0x00007fff34a8e000 	/System/Library/Frameworks/JavaVM.framework/Versions/A/Frameworks/JavaRuntimeSupport.framework/Versions/A/JavaRuntimeSupport
0x00007fff34a97000 	/System/Library/Frameworks/JavaVM.framework/Versions/A/JavaVM
0x00007fff4e28a000 	/System/Library/PrivateFrameworks/JavaLaunching.framework/Versions/A/JavaLaunching
0x00007fff2fbb4000 	/System/Library/Frameworks/Carbon.framework/Versions/A/Carbon
0x00007fff2fbb5000 	/System/Library/Frameworks/Carbon.framework/Versions/A/Frameworks/CommonPanels.framework/Versions/A/CommonPanels
0x00007fff2feb1000 	/System/Library/Frameworks/Carbon.framework/Versions/A/Frameworks/Help.framework/Versions/A/Help
0x00007fff2feb5000 	/System/Library/Frameworks/Carbon.framework/Versions/A/Frameworks/ImageCapture.framework/Versions/A/ImageCapture
0x00007fff2ff51000 	/System/Library/Frameworks/Carbon.framework/Versions/A/Frameworks/OpenScripting.framework/Versions/A/OpenScripting
0x00007fff2ff89000 	/System/Library/Frameworks/Carbon.framework/Versions/A/Frameworks/Print.framework/Versions/A/Print
0x00007fff2ff8b000 	/System/Library/Frameworks/Carbon.framework/Versions/A/Frameworks/SecurityHI.framework/Versions/A/SecurityHI
0x00000001145fd000 	/Library/Java/JavaVirtualMachines/adoptopenjdk-8.jdk/Contents/Home/jre/lib/libawt_lwawt.dylib
0x00000001146be000 	/Library/Java/JavaVirtualMachines/adoptopenjdk-8.jdk/Contents/Home/jre/lib/./libosxapp.dylib
0x00007fff32b88000 	/System/Library/Frameworks/ExceptionHandling.framework/Versions/A/ExceptionHandling
0x00007fff44b2a000 	/System/Library/PrivateFrameworks/CoreServicesInternal.framework/Versions/A/CoreServicesInternal
0x00007fff2508d000 	/System/Library/CoreServices/RawCamera.bundle/Contents/MacOS/RawCamera
0x00007fff4f27e000 	/System/Library/PrivateFrameworks/MobileAsset.framework/Versions/A/MobileAsset
0x00007fff56bcc000 	/System/Library/PrivateFrameworks/StreamingZip.framework/Versions/A/StreamingZip
0x00007fff34e29000 	/System/Library/Frameworks/MediaToolbox.framework/Versions/A/MediaToolbox
0x00007fff43c7c000 	/System/Library/PrivateFrameworks/CoreAVCHD.framework/Versions/A/CoreAVCHD
0x00007fff34d6f000 	/System/Library/Frameworks/MediaAccessibility.framework/Versions/A/MediaAccessibility
0x00007fff4ecda000 	/System/Library/PrivateFrameworks/Mangrove.framework/Versions/A/Mangrove
0x00007fff31a21000 	/System/Library/Frameworks/CoreMedia.framework/Versions/A/CoreMedia
0x00007fff3c88c000 	/System/Library/Frameworks/VideoToolbox.framework/Versions/A/VideoToolbox
0x00007fff43898000 	/System/Library/PrivateFrameworks/CoreAUC.framework/Versions/A/CoreAUC
0x00007fff5ba3a000 	/usr/lib/libspindump.dylib
0x00007fff40f53000 	/System/Library/PrivateFrameworks/AppleVA.framework/Versions/A/AppleVA
0x00007fff2cd0e000 	/System/Library/Frameworks/Accelerate.framework/Versions/A/Frameworks/vImage.framework/Versions/A/Libraries/libCGInterfaces.dylib
0x00007fff2f001000 	/System/Library/Frameworks/ApplicationServices.framework/Versions/A/Frameworks/ATS.framework/Versions/A/Resources/libTrueTypeScaler.dylib
0x00007fff29ed0000 	/System/Library/Extensions/AppleIntelKBLGraphicsMTLDriver.bundle/Contents/MacOS/AppleIntelKBLGraphicsMTLDriver
0x00007fff253e9000 	/System/Library/Extensions/AMDMTLBronzeDriver.bundle/Contents/MacOS/AMDMTLBronzeDriver
0x00007fff4dcd6000 	/System/Library/PrivateFrameworks/IOAccelMemoryInfo.framework/Versions/A/IOAccelMemoryInfo
0x00007fff4a340000 	/System/Library/PrivateFrameworks/GPUCompiler.framework/Versions/3902/Libraries/libmetal_timestamp.dylib
0x00007fff46a96000 	/System/Library/PrivateFrameworks/FamilyControls.framework/Versions/A/FamilyControls
0x00007fff433e9000 	/System/Library/PrivateFrameworks/CommerceKit.framework/Versions/A/Frameworks/CommerceCore.framework/Versions/A/CommerceCore
0x00007fff56f51000 	/System/Library/PrivateFrameworks/SystemAdministration.framework/Versions/A/SystemAdministration
0x00007fff40826000 	/System/Library/PrivateFrameworks/AppContainer.framework/Versions/A/AppContainer
0x00007fff40842000 	/System/Library/PrivateFrameworks/AppSandbox.framework/Versions/A/AppSandbox
0x00007fff54a3e000 	/System/Library/PrivateFrameworks/SecCodeWrapper.framework/Versions/A/SecCodeWrapper
0x00007fff5b9eb000 	/usr/lib/libsandbox.1.dylib
0x00007fff5971b000 	/usr/lib/libMatch.1.dylib
0x00007fff45936000 	/System/Library/PrivateFrameworks/DiskManagement.framework/Versions/A/DiskManagement
0x00007fff32904000 	/System/Library/Frameworks/DirectoryService.framework/Versions/A/DirectoryService
0x00007fff45867000 	/System/Library/PrivateFrameworks/DiskImages.framework/Versions/A/DiskImages
0x00007fff4e5b0000 	/System/Library/PrivateFrameworks/LoginUIKit.framework/Versions/A/Frameworks/LoginUICore.framework/Versions/A/LoginUICore
0x00007fff593df000 	/usr/lib/libCoreStorage.dylib
0x00007fff5a2ab000 	/usr/lib/libcsfde.dylib
0x00007fff5b86b000 	/usr/lib/libodfde.dylib
0x00007fff4edf2000 	/System/Library/PrivateFrameworks/MediaKit.framework/Versions/A/MediaKit
0x00007fff32910000 	/System/Library/Frameworks/DiscRecording.framework/Versions/A/DiscRecording
0x00007fff45aaa000 	/System/Library/PrivateFrameworks/EFILogin.framework/Versions/A/EFILogin
0x00007fff52fbc000 	/System/Library/PrivateFrameworks/ProtectedCloudStorage.framework/Versions/A/ProtectedCloudStorage
0x00007fff5a33d000 	/usr/lib/libcurl.4.dylib
0x00007fff5a1aa000 	/usr/lib/libcrypto.42.dylib
0x00007fff5bcdd000 	/usr/lib/libssl.44.dylib
0x00007fff34ab6000 	/System/Library/Frameworks/LDAP.framework/Versions/A/LDAP
0x00007fff575e1000 	/System/Library/PrivateFrameworks/TrustEvaluationAgent.framework/Versions/A/TrustEvaluationAgent
0x00007fff5ba27000 	/usr/lib/libsasl2.2.dylib
0x00007fff43ed5000 	/System/Library/PrivateFrameworks/CoreDaemon.framework/Versions/B/CoreDaemon
0x00007fff40e68000 	/System/Library/PrivateFrameworks/AppleSRP.framework/Versions/A/AppleSRP
0x00007fff5841c000 	/System/Library/PrivateFrameworks/ViewBridge.framework/Versions/A/ViewBridge
0x0000000116517000 	/usr/lib/libobjc-trampolines.dylib
0x000000012fafc000 	/Library/Java/JavaVirtualMachines/adoptopenjdk-8.jdk/Contents/Home/jre/lib/libnio.dylib
0x000000012fb10000 	/Library/Java/JavaVirtualMachines/adoptopenjdk-8.jdk/Contents/Home/jre/lib/./libnet.dylib
0x00007fff3a5ce000 	/System/Library/Frameworks/OpenGL.framework/Versions/A/Resources/GLEngine.bundle/GLEngine
0x00007fff39a70000 	/System/Library/Frameworks/OpenGL.framework/Versions/A/Libraries/libGLProgrammability.dylib
0x00007fff290fb000 	/System/Library/Extensions/AppleIntelKBLGraphicsGLDriver.bundle/Contents/MacOS/AppleIntelKBLGraphicsGLDriver
0x00007fff4b9d5000 	/System/Library/PrivateFrameworks/GPUSupport.framework/Versions/A/Libraries/libGPUSupportMercury.dylib
0x000000012fb2e000 	/System/Library/Extensions/AMDRadeonX4000GLDriver.bundle/Contents/MacOS/AMDRadeonX4000GLDriver
0x00007fff254f6000 	/System/Library/Extensions/AMDRadeonX4000GLDriver.bundle/Contents/MacOS/ATIRadeonX4000SCLib.dylib
0x00007fff3a766000 	/System/Library/Frameworks/OpenGL.framework/Versions/A/Resources/GLRendererFloat.bundle/GLRendererFloat
0x00007fff3903a000 	/System/Library/Frameworks/OpenCL.framework/Versions/A/Libraries/libcldcpuengine.dylib
0x00007fff59fb0000 	/usr/lib/libcrypto.35.dylib
0x000000012fe1a000 	/Library/Java/JavaVirtualMachines/adoptopenjdk-8.jdk/Contents/Home/jre/lib/libfontmanager.dylib
0x000000012fe8a000 	/Library/Java/JavaVirtualMachines/adoptopenjdk-8.jdk/Contents/Home/jre/lib/./libfreetype.6.dylib
0x00000001166ad000 	/Library/Java/JavaVirtualMachines/adoptopenjdk-8.jdk/Contents/Home/jre/lib/libosxui.dylib
0x000000011661a000 	/private/var/folders/pt/gmp3zg_n0fv1_5_mkh2b9j80003h5j/T/jogamp_0000/file_cache/jln4216204132464794625/jln3736638899639131409/libgluegen-rt.jnilib
0x000000011661f000 	/private/var/folders/pt/gmp3zg_n0fv1_5_mkh2b9j80003h5j/T/jogamp_0000/file_cache/jln4216204132464794625/jln3736638899639131409/libnativewindow_awt.jnilib
0x0000000131598000 	/Library/Java/JavaVirtualMachines/adoptopenjdk-8.jdk/Contents/Home/jre/lib/libjawt.dylib
0x000000013159f000 	/private/var/folders/pt/gmp3zg_n0fv1_5_mkh2b9j80003h5j/T/jogamp_0000/file_cache/jln4216204132464794625/jln3736638899639131409/libnativewindow_macosx.jnilib
0x000000015f997000 	/private/var/folders/pt/gmp3zg_n0fv1_5_mkh2b9j80003h5j/T/jogamp_0000/file_cache/jln4216204132464794625/jln3736638899639131409/libjogl_desktop.jnilib

VM Arguments:
jvm_args: -Djava.security.policy=java.policy.applet -Dfile.encoding=UTF-8 
java_command: sun.applet.AppletViewer module1.HelloWorld1585481111881.html
java_class_path (initial): /Users/abarretti/Desktop/Java/UCSDUnfoldingMaps/UCSDUnfoldingMaps/build:/Users/abarretti/Desktop/Java/UCSDUnfoldingMaps/UCSDUnfoldingMaps/lib/core.jar:/Users/abarretti/Desktop/Java/UCSDUnfoldingMaps/UCSDUnfoldingMaps/lib/gluegen-rt.jar:/Users/abarretti/Desktop/Java/UCSDUnfoldingMaps/UCSDUnfoldingMaps/lib/jogl-all.jar:/Users/abarretti/Desktop/Java/UCSDUnfoldingMaps/UCSDUnfoldingMaps/lib/log4j-1.2.15.jar:/Users/abarretti/Desktop/Java/UCSDUnfoldingMaps/UCSDUnfoldingMaps/lib/sqlite-jdbc-3.7.2.jar:/Users/abarretti/Desktop/Java/UCSDUnfoldingMaps/UCSDUnfoldingMaps/lib/json4processing.jar:/Users/abarretti/Desktop/Java/UCSDUnfoldingMaps/UCSDUnfoldingMaps/lib/libTUIO.jar:/Users/abarretti/Desktop/Java/UCSDUnfoldingMaps/UCSDUnfoldingMaps/lib/unfolding.0.9.7-uscd.jar
Launcher Type: SUN_STANDARD

Environment Variables:
PATH=/usr/bin:/bin:/usr/sbin:/sbin
SHELL=/bin/bash

Signal Handlers:
SIGSEGV: [libjvm.dylib+0x588183], sa_mask[0]=11111111011111110111111111111111, sa_flags=SA_ONSTACK|SA_RESTART|SA_SIGINFO
SIGBUS: [libjvm.dylib+0x588183], sa_mask[0]=11111111011111110111111111111111, sa_flags=SA_RESTART|SA_SIGINFO
SIGFPE: [libjvm.dylib+0x46288c], sa_mask[0]=11111111011111110111111111111111, sa_flags=SA_RESTART|SA_SIGINFO
SIGPIPE: [libjvm.dylib+0x46288c], sa_mask[0]=11111111011111110111111111111111, sa_flags=SA_RESTART|SA_SIGINFO
SIGXFSZ: [libjvm.dylib+0x46288c], sa_mask[0]=11111111011111110111111111111111, sa_flags=SA_RESTART|SA_SIGINFO
SIGILL: [libjvm.dylib+0x46288c], sa_mask[0]=11111111011111110111111111111111, sa_flags=SA_RESTART|SA_SIGINFO
SIGUSR1: SIG_DFL, sa_mask[0]=00000000000000000000000000000000, sa_flags=none
SIGUSR2: [libjvm.dylib+0x4623aa], sa_mask[0]=00100000000000000000000000000000, sa_flags=SA_RESTART|SA_SIGINFO
SIGHUP: [libjvm.dylib+0x460935], sa_mask[0]=11111111011111110111111111111111, sa_flags=SA_RESTART|SA_SIGINFO
SIGINT: [libjvm.dylib+0x460935], sa_mask[0]=11111111011111110111111111111111, sa_flags=SA_RESTART|SA_SIGINFO
SIGTERM: [libjvm.dylib+0x460935], sa_mask[0]=11111111011111110111111111111111, sa_flags=SA_RESTART|SA_SIGINFO
SIGQUIT: [libjvm.dylib+0x460935], sa_mask[0]=11111111011111110111111111111111, sa_flags=SA_RESTART|SA_SIGINFO


---------------  S Y S T E M  ---------------

OS:Bsduname:Darwin 18.7.0 Darwin Kernel Version 18.7.0: Thu Jan 23 06:52:12 PST 2020; root:xnu-4903.278.25~1/RELEASE_X86_64 x86_64
rlimit: STACK 8192k, CORE 0k, NPROC 1418, NOFILE 10240, AS infinity
load average:3.46 2.36 1.99

CPU:total 8 (initial active 8) (4 cores per cpu, 2 threads per core) family 6 model 158 stepping 9, cmov, cx8, fxsr, mmx, sse, sse2, sse3, ssse3, sse4.1, sse4.2, popcnt, avx, avx2, aes, clmul, erms, 3dnowpref, lzcnt, ht, tsc, tscinvbit, bmi1, bmi2, adx

Memory: 4k page, physical 16777216k(1169316k free)

/proc/meminfo:


vm_info: OpenJDK 64-Bit Server VM (25.242-b08) for bsd-amd64 JRE (1.8.0_242-b08), built on Jan 19 2020 06:43:11 by "jenkins" with gcc 4.2.1 (Based on Apple Inc. build 5658) (LLVM build 2336.11.00)

time: Sun Mar 29 13:25:38 2020
timezone: CEST
elapsed time: 26 seconds (0d 0h 0m 26s)

