#
# A fatal error has been detected by the Java Runtime Environment:
#
#  SIGSEGV (0xb) at pc=0x00007fff72fe5649, pid=20956, tid=0x0000000000000307
#
# JRE version: OpenJDK Runtime Environment (8.0_242-b08) (build 1.8.0_242-b08)
# Java VM: OpenJDK 64-Bit Server VM (25.242-b08 mixed mode bsd-amd64 compressed oops)
# Problematic frame:
# C  [libobjc.A.dylib+0x8649]  objc_release+0x19
#
# Failed to write core dump. Core dumps have been disabled. To enable core dumping, try "ulimit -c unlimited" before starting Java again
#
# If you would like to submit a bug report, please visit:
#   http://bugreport.java.com/bugreport/crash.jsp
# The crash happened outside the Java Virtual Machine in native code.
# See problematic frame for where to report the bug.
#

---------------  T H R E A D  ---------------

Current thread (0x00007fd7af0d2000):  JavaThread "AWT-AppKit" daemon [_thread_in_native, id=775, stack(0x00007ffee9e0c000,0x00007ffeea60c000)]

siginfo: si_signo: 11 (SIGSEGV), si_code: 0 (unknown), si_addr: 0x0000000000000000

Registers:
RAX=0x00007ffffffffff8, RBX=0x0000000000000000, RCX=0x0000000000000003, RDX=0x0000000000000008
RSP=0x00007ffeea607130, RBP=0x00007ffeea607130, RSI=0x000000010b5562a0, RDI=0x800007fd7b245e36
R8 =0x00007fd7aed00000, R9 =0x202a005540800103, R10=0x000000012548c840, R11=0x00007fd7ad5de3e0
R12=0x0000000000000000, R13=0x0000000156082088, R14=0x00007fd7b245de30, R15=0x00007fd7af0d2000
RIP=0x00007fff72fe5649, EFLAGS=0x0000000000010246, ERR=0x0000000000000000
  TRAPNO=0x000000000000000d

Top of Stack: (sp=0x00007ffeea607130)
0x00007ffeea607130:   00007ffeea607160 000000010b4db72e
0x00007ffeea607140:   00007ffeea607160 000000012548c450
0x00007ffeea607150:   000000012548c440 00007fd7af0d2000
0x00007ffeea607160:   00007ffeea607220 000000012548a215
0x00007ffeea607170:   000000012548c700 000000012548c6e0
0x00007ffeea607180:   000000012548c4b0 0000000000000000
0x00007ffeea607190:   0000000156082088 0000000156082088
0x00007ffeea6071a0:   00007fd7b245f320 000000012548c6a0
0x00007ffeea6071b0:   000000012548c710 00007fffa3a0b838
0x00007ffeea6071c0:   00007fffa50e5088 000000012548c450
0x00007ffeea6071d0:   000000012548c690 00007fd7b245f320
0x00007ffeea6071e0:   00007fd7b245de30 00007fd7ae852a60
0x00007ffeea6071f0:   00007fd7b245f320 00007fd7b245de30
0x00007ffeea607200:   00007ffeea6072a8 00007fd7af0d21e0
0x00007ffeea607210:   0000000156082088 00007ffeea6072d0
0x00007ffeea607220:   00007ffeea607298 000000010b89b407
0x00007ffeea607230:   0000000156082088 00007ffeea6072d0
0x00007ffeea607240:   00007ffeea607298 000000010b89b167
0x00007ffeea607250:   000000010b89b122 00007ffeea607258
0x00007ffeea607260:   0000000156082088 00007ffeea6072d0
0x00007ffeea607270:   0000000156084cc0 0000000000000000
0x00007ffeea607280:   0000000156082088 0000000000000000
0x00007ffeea607290:   00007ffeea6072b8 00007ffeea607318
0x00007ffeea6072a0:   000000010b88affd 00000006c0e245e0
0x00007ffeea6072b0:   000000010b894a58 00007fd7b245f320
0x00007ffeea6072c0:   00007ffeea607318 00007fd7b245de30
0x00007ffeea6072d0:   000000010b8964c2 00007ffeea6072d8
0x00007ffeea6072e0:   0000000156082252 00007ffeea607340
0x00007ffeea6072f0:   0000000156084cc0 0000000000000000
0x00007ffeea607300:   0000000156082260 00007ffeea6072b8
0x00007ffeea607310:   00007ffeea607328 00007ffeea607388
0x00007ffeea607320:   000000010b88affd 00007fd7b245f320 

Instructions: (pc=0x00007fff72fe5649)
0x00007fff72fe5629:   e9 60 50 00 00 90 90 55 48 89 e5 48 85 ff 74 60
0x00007fff72fe5639:   40 f6 c7 01 75 5a 48 b8 f8 ff ff ff ff 7f 00 00
0x00007fff72fe5649:   48 23 07 f6 40 20 04 74 67 48 b9 00 00 00 00 00
0x00007fff72fe5659:   00 00 01 48 ba 00 00 00 00 00 00 40 00 48 8b 07 

Register to memory mapping:

RAX=0x00007ffffffffff8 is an unknown value
RBX=0x0000000000000000 is an unknown value
RCX=0x0000000000000003 is an unknown value
RDX=0x0000000000000008 is an unknown value
RSP=0x00007ffeea607130 is pointing into the stack for thread: 0x00007fd7af0d2000
RBP=0x00007ffeea607130 is pointing into the stack for thread: 0x00007fd7af0d2000
RSI=0x000000010b5562a0: OBJC_IVAR_$_PrinterView.fCurPeekGraphics+0x1b68 in /Library/Java/JavaVirtualMachines/adoptopenjdk-8.jdk/Contents/Home/jre/lib/libawt_lwawt.dylib at 0x000000010b4d7000
RDI=0x800007fd7b245e36 is an unknown value
R8 =0x00007fd7aed00000 is an unknown value
R9 =0x202a005540800103 is an unknown value
R10=0x000000012548c840: OBJC_CLASS_$_MyCALayer+0 in /private/var/folders/pt/gmp3zg_n0fv1_5_mkh2b9j80003h5j/T/jogamp_0000/file_cache/jln4807097882487079948/jln7257436798943186618/libnativewindow_macosx.jnilib at 0x0000000125485000
R11=0x00007fd7ad5de3e0 is an unknown value
R12=0x0000000000000000 is an unknown value
R13={method} {0x0000000156082088} 'UnsetJAWTRootSurfaceLayer0' '(JJ)V' in 'jogamp/nativewindow/jawt/macosx/MacOSXJAWTWindow'
R14=0x00007fd7b245de30 is an unknown value
R15=0x00007fd7af0d2000 is a thread


Stack: [0x00007ffee9e0c000,0x00007ffeea60c000],  sp=0x00007ffeea607130,  free space=8172k
Native frames: (J=compiled Java code, j=interpreted, Vv=VM code, C=native code)
C  [libobjc.A.dylib+0x8649]  objc_release+0x19
C  [libawt_lwawt.dylib+0x472e]  -[AWTSurfaceLayers setLayer:]+0x54
C  [libnativewindow_macosx.jnilib+0x5215]  Java_jogamp_nativewindow_jawt_macosx_MacOSXJAWTWindow_UnsetJAWTRootSurfaceLayer0+0x1a5
j  jogamp.nativewindow.jawt.macosx.MacOSXJAWTWindow.UnsetJAWTRootSurfaceLayer0(JJ)V+0
j  jogamp.nativewindow.jawt.macosx.MacOSXJAWTWindow.access$200(JJ)V+2
j  jogamp.nativewindow.jawt.macosx.MacOSXJAWTWindow$1.run()V+38
J 2584 C1 com.jogamp.common.util.RunnableTask.run()V (345 bytes) @ 0x000000010c2af3f4 [0x000000010c2af260+0x194]
v  ~StubRoutines::call_stub
V  [libjvm.dylib+0x2e3fa7]
V  [libjvm.dylib+0x2ff139]
V  [libjvm.dylib+0x2f13d1]
C  [libnativewindow_macosx.jnilib+0x5326]  Java_jogamp_nativewindow_jawt_macosx_MacOSXJAWTWindow_UnsetJAWTRootSurfaceLayer0+0x2b6
C  [Foundation+0xb0302]  __NSThreadPerformPerform+0x148
C  [CoreFoundation+0x57e33]  __CFRUNLOOP_IS_CALLING_OUT_TO_A_SOURCE0_PERFORM_FUNCTION__+0x11
C  [CoreFoundation+0x57dd9]  __CFRunLoopDoSource0+0x6c
C  [CoreFoundation+0x3b7f3]  __CFRunLoopDoSources0+0x11b
C  [CoreFoundation+0x3ad65]  __CFRunLoopRun+0x4a5
C  [CoreFoundation+0x3a66e]  CFRunLoopRunSpecific+0x1c7
C  [HIToolbox+0xb1ab]  RunCurrentEventLoopInMode+0x124
C  [HIToolbox+0xaded]  ReceiveNextEventCommon+0x163
C  [HIToolbox+0xac76]  _BlockUntilNextEventMatchingListInModeWithFilter+0x40
C  [AppKit+0x1a77d]  _DPSNextEvent+0x46f
C  [AppKit+0x1946b]  -[NSApplication(NSEvent) _nextEventMatchingEventMask:untilDate:inMode:dequeue:]+0x551
C  [libosxapp.dylib+0x2328]  -[NSApplicationAWT nextEventMatchingMask:untilDate:inMode:dequeue:]+0x7c
C  [AppKit+0x13588]  -[NSApplication run]+0x2bb
C  [libosxapp.dylib+0x1f72]  +[NSApplicationAWT runAWTLoopWithApp:]+0x9c
C  [libawt_lwawt.dylib+0x4711f]  -[AWTStarter starter:]+0x389
C  [Foundation+0xb0302]  __NSThreadPerformPerform+0x148
C  [CoreFoundation+0x57e33]  __CFRUNLOOP_IS_CALLING_OUT_TO_A_SOURCE0_PERFORM_FUNCTION__+0x11
C  [CoreFoundation+0x57dd9]  __CFRunLoopDoSource0+0x6c
C  [CoreFoundation+0x3b79b]  __CFRunLoopDoSources0+0xc3
C  [CoreFoundation+0x3ad65]  __CFRunLoopRun+0x4a5
C  [CoreFoundation+0x3a66e]  CFRunLoopRunSpecific+0x1c7
C  [java+0x646e]  CreateExecutionEnvironment+0x367
C  [java+0x203c]  JLI_Launch+0x7a0
C  [java+0x84d2]  main+0x6c
C  [java+0x1894]  start+0x34
C  0x0000000000000007

Java frames: (J=compiled Java code, j=interpreted, Vv=VM code)
j  jogamp.nativewindow.jawt.macosx.MacOSXJAWTWindow.UnsetJAWTRootSurfaceLayer0(JJ)V+0
j  jogamp.nativewindow.jawt.macosx.MacOSXJAWTWindow.access$200(JJ)V+2
j  jogamp.nativewindow.jawt.macosx.MacOSXJAWTWindow$1.run()V+38
J 2584 C1 com.jogamp.common.util.RunnableTask.run()V (345 bytes) @ 0x000000010c2af3f4 [0x000000010c2af260+0x194]
v  ~StubRoutines::call_stub

---------------  P R O C E S S  ---------------

Java Threads: ( => current thread )
  0x00007fd7b5204800 JavaThread "Thread-20" [_thread_blocked, id=27655, stack(0x0000700011737000,0x0000700011837000)]
  0x00007fd7af451800 JavaThread "AWT-EventQueue-1" [_thread_blocked, id=64547, stack(0x00007000115b1000,0x00007000116b1000)]
  0x00007fd7ad0ef800 JavaThread "DestroyJavaVM" [_thread_blocked, id=9987, stack(0x000070000f84e000,0x000070000f94e000)]
  0x00007fd7ad135000 JavaThread "AWT-EventQueue-0" [_thread_blocked, id=58915, stack(0x00007000113ab000,0x00007000114ab000)]
  0x00007fd7ad91f800 JavaThread "Java2D Disposer" daemon [_thread_blocked, id=55843, stack(0x0000700011122000,0x0000700011222000)]
  0x00007fd7ad8f1000 JavaThread "Java2D Queue Flusher" daemon [_thread_blocked, id=78087, stack(0x000070001101f000,0x000070001111f000)]
  0x00007fd7af0e2800 JavaThread "AWT-Shutdown" [_thread_blocked, id=38187, stack(0x0000700010b87000,0x0000700010c87000)]
=>0x00007fd7af0d2000 JavaThread "AWT-AppKit" daemon [_thread_in_native, id=775, stack(0x00007ffee9e0c000,0x00007ffeea60c000)]
  0x00007fd7ad03d000 JavaThread "Service Thread" daemon [_thread_blocked, id=15619, stack(0x0000700010981000,0x0000700010a81000)]
  0x00007fd7ad830800 JavaThread "C1 CompilerThread3" daemon [_thread_blocked, id=16899, stack(0x000070001087e000,0x000070001097e000)]
  0x00007fd7ad821000 JavaThread "C2 CompilerThread2" daemon [_thread_blocked, id=17155, stack(0x000070001077b000,0x000070001087b000)]
  0x00007fd7ad01a000 JavaThread "C2 CompilerThread1" daemon [_thread_blocked, id=17411, stack(0x0000700010678000,0x0000700010778000)]
  0x00007fd7ae000800 JavaThread "C2 CompilerThread0" daemon [_thread_blocked, id=17667, stack(0x0000700010575000,0x0000700010675000)]
  0x00007fd7ad007800 JavaThread "Signal Dispatcher" daemon [_thread_blocked, id=17923, stack(0x0000700010472000,0x0000700010572000)]
  0x00007fd7af02c800 JavaThread "Finalizer" daemon [_thread_blocked, id=12803, stack(0x000070001036f000,0x000070001046f000)]
  0x00007fd7ad002800 JavaThread "Reference Handler" daemon [_thread_blocked, id=12547, stack(0x000070001026c000,0x000070001036c000)]

Other Threads:
  0x00007fd7ad816000 VMThread [stack: 0x0000700010169000,0x0000700010269000] [id=19459]
  0x00007fd7ad016800 WatcherThread [stack: 0x0000700010a84000,0x0000700010b84000] [id=16387]

VM state:not at safepoint (normal execution)

VM Mutex/Monitor currently owned by a thread: None

heap address: 0x00000006c0000000, size: 4096 MB, Compressed Oops mode: Zero based, Oop shift amount: 3
Narrow klass base: 0x0000000000000000, Narrow klass shift: 3
Compressed class space size: 1073741824 Address: 0x00000007c0000000

Heap:
 PSYoungGen      total 76288K, used 73228K [0x000000076ab00000, 0x0000000773700000, 0x00000007c0000000)
  eden space 65536K, 95% used [0x000000076ab00000,0x000000076e808818,0x000000076eb00000)
  from space 10752K, 99% used [0x000000076eb00000,0x000000076f57ab78,0x000000076f580000)
  to   space 10752K, 0% used [0x0000000772c80000,0x0000000772c80000,0x0000000773700000)
 ParOldGen       total 95232K, used 16866K [0x00000006c0000000, 0x00000006c5d00000, 0x000000076ab00000)
  object space 95232K, 17% used [0x00000006c0000000,0x00000006c1078b60,0x00000006c5d00000)
 Metaspace       used 27496K, capacity 27829K, committed 28160K, reserved 1075200K
  class space    used 2148K, capacity 2248K, committed 2304K, reserved 1048576K

Card table byte_map: [0x00000001076f6000,0x0000000107ef7000] byte_map_base: 0x00000001040f6000

Marking Bits: (ParMarkBitMap*) 0x000000010709f5b0
 Begin Bits: [0x000000011a883000, 0x000000011e883000)
 End Bits:   [0x000000011e883000, 0x0000000122883000)

Polling page: 0x0000000105616000

CodeCache: size=245760Kb used=11884Kb max_used=11885Kb free=233875Kb
 bounds [0x000000010b883000, 0x000000010c433000, 0x000000011a883000]
 total_blobs=3848 nmethods=2929 adapters=833
 compilation: enabled

Compilation events (10 events):
Event: 17.804 Thread 0x00007fd7ad830800 nmethod 2964 0x000000010c4032d0 code [0x000000010c403440, 0x000000010c4035d0]
Event: 17.804 Thread 0x00007fd7ad830800 2963       1       sun.java2d.SurfaceData::isValid (5 bytes)
Event: 17.804 Thread 0x00007fd7ad830800 nmethod 2963 0x000000010c40e3d0 code [0x000000010c40e520, 0x000000010c40e630]
Event: 17.805 Thread 0x00007fd7ad830800 2965       3       sun.awt.SunToolkit::awtUnlock (7 bytes)
Event: 17.805 Thread 0x00007fd7ad830800 nmethod 2965 0x000000010c40de50 code [0x000000010c40dfc0, 0x000000010c40e2a8]
Event: 17.820 Thread 0x00007fd7ad821000 2966       4       java.util.HashMap::hash (20 bytes)
Event: 17.820 Thread 0x00007fd7ad830800 2967       3       sun.java2d.pipe.RenderQueue::unlock (4 bytes)
Event: 17.820 Thread 0x00007fd7ad830800 nmethod 2967 0x000000010c40d7d0 code [0x000000010c40d960, 0x000000010c40dcc8]
Event: 17.821 Thread 0x00007fd7ad821000 nmethod 2966 0x000000010c40d550 code [0x000000010c40d6a0, 0x000000010c40d758]
Event: 17.833 Thread 0x00007fd7ad830800 2969       3       jdk.internal.org.objectweb.asm.MethodWriter::<init> (268 bytes)

GC Heap History (8 events):
Event: 3.259 GC heap before
{Heap before GC invocations=1 (full 0):
 PSYoungGen      total 76288K, used 65536K [0x000000076ab00000, 0x0000000770000000, 0x00000007c0000000)
  eden space 65536K, 100% used [0x000000076ab00000,0x000000076eb00000,0x000000076eb00000)
  from space 10752K, 0% used [0x000000076f580000,0x000000076f580000,0x0000000770000000)
  to   space 10752K, 0% used [0x000000076eb00000,0x000000076eb00000,0x000000076f580000)
 ParOldGen       total 175104K, used 0K [0x00000006c0000000, 0x00000006cab00000, 0x000000076ab00000)
  object space 175104K, 0% used [0x00000006c0000000,0x00000006c0000000,0x00000006cab00000)
 Metaspace       used 19582K, capacity 19935K, committed 20096K, reserved 1067008K
  class space    used 1969K, capacity 2084K, committed 2176K, reserved 1048576K
Event: 3.270 GC heap after
Heap after GC invocations=1 (full 0):
 PSYoungGen      total 76288K, used 10731K [0x000000076ab00000, 0x0000000770000000, 0x00000007c0000000)
  eden space 65536K, 0% used [0x000000076ab00000,0x000000076ab00000,0x000000076eb00000)
  from space 10752K, 99% used [0x000000076eb00000,0x000000076f57af60,0x000000076f580000)
  to   space 10752K, 0% used [0x000000076f580000,0x000000076f580000,0x0000000770000000)
 ParOldGen       total 175104K, used 3518K [0x00000006c0000000, 0x00000006cab00000, 0x000000076ab00000)
  object space 175104K, 2% used [0x00000006c0000000,0x00000006c036f928,0x00000006cab00000)
 Metaspace       used 19582K, capacity 19935K, committed 20096K, reserved 1067008K
  class space    used 1969K, capacity 2084K, committed 2176K, reserved 1048576K
}
Event: 3.331 GC heap before
{Heap before GC invocations=2 (full 0):
 PSYoungGen      total 76288K, used 33698K [0x000000076ab00000, 0x0000000770000000, 0x00000007c0000000)
  eden space 65536K, 35% used [0x000000076ab00000,0x000000076c16d958,0x000000076eb00000)
  from space 10752K, 99% used [0x000000076eb00000,0x000000076f57af60,0x000000076f580000)
  to   space 10752K, 0% used [0x000000076f580000,0x000000076f580000,0x0000000770000000)
 ParOldGen       total 175104K, used 3518K [0x00000006c0000000, 0x00000006cab00000, 0x000000076ab00000)
  object space 175104K, 2% used [0x00000006c0000000,0x00000006c036f928,0x00000006cab00000)
 Metaspace       used 20896K, capacity 21204K, committed 21296K, reserved 1069056K
  class space    used 1998K, capacity 2116K, committed 2176K, reserved 1048576K
Event: 3.339 GC heap after
Heap after GC invocations=2 (full 0):
 PSYoungGen      total 76288K, used 10749K [0x000000076ab00000, 0x0000000774000000, 0x00000007c0000000)
  eden space 65536K, 0% used [0x000000076ab00000,0x000000076ab00000,0x000000076eb00000)
  from space 10752K, 99% used [0x000000076f580000,0x000000076ffff500,0x0000000770000000)
  to   space 10752K, 0% used [0x000000076eb00000,0x000000076eb00000,0x000000076f580000)
 ParOldGen       total 175104K, used 8710K [0x00000006c0000000, 0x00000006cab00000, 0x000000076ab00000)
  object space 175104K, 4% used [0x00000006c0000000,0x00000006c0881a40,0x00000006cab00000)
 Metaspace       used 20896K, capacity 21204K, committed 21296K, reserved 1069056K
  class space    used 1998K, capacity 2116K, committed 2176K, reserved 1048576K
}
Event: 3.339 GC heap before
{Heap before GC invocations=3 (full 1):
 PSYoungGen      total 76288K, used 10749K [0x000000076ab00000, 0x0000000774000000, 0x00000007c0000000)
  eden space 65536K, 0% used [0x000000076ab00000,0x000000076ab00000,0x000000076eb00000)
  from space 10752K, 99% used [0x000000076f580000,0x000000076ffff500,0x0000000770000000)
  to   space 10752K, 0% used [0x000000076eb00000,0x000000076eb00000,0x000000076f580000)
 ParOldGen       total 175104K, used 8710K [0x00000006c0000000, 0x00000006cab00000, 0x000000076ab00000)
  object space 175104K, 4% used [0x00000006c0000000,0x00000006c0881a40,0x00000006cab00000)
 Metaspace       used 20896K, capacity 21204K, committed 21296K, reserved 1069056K
  class space    used 1998K, capacity 2116K, committed 2176K, reserved 1048576K
Event: 3.364 GC heap after
Heap after GC invocations=3 (full 1):
 PSYoungGen      total 76288K, used 0K [0x000000076ab00000, 0x0000000774000000, 0x00000007c0000000)
  eden space 65536K, 0% used [0x000000076ab00000,0x000000076ab00000,0x000000076eb00000)
  from space 10752K, 0% used [0x000000076f580000,0x000000076f580000,0x0000000770000000)
  to   space 10752K, 0% used [0x000000076eb00000,0x000000076eb00000,0x000000076f580000)
 ParOldGen       total 95232K, used 16597K [0x00000006c0000000, 0x00000006c5d00000, 0x000000076ab00000)
  object space 95232K, 17% used [0x00000006c0000000,0x00000006c10356a8,0x00000006c5d00000)
 Metaspace       used 20896K, capacity 21204K, committed 21296K, reserved 1069056K
  class space    used 1998K, capacity 2116K, committed 2176K, reserved 1048576K
}
Event: 7.142 GC heap before
{Heap before GC invocations=4 (full 1):
 PSYoungGen      total 76288K, used 65536K [0x000000076ab00000, 0x0000000774000000, 0x00000007c0000000)
  eden space 65536K, 100% used [0x000000076ab00000,0x000000076eb00000,0x000000076eb00000)
  from space 10752K, 0% used [0x000000076f580000,0x000000076f580000,0x0000000770000000)
  to   space 10752K, 0% used [0x000000076eb00000,0x000000076eb00000,0x000000076f580000)
 ParOldGen       total 95232K, used 16597K [0x00000006c0000000, 0x00000006c5d00000, 0x000000076ab00000)
  object space 95232K, 17% used [0x00000006c0000000,0x00000006c10356a8,0x00000006c5d00000)
 Metaspace       used 27118K, capacity 27435K, committed 27648K, reserved 1075200K
  class space    used 2131K, capacity 2245K, committed 2304K, reserved 1048576K
Event: 7.149 GC heap after
Heap after GC invocations=4 (full 1):
 PSYoungGen      total 76288K, used 10730K [0x000000076ab00000, 0x0000000773700000, 0x00000007c0000000)
  eden space 65536K, 0% used [0x000000076ab00000,0x000000076ab00000,0x000000076eb00000)
  from space 10752K, 99% used [0x000000076eb00000,0x000000076f57ab78,0x000000076f580000)
  to   space 10752K, 0% used [0x0000000772c80000,0x0000000772c80000,0x0000000773700000)
 ParOldGen       total 95232K, used 16866K [0x00000006c0000000, 0x00000006c5d00000, 0x000000076ab00000)
  object space 95232K, 17% used [0x00000006c0000000,0x00000006c1078b60,0x00000006c5d00000)
 Metaspace       used 27118K, capacity 27435K, committed 27648K, reserved 1075200K
  class space    used 2131K, capacity 2245K, committed 2304K, reserved 1048576K
}

Deoptimization events (10 events):
Event: 4.372 Thread 0x00007fd7af451800 Uncommon trap: reason=unstable_if action=reinterpret pc=0x000000010bef1360 method=processing.opengl.PGraphicsOpenGL$TessGeometry.polyVertexCheck(I)V @ 15
Event: 17.803 Thread 0x00007fd7af451800 Uncommon trap: reason=unstable_if action=reinterpret pc=0x000000010c077028 method=com.jogamp.common.util.VersionNumber.compareTo(Lcom/jogamp/common/util/VersionNumber;)I @ 21
Event: 17.804 Thread 0x00007fd7ae167000 Uncommon trap: reason=unstable_if action=reinterpret pc=0x000000010c3f578c method=java.security.AccessControlContext.combine([Ljava/security/ProtectionDomain;[Ljava/security/ProtectionDomain;)[Ljava/security/ProtectionDomain; @ 151
Event: 17.804 Thread 0x00007fd7ad135000 Uncommon trap: reason=unstable_if action=reinterpret pc=0x000000010c161c14 method=java.awt.font.FontRenderContext.equals(Ljava/awt/font/FontRenderContext;)Z @ 2
Event: 17.804 Thread 0x00007fd7ad135000 Uncommon trap: reason=unstable_if action=reinterpret pc=0x000000010c0b17d4 method=java.awt.Font.equals(Ljava/lang/Object;)Z @ 2
Event: 17.819 Thread 0x00007fd7ae167000 Uncommon trap: reason=unstable_if action=reinterpret pc=0x000000010be09280 method=java.util.HashMap.putVal(ILjava/lang/Object;Ljava/lang/Object;ZZ)Ljava/lang/Object; @ 81
Event: 17.819 Thread 0x00007fd7ae167000 Uncommon trap: reason=unstable_if action=reinterpret pc=0x000000010bd90588 method=java.util.HashMap.putVal(ILjava/lang/Object;Ljava/lang/Object;ZZ)Ljava/lang/Object; @ 81
Event: 17.831 Thread 0x00007fd7af451800 Uncommon trap: reason=unstable_if action=reinterpret pc=0x000000010b9a9a24 method=java.security.AccessControlContext.combine([Ljava/security/ProtectionDomain;[Ljava/security/ProtectionDomain;)[Ljava/security/ProtectionDomain; @ 151
Event: 17.832 Thread 0x00007fd7ad135000 Uncommon trap: reason=unstable_if action=reinterpret pc=0x000000010c0f59b8 method=java.awt.font.FontRenderContext.equals(Ljava/awt/font/FontRenderContext;)Z @ 2
Event: 17.832 Thread 0x00007fd7b5204800 Uncommon trap: reason=predicate action=maybe_recompile pc=0x000000010c1b4c28 method=java.util.Vector.indexOf(Ljava/lang/Object;I)I @ 44

Classes redefined (0 events):
No events

Internal exceptions (10 events):
Event: 0.398 Thread 0x00007fd7b0000000 Exception <a 'java/io/FileNotFoundException'> (0x000000076ae30400) thrown at [/Users/jenkins/workspace/build-scripts/jobs/jdk8u/jdk8u-mac-x64-hotspot/workspace/build/src/hotspot/src/share/vm/prims/jni.cpp, line 710]
Event: 0.874 Thread 0x00007fd7af0d2000 Exception <a 'java/lang/ClassNotFoundException': sun/dc/DuctusRenderingEngine> (0x000000076aedfaf8) thrown at [/Users/jenkins/workspace/build-scripts/jobs/jdk8u/jdk8u-mac-x64-hotspot/workspace/build/src/hotspot/src/share/vm/classfile/systemDictionary.cpp,
Event: 0.942 Thread 0x00007fd7b0000000 Exception <a 'java/io/FileNotFoundException'> (0x000000076aeb94d8) thrown at [/Users/jenkins/workspace/build-scripts/jobs/jdk8u/jdk8u-mac-x64-hotspot/workspace/build/src/hotspot/src/share/vm/prims/jni.cpp, line 710]
Event: 2.100 Thread 0x00007fd7af452000 Exception <a 'java/lang/UnsatisfiedLinkError': com.jogamp.common.util.JarUtil.fixNativeLibAttribs(Ljava/lang/String;)Z> (0x000000076c5f1a50) thrown at [/Users/jenkins/workspace/build-scripts/jobs/jdk8u/jdk8u-mac-x64-hotspot/workspace/build/src/hotspot/src
Event: 2.945 Thread 0x00007fd7af451800 Exception <a 'java/io/FileNotFoundException'> (0x000000076d5bd0e0) thrown at [/Users/jenkins/workspace/build-scripts/jobs/jdk8u/jdk8u-mac-x64-hotspot/workspace/build/src/hotspot/src/share/vm/prims/jni.cpp, line 710]
Event: 2.946 Thread 0x00007fd7af451800 Exception <a 'java/io/FileNotFoundException'> (0x000000076d5c4f60) thrown at [/Users/jenkins/workspace/build-scripts/jobs/jdk8u/jdk8u-mac-x64-hotspot/workspace/build/src/hotspot/src/share/vm/prims/jni.cpp, line 710]
Event: 2.946 Thread 0x00007fd7af451800 Implicit null exception at 0x000000010ba73db6 to 0x000000010ba74179
Event: 3.228 Thread 0x00007fd7af451800 Implicit null exception at 0x000000010bc72146 to 0x000000010bc7238d
Event: 3.272 Thread 0x00007fd7af02c800 Exception <a 'java/lang/NullPointerException'> (0x000000076af09360) thrown at [/Users/jenkins/workspace/build-scripts/jobs/jdk8u/jdk8u-mac-x64-hotspot/workspace/build/src/hotspot/src/share/vm/interpreter/linkResolver.cpp, line 1185]
Event: 3.274 Thread 0x00007fd7b3237000 Implicit null exception at 0x000000010ba6f175 to 0x000000010ba6f535

Events (10 events):
Event: 17.832 loading class java/awt/Toolkit$ToolkitEventMulticaster done
Event: 17.832 Thread 0x00007fd7ad135000 Uncommon trap: trap_request=0xffffff65 fr.pc=0x000000010c0f59b8
Event: 17.832 Thread 0x00007fd7ad135000 DEOPT PACKING pc=0x000000010c0f59b8 sp=0x00007000114a8470
Event: 17.832 Thread 0x00007fd7ad135000 DEOPT UNPACKING pc=0x000000010b8c847a sp=0x00007000114a8440 mode 2
Event: 17.832 Thread 0x00007fd7ae167000 Thread exited: 0x00007fd7ae167000
Event: 17.832 Thread 0x00007fd7b5204800 Uncommon trap: trap_request=0xffffff86 fr.pc=0x000000010c1b4c28
Event: 17.832 Thread 0x00007fd7b5204800 DEOPT PACKING pc=0x000000010c1b4c28 sp=0x0000700011836790
Event: 17.832 Thread 0x00007fd7b5204800 DEOPT UNPACKING pc=0x000000010b8c847a sp=0x0000700011836768 mode 2
Event: 17.832 loading class java/awt/Window$1DisposeAction
Event: 17.832 loading class java/awt/Window$1DisposeAction done


Dynamic libraries:
0x00007fff47fae000 	/System/Library/Frameworks/Cocoa.framework/Versions/A/Cocoa
0x00007fff53d5c000 	/System/Library/Frameworks/Security.framework/Versions/A/Security
0x00007fff46c40000 	/System/Library/Frameworks/ApplicationServices.framework/Versions/A/ApplicationServices
0x00007fff73e4d000 	/usr/lib/libz.1.dylib
0x00007fff717a4000 	/usr/lib/libSystem.B.dylib
0x00007fff72fdd000 	/usr/lib/libobjc.A.dylib
0x00007fff4aaa7000 	/System/Library/Frameworks/Foundation.framework/Versions/C/Foundation
0x00007fff48823000 	/System/Library/Frameworks/CoreFoundation.framework/Versions/A/CoreFoundation
0x0000000105617000 	/Library/Application Support/Cylance/Desktop/CyMemDef.dylib
0x00007fff45e39000 	/System/Library/Frameworks/AppKit.framework/Versions/C/AppKit
0x00007fff483ac000 	/System/Library/Frameworks/CoreData.framework/Versions/A/CoreData
0x00007fff6b269000 	/System/Library/PrivateFrameworks/RemoteViewServices.framework/Versions/A/RemoteViewServices
0x00007fff6f4e0000 	/System/Library/PrivateFrameworks/UIFoundation.framework/Versions/A/UIFoundation
0x00007fff70bc5000 	/System/Library/PrivateFrameworks/XCTTargetBootstrap.framework/Versions/A/XCTTargetBootstrap
0x00007fff48732000 	/System/Library/Frameworks/CoreDisplay.framework/Versions/A/CoreDisplay
0x00007fff65fa3000 	/System/Library/PrivateFrameworks/IconServices.framework/Versions/A/IconServices
0x00007fff4d3c9000 	/System/Library/Frameworks/Metal.framework/Versions/A/Metal
0x00007fff5d4e7000 	/System/Library/PrivateFrameworks/DesktopServicesPriv.framework/Versions/A/DesktopServicesPriv
0x00007fff72340000 	/usr/lib/libenergytrace.dylib
0x00007fff6d9c7000 	/System/Library/PrivateFrameworks/SkyLight.framework/Versions/A/SkyLight
0x00007fff48c6a000 	/System/Library/Frameworks/CoreGraphics.framework/Versions/A/CoreGraphics
0x00007fff44c05000 	/System/Library/Frameworks/Accelerate.framework/Versions/A/Accelerate
0x00007fff4b1f0000 	/System/Library/Frameworks/IOSurface.framework/Versions/A/IOSurface
0x00007fff5d353000 	/System/Library/PrivateFrameworks/DFRFoundation.framework/Versions/A/DFRFoundation
0x00007fff47123000 	/System/Library/Frameworks/AudioToolbox.framework/Versions/A/AudioToolbox
0x00007fff4739c000 	/System/Library/Frameworks/AudioUnit.framework/Versions/A/AudioUnit
0x00007fff5d3e8000 	/System/Library/PrivateFrameworks/DataDetectorsCore.framework/Versions/A/DataDetectorsCore
0x00007fff47ab1000 	/System/Library/Frameworks/Carbon.framework/Versions/A/Frameworks/HIToolbox.framework/Versions/A/HIToolbox
0x00007fff72499000 	/usr/lib/libicucore.A.dylib
0x00007fff532cf000 	/System/Library/Frameworks/QuartzCore.framework/Versions/A/QuartzCore
0x00007fff47e86000 	/System/Library/Frameworks/Carbon.framework/Versions/A/Frameworks/SpeechRecognition.framework/Versions/A/SpeechRecognition
0x00007fff718f8000 	/usr/lib/libauto.dylib
0x00007fff73d40000 	/usr/lib/libxml2.2.dylib
0x00007fff5cf2e000 	/System/Library/PrivateFrameworks/CoreUI.framework/Versions/A/CoreUI
0x00007fff48297000 	/System/Library/Frameworks/CoreAudio.framework/Versions/A/CoreAudio
0x00007fff4a8dc000 	/System/Library/Frameworks/DiskArbitration.framework/Versions/A/DiskArbitration
0x00007fff72747000 	/usr/lib/liblangid.dylib
0x00007fff673ae000 	/System/Library/PrivateFrameworks/MultitouchSupport.framework/Versions/A/MultitouchSupport
0x00007fff4b15f000 	/System/Library/Frameworks/IOKit.framework/Versions/A/IOKit
0x00007fff71364000 	/usr/lib/libDiagnosticMessagesClient.dylib
0x00007fff49a7a000 	/System/Library/Frameworks/CoreServices.framework/Versions/A/CoreServices
0x00007fff69068000 	/System/Library/PrivateFrameworks/PerformanceAnalysis.framework/Versions/A/PerformanceAnalysis
0x00007fff524b6000 	/System/Library/Frameworks/OpenGL.framework/Versions/A/OpenGL
0x00007fff47fbc000 	/System/Library/Frameworks/ColorSync.framework/Versions/A/ColorSync
0x00007fff492fc000 	/System/Library/Frameworks/CoreImage.framework/Versions/A/CoreImage
0x00007fff4a452000 	/System/Library/Frameworks/CoreText.framework/Versions/A/CoreText
0x00007fff4b253000 	/System/Library/Frameworks/ImageIO.framework/Versions/A/ImageIO
0x00007fff59580000 	/System/Library/PrivateFrameworks/Backup.framework/Versions/A/Backup
0x00007fff7184b000 	/usr/lib/libarchive.2.dylib
0x00007fff476f5000 	/System/Library/Frameworks/CFNetwork.framework/Versions/A/CFNetwork
0x00007fff544b8000 	/System/Library/Frameworks/SystemConfiguration.framework/Versions/A/SystemConfiguration
0x00007fff71295000 	/usr/lib/libCRFSuite.dylib
0x00007fff719e9000 	/usr/lib/libc++.1.dylib
0x00007fff71a3d000 	/usr/lib/libc++abi.dylib
0x00007fff74643000 	/usr/lib/system/libcache.dylib
0x00007fff74648000 	/usr/lib/system/libcommonCrypto.dylib
0x00007fff74653000 	/usr/lib/system/libcompiler_rt.dylib
0x00007fff7465b000 	/usr/lib/system/libcopyfile.dylib
0x00007fff74665000 	/usr/lib/system/libcorecrypto.dylib
0x00007fff74770000 	/usr/lib/system/libdispatch.dylib
0x00007fff747aa000 	/usr/lib/system/libdyld.dylib
0x00007fff747d7000 	/usr/lib/system/libkeymgr.dylib
0x00007fff747e5000 	/usr/lib/system/liblaunch.dylib
0x00007fff747e6000 	/usr/lib/system/libmacho.dylib
0x00007fff747ec000 	/usr/lib/system/libquarantine.dylib
0x00007fff747ef000 	/usr/lib/system/libremovefile.dylib
0x00007fff747f1000 	/usr/lib/system/libsystem_asl.dylib
0x00007fff74809000 	/usr/lib/system/libsystem_blocks.dylib
0x00007fff7480a000 	/usr/lib/system/libsystem_c.dylib
0x00007fff74892000 	/usr/lib/system/libsystem_configuration.dylib
0x00007fff74896000 	/usr/lib/system/libsystem_coreservices.dylib
0x00007fff7489a000 	/usr/lib/system/libsystem_darwin.dylib
0x00007fff748a1000 	/usr/lib/system/libsystem_dnssd.dylib
0x00007fff748a8000 	/usr/lib/system/libsystem_info.dylib
0x00007fff7491d000 	/usr/lib/system/libsystem_m.dylib
0x00007fff74969000 	/usr/lib/system/libsystem_malloc.dylib
0x00007fff74994000 	/usr/lib/system/libsystem_networkextension.dylib
0x00007fff7499f000 	/usr/lib/system/libsystem_notify.dylib
0x00007fff749bc000 	/usr/lib/system/libsystem_sandbox.dylib
0x00007fff749c0000 	/usr/lib/system/libsystem_secinit.dylib
0x00007fff748f4000 	/usr/lib/system/libsystem_kernel.dylib
0x00007fff749a7000 	/usr/lib/system/libsystem_platform.dylib
0x00007fff749b1000 	/usr/lib/system/libsystem_pthread.dylib
0x00007fff749c3000 	/usr/lib/system/libsystem_symptoms.dylib
0x00007fff749cb000 	/usr/lib/system/libsystem_trace.dylib
0x00007fff749e2000 	/usr/lib/system/libunwind.dylib
0x00007fff749e8000 	/usr/lib/system/libxpc.dylib
0x00007fff719ca000 	/usr/lib/libbsm.0.dylib
0x00007fff747d8000 	/usr/lib/system/libkxld.dylib
0x00007fff58971000 	/System/Library/PrivateFrameworks/AppleFSCompression.framework/Versions/A/AppleFSCompression
0x00007fff71664000 	/usr/lib/libOpenScriptingUtil.dylib
0x00007fff71cf2000 	/usr/lib/libcoretls.dylib
0x00007fff71d09000 	/usr/lib/libcoretls_cfhelpers.dylib
0x00007fff73774000 	/usr/lib/libpam.2.dylib
0x00007fff73934000 	/usr/lib/libsqlite3.dylib
0x00007fff73d2e000 	/usr/lib/libxar.1.dylib
0x00007fff719db000 	/usr/lib/libbz2.1.0.dylib
0x00007fff72749000 	/usr/lib/liblzma.5.dylib
0x00007fff72bfa000 	/usr/lib/libnetwork.dylib
0x00007fff71834000 	/usr/lib/libapple_nghttp2.dylib
0x00007fff7377b000 	/usr/lib/libpcap.A.dylib
0x00007fff49e19000 	/System/Library/Frameworks/CoreServices.framework/Versions/A/Frameworks/FSEvents.framework/Versions/A/FSEvents
0x00007fff49af8000 	/System/Library/Frameworks/CoreServices.framework/Versions/A/Frameworks/CarbonCore.framework/Versions/A/CarbonCore
0x00007fff49fd4000 	/System/Library/Frameworks/CoreServices.framework/Versions/A/Frameworks/Metadata.framework/Versions/A/Metadata
0x00007fff4a073000 	/System/Library/Frameworks/CoreServices.framework/Versions/A/Frameworks/OSServices.framework/Versions/A/OSServices
0x00007fff4a0be000 	/System/Library/Frameworks/CoreServices.framework/Versions/A/Frameworks/SearchKit.framework/Versions/A/SearchKit
0x00007fff49a7b000 	/System/Library/Frameworks/CoreServices.framework/Versions/A/Frameworks/AE.framework/Versions/A/AE
0x00007fff49e22000 	/System/Library/Frameworks/CoreServices.framework/Versions/A/Frameworks/LaunchServices.framework/Versions/A/LaunchServices
0x00007fff49dd0000 	/System/Library/Frameworks/CoreServices.framework/Versions/A/Frameworks/DictionaryServices.framework/Versions/A/DictionaryServices
0x00007fff4a126000 	/System/Library/Frameworks/CoreServices.framework/Versions/A/Frameworks/SharedFileList.framework/Versions/A/SharedFileList
0x00007fff4e491000 	/System/Library/Frameworks/NetFS.framework/Versions/A/NetFS
0x00007fff67614000 	/System/Library/PrivateFrameworks/NetAuth.framework/Versions/A/NetAuth
0x00007fff70fc9000 	/System/Library/PrivateFrameworks/login.framework/Versions/A/Frameworks/loginsupport.framework/Versions/A/loginsupport
0x00007fff6f0e9000 	/System/Library/PrivateFrameworks/TCC.framework/Versions/A/TCC
0x00007fff5c58b000 	/System/Library/PrivateFrameworks/CoreNLP.framework/Versions/A/CoreNLP
0x00007fff670a9000 	/System/Library/PrivateFrameworks/MetadataUtilities.framework/Versions/A/MetadataUtilities
0x00007fff7281e000 	/usr/lib/libmecabra.dylib
0x00007fff46c41000 	/System/Library/Frameworks/ApplicationServices.framework/Versions/A/Frameworks/ATS.framework/Versions/A/ATS
0x00007fff46f90000 	/System/Library/Frameworks/ApplicationServices.framework/Versions/A/Frameworks/ColorSyncLegacy.framework/Versions/A/ColorSyncLegacy
0x00007fff4702f000 	/System/Library/Frameworks/ApplicationServices.framework/Versions/A/Frameworks/HIServices.framework/Versions/A/HIServices
0x00007fff47082000 	/System/Library/Frameworks/ApplicationServices.framework/Versions/A/Frameworks/LangAnalysis.framework/Versions/A/LangAnalysis
0x00007fff47092000 	/System/Library/Frameworks/ApplicationServices.framework/Versions/A/Frameworks/PrintCore.framework/Versions/A/PrintCore
0x00007fff470dc000 	/System/Library/Frameworks/ApplicationServices.framework/Versions/A/Frameworks/QD.framework/Versions/A/QD
0x00007fff47116000 	/System/Library/Frameworks/ApplicationServices.framework/Versions/A/Frameworks/SpeechSynthesis.framework/Versions/A/SpeechSynthesis
0x00007fff71a65000 	/usr/lib/libcompression.dylib
0x00007fff4d699000 	/System/Library/Frameworks/MetalPerformanceShaders.framework/Versions/A/MetalPerformanceShaders
0x00007fff44c1d000 	/System/Library/Frameworks/Accelerate.framework/Versions/A/Frameworks/vImage.framework/Versions/A/vImage
0x00007fff45c97000 	/System/Library/Frameworks/Accelerate.framework/Versions/A/Frameworks/vecLib.framework/Versions/A/vecLib
0x00007fff45be3000 	/System/Library/Frameworks/Accelerate.framework/Versions/A/Frameworks/vecLib.framework/Versions/A/libvMisc.dylib
0x00007fff459fb000 	/System/Library/Frameworks/Accelerate.framework/Versions/A/Frameworks/vecLib.framework/Versions/A/libvDSP.dylib
0x00007fff452b7000 	/System/Library/Frameworks/Accelerate.framework/Versions/A/Frameworks/vecLib.framework/Versions/A/libBLAS.dylib
0x00007fff455a4000 	/System/Library/Frameworks/Accelerate.framework/Versions/A/Frameworks/vecLib.framework/Versions/A/libLAPACK.dylib
0x00007fff4594e000 	/System/Library/Frameworks/Accelerate.framework/Versions/A/Frameworks/vecLib.framework/Versions/A/libLinearAlgebra.dylib
0x00007fff459e7000 	/System/Library/Frameworks/Accelerate.framework/Versions/A/Frameworks/vecLib.framework/Versions/A/libSparseBLAS.dylib
0x00007fff45964000 	/System/Library/Frameworks/Accelerate.framework/Versions/A/Frameworks/vecLib.framework/Versions/A/libQuadrature.dylib
0x00007fff45531000 	/System/Library/Frameworks/Accelerate.framework/Versions/A/Frameworks/vecLib.framework/Versions/A/libBNNS.dylib
0x00007fff4596a000 	/System/Library/Frameworks/Accelerate.framework/Versions/A/Frameworks/vecLib.framework/Versions/A/libSparse.dylib
0x00007fff638d9000 	/System/Library/PrivateFrameworks/GPUWrangler.framework/Versions/A/GPUWrangler
0x00007fff65bd8000 	/System/Library/PrivateFrameworks/IOAccelerator.framework/Versions/A/IOAccelerator
0x00007fff65be3000 	/System/Library/PrivateFrameworks/IOPresentment.framework/Versions/A/IOPresentment
0x00007fff5d363000 	/System/Library/PrivateFrameworks/DSExternalDisplay.framework/Versions/A/DSExternalDisplay
0x00007fff5190d000 	/System/Library/Frameworks/OpenGL.framework/Versions/A/Libraries/libCoreFSCache.dylib
0x00007fff4d48d000 	/System/Library/Frameworks/MetalPerformanceShaders.framework/Frameworks/MPSCore.framework/Versions/A/MPSCore
0x00007fff4d4ad000 	/System/Library/Frameworks/MetalPerformanceShaders.framework/Frameworks/MPSImage.framework/Versions/A/MPSImage
0x00007fff4d552000 	/System/Library/Frameworks/MetalPerformanceShaders.framework/Frameworks/MPSNeuralNetwork.framework/Versions/A/MPSNeuralNetwork
0x00007fff4d52a000 	/System/Library/Frameworks/MetalPerformanceShaders.framework/Frameworks/MPSMatrix.framework/Versions/A/MPSMatrix
0x00007fff4d67e000 	/System/Library/Frameworks/MetalPerformanceShaders.framework/Frameworks/MPSRayIntersector.framework/Versions/A/MPSRayIntersector
0x00007fff670d2000 	/System/Library/PrivateFrameworks/MetalTools.framework/Versions/A/MetalTools
0x00007fff5821b000 	/System/Library/PrivateFrameworks/AggregateDictionary.framework/Versions/A/AggregateDictionary
0x00007fff71644000 	/usr/lib/libMobileGestalt.dylib
0x00007fff4a5b5000 	/System/Library/Frameworks/CoreVideo.framework/Versions/A/CoreVideo
0x00007fff646ea000 	/System/Library/PrivateFrameworks/GraphVisualizer.framework/Versions/A/GraphVisualizer
0x00007fff5e569000 	/System/Library/PrivateFrameworks/FaceCore.framework/Versions/A/FaceCore
0x00007fff50f3b000 	/System/Library/Frameworks/OpenCL.framework/Versions/A/OpenCL
0x00007fff7139c000 	/usr/lib/libFosl_dynamic.dylib
0x00007fff67e7f000 	/System/Library/PrivateFrameworks/OTSVG.framework/Versions/A/OTSVG
0x00007fff46d45000 	/System/Library/Frameworks/ApplicationServices.framework/Versions/A/Frameworks/ATS.framework/Versions/A/Resources/libFontParser.dylib
0x00007fff46e5d000 	/System/Library/Frameworks/ApplicationServices.framework/Versions/A/Frameworks/ATS.framework/Versions/A/Resources/libFontRegistry.dylib
0x00007fff4b4c2000 	/System/Library/Frameworks/ImageIO.framework/Versions/A/Resources/libJPEG.dylib
0x00007fff4b7d4000 	/System/Library/Frameworks/ImageIO.framework/Versions/A/Resources/libTIFF.dylib
0x00007fff4b7aa000 	/System/Library/Frameworks/ImageIO.framework/Versions/A/Resources/libPng.dylib
0x00007fff4b3e0000 	/System/Library/Frameworks/ImageIO.framework/Versions/A/Resources/libGIF.dylib
0x00007fff4b3e5000 	/System/Library/Frameworks/ImageIO.framework/Versions/A/Resources/libJP2.dylib
0x00007fff4b7d1000 	/System/Library/Frameworks/ImageIO.framework/Versions/A/Resources/libRadiance.dylib
0x00007fff58ac8000 	/System/Library/PrivateFrameworks/AppleJPEG.framework/Versions/A/AppleJPEG
0x00007fff51918000 	/System/Library/Frameworks/OpenGL.framework/Versions/A/Libraries/libGFXShared.dylib
0x00007fff51adb000 	/System/Library/Frameworks/OpenGL.framework/Versions/A/Libraries/libGLU.dylib
0x00007fff51921000 	/System/Library/Frameworks/OpenGL.framework/Versions/A/Libraries/libGL.dylib
0x00007fff5192d000 	/System/Library/Frameworks/OpenGL.framework/Versions/A/Libraries/libGLImage.dylib
0x00007fff5190a000 	/System/Library/Frameworks/OpenGL.framework/Versions/A/Libraries/libCVMSPluginSupport.dylib
0x00007fff51913000 	/System/Library/Frameworks/OpenGL.framework/Versions/A/Libraries/libCoreVMClient.dylib
0x00007fff721b6000 	/usr/lib/libcups.2.dylib
0x00007fff4c994000 	/System/Library/Frameworks/Kerberos.framework/Versions/A/Kerberos
0x00007fff4aec3000 	/System/Library/Frameworks/GSS.framework/Versions/A/GSS
0x00007fff738c9000 	/usr/lib/libresolv.9.dylib
0x00007fff723a8000 	/usr/lib/libiconv.2.dylib
0x00007fff6485f000 	/System/Library/PrivateFrameworks/Heimdal.framework/Versions/A/Heimdal
0x00007fff72378000 	/usr/lib/libheimdal-asn1.dylib
0x00007fff50faf000 	/System/Library/Frameworks/OpenDirectory.framework/Versions/A/OpenDirectory
0x00007fff5b2ee000 	/System/Library/PrivateFrameworks/CommonAuth.framework/Versions/A/CommonAuth
0x00007fff50f93000 	/System/Library/Frameworks/OpenDirectory.framework/Versions/A/Frameworks/CFOpenDirectory.framework/Versions/A/CFOpenDirectory
0x00007fff5405d000 	/System/Library/Frameworks/SecurityFoundation.framework/Versions/A/SecurityFoundation
0x00007fff57761000 	/System/Library/PrivateFrameworks/APFS.framework/Versions/A/APFS
0x00007fff73d2a000 	/usr/lib/libutil.dylib
0x00007fff71a53000 	/usr/lib/libcharset.1.dylib
0x00007fff58d65000 	/System/Library/PrivateFrameworks/AppleSauce.framework/Versions/A/AppleSauce
0x00007fff58ee6000 	/System/Library/PrivateFrameworks/AssertionServices.framework/Versions/A/AssertionServices
0x00007fff59616000 	/System/Library/PrivateFrameworks/BaseBoard.framework/Versions/A/BaseBoard
0x00007fff72779000 	/usr/lib/libmecab.1.0.0.dylib
0x00007fff72372000 	/usr/lib/libgermantok.dylib
0x00007fff71821000 	/usr/lib/libThaiTokenizer.dylib
0x00007fff712cc000 	/usr/lib/libChineseTokenizer.dylib
0x00007fff66290000 	/System/Library/PrivateFrameworks/LanguageModeling.framework/Versions/A/LanguageModeling
0x00007fff5bfd0000 	/System/Library/PrivateFrameworks/CoreEmoji.framework/Versions/A/CoreEmoji
0x00007fff6636c000 	/System/Library/PrivateFrameworks/Lexicon.framework/Versions/A/Lexicon
0x00007fff663af000 	/System/Library/PrivateFrameworks/LinguisticData.framework/Versions/A/LinguisticData
0x00007fff71a54000 	/usr/lib/libcmph.dylib
0x00007fff5411b000 	/System/Library/Frameworks/ServiceManagement.framework/Versions/A/ServiceManagement
0x00007fff59577000 	/System/Library/PrivateFrameworks/BackgroundTaskManagement.framework/Versions/A/BackgroundTaskManagement
0x00007fff73e24000 	/usr/lib/libxslt.1.dylib
0x00007fff47db3000 	/System/Library/Frameworks/Carbon.framework/Versions/A/Frameworks/Ink.framework/Versions/A/Ink
0x00007fff6f35b000 	/System/Library/PrivateFrameworks/TextureIO.framework/Versions/A/TextureIO
0x00007fff71875000 	/usr/lib/libate.dylib
0x00007fff5d2b2000 	/System/Library/PrivateFrameworks/CrashReporterSupport.framework/Versions/A/CrashReporterSupport
0x00007fff6ca95000 	/System/Library/PrivateFrameworks/Sharing.framework/Versions/A/Sharing
0x00007fff592c9000 	/System/Library/PrivateFrameworks/AuthKit.framework/Versions/A/AuthKit
0x00007fff5881d000 	/System/Library/PrivateFrameworks/Apple80211.framework/Versions/A/Apple80211
0x00007fff5d05a000 	/System/Library/PrivateFrameworks/CoreUtils.framework/Versions/A/CoreUtils
0x00007fff4a5f6000 	/System/Library/Frameworks/CoreWLAN.framework/Versions/A/CoreWLAN
0x00007fff4aff2000 	/System/Library/Frameworks/IOBluetooth.framework/Versions/A/IOBluetooth
0x00007fff6af09000 	/System/Library/PrivateFrameworks/ProtocolBuffer.framework/Versions/A/ProtocolBuffer
0x00007fff6730a000 	/System/Library/PrivateFrameworks/MobileKeyBag.framework/Versions/A/MobileKeyBag
0x00007fff5c89e000 	/System/Library/PrivateFrameworks/CorePhoneNumbers.framework/Versions/A/CorePhoneNumbers
0x00007fff58a7c000 	/System/Library/PrivateFrameworks/AppleIDAuthSupport.framework/Versions/A/AppleIDAuthSupport
0x00007fff66263000 	/System/Library/PrivateFrameworks/KeychainCircle.framework/Versions/A/KeychainCircle
0x00007fff6b0bf000 	/System/Library/PrivateFrameworks/ROCKit.framework/Versions/A/ROCKit
0x00007fff5d24e000 	/System/Library/PrivateFrameworks/CoreWiFi.framework/Versions/A/CoreWiFi
0x00007fff48381000 	/System/Library/Frameworks/CoreBluetooth.framework/Versions/A/CoreBluetooth
0x00007fff5d4a9000 	/System/Library/PrivateFrameworks/DebugSymbols.framework/Versions/A/DebugSymbols
0x00007fff5ce1a000 	/System/Library/PrivateFrameworks/CoreSymbolication.framework/Versions/A/CoreSymbolication
0x00007fff6eb76000 	/System/Library/PrivateFrameworks/Symbolication.framework/Versions/A/Symbolication
0x00007fff6e419000 	/System/Library/PrivateFrameworks/SpeechRecognitionCore.framework/Versions/A/SpeechRecognitionCore
0x0000000106800000 	/Library/Java/JavaVirtualMachines/adoptopenjdk-8.jdk/Contents/Home/jre/lib/server/libjvm.dylib
0x00007fff73c05000 	/usr/lib/libstdc++.6.dylib
0x0000000105673000 	/Library/Java/JavaVirtualMachines/adoptopenjdk-8.jdk/Contents/Home/jre/lib/libverify.dylib
0x0000000105684000 	/Library/Java/JavaVirtualMachines/adoptopenjdk-8.jdk/Contents/Home/jre/lib/libjava.dylib
0x0000000105708000 	/Library/Java/JavaVirtualMachines/adoptopenjdk-8.jdk/Contents/Home/jre/lib/libzip.dylib
0x000000010b354000 	/Library/Java/JavaVirtualMachines/adoptopenjdk-8.jdk/Contents/Home/jre/lib/libawt.dylib
0x000000010b404000 	/Library/Java/JavaVirtualMachines/adoptopenjdk-8.jdk/Contents/Home/jre/lib/./libmlib_image.dylib
0x00007fff4c97d000 	/System/Library/Frameworks/JavaVM.framework/Versions/A/Frameworks/JavaNativeFoundation.framework/Versions/A/JavaNativeFoundation
0x00007fff4c986000 	/System/Library/Frameworks/JavaVM.framework/Versions/A/Frameworks/JavaRuntimeSupport.framework/Versions/A/JavaRuntimeSupport
0x00007fff4c98f000 	/System/Library/Frameworks/JavaVM.framework/Versions/A/JavaVM
0x00007fff66182000 	/System/Library/PrivateFrameworks/JavaLaunching.framework/Versions/A/JavaLaunching
0x00007fff47aac000 	/System/Library/Frameworks/Carbon.framework/Versions/A/Carbon
0x00007fff47aad000 	/System/Library/Frameworks/Carbon.framework/Versions/A/Frameworks/CommonPanels.framework/Versions/A/CommonPanels
0x00007fff47da9000 	/System/Library/Frameworks/Carbon.framework/Versions/A/Frameworks/Help.framework/Versions/A/Help
0x00007fff47dad000 	/System/Library/Frameworks/Carbon.framework/Versions/A/Frameworks/ImageCapture.framework/Versions/A/ImageCapture
0x00007fff47e49000 	/System/Library/Frameworks/Carbon.framework/Versions/A/Frameworks/OpenScripting.framework/Versions/A/OpenScripting
0x00007fff47e81000 	/System/Library/Frameworks/Carbon.framework/Versions/A/Frameworks/Print.framework/Versions/A/Print
0x00007fff47e83000 	/System/Library/Frameworks/Carbon.framework/Versions/A/Frameworks/SecurityHI.framework/Versions/A/SecurityHI
0x000000010b4d7000 	/Library/Java/JavaVirtualMachines/adoptopenjdk-8.jdk/Contents/Home/jre/lib/libawt_lwawt.dylib
0x000000010b598000 	/Library/Java/JavaVirtualMachines/adoptopenjdk-8.jdk/Contents/Home/jre/lib/./libosxapp.dylib
0x00007fff4aa80000 	/System/Library/Frameworks/ExceptionHandling.framework/Versions/A/ExceptionHandling
0x00007fff5ca22000 	/System/Library/PrivateFrameworks/CoreServicesInternal.framework/Versions/A/CoreServicesInternal
0x00007fff3cf85000 	/System/Library/CoreServices/RawCamera.bundle/Contents/MacOS/RawCamera
0x00007fff67176000 	/System/Library/PrivateFrameworks/MobileAsset.framework/Versions/A/MobileAsset
0x00007fff6eac4000 	/System/Library/PrivateFrameworks/StreamingZip.framework/Versions/A/StreamingZip
0x00007fff4cd21000 	/System/Library/Frameworks/MediaToolbox.framework/Versions/A/MediaToolbox
0x00007fff5bb74000 	/System/Library/PrivateFrameworks/CoreAVCHD.framework/Versions/A/CoreAVCHD
0x00007fff4cc67000 	/System/Library/Frameworks/MediaAccessibility.framework/Versions/A/MediaAccessibility
0x00007fff66bd2000 	/System/Library/PrivateFrameworks/Mangrove.framework/Versions/A/Mangrove
0x00007fff49919000 	/System/Library/Frameworks/CoreMedia.framework/Versions/A/CoreMedia
0x00007fff54784000 	/System/Library/Frameworks/VideoToolbox.framework/Versions/A/VideoToolbox
0x00007fff5b790000 	/System/Library/PrivateFrameworks/CoreAUC.framework/Versions/A/CoreAUC
0x00007fff73932000 	/usr/lib/libspindump.dylib
0x00007fff58e4b000 	/System/Library/PrivateFrameworks/AppleVA.framework/Versions/A/AppleVA
0x00007fff44c06000 	/System/Library/Frameworks/Accelerate.framework/Versions/A/Frameworks/vImage.framework/Versions/A/Libraries/libCGInterfaces.dylib
0x00007fff46ef9000 	/System/Library/Frameworks/ApplicationServices.framework/Versions/A/Frameworks/ATS.framework/Versions/A/Resources/libTrueTypeScaler.dylib
0x00007fff41dc8000 	/System/Library/Extensions/AppleIntelKBLGraphicsMTLDriver.bundle/Contents/MacOS/AppleIntelKBLGraphicsMTLDriver
0x00007fff3d2e1000 	/System/Library/Extensions/AMDMTLBronzeDriver.bundle/Contents/MacOS/AMDMTLBronzeDriver
0x00007fff65bce000 	/System/Library/PrivateFrameworks/IOAccelMemoryInfo.framework/Versions/A/IOAccelMemoryInfo
0x00007fff62238000 	/System/Library/PrivateFrameworks/GPUCompiler.framework/Versions/3902/Libraries/libmetal_timestamp.dylib
0x00007fff5e98e000 	/System/Library/PrivateFrameworks/FamilyControls.framework/Versions/A/FamilyControls
0x00007fff5b2e1000 	/System/Library/PrivateFrameworks/CommerceKit.framework/Versions/A/Frameworks/CommerceCore.framework/Versions/A/CommerceCore
0x00007fff6ee49000 	/System/Library/PrivateFrameworks/SystemAdministration.framework/Versions/A/SystemAdministration
0x00007fff5871e000 	/System/Library/PrivateFrameworks/AppContainer.framework/Versions/A/AppContainer
0x00007fff5873a000 	/System/Library/PrivateFrameworks/AppSandbox.framework/Versions/A/AppSandbox
0x00007fff6c936000 	/System/Library/PrivateFrameworks/SecCodeWrapper.framework/Versions/A/SecCodeWrapper
0x00007fff738e3000 	/usr/lib/libsandbox.1.dylib
0x00007fff71613000 	/usr/lib/libMatch.1.dylib
0x00007fff5d82e000 	/System/Library/PrivateFrameworks/DiskManagement.framework/Versions/A/DiskManagement
0x00007fff4a7fc000 	/System/Library/Frameworks/DirectoryService.framework/Versions/A/DirectoryService
0x00007fff5d75f000 	/System/Library/PrivateFrameworks/DiskImages.framework/Versions/A/DiskImages
0x00007fff664a8000 	/System/Library/PrivateFrameworks/LoginUIKit.framework/Versions/A/Frameworks/LoginUICore.framework/Versions/A/LoginUICore
0x00007fff712d7000 	/usr/lib/libCoreStorage.dylib
0x00007fff721a3000 	/usr/lib/libcsfde.dylib
0x00007fff73763000 	/usr/lib/libodfde.dylib
0x00007fff66cea000 	/System/Library/PrivateFrameworks/MediaKit.framework/Versions/A/MediaKit
0x00007fff4a808000 	/System/Library/Frameworks/DiscRecording.framework/Versions/A/DiscRecording
0x00007fff5d9a2000 	/System/Library/PrivateFrameworks/EFILogin.framework/Versions/A/EFILogin
0x00007fff6aeb4000 	/System/Library/PrivateFrameworks/ProtectedCloudStorage.framework/Versions/A/ProtectedCloudStorage
0x00007fff72235000 	/usr/lib/libcurl.4.dylib
0x00007fff720a2000 	/usr/lib/libcrypto.42.dylib
0x00007fff73bd5000 	/usr/lib/libssl.44.dylib
0x00007fff4c9ae000 	/System/Library/Frameworks/LDAP.framework/Versions/A/LDAP
0x00007fff6f4d9000 	/System/Library/PrivateFrameworks/TrustEvaluationAgent.framework/Versions/A/TrustEvaluationAgent
0x00007fff7391f000 	/usr/lib/libsasl2.2.dylib
0x00007fff5bdcd000 	/System/Library/PrivateFrameworks/CoreDaemon.framework/Versions/B/CoreDaemon
0x00007fff58d60000 	/System/Library/PrivateFrameworks/AppleSRP.framework/Versions/A/AppleSRP
0x00007fff70314000 	/System/Library/PrivateFrameworks/ViewBridge.framework/Versions/A/ViewBridge
0x0000000125435000 	/usr/lib/libobjc-trampolines.dylib
0x00000001269ef000 	/Library/Java/JavaVirtualMachines/adoptopenjdk-8.jdk/Contents/Home/jre/lib/libnio.dylib
0x0000000126a03000 	/Library/Java/JavaVirtualMachines/adoptopenjdk-8.jdk/Contents/Home/jre/lib/./libnet.dylib
0x00007fff524c6000 	/System/Library/Frameworks/OpenGL.framework/Versions/A/Resources/GLEngine.bundle/GLEngine
0x00007fff51968000 	/System/Library/Frameworks/OpenGL.framework/Versions/A/Libraries/libGLProgrammability.dylib
0x00007fff40ff3000 	/System/Library/Extensions/AppleIntelKBLGraphicsGLDriver.bundle/Contents/MacOS/AppleIntelKBLGraphicsGLDriver
0x00007fff638cd000 	/System/Library/PrivateFrameworks/GPUSupport.framework/Versions/A/Libraries/libGPUSupportMercury.dylib
0x0000000126a21000 	/System/Library/Extensions/AMDRadeonX4000GLDriver.bundle/Contents/MacOS/AMDRadeonX4000GLDriver
0x00007fff3d3ee000 	/System/Library/Extensions/AMDRadeonX4000GLDriver.bundle/Contents/MacOS/ATIRadeonX4000SCLib.dylib
0x00007fff5265e000 	/System/Library/Frameworks/OpenGL.framework/Versions/A/Resources/GLRendererFloat.bundle/GLRendererFloat
0x00007fff50f32000 	/System/Library/Frameworks/OpenCL.framework/Versions/A/Libraries/libcldcpuengine.dylib
0x00007fff71ea8000 	/usr/lib/libcrypto.35.dylib
0x0000000126d0a000 	/Library/Java/JavaVirtualMachines/adoptopenjdk-8.jdk/Contents/Home/jre/lib/libfontmanager.dylib
0x0000000126d7a000 	/Library/Java/JavaVirtualMachines/adoptopenjdk-8.jdk/Contents/Home/jre/lib/./libfreetype.6.dylib
0x00000001255b1000 	/Library/Java/JavaVirtualMachines/adoptopenjdk-8.jdk/Contents/Home/jre/lib/libosxui.dylib
0x0000000125476000 	/private/var/folders/pt/gmp3zg_n0fv1_5_mkh2b9j80003h5j/T/jogamp_0000/file_cache/jln4807097882487079948/jln7257436798943186618/libgluegen-rt.jnilib
0x000000012547b000 	/private/var/folders/pt/gmp3zg_n0fv1_5_mkh2b9j80003h5j/T/jogamp_0000/file_cache/jln4807097882487079948/jln7257436798943186618/libnativewindow_awt.jnilib
0x000000012547e000 	/Library/Java/JavaVirtualMachines/adoptopenjdk-8.jdk/Contents/Home/jre/lib/libjawt.dylib
0x0000000125485000 	/private/var/folders/pt/gmp3zg_n0fv1_5_mkh2b9j80003h5j/T/jogamp_0000/file_cache/jln4807097882487079948/jln7257436798943186618/libnativewindow_macosx.jnilib
0x0000000125e8b000 	/private/var/folders/pt/gmp3zg_n0fv1_5_mkh2b9j80003h5j/T/jogamp_0000/file_cache/jln4807097882487079948/jln7257436798943186618/libjogl_desktop.jnilib

VM Arguments:
jvm_args: -Djava.security.policy=java.policy.applet -Dfile.encoding=UTF-8 
java_command: sun.applet.AppletViewer module6.EarthquakeCityMap1587892383828.html
java_class_path (initial): /Users/abarretti/Desktop/Java/UCSDUnfoldingMaps/UCSDUnfoldingMaps/build:/Users/abarretti/Desktop/Java/UCSDUnfoldingMaps/UCSDUnfoldingMaps/lib/core.jar:/Users/abarretti/Desktop/Java/UCSDUnfoldingMaps/UCSDUnfoldingMaps/lib/gluegen-rt.jar:/Users/abarretti/Desktop/Java/UCSDUnfoldingMaps/UCSDUnfoldingMaps/lib/jogl-all.jar:/Users/abarretti/Desktop/Java/UCSDUnfoldingMaps/UCSDUnfoldingMaps/lib/log4j-1.2.15.jar:/Users/abarretti/Desktop/Java/UCSDUnfoldingMaps/UCSDUnfoldingMaps/lib/sqlite-jdbc-3.7.2.jar:/Users/abarretti/Desktop/Java/UCSDUnfoldingMaps/UCSDUnfoldingMaps/lib/json4processing.jar:/Users/abarretti/Desktop/Java/UCSDUnfoldingMaps/UCSDUnfoldingMaps/lib/libTUIO.jar:/Users/abarretti/Desktop/Java/UCSDUnfoldingMaps/UCSDUnfoldingMaps/lib/unfolding.0.9.7-uscd.jar
Launcher Type: SUN_STANDARD

Environment Variables:
PATH=/usr/bin:/bin:/usr/sbin:/sbin
SHELL=/bin/bash

Signal Handlers:
SIGSEGV: [libjvm.dylib+0x588183], sa_mask[0]=11111111011111110111111111111111, sa_flags=SA_ONSTACK|SA_RESTART|SA_SIGINFO
SIGBUS: [libjvm.dylib+0x588183], sa_mask[0]=11111111011111110111111111111111, sa_flags=SA_RESTART|SA_SIGINFO
SIGFPE: [libjvm.dylib+0x46288c], sa_mask[0]=11111111011111110111111111111111, sa_flags=SA_RESTART|SA_SIGINFO
SIGPIPE: [libjvm.dylib+0x46288c], sa_mask[0]=11111111011111110111111111111111, sa_flags=SA_RESTART|SA_SIGINFO
SIGXFSZ: [libjvm.dylib+0x46288c], sa_mask[0]=11111111011111110111111111111111, sa_flags=SA_RESTART|SA_SIGINFO
SIGILL: [libjvm.dylib+0x46288c], sa_mask[0]=11111111011111110111111111111111, sa_flags=SA_RESTART|SA_SIGINFO
SIGUSR1: SIG_DFL, sa_mask[0]=00000000000000000000000000000000, sa_flags=none
SIGUSR2: [libjvm.dylib+0x4623aa], sa_mask[0]=00100000000000000000000000000000, sa_flags=SA_RESTART|SA_SIGINFO
SIGHUP: [libjvm.dylib+0x460935], sa_mask[0]=11111111011111110111111111111111, sa_flags=SA_RESTART|SA_SIGINFO
SIGINT: [libjvm.dylib+0x460935], sa_mask[0]=11111111011111110111111111111111, sa_flags=SA_RESTART|SA_SIGINFO
SIGTERM: [libjvm.dylib+0x460935], sa_mask[0]=11111111011111110111111111111111, sa_flags=SA_RESTART|SA_SIGINFO
SIGQUIT: [libjvm.dylib+0x460935], sa_mask[0]=11111111011111110111111111111111, sa_flags=SA_RESTART|SA_SIGINFO


---------------  S Y S T E M  ---------------

OS:Bsduname:Darwin 18.7.0 Darwin Kernel Version 18.7.0: Thu Jan 23 06:52:12 PST 2020; root:xnu-4903.278.25~1/RELEASE_X86_64 x86_64
rlimit: STACK 8192k, CORE 0k, NPROC 1418, NOFILE 10240, AS infinity
load average:1.87 2.05 1.97

CPU:total 8 (initial active 8) (4 cores per cpu, 2 threads per core) family 6 model 158 stepping 9, cmov, cx8, fxsr, mmx, sse, sse2, sse3, ssse3, sse4.1, sse4.2, popcnt, avx, avx2, aes, clmul, erms, 3dnowpref, lzcnt, ht, tsc, tscinvbit, bmi1, bmi2, adx

Memory: 4k page, physical 16777216k(287500k free)

/proc/meminfo:


vm_info: OpenJDK 64-Bit Server VM (25.242-b08) for bsd-amd64 JRE (1.8.0_242-b08), built on Jan 19 2020 06:43:11 by "jenkins" with gcc 4.2.1 (Based on Apple Inc. build 5658) (LLVM build 2336.11.00)

time: Sun Apr 26 11:13:21 2020
timezone: CEST
elapsed time: 17 seconds (0d 0h 0m 17s)

