#
# A fatal error has been detected by the Java Runtime Environment:
#
#  SIGSEGV (0xb) at pc=0x00007fff77cf569d, pid=21158, tid=0x0000000000000307
#
# JRE version: OpenJDK Runtime Environment (8.0_242-b08) (build 1.8.0_242-b08)
# Java VM: OpenJDK 64-Bit Server VM (25.242-b08 mixed mode bsd-amd64 compressed oops)
# Problematic frame:
# C  [libobjc.A.dylib+0x669d]  objc_msgSend+0x1d
#
# Failed to write core dump. Core dumps have been disabled. To enable core dumping, try "ulimit -c unlimited" before starting Java again
#
# If you would like to submit a bug report, please visit:
#   http://bugreport.java.com/bugreport/crash.jsp
# The crash happened outside the Java Virtual Machine in native code.
# See problematic frame for where to report the bug.
#

---------------  T H R E A D  ---------------

Current thread (0x00007fb3ea066800):  JavaThread "AWT-AppKit" daemon [_thread_in_native, id=775, stack(0x00007ffee7805000,0x00007ffee8005000)]

siginfo: si_signo: 11 (SIGSEGV), si_code: 1 (SEGV_MAPERR), si_addr: 0x0000000000000018

Registers:
RAX=0x00007fb3ebf28040, RBX=0x000000012acec450, RCX=0x0000000000000001, RDX=0x0000000000000000
RSP=0x00007ffee80002a8, RBP=0x00007ffee8000360, RSI=0x00007fff4b6f2537, RDI=0x00007fb3ec80ca60
R8 =0x000000003eba0013, R9 =0x00000000fff7ffff, R10=0x0000000000000000, R11=0x00007fff4b6f2537
R12=0x0000000000000000, R13=0x000000015d554598, R14=0x000000012acec440, R15=0x00007fb3ea066800
RIP=0x00007fff77cf569d, EFLAGS=0x0000000000010246, ERR=0x0000000000000004
  TRAPNO=0x000000000000000e

Top of Stack: (sp=0x00007ffee80002a8)
0x00007ffee80002a8:   000000012acea157 00007ffee8000300
0x00007ffee80002b8:   0000000000000003 00007ffee80002e0
0x00007ffee80002c8:   0000000108f432b2 000000015d554598
0x00007ffee80002d8:   000000015d554598 00007fb3ebf28040
0x00007ffee80002e8:   000000012acec6a0 000000012acec710
0x00007ffee80002f8:   00007fffa871d838 00007fffa9df7088
0x00007ffee8000308:   000000012acec450 000000012acec690
0x00007ffee8000318:   00007fb3ebf28040 00007fb3ec80ca60
0x00007ffee8000328:   00007fb3e5e21d30 00007fb3ebf28040
0x00007ffee8000338:   00007fb3ec80ca60 00007ffee80003e8
0x00007ffee8000348:   00007fb3ea0669e0 000000015d554598
0x00007ffee8000358:   00007ffee8000410 00007ffee80003d8
0x00007ffee8000368:   0000000117b66407 000000015d554598
0x00007ffee8000378:   00007ffee8000410 00007ffee80003d8
0x00007ffee8000388:   0000000117b66167 0000000117b66122
0x00007ffee8000398:   00007ffee8000398 000000015d554598
0x00007ffee80003a8:   00007ffee8000410 000000015d5571d0
0x00007ffee80003b8:   0000000000000000 000000015d554598
0x00007ffee80003c8:   0000000000000000 00007ffee80003f8
0x00007ffee80003d8:   00007ffee8000458 0000000117b55ffd
0x00007ffee80003e8:   00000006c0bed0e8 0000000117b5fa58
0x00007ffee80003f8:   00007fb3ebf28040 00007ffee8000458
0x00007ffee8000408:   00007fb3ec80ca60 0000000117b614c2
0x00007ffee8000418:   00007ffee8000418 000000015d554762
0x00007ffee8000428:   00007ffee8000480 000000015d5571d0
0x00007ffee8000438:   0000000000000000 000000015d554770
0x00007ffee8000448:   00007ffee80003f8 00007ffee8000468
0x00007ffee8000458:   00007ffee80004c8 0000000117b55ffd
0x00007ffee8000468:   00007fb3ebf28040 00000006c0b6a3a0
0x00007ffee8000478:   00007fb3ec80ca60 00000006c0b6a3a0
0x00007ffee8000488:   00007ffee8000488 000000015f9f78ce
0x00007ffee8000498:   00007ffee80004d8 000000015f9f7988 

Instructions: (pc=0x00007fff77cf569d)
0x00007fff77cf567d:   0f 1f 00 48 85 ff 2e 74 62 40 f6 c7 01 2e 75 66
0x00007fff77cf568d:   49 ba f8 ff ff ff ff 7f 00 00 4c 23 17 49 89 f3
0x00007fff77cf569d:   45 23 5a 18 49 c1 e3 04 4d 03 5a 10 49 3b 33 75
0x00007fff77cf56ad:   04 41 ff 63 08 49 83 3b 01 76 0d 49 83 c3 10 49 

Register to memory mapping:

RAX=0x00007fb3ebf28040 is an unknown value
RBX=0x000000012acec450: Java_jogamp_nativewindow_macosx_OSXUtil_GetScreenRefreshRate0+0x1cf0 in /private/var/folders/pt/gmp3zg_n0fv1_5_mkh2b9j80003h5j/T/jogamp_0000/file_cache/jln7071576000706817876/jln6309205388010960817/libnativewindow_macosx.jnilib at 0x000000012ace5000
RCX=0x0000000000000001 is an unknown value
RDX=0x0000000000000000 is an unknown value
RSP=0x00007ffee80002a8 is pointing into the stack for thread: 0x00007fb3ea066800
RBP=0x00007ffee8000360 is pointing into the stack for thread: 0x00007fb3ea066800
RSI=0x00007fff4b6f2537: GCC_except_table7+0x9e9b in /System/Library/Frameworks/AppKit.framework/Versions/C/AppKit at 0x00007fff4ab4b000
RDI=0x00007fb3ec80ca60 is an unknown value
R8 =0x000000003eba0013 is an unknown value
R9 =0x00000000fff7ffff is an unknown value
R10=0x0000000000000000 is an unknown value
R11=0x00007fff4b6f2537: GCC_except_table7+0x9e9b in /System/Library/Frameworks/AppKit.framework/Versions/C/AppKit at 0x00007fff4ab4b000
R12=0x0000000000000000 is an unknown value
R13={method} {0x000000015d554598} 'UnsetJAWTRootSurfaceLayer0' '(JJ)V' in 'jogamp/nativewindow/jawt/macosx/MacOSXJAWTWindow'
R14=0x000000012acec440: Java_jogamp_nativewindow_macosx_OSXUtil_GetScreenRefreshRate0+0x1ce0 in /private/var/folders/pt/gmp3zg_n0fv1_5_mkh2b9j80003h5j/T/jogamp_0000/file_cache/jln7071576000706817876/jln6309205388010960817/libnativewindow_macosx.jnilib at 0x000000012ace5000
R15=0x00007fb3ea066800 is a thread


Stack: [0x00007ffee7805000,0x00007ffee8005000],  sp=0x00007ffee80002a8,  free space=8172k
Native frames: (J=compiled Java code, j=interpreted, Vv=VM code, C=native code)
C  [libobjc.A.dylib+0x669d]  objc_msgSend+0x1d
j  jogamp.nativewindow.jawt.macosx.MacOSXJAWTWindow.UnsetJAWTRootSurfaceLayer0(JJ)V+0
j  jogamp.nativewindow.jawt.macosx.MacOSXJAWTWindow.access$200(JJ)V+2
j  jogamp.nativewindow.jawt.macosx.MacOSXJAWTWindow$1.run()V+38
j  com.jogamp.common.util.RunnableTask.run()V+24
v  ~StubRoutines::call_stub
V  [libjvm.dylib+0x2e3fa7]
V  [libjvm.dylib+0x2ff139]
V  [libjvm.dylib+0x2f13d1]
C  [libnativewindow_macosx.jnilib+0x5326]  Java_jogamp_nativewindow_jawt_macosx_MacOSXJAWTWindow_UnsetJAWTRootSurfaceLayer0+0x2b6
C  [Foundation+0xb0302]  __NSThreadPerformPerform+0x148
C  [CoreFoundation+0x57e33]  __CFRUNLOOP_IS_CALLING_OUT_TO_A_SOURCE0_PERFORM_FUNCTION__+0x11
C  [CoreFoundation+0x57dd9]  __CFRunLoopDoSource0+0x6c
C  [CoreFoundation+0x3b7f3]  __CFRunLoopDoSources0+0x11b
C  [CoreFoundation+0x3ad65]  __CFRunLoopRun+0x4a5
C  [CoreFoundation+0x3a66e]  CFRunLoopRunSpecific+0x1c7
C  [HIToolbox+0xb1ab]  RunCurrentEventLoopInMode+0x124
C  [HIToolbox+0xaded]  ReceiveNextEventCommon+0x163
C  [HIToolbox+0xac76]  _BlockUntilNextEventMatchingListInModeWithFilter+0x40
C  [AppKit+0x1a77d]  _DPSNextEvent+0x46f
C  [AppKit+0x1946b]  -[NSApplication(NSEvent) _nextEventMatchingEventMask:untilDate:inMode:dequeue:]+0x551
C  [libosxapp.dylib+0x2328]  -[NSApplicationAWT nextEventMatchingMask:untilDate:inMode:dequeue:]+0x7c
C  [AppKit+0x13588]  -[NSApplication run]+0x2bb
C  [libosxapp.dylib+0x1f72]  +[NSApplicationAWT runAWTLoopWithApp:]+0x9c
C  [libawt_lwawt.dylib+0x4711f]  -[AWTStarter starter:]+0x389
C  [Foundation+0xb0302]  __NSThreadPerformPerform+0x148
C  [CoreFoundation+0x57e33]  __CFRUNLOOP_IS_CALLING_OUT_TO_A_SOURCE0_PERFORM_FUNCTION__+0x11
C  [CoreFoundation+0x57dd9]  __CFRunLoopDoSource0+0x6c
C  [CoreFoundation+0x3b79b]  __CFRunLoopDoSources0+0xc3
C  [CoreFoundation+0x3ad65]  __CFRunLoopRun+0x4a5
C  [CoreFoundation+0x3a66e]  CFRunLoopRunSpecific+0x1c7
C  [java+0x646e]  CreateExecutionEnvironment+0x367
C  [java+0x203c]  JLI_Launch+0x7a0
C  [java+0x84d2]  main+0x6c
C  [java+0x1894]  start+0x34
C  0x0000000000000007

Java frames: (J=compiled Java code, j=interpreted, Vv=VM code)
j  jogamp.nativewindow.jawt.macosx.MacOSXJAWTWindow.UnsetJAWTRootSurfaceLayer0(JJ)V+0
j  jogamp.nativewindow.jawt.macosx.MacOSXJAWTWindow.access$200(JJ)V+2
j  jogamp.nativewindow.jawt.macosx.MacOSXJAWTWindow$1.run()V+38
j  com.jogamp.common.util.RunnableTask.run()V+24
v  ~StubRoutines::call_stub

---------------  P R O C E S S  ---------------

Java Threads: ( => current thread )
  0x00007fb3ed9bd800 JavaThread "Thread-20" [_thread_blocked, id=47907, stack(0x00007000099fa000,0x0000700009afa000)]
  0x00007fb3e7161000 JavaThread "Animation Thread" [_thread_blocked, id=66147, stack(0x000070000a095000,0x000070000a195000)]
  0x00007fb3e7004800 JavaThread "AWT-EventQueue-1" [_thread_blocked, id=65323, stack(0x000070000a198000,0x000070000a298000)]
  0x00007fb3e90f5000 JavaThread "DestroyJavaVM" [_thread_blocked, id=6403, stack(0x0000700008435000,0x0000700008535000)]
  0x00007fb3e90d4800 JavaThread "AWT-EventQueue-0" [_thread_blocked, id=56099, stack(0x0000700009f92000,0x000070000a092000)]
  0x00007fb3e7876800 JavaThread "Java2D Disposer" daemon [_thread_blocked, id=74515, stack(0x0000700009d09000,0x0000700009e09000)]
  0x00007fb3e7872000 JavaThread "Java2D Queue Flusher" daemon [_thread_blocked, id=81171, stack(0x0000700009c06000,0x0000700009d06000)]
  0x00007fb3ea07a800 JavaThread "AWT-Shutdown" [_thread_blocked, id=39211, stack(0x000070000976e000,0x000070000986e000)]
=>0x00007fb3ea066800 JavaThread "AWT-AppKit" daemon [_thread_in_native, id=775, stack(0x00007ffee7805000,0x00007ffee8005000)]
  0x00007fb3e980f000 JavaThread "Service Thread" daemon [_thread_blocked, id=16387, stack(0x0000700009568000,0x0000700009668000)]
  0x00007fb3e7080000 JavaThread "C1 CompilerThread3" daemon [_thread_blocked, id=16899, stack(0x0000700009465000,0x0000700009565000)]
  0x00007fb3e8810000 JavaThread "C2 CompilerThread2" daemon [_thread_blocked, id=17411, stack(0x0000700009362000,0x0000700009462000)]
  0x00007fb3e801b800 JavaThread "C2 CompilerThread1" daemon [_thread_blocked, id=17667, stack(0x000070000925f000,0x000070000935f000)]
  0x00007fb3ea005800 JavaThread "C2 CompilerThread0" daemon [_thread_blocked, id=18179, stack(0x000070000915c000,0x000070000925c000)]
  0x00007fb3e7038800 JavaThread "Signal Dispatcher" daemon [_thread_blocked, id=15107, stack(0x0000700009059000,0x0000700009159000)]
  0x00007fb3e7031800 JavaThread "Finalizer" daemon [_thread_blocked, id=13315, stack(0x0000700008f56000,0x0000700009056000)]
  0x00007fb3e7805800 JavaThread "Reference Handler" daemon [_thread_blocked, id=13059, stack(0x0000700008e53000,0x0000700008f53000)]

Other Threads:
  0x00007fb3e702a800 VMThread [stack: 0x0000700008d50000,0x0000700008e50000] [id=20227]
  0x00007fb3e8803800 WatcherThread [stack: 0x000070000966b000,0x000070000976b000] [id=15875]

VM state:not at safepoint (normal execution)

VM Mutex/Monitor currently owned by a thread: None

heap address: 0x00000006c0000000, size: 4096 MB, Compressed Oops mode: Zero based, Oop shift amount: 3
Narrow klass base: 0x0000000000000000, Narrow klass shift: 3
Compressed class space size: 1073741824 Address: 0x00000007c0000000

Heap:
 PSYoungGen      total 274944K, used 164512K [0x000000076ab00000, 0x000000077d480000, 0x00000007c0000000)
  eden space 267776K, 61% used [0x000000076ab00000,0x0000000774acffe8,0x000000077b080000)
  from space 7168K, 12% used [0x000000077cd80000,0x000000077ce58020,0x000000077d480000)
  to   space 18432K, 0% used [0x000000077b080000,0x000000077b080000,0x000000077c280000)
 ParOldGen       total 102912K, used 27555K [0x00000006c0000000, 0x00000006c6480000, 0x000000076ab00000)
  object space 102912K, 26% used [0x00000006c0000000,0x00000006c1ae8c60,0x00000006c6480000)
 Metaspace       used 27429K, capacity 27779K, committed 28160K, reserved 1075200K
  class space    used 2119K, capacity 2213K, committed 2304K, reserved 1048576K

Card table byte_map: [0x0000000109cf6000,0x000000010a4f7000] byte_map_base: 0x00000001066f6000

Marking Bits: (ParMarkBitMap*) 0x000000010969f5b0
 Begin Bits: [0x000000010aa4d000, 0x000000010ea4d000)
 End Bits:   [0x000000010ea4d000, 0x0000000112a4d000)

Polling page: 0x0000000107c1d000

CodeCache: size=245760Kb used=11476Kb max_used=11675Kb free=234284Kb
 bounds [0x0000000117b4e000, 0x00000001186ee000, 0x0000000126b4e000]
 total_blobs=3746 nmethods=2828 adapters=832
 compilation: enabled

Compilation events (10 events):
Event: 107.993 Thread 0x00007fb3ea005800 nmethod 3179 0x0000000118202290 code [0x00000001182023e0, 0x0000000118202518]
Event: 107.993 Thread 0x00007fb3e7080000 nmethod 3180 0x0000000117e65fd0 code [0x0000000117e66180, 0x0000000117e66a88]
Event: 107.993 Thread 0x00007fb3e7080000 3181       3       java.awt.Rectangle::isEmpty (20 bytes)
Event: 107.993 Thread 0x00007fb3e801b800 3182       4       sun.java2d.SunGraphics2D::translate (68 bytes)
Event: 107.994 Thread 0x00007fb3e7080000 nmethod 3181 0x000000011812dc90 code [0x000000011812de00, 0x000000011812dff0]
Event: 107.996 Thread 0x00007fb3e801b800 nmethod 3182 0x00000001181b5c10 code [0x00000001181b5da0, 0x00000001181b6048]
Event: 108.020 Thread 0x00007fb3e7080000 3183       1       sun.java2d.SurfaceData::isValid (5 bytes)
Event: 108.020 Thread 0x00007fb3e7080000 nmethod 3183 0x0000000118159390 code [0x00000001181594e0, 0x00000001181595f0]
Event: 108.020 Thread 0x00007fb3e7080000 3184       1       java.util.concurrent.ConcurrentHashMap::spread (10 bytes)
Event: 108.021 Thread 0x00007fb3e7080000 nmethod 3184 0x00000001181d7590 code [0x00000001181d76e0, 0x00000001181d77d0]

GC Heap History (10 events):
Event: 14.493 GC heap before
{Heap before GC invocations=5 (full 1):
 PSYoungGen      total 76288K, used 76197K [0x000000076ab00000, 0x0000000773180000, 0x00000007c0000000)
  eden space 65536K, 100% used [0x000000076ab00000,0x000000076eb00000,0x000000076eb00000)
  from space 10752K, 99% used [0x000000076eb00000,0x000000076f569758,0x000000076f580000)
  to   space 10752K, 0% used [0x0000000772700000,0x0000000772700000,0x0000000773180000)
 ParOldGen       total 102912K, used 17407K [0x00000006c0000000, 0x00000006c6480000, 0x000000076ab00000)
  object space 102912K, 16% used [0x00000006c0000000,0x00000006c10ffdf0,0x00000006c6480000)
 Metaspace       used 27358K, capacity 27711K, committed 27904K, reserved 1075200K
  class space    used 2107K, capacity 2211K, committed 2304K, reserved 1048576K
Event: 14.499 GC heap after
Heap after GC invocations=5 (full 1):
 PSYoungGen      total 123392K, used 10745K [0x000000076ab00000, 0x0000000773180000, 0x00000007c0000000)
  eden space 112640K, 0% used [0x000000076ab00000,0x000000076ab00000,0x0000000771900000)
  from space 10752K, 99% used [0x0000000772700000,0x000000077317e580,0x0000000773180000)
  to   space 10752K, 0% used [0x0000000771c80000,0x0000000771c80000,0x0000000772700000)
 ParOldGen       total 102912K, used 17679K [0x00000006c0000000, 0x00000006c6480000, 0x000000076ab00000)
  object space 102912K, 17% used [0x00000006c0000000,0x00000006c1143e00,0x00000006c6480000)
 Metaspace       used 27358K, capacity 27711K, committed 27904K, reserved 1075200K
  class space    used 2107K, capacity 2211K, committed 2304K, reserved 1048576K
}
Event: 28.411 GC heap before
{Heap before GC invocations=6 (full 1):
 PSYoungGen      total 123392K, used 123385K [0x000000076ab00000, 0x0000000773180000, 0x00000007c0000000)
  eden space 112640K, 100% used [0x000000076ab00000,0x0000000771900000,0x0000000771900000)
  from space 10752K, 99% used [0x0000000772700000,0x000000077317e580,0x0000000773180000)
  to   space 10752K, 0% used [0x0000000771c80000,0x0000000771c80000,0x0000000772700000)
 ParOldGen       total 102912K, used 17679K [0x00000006c0000000, 0x00000006c6480000, 0x000000076ab00000)
  object space 102912K, 17% used [0x00000006c0000000,0x00000006c1143e00,0x00000006c6480000)
 Metaspace       used 27367K, capacity 27711K, committed 27904K, reserved 1075200K
  class space    used 2107K, capacity 2211K, committed 2304K, reserved 1048576K
Event: 28.417 GC heap after
Heap after GC invocations=6 (full 1):
 PSYoungGen      total 126976K, used 10521K [0x000000076ab00000, 0x0000000778400000, 0x00000007c0000000)
  eden space 116224K, 0% used [0x000000076ab00000,0x000000076ab00000,0x0000000771c80000)
  from space 10752K, 97% used [0x0000000771c80000,0x00000007726c6570,0x0000000772700000)
  to   space 17920K, 0% used [0x0000000777280000,0x0000000777280000,0x0000000778400000)
 ParOldGen       total 102912K, used 17943K [0x00000006c0000000, 0x00000006c6480000, 0x000000076ab00000)
  object space 102912K, 17% used [0x00000006c0000000,0x00000006c1185e10,0x00000006c6480000)
 Metaspace       used 27367K, capacity 27711K, committed 27904K, reserved 1075200K
  class space    used 2107K, capacity 2211K, committed 2304K, reserved 1048576K
}
Event: 42.977 GC heap before
{Heap before GC invocations=7 (full 1):
 PSYoungGen      total 126976K, used 126745K [0x000000076ab00000, 0x0000000778400000, 0x00000007c0000000)
  eden space 116224K, 100% used [0x000000076ab00000,0x0000000771c80000,0x0000000771c80000)
  from space 10752K, 97% used [0x0000000771c80000,0x00000007726c6570,0x0000000772700000)
  to   space 17920K, 0% used [0x0000000777280000,0x0000000777280000,0x0000000778400000)
 ParOldGen       total 102912K, used 17943K [0x00000006c0000000, 0x00000006c6480000, 0x000000076ab00000)
  object space 102912K, 17% used [0x00000006c0000000,0x00000006c1185e10,0x00000006c6480000)
 Metaspace       used 27367K, capacity 27711K, committed 27904K, reserved 1075200K
  class space    used 2107K, capacity 2211K, committed 2304K, reserved 1048576K
Event: 42.982 GC heap after
Heap after GC invocations=7 (full 1):
 PSYoungGen      total 200192K, used 10506K [0x000000076ab00000, 0x0000000778180000, 0x00000007c0000000)
  eden space 184832K, 0% used [0x000000076ab00000,0x000000076ab00000,0x0000000775f80000)
  from space 15360K, 68% used [0x0000000777280000,0x0000000777cc2b48,0x0000000778180000)
  to   space 17408K, 0% used [0x0000000775f80000,0x0000000775f80000,0x0000000777080000)
 ParOldGen       total 102912K, used 17951K [0x00000006c0000000, 0x00000006c6480000, 0x000000076ab00000)
  object space 102912K, 17% used [0x00000006c0000000,0x00000006c1187e10,0x00000006c6480000)
 Metaspace       used 27367K, capacity 27711K, committed 27904K, reserved 1075200K
  class space    used 2107K, capacity 2211K, committed 2304K, reserved 1048576K
}
Event: 66.127 GC heap before
{Heap before GC invocations=8 (full 1):
 PSYoungGen      total 200192K, used 195338K [0x000000076ab00000, 0x0000000778180000, 0x00000007c0000000)
  eden space 184832K, 100% used [0x000000076ab00000,0x0000000775f80000,0x0000000775f80000)
  from space 15360K, 68% used [0x0000000777280000,0x0000000777cc2b48,0x0000000778180000)
  to   space 17408K, 0% used [0x0000000775f80000,0x0000000775f80000,0x0000000777080000)
 ParOldGen       total 102912K, used 17951K [0x00000006c0000000, 0x00000006c6480000, 0x000000076ab00000)
  object space 102912K, 17% used [0x00000006c0000000,0x00000006c1187e10,0x00000006c6480000)
 Metaspace       used 27367K, capacity 27711K, committed 27904K, reserved 1075200K
  class space    used 2107K, capacity 2211K, committed 2304K, reserved 1048576K
Event: 66.135 GC heap after
Heap after GC invocations=8 (full 1):
 PSYoungGen      total 202240K, used 10523K [0x000000076ab00000, 0x000000077de00000, 0x00000007c0000000)
  eden space 184832K, 0% used [0x000000076ab00000,0x000000076ab00000,0x0000000775f80000)
  from space 17408K, 60% used [0x0000000775f80000,0x00000007769c6cb8,0x0000000777080000)
  to   space 16896K, 0% used [0x000000077cd80000,0x000000077cd80000,0x000000077de00000)
 ParOldGen       total 102912K, used 17951K [0x00000006c0000000, 0x00000006c6480000, 0x000000076ab00000)
  object space 102912K, 17% used [0x00000006c0000000,0x00000006c1187e10,0x00000006c6480000)
 Metaspace       used 27367K, capacity 27711K, committed 27904K, reserved 1075200K
  class space    used 2107K, capacity 2211K, committed 2304K, reserved 1048576K
}
Event: 89.359 GC heap before
{Heap before GC invocations=9 (full 1):
 PSYoungGen      total 202240K, used 195355K [0x000000076ab00000, 0x000000077de00000, 0x00000007c0000000)
  eden space 184832K, 100% used [0x000000076ab00000,0x0000000775f80000,0x0000000775f80000)
  from space 17408K, 60% used [0x0000000775f80000,0x00000007769c6cb8,0x0000000777080000)
  to   space 16896K, 0% used [0x000000077cd80000,0x000000077cd80000,0x000000077de00000)
 ParOldGen       total 102912K, used 17951K [0x00000006c0000000, 0x00000006c6480000, 0x000000076ab00000)
  object space 102912K, 17% used [0x00000006c0000000,0x00000006c1187e10,0x00000006c6480000)
 Metaspace       used 27367K, capacity 27711K, committed 27904K, reserved 1075200K
  class space    used 2107K, capacity 2211K, committed 2304K, reserved 1048576K
Event: 89.367 GC heap after
Heap after GC invocations=9 (full 1):
 PSYoungGen      total 274944K, used 864K [0x000000076ab00000, 0x000000077d480000, 0x00000007c0000000)
  eden space 267776K, 0% used [0x000000076ab00000,0x000000076ab00000,0x000000077b080000)
  from space 7168K, 12% used [0x000000077cd80000,0x000000077ce58020,0x000000077d480000)
  to   space 18432K, 0% used [0x000000077b080000,0x000000077b080000,0x000000077c280000)
 ParOldGen       total 102912K, used 27555K [0x00000006c0000000, 0x00000006c6480000, 0x000000076ab00000)
  object space 102912K, 26% used [0x00000006c0000000,0x00000006c1ae8c60,0x00000006c6480000)
 Metaspace       used 27367K, capacity 27711K, committed 27904K, reserved 1075200K
  class space    used 2107K, capacity 2211K, committed 2304K, reserved 1048576K
}

Deoptimization events (10 events):
Event: 108.007 Thread 0x00007fb3e90d4800 Uncommon trap: reason=class_check action=maybe_recompile pc=0x00000001180cee74 method=java.awt.Component.getGraphics()Ljava/awt/Graphics; @ 114
Event: 108.008 Thread 0x00007fb3ea066800 Uncommon trap: reason=class_check action=maybe_recompile pc=0x0000000118329b80 method=com.jogamp.common.util.RunnableTask.run()V @ 24
Event: 108.009 Thread 0x00007fb3ea066800 Uncommon trap: reason=unstable_if action=reinterpret pc=0x00000001181c57bc method=jogamp.nativewindow.macosx.OSXUtil.RunOnMainThread(ZZLjava/lang/Runnable;)V @ 3
Event: 108.015 Thread 0x00007fb3e7004800 Uncommon trap: reason=unstable_if action=reinterpret pc=0x00000001181237d4 method=jogamp.opengl.GLContextImpl.release(Z)V @ 161
Event: 108.018 Thread 0x00007fb3e7004800 Uncommon trap: reason=unstable_if action=reinterpret pc=0x0000000118100f84 method=java.util.LinkedList$ListItr.<init>(Ljava/util/LinkedList;I)V @ 26
Event: 108.018 Thread 0x00007fb3e7004800 Uncommon trap: reason=unstable_if action=reinterpret pc=0x0000000118586324 method=java.security.AccessControlContext.combine([Ljava/security/ProtectionDomain;[Ljava/security/ProtectionDomain;)[Ljava/security/ProtectionDomain; @ 151
Event: 108.019 Thread 0x00007fb3e90d4800 Uncommon trap: reason=unstable_if action=reinterpret pc=0x00000001182adf78 method=java.awt.font.FontRenderContext.equals(Ljava/awt/font/FontRenderContext;)Z @ 2
Event: 108.020 Thread 0x00007fb3ed9bd800 Uncommon trap: reason=predicate action=maybe_recompile pc=0x00000001184c9ae8 method=java.util.Vector.indexOf(Ljava/lang/Object;I)I @ 44
Event: 108.020 Thread 0x00007fb3e90d4800 Uncommon trap: reason=class_check action=maybe_recompile pc=0x00000001180cee74 method=java.awt.Component.getGraphics()Ljava/awt/Graphics; @ 114
Event: 108.021 Thread 0x00007fb3ea066800 Uncommon trap: reason=class_check action=maybe_recompile pc=0x0000000118329b80 method=com.jogamp.common.util.RunnableTask.run()V @ 24

Classes redefined (0 events):
No events

Internal exceptions (10 events):
Event: 0.658 Thread 0x00007fb3e7004800 Exception <a 'java/io/FileNotFoundException'> (0x000000076ae30240) thrown at [/Users/jenkins/workspace/build-scripts/jobs/jdk8u/jdk8u-mac-x64-hotspot/workspace/build/src/hotspot/src/share/vm/prims/jni.cpp, line 710]
Event: 1.382 Thread 0x00007fb3ea066800 Exception <a 'java/lang/ClassNotFoundException': sun/dc/DuctusRenderingEngine> (0x000000076aedfaf8) thrown at [/Users/jenkins/workspace/build-scripts/jobs/jdk8u/jdk8u-mac-x64-hotspot/workspace/build/src/hotspot/src/share/vm/classfile/systemDictionary.cpp,
Event: 1.540 Thread 0x00007fb3e7004800 Exception <a 'java/io/FileNotFoundException'> (0x000000076aeb9318) thrown at [/Users/jenkins/workspace/build-scripts/jobs/jdk8u/jdk8u-mac-x64-hotspot/workspace/build/src/hotspot/src/share/vm/prims/jni.cpp, line 710]
Event: 3.205 Thread 0x00007fb3e7161000 Exception <a 'java/lang/UnsatisfiedLinkError': com.jogamp.common.util.JarUtil.fixNativeLibAttribs(Ljava/lang/String;)Z> (0x000000076c620080) thrown at [/Users/jenkins/workspace/build-scripts/jobs/jdk8u/jdk8u-mac-x64-hotspot/workspace/build/src/hotspot/src
Event: 4.148 Thread 0x00007fb3e7004800 Exception <a 'java/io/FileNotFoundException'> (0x000000076d6cdb40) thrown at [/Users/jenkins/workspace/build-scripts/jobs/jdk8u/jdk8u-mac-x64-hotspot/workspace/build/src/hotspot/src/share/vm/prims/jni.cpp, line 710]
Event: 4.148 Thread 0x00007fb3e7004800 Exception <a 'java/io/FileNotFoundException'> (0x000000076d6d59c8) thrown at [/Users/jenkins/workspace/build-scripts/jobs/jdk8u/jdk8u-mac-x64-hotspot/workspace/build/src/hotspot/src/share/vm/prims/jni.cpp, line 710]
Event: 4.148 Thread 0x00007fb3e7004800 Implicit null exception at 0x0000000117d458b6 to 0x0000000117d45c7d
Event: 4.457 Thread 0x00007fb3e7031800 Exception <a 'java/lang/NullPointerException'> (0x000000076aeaefb0) thrown at [/Users/jenkins/workspace/build-scripts/jobs/jdk8u/jdk8u-mac-x64-hotspot/workspace/build/src/hotspot/src/share/vm/interpreter/linkResolver.cpp, line 1185]
Event: 4.503 Thread 0x00007fb3e7004800 Implicit null exception at 0x0000000117f28946 to 0x0000000117f28b8d
Event: 4.539 Thread 0x00007fb3e60a7000 Implicit null exception at 0x0000000117d49575 to 0x0000000117d49935

Events (10 events):
Event: 108.020 Thread 0x00007fb3ed9bd800 DEOPT PACKING pc=0x00000001184c9ae8 sp=0x0000700009af9800
Event: 108.020 Thread 0x00007fb3ed9bd800 DEOPT UNPACKING pc=0x0000000117b9347a sp=0x0000700009af97c0 mode 2
Event: 108.020 loading class java/awt/Window$1DisposeAction
Event: 108.020 loading class java/awt/Window$1DisposeAction done
Event: 108.020 Thread 0x00007fb3e90d4800 Uncommon trap: trap_request=0xffffffde fr.pc=0x00000001180cee74
Event: 108.020 Thread 0x00007fb3e90d4800 DEOPT PACKING pc=0x00000001180cee74 sp=0x000070000a08fc90
Event: 108.020 Thread 0x00007fb3e90d4800 DEOPT UNPACKING pc=0x0000000117b9347a sp=0x000070000a08fca0 mode 2
Event: 108.021 Thread 0x00007fb3ea066800 Uncommon trap: trap_request=0xffffffde fr.pc=0x0000000118329b80
Event: 108.021 Thread 0x00007fb3ea066800 DEOPT PACKING pc=0x0000000118329b80 sp=0x00007ffee8000520
Event: 108.021 Thread 0x00007fb3ea066800 DEOPT UNPACKING pc=0x0000000117b9347a sp=0x00007ffee80004c8 mode 2


Dynamic libraries:
0x00007fff4ccc0000 	/System/Library/Frameworks/Cocoa.framework/Versions/A/Cocoa
0x00007fff58a6e000 	/System/Library/Frameworks/Security.framework/Versions/A/Security
0x00007fff4b952000 	/System/Library/Frameworks/ApplicationServices.framework/Versions/A/ApplicationServices
0x00007fff78b5f000 	/usr/lib/libz.1.dylib
0x00007fff764b6000 	/usr/lib/libSystem.B.dylib
0x00007fff77cef000 	/usr/lib/libobjc.A.dylib
0x00007fff4f7b9000 	/System/Library/Frameworks/Foundation.framework/Versions/C/Foundation
0x00007fff4d535000 	/System/Library/Frameworks/CoreFoundation.framework/Versions/A/CoreFoundation
0x0000000107c1e000 	/Library/Application Support/Cylance/Desktop/CyMemDef.dylib
0x00007fff4ab4b000 	/System/Library/Frameworks/AppKit.framework/Versions/C/AppKit
0x00007fff4d0be000 	/System/Library/Frameworks/CoreData.framework/Versions/A/CoreData
0x00007fff6ff7b000 	/System/Library/PrivateFrameworks/RemoteViewServices.framework/Versions/A/RemoteViewServices
0x00007fff741f2000 	/System/Library/PrivateFrameworks/UIFoundation.framework/Versions/A/UIFoundation
0x00007fff758d7000 	/System/Library/PrivateFrameworks/XCTTargetBootstrap.framework/Versions/A/XCTTargetBootstrap
0x00007fff4d444000 	/System/Library/Frameworks/CoreDisplay.framework/Versions/A/CoreDisplay
0x00007fff6acb5000 	/System/Library/PrivateFrameworks/IconServices.framework/Versions/A/IconServices
0x00007fff520db000 	/System/Library/Frameworks/Metal.framework/Versions/A/Metal
0x00007fff621f9000 	/System/Library/PrivateFrameworks/DesktopServicesPriv.framework/Versions/A/DesktopServicesPriv
0x00007fff77052000 	/usr/lib/libenergytrace.dylib
0x00007fff726d9000 	/System/Library/PrivateFrameworks/SkyLight.framework/Versions/A/SkyLight
0x00007fff4d97c000 	/System/Library/Frameworks/CoreGraphics.framework/Versions/A/CoreGraphics
0x00007fff49917000 	/System/Library/Frameworks/Accelerate.framework/Versions/A/Accelerate
0x00007fff4ff02000 	/System/Library/Frameworks/IOSurface.framework/Versions/A/IOSurface
0x00007fff62065000 	/System/Library/PrivateFrameworks/DFRFoundation.framework/Versions/A/DFRFoundation
0x00007fff4be35000 	/System/Library/Frameworks/AudioToolbox.framework/Versions/A/AudioToolbox
0x00007fff4c0ae000 	/System/Library/Frameworks/AudioUnit.framework/Versions/A/AudioUnit
0x00007fff620fa000 	/System/Library/PrivateFrameworks/DataDetectorsCore.framework/Versions/A/DataDetectorsCore
0x00007fff4c7c3000 	/System/Library/Frameworks/Carbon.framework/Versions/A/Frameworks/HIToolbox.framework/Versions/A/HIToolbox
0x00007fff771ab000 	/usr/lib/libicucore.A.dylib
0x00007fff57fe1000 	/System/Library/Frameworks/QuartzCore.framework/Versions/A/QuartzCore
0x00007fff4cb98000 	/System/Library/Frameworks/Carbon.framework/Versions/A/Frameworks/SpeechRecognition.framework/Versions/A/SpeechRecognition
0x00007fff7660a000 	/usr/lib/libauto.dylib
0x00007fff78a52000 	/usr/lib/libxml2.2.dylib
0x00007fff61c40000 	/System/Library/PrivateFrameworks/CoreUI.framework/Versions/A/CoreUI
0x00007fff4cfa9000 	/System/Library/Frameworks/CoreAudio.framework/Versions/A/CoreAudio
0x00007fff4f5ee000 	/System/Library/Frameworks/DiskArbitration.framework/Versions/A/DiskArbitration
0x00007fff77459000 	/usr/lib/liblangid.dylib
0x00007fff6c0c0000 	/System/Library/PrivateFrameworks/MultitouchSupport.framework/Versions/A/MultitouchSupport
0x00007fff4fe71000 	/System/Library/Frameworks/IOKit.framework/Versions/A/IOKit
0x00007fff76076000 	/usr/lib/libDiagnosticMessagesClient.dylib
0x00007fff4e78c000 	/System/Library/Frameworks/CoreServices.framework/Versions/A/CoreServices
0x00007fff6dd7a000 	/System/Library/PrivateFrameworks/PerformanceAnalysis.framework/Versions/A/PerformanceAnalysis
0x00007fff571c8000 	/System/Library/Frameworks/OpenGL.framework/Versions/A/OpenGL
0x00007fff4ccce000 	/System/Library/Frameworks/ColorSync.framework/Versions/A/ColorSync
0x00007fff4e00e000 	/System/Library/Frameworks/CoreImage.framework/Versions/A/CoreImage
0x00007fff4f164000 	/System/Library/Frameworks/CoreText.framework/Versions/A/CoreText
0x00007fff4ff65000 	/System/Library/Frameworks/ImageIO.framework/Versions/A/ImageIO
0x00007fff5e292000 	/System/Library/PrivateFrameworks/Backup.framework/Versions/A/Backup
0x00007fff7655d000 	/usr/lib/libarchive.2.dylib
0x00007fff4c407000 	/System/Library/Frameworks/CFNetwork.framework/Versions/A/CFNetwork
0x00007fff591ca000 	/System/Library/Frameworks/SystemConfiguration.framework/Versions/A/SystemConfiguration
0x00007fff75fa7000 	/usr/lib/libCRFSuite.dylib
0x00007fff766fb000 	/usr/lib/libc++.1.dylib
0x00007fff7674f000 	/usr/lib/libc++abi.dylib
0x00007fff79355000 	/usr/lib/system/libcache.dylib
0x00007fff7935a000 	/usr/lib/system/libcommonCrypto.dylib
0x00007fff79365000 	/usr/lib/system/libcompiler_rt.dylib
0x00007fff7936d000 	/usr/lib/system/libcopyfile.dylib
0x00007fff79377000 	/usr/lib/system/libcorecrypto.dylib
0x00007fff79482000 	/usr/lib/system/libdispatch.dylib
0x00007fff794bc000 	/usr/lib/system/libdyld.dylib
0x00007fff794e9000 	/usr/lib/system/libkeymgr.dylib
0x00007fff794f7000 	/usr/lib/system/liblaunch.dylib
0x00007fff794f8000 	/usr/lib/system/libmacho.dylib
0x00007fff794fe000 	/usr/lib/system/libquarantine.dylib
0x00007fff79501000 	/usr/lib/system/libremovefile.dylib
0x00007fff79503000 	/usr/lib/system/libsystem_asl.dylib
0x00007fff7951b000 	/usr/lib/system/libsystem_blocks.dylib
0x00007fff7951c000 	/usr/lib/system/libsystem_c.dylib
0x00007fff795a4000 	/usr/lib/system/libsystem_configuration.dylib
0x00007fff795a8000 	/usr/lib/system/libsystem_coreservices.dylib
0x00007fff795ac000 	/usr/lib/system/libsystem_darwin.dylib
0x00007fff795b3000 	/usr/lib/system/libsystem_dnssd.dylib
0x00007fff795ba000 	/usr/lib/system/libsystem_info.dylib
0x00007fff7962f000 	/usr/lib/system/libsystem_m.dylib
0x00007fff7967b000 	/usr/lib/system/libsystem_malloc.dylib
0x00007fff796a6000 	/usr/lib/system/libsystem_networkextension.dylib
0x00007fff796b1000 	/usr/lib/system/libsystem_notify.dylib
0x00007fff796ce000 	/usr/lib/system/libsystem_sandbox.dylib
0x00007fff796d2000 	/usr/lib/system/libsystem_secinit.dylib
0x00007fff79606000 	/usr/lib/system/libsystem_kernel.dylib
0x00007fff796b9000 	/usr/lib/system/libsystem_platform.dylib
0x00007fff796c3000 	/usr/lib/system/libsystem_pthread.dylib
0x00007fff796d5000 	/usr/lib/system/libsystem_symptoms.dylib
0x00007fff796dd000 	/usr/lib/system/libsystem_trace.dylib
0x00007fff796f4000 	/usr/lib/system/libunwind.dylib
0x00007fff796fa000 	/usr/lib/system/libxpc.dylib
0x00007fff766dc000 	/usr/lib/libbsm.0.dylib
0x00007fff794ea000 	/usr/lib/system/libkxld.dylib
0x00007fff5d683000 	/System/Library/PrivateFrameworks/AppleFSCompression.framework/Versions/A/AppleFSCompression
0x00007fff76376000 	/usr/lib/libOpenScriptingUtil.dylib
0x00007fff76a04000 	/usr/lib/libcoretls.dylib
0x00007fff76a1b000 	/usr/lib/libcoretls_cfhelpers.dylib
0x00007fff78486000 	/usr/lib/libpam.2.dylib
0x00007fff78646000 	/usr/lib/libsqlite3.dylib
0x00007fff78a40000 	/usr/lib/libxar.1.dylib
0x00007fff766ed000 	/usr/lib/libbz2.1.0.dylib
0x00007fff7745b000 	/usr/lib/liblzma.5.dylib
0x00007fff7790c000 	/usr/lib/libnetwork.dylib
0x00007fff76546000 	/usr/lib/libapple_nghttp2.dylib
0x00007fff7848d000 	/usr/lib/libpcap.A.dylib
0x00007fff4eb2b000 	/System/Library/Frameworks/CoreServices.framework/Versions/A/Frameworks/FSEvents.framework/Versions/A/FSEvents
0x00007fff4e80a000 	/System/Library/Frameworks/CoreServices.framework/Versions/A/Frameworks/CarbonCore.framework/Versions/A/CarbonCore
0x00007fff4ece6000 	/System/Library/Frameworks/CoreServices.framework/Versions/A/Frameworks/Metadata.framework/Versions/A/Metadata
0x00007fff4ed85000 	/System/Library/Frameworks/CoreServices.framework/Versions/A/Frameworks/OSServices.framework/Versions/A/OSServices
0x00007fff4edd0000 	/System/Library/Frameworks/CoreServices.framework/Versions/A/Frameworks/SearchKit.framework/Versions/A/SearchKit
0x00007fff4e78d000 	/System/Library/Frameworks/CoreServices.framework/Versions/A/Frameworks/AE.framework/Versions/A/AE
0x00007fff4eb34000 	/System/Library/Frameworks/CoreServices.framework/Versions/A/Frameworks/LaunchServices.framework/Versions/A/LaunchServices
0x00007fff4eae2000 	/System/Library/Frameworks/CoreServices.framework/Versions/A/Frameworks/DictionaryServices.framework/Versions/A/DictionaryServices
0x00007fff4ee38000 	/System/Library/Frameworks/CoreServices.framework/Versions/A/Frameworks/SharedFileList.framework/Versions/A/SharedFileList
0x00007fff531a3000 	/System/Library/Frameworks/NetFS.framework/Versions/A/NetFS
0x00007fff6c326000 	/System/Library/PrivateFrameworks/NetAuth.framework/Versions/A/NetAuth
0x00007fff75cdb000 	/System/Library/PrivateFrameworks/login.framework/Versions/A/Frameworks/loginsupport.framework/Versions/A/loginsupport
0x00007fff73dfb000 	/System/Library/PrivateFrameworks/TCC.framework/Versions/A/TCC
0x00007fff6129d000 	/System/Library/PrivateFrameworks/CoreNLP.framework/Versions/A/CoreNLP
0x00007fff6bdbb000 	/System/Library/PrivateFrameworks/MetadataUtilities.framework/Versions/A/MetadataUtilities
0x00007fff77530000 	/usr/lib/libmecabra.dylib
0x00007fff4b953000 	/System/Library/Frameworks/ApplicationServices.framework/Versions/A/Frameworks/ATS.framework/Versions/A/ATS
0x00007fff4bca2000 	/System/Library/Frameworks/ApplicationServices.framework/Versions/A/Frameworks/ColorSyncLegacy.framework/Versions/A/ColorSyncLegacy
0x00007fff4bd41000 	/System/Library/Frameworks/ApplicationServices.framework/Versions/A/Frameworks/HIServices.framework/Versions/A/HIServices
0x00007fff4bd94000 	/System/Library/Frameworks/ApplicationServices.framework/Versions/A/Frameworks/LangAnalysis.framework/Versions/A/LangAnalysis
0x00007fff4bda4000 	/System/Library/Frameworks/ApplicationServices.framework/Versions/A/Frameworks/PrintCore.framework/Versions/A/PrintCore
0x00007fff4bdee000 	/System/Library/Frameworks/ApplicationServices.framework/Versions/A/Frameworks/QD.framework/Versions/A/QD
0x00007fff4be28000 	/System/Library/Frameworks/ApplicationServices.framework/Versions/A/Frameworks/SpeechSynthesis.framework/Versions/A/SpeechSynthesis
0x00007fff76777000 	/usr/lib/libcompression.dylib
0x00007fff523ab000 	/System/Library/Frameworks/MetalPerformanceShaders.framework/Versions/A/MetalPerformanceShaders
0x00007fff4992f000 	/System/Library/Frameworks/Accelerate.framework/Versions/A/Frameworks/vImage.framework/Versions/A/vImage
0x00007fff4a9a9000 	/System/Library/Frameworks/Accelerate.framework/Versions/A/Frameworks/vecLib.framework/Versions/A/vecLib
0x00007fff4a8f5000 	/System/Library/Frameworks/Accelerate.framework/Versions/A/Frameworks/vecLib.framework/Versions/A/libvMisc.dylib
0x00007fff4a70d000 	/System/Library/Frameworks/Accelerate.framework/Versions/A/Frameworks/vecLib.framework/Versions/A/libvDSP.dylib
0x00007fff49fc9000 	/System/Library/Frameworks/Accelerate.framework/Versions/A/Frameworks/vecLib.framework/Versions/A/libBLAS.dylib
0x00007fff4a2b6000 	/System/Library/Frameworks/Accelerate.framework/Versions/A/Frameworks/vecLib.framework/Versions/A/libLAPACK.dylib
0x00007fff4a660000 	/System/Library/Frameworks/Accelerate.framework/Versions/A/Frameworks/vecLib.framework/Versions/A/libLinearAlgebra.dylib
0x00007fff4a6f9000 	/System/Library/Frameworks/Accelerate.framework/Versions/A/Frameworks/vecLib.framework/Versions/A/libSparseBLAS.dylib
0x00007fff4a676000 	/System/Library/Frameworks/Accelerate.framework/Versions/A/Frameworks/vecLib.framework/Versions/A/libQuadrature.dylib
0x00007fff4a243000 	/System/Library/Frameworks/Accelerate.framework/Versions/A/Frameworks/vecLib.framework/Versions/A/libBNNS.dylib
0x00007fff4a67c000 	/System/Library/Frameworks/Accelerate.framework/Versions/A/Frameworks/vecLib.framework/Versions/A/libSparse.dylib
0x00007fff685eb000 	/System/Library/PrivateFrameworks/GPUWrangler.framework/Versions/A/GPUWrangler
0x00007fff6a8ea000 	/System/Library/PrivateFrameworks/IOAccelerator.framework/Versions/A/IOAccelerator
0x00007fff6a8f5000 	/System/Library/PrivateFrameworks/IOPresentment.framework/Versions/A/IOPresentment
0x00007fff62075000 	/System/Library/PrivateFrameworks/DSExternalDisplay.framework/Versions/A/DSExternalDisplay
0x00007fff5661f000 	/System/Library/Frameworks/OpenGL.framework/Versions/A/Libraries/libCoreFSCache.dylib
0x00007fff5219f000 	/System/Library/Frameworks/MetalPerformanceShaders.framework/Frameworks/MPSCore.framework/Versions/A/MPSCore
0x00007fff521bf000 	/System/Library/Frameworks/MetalPerformanceShaders.framework/Frameworks/MPSImage.framework/Versions/A/MPSImage
0x00007fff52264000 	/System/Library/Frameworks/MetalPerformanceShaders.framework/Frameworks/MPSNeuralNetwork.framework/Versions/A/MPSNeuralNetwork
0x00007fff5223c000 	/System/Library/Frameworks/MetalPerformanceShaders.framework/Frameworks/MPSMatrix.framework/Versions/A/MPSMatrix
0x00007fff52390000 	/System/Library/Frameworks/MetalPerformanceShaders.framework/Frameworks/MPSRayIntersector.framework/Versions/A/MPSRayIntersector
0x00007fff6bde4000 	/System/Library/PrivateFrameworks/MetalTools.framework/Versions/A/MetalTools
0x00007fff5cf2d000 	/System/Library/PrivateFrameworks/AggregateDictionary.framework/Versions/A/AggregateDictionary
0x00007fff76356000 	/usr/lib/libMobileGestalt.dylib
0x00007fff4f2c7000 	/System/Library/Frameworks/CoreVideo.framework/Versions/A/CoreVideo
0x00007fff693fc000 	/System/Library/PrivateFrameworks/GraphVisualizer.framework/Versions/A/GraphVisualizer
0x00007fff6327b000 	/System/Library/PrivateFrameworks/FaceCore.framework/Versions/A/FaceCore
0x00007fff55c4d000 	/System/Library/Frameworks/OpenCL.framework/Versions/A/OpenCL
0x00007fff760ae000 	/usr/lib/libFosl_dynamic.dylib
0x00007fff6cb91000 	/System/Library/PrivateFrameworks/OTSVG.framework/Versions/A/OTSVG
0x00007fff4ba57000 	/System/Library/Frameworks/ApplicationServices.framework/Versions/A/Frameworks/ATS.framework/Versions/A/Resources/libFontParser.dylib
0x00007fff4bb6f000 	/System/Library/Frameworks/ApplicationServices.framework/Versions/A/Frameworks/ATS.framework/Versions/A/Resources/libFontRegistry.dylib
0x00007fff501d4000 	/System/Library/Frameworks/ImageIO.framework/Versions/A/Resources/libJPEG.dylib
0x00007fff504e6000 	/System/Library/Frameworks/ImageIO.framework/Versions/A/Resources/libTIFF.dylib
0x00007fff504bc000 	/System/Library/Frameworks/ImageIO.framework/Versions/A/Resources/libPng.dylib
0x00007fff500f2000 	/System/Library/Frameworks/ImageIO.framework/Versions/A/Resources/libGIF.dylib
0x00007fff500f7000 	/System/Library/Frameworks/ImageIO.framework/Versions/A/Resources/libJP2.dylib
0x00007fff504e3000 	/System/Library/Frameworks/ImageIO.framework/Versions/A/Resources/libRadiance.dylib
0x00007fff5d7da000 	/System/Library/PrivateFrameworks/AppleJPEG.framework/Versions/A/AppleJPEG
0x00007fff5662a000 	/System/Library/Frameworks/OpenGL.framework/Versions/A/Libraries/libGFXShared.dylib
0x00007fff567ed000 	/System/Library/Frameworks/OpenGL.framework/Versions/A/Libraries/libGLU.dylib
0x00007fff56633000 	/System/Library/Frameworks/OpenGL.framework/Versions/A/Libraries/libGL.dylib
0x00007fff5663f000 	/System/Library/Frameworks/OpenGL.framework/Versions/A/Libraries/libGLImage.dylib
0x00007fff5661c000 	/System/Library/Frameworks/OpenGL.framework/Versions/A/Libraries/libCVMSPluginSupport.dylib
0x00007fff56625000 	/System/Library/Frameworks/OpenGL.framework/Versions/A/Libraries/libCoreVMClient.dylib
0x00007fff76ec8000 	/usr/lib/libcups.2.dylib
0x00007fff516a6000 	/System/Library/Frameworks/Kerberos.framework/Versions/A/Kerberos
0x00007fff4fbd5000 	/System/Library/Frameworks/GSS.framework/Versions/A/GSS
0x00007fff785db000 	/usr/lib/libresolv.9.dylib
0x00007fff770ba000 	/usr/lib/libiconv.2.dylib
0x00007fff69571000 	/System/Library/PrivateFrameworks/Heimdal.framework/Versions/A/Heimdal
0x00007fff7708a000 	/usr/lib/libheimdal-asn1.dylib
0x00007fff55cc1000 	/System/Library/Frameworks/OpenDirectory.framework/Versions/A/OpenDirectory
0x00007fff60000000 	/System/Library/PrivateFrameworks/CommonAuth.framework/Versions/A/CommonAuth
0x00007fff55ca5000 	/System/Library/Frameworks/OpenDirectory.framework/Versions/A/Frameworks/CFOpenDirectory.framework/Versions/A/CFOpenDirectory
0x00007fff58d6f000 	/System/Library/Frameworks/SecurityFoundation.framework/Versions/A/SecurityFoundation
0x00007fff5c473000 	/System/Library/PrivateFrameworks/APFS.framework/Versions/A/APFS
0x00007fff78a3c000 	/usr/lib/libutil.dylib
0x00007fff76765000 	/usr/lib/libcharset.1.dylib
0x00007fff5da77000 	/System/Library/PrivateFrameworks/AppleSauce.framework/Versions/A/AppleSauce
0x00007fff5dbf8000 	/System/Library/PrivateFrameworks/AssertionServices.framework/Versions/A/AssertionServices
0x00007fff5e328000 	/System/Library/PrivateFrameworks/BaseBoard.framework/Versions/A/BaseBoard
0x00007fff7748b000 	/usr/lib/libmecab.1.0.0.dylib
0x00007fff77084000 	/usr/lib/libgermantok.dylib
0x00007fff76533000 	/usr/lib/libThaiTokenizer.dylib
0x00007fff75fde000 	/usr/lib/libChineseTokenizer.dylib
0x00007fff6afa2000 	/System/Library/PrivateFrameworks/LanguageModeling.framework/Versions/A/LanguageModeling
0x00007fff60ce2000 	/System/Library/PrivateFrameworks/CoreEmoji.framework/Versions/A/CoreEmoji
0x00007fff6b07e000 	/System/Library/PrivateFrameworks/Lexicon.framework/Versions/A/Lexicon
0x00007fff6b0c1000 	/System/Library/PrivateFrameworks/LinguisticData.framework/Versions/A/LinguisticData
0x00007fff76766000 	/usr/lib/libcmph.dylib
0x00007fff58e2d000 	/System/Library/Frameworks/ServiceManagement.framework/Versions/A/ServiceManagement
0x00007fff5e289000 	/System/Library/PrivateFrameworks/BackgroundTaskManagement.framework/Versions/A/BackgroundTaskManagement
0x00007fff78b36000 	/usr/lib/libxslt.1.dylib
0x00007fff4cac5000 	/System/Library/Frameworks/Carbon.framework/Versions/A/Frameworks/Ink.framework/Versions/A/Ink
0x00007fff7406d000 	/System/Library/PrivateFrameworks/TextureIO.framework/Versions/A/TextureIO
0x00007fff76587000 	/usr/lib/libate.dylib
0x00007fff61fc4000 	/System/Library/PrivateFrameworks/CrashReporterSupport.framework/Versions/A/CrashReporterSupport
0x00007fff717a7000 	/System/Library/PrivateFrameworks/Sharing.framework/Versions/A/Sharing
0x00007fff5dfdb000 	/System/Library/PrivateFrameworks/AuthKit.framework/Versions/A/AuthKit
0x00007fff5d52f000 	/System/Library/PrivateFrameworks/Apple80211.framework/Versions/A/Apple80211
0x00007fff61d6c000 	/System/Library/PrivateFrameworks/CoreUtils.framework/Versions/A/CoreUtils
0x00007fff4f308000 	/System/Library/Frameworks/CoreWLAN.framework/Versions/A/CoreWLAN
0x00007fff4fd04000 	/System/Library/Frameworks/IOBluetooth.framework/Versions/A/IOBluetooth
0x00007fff6fc1b000 	/System/Library/PrivateFrameworks/ProtocolBuffer.framework/Versions/A/ProtocolBuffer
0x00007fff6c01c000 	/System/Library/PrivateFrameworks/MobileKeyBag.framework/Versions/A/MobileKeyBag
0x00007fff615b0000 	/System/Library/PrivateFrameworks/CorePhoneNumbers.framework/Versions/A/CorePhoneNumbers
0x00007fff5d78e000 	/System/Library/PrivateFrameworks/AppleIDAuthSupport.framework/Versions/A/AppleIDAuthSupport
0x00007fff6af75000 	/System/Library/PrivateFrameworks/KeychainCircle.framework/Versions/A/KeychainCircle
0x00007fff6fdd1000 	/System/Library/PrivateFrameworks/ROCKit.framework/Versions/A/ROCKit
0x00007fff61f60000 	/System/Library/PrivateFrameworks/CoreWiFi.framework/Versions/A/CoreWiFi
0x00007fff4d093000 	/System/Library/Frameworks/CoreBluetooth.framework/Versions/A/CoreBluetooth
0x00007fff621bb000 	/System/Library/PrivateFrameworks/DebugSymbols.framework/Versions/A/DebugSymbols
0x00007fff61b2c000 	/System/Library/PrivateFrameworks/CoreSymbolication.framework/Versions/A/CoreSymbolication
0x00007fff73888000 	/System/Library/PrivateFrameworks/Symbolication.framework/Versions/A/Symbolication
0x00007fff7312b000 	/System/Library/PrivateFrameworks/SpeechRecognitionCore.framework/Versions/A/SpeechRecognitionCore
0x0000000108e00000 	/Library/Java/JavaVirtualMachines/adoptopenjdk-8.jdk/Contents/Home/jre/lib/server/libjvm.dylib
0x00007fff78917000 	/usr/lib/libstdc++.6.dylib
0x0000000107c7a000 	/Library/Java/JavaVirtualMachines/adoptopenjdk-8.jdk/Contents/Home/jre/lib/libverify.dylib
0x0000000107c8b000 	/Library/Java/JavaVirtualMachines/adoptopenjdk-8.jdk/Contents/Home/jre/lib/libjava.dylib
0x0000000107d0f000 	/Library/Java/JavaVirtualMachines/adoptopenjdk-8.jdk/Contents/Home/jre/lib/libzip.dylib
0x000000011595b000 	/Library/Java/JavaVirtualMachines/adoptopenjdk-8.jdk/Contents/Home/jre/lib/libawt.dylib
0x0000000115a0b000 	/Library/Java/JavaVirtualMachines/adoptopenjdk-8.jdk/Contents/Home/jre/lib/./libmlib_image.dylib
0x00007fff5168f000 	/System/Library/Frameworks/JavaVM.framework/Versions/A/Frameworks/JavaNativeFoundation.framework/Versions/A/JavaNativeFoundation
0x00007fff51698000 	/System/Library/Frameworks/JavaVM.framework/Versions/A/Frameworks/JavaRuntimeSupport.framework/Versions/A/JavaRuntimeSupport
0x00007fff516a1000 	/System/Library/Frameworks/JavaVM.framework/Versions/A/JavaVM
0x00007fff6ae94000 	/System/Library/PrivateFrameworks/JavaLaunching.framework/Versions/A/JavaLaunching
0x00007fff4c7be000 	/System/Library/Frameworks/Carbon.framework/Versions/A/Carbon
0x00007fff4c7bf000 	/System/Library/Frameworks/Carbon.framework/Versions/A/Frameworks/CommonPanels.framework/Versions/A/CommonPanels
0x00007fff4cabb000 	/System/Library/Frameworks/Carbon.framework/Versions/A/Frameworks/Help.framework/Versions/A/Help
0x00007fff4cabf000 	/System/Library/Frameworks/Carbon.framework/Versions/A/Frameworks/ImageCapture.framework/Versions/A/ImageCapture
0x00007fff4cb5b000 	/System/Library/Frameworks/Carbon.framework/Versions/A/Frameworks/OpenScripting.framework/Versions/A/OpenScripting
0x00007fff4cb93000 	/System/Library/Frameworks/Carbon.framework/Versions/A/Frameworks/Print.framework/Versions/A/Print
0x00007fff4cb95000 	/System/Library/Frameworks/Carbon.framework/Versions/A/Frameworks/SecurityHI.framework/Versions/A/SecurityHI
0x0000000115ade000 	/Library/Java/JavaVirtualMachines/adoptopenjdk-8.jdk/Contents/Home/jre/lib/libawt_lwawt.dylib
0x0000000115b9f000 	/Library/Java/JavaVirtualMachines/adoptopenjdk-8.jdk/Contents/Home/jre/lib/./libosxapp.dylib
0x00007fff4f792000 	/System/Library/Frameworks/ExceptionHandling.framework/Versions/A/ExceptionHandling
0x00007fff61734000 	/System/Library/PrivateFrameworks/CoreServicesInternal.framework/Versions/A/CoreServicesInternal
0x00007fff41c97000 	/System/Library/CoreServices/RawCamera.bundle/Contents/MacOS/RawCamera
0x00007fff6be88000 	/System/Library/PrivateFrameworks/MobileAsset.framework/Versions/A/MobileAsset
0x00007fff737d6000 	/System/Library/PrivateFrameworks/StreamingZip.framework/Versions/A/StreamingZip
0x00007fff51a33000 	/System/Library/Frameworks/MediaToolbox.framework/Versions/A/MediaToolbox
0x00007fff60886000 	/System/Library/PrivateFrameworks/CoreAVCHD.framework/Versions/A/CoreAVCHD
0x00007fff51979000 	/System/Library/Frameworks/MediaAccessibility.framework/Versions/A/MediaAccessibility
0x00007fff6b8e4000 	/System/Library/PrivateFrameworks/Mangrove.framework/Versions/A/Mangrove
0x00007fff4e62b000 	/System/Library/Frameworks/CoreMedia.framework/Versions/A/CoreMedia
0x00007fff59496000 	/System/Library/Frameworks/VideoToolbox.framework/Versions/A/VideoToolbox
0x00007fff604a2000 	/System/Library/PrivateFrameworks/CoreAUC.framework/Versions/A/CoreAUC
0x00007fff78644000 	/usr/lib/libspindump.dylib
0x00007fff5db5d000 	/System/Library/PrivateFrameworks/AppleVA.framework/Versions/A/AppleVA
0x00007fff49918000 	/System/Library/Frameworks/Accelerate.framework/Versions/A/Frameworks/vImage.framework/Versions/A/Libraries/libCGInterfaces.dylib
0x00007fff4bc0b000 	/System/Library/Frameworks/ApplicationServices.framework/Versions/A/Frameworks/ATS.framework/Versions/A/Resources/libTrueTypeScaler.dylib
0x00007fff46ada000 	/System/Library/Extensions/AppleIntelKBLGraphicsMTLDriver.bundle/Contents/MacOS/AppleIntelKBLGraphicsMTLDriver
0x00007fff41ff3000 	/System/Library/Extensions/AMDMTLBronzeDriver.bundle/Contents/MacOS/AMDMTLBronzeDriver
0x00007fff6a8e0000 	/System/Library/PrivateFrameworks/IOAccelMemoryInfo.framework/Versions/A/IOAccelMemoryInfo
0x00007fff66f4a000 	/System/Library/PrivateFrameworks/GPUCompiler.framework/Versions/3902/Libraries/libmetal_timestamp.dylib
0x00007fff636a0000 	/System/Library/PrivateFrameworks/FamilyControls.framework/Versions/A/FamilyControls
0x00007fff5fff3000 	/System/Library/PrivateFrameworks/CommerceKit.framework/Versions/A/Frameworks/CommerceCore.framework/Versions/A/CommerceCore
0x00007fff73b5b000 	/System/Library/PrivateFrameworks/SystemAdministration.framework/Versions/A/SystemAdministration
0x00007fff5d430000 	/System/Library/PrivateFrameworks/AppContainer.framework/Versions/A/AppContainer
0x00007fff5d44c000 	/System/Library/PrivateFrameworks/AppSandbox.framework/Versions/A/AppSandbox
0x00007fff71648000 	/System/Library/PrivateFrameworks/SecCodeWrapper.framework/Versions/A/SecCodeWrapper
0x00007fff785f5000 	/usr/lib/libsandbox.1.dylib
0x00007fff76325000 	/usr/lib/libMatch.1.dylib
0x00007fff62540000 	/System/Library/PrivateFrameworks/DiskManagement.framework/Versions/A/DiskManagement
0x00007fff4f50e000 	/System/Library/Frameworks/DirectoryService.framework/Versions/A/DirectoryService
0x00007fff62471000 	/System/Library/PrivateFrameworks/DiskImages.framework/Versions/A/DiskImages
0x00007fff6b1ba000 	/System/Library/PrivateFrameworks/LoginUIKit.framework/Versions/A/Frameworks/LoginUICore.framework/Versions/A/LoginUICore
0x00007fff75fe9000 	/usr/lib/libCoreStorage.dylib
0x00007fff76eb5000 	/usr/lib/libcsfde.dylib
0x00007fff78475000 	/usr/lib/libodfde.dylib
0x00007fff6b9fc000 	/System/Library/PrivateFrameworks/MediaKit.framework/Versions/A/MediaKit
0x00007fff4f51a000 	/System/Library/Frameworks/DiscRecording.framework/Versions/A/DiscRecording
0x00007fff626b4000 	/System/Library/PrivateFrameworks/EFILogin.framework/Versions/A/EFILogin
0x00007fff6fbc6000 	/System/Library/PrivateFrameworks/ProtectedCloudStorage.framework/Versions/A/ProtectedCloudStorage
0x00007fff76f47000 	/usr/lib/libcurl.4.dylib
0x00007fff76db4000 	/usr/lib/libcrypto.42.dylib
0x00007fff788e7000 	/usr/lib/libssl.44.dylib
0x00007fff516c0000 	/System/Library/Frameworks/LDAP.framework/Versions/A/LDAP
0x00007fff741eb000 	/System/Library/PrivateFrameworks/TrustEvaluationAgent.framework/Versions/A/TrustEvaluationAgent
0x00007fff78631000 	/usr/lib/libsasl2.2.dylib
0x00007fff60adf000 	/System/Library/PrivateFrameworks/CoreDaemon.framework/Versions/B/CoreDaemon
0x00007fff5da72000 	/System/Library/PrivateFrameworks/AppleSRP.framework/Versions/A/AppleSRP
0x00007fff75026000 	/System/Library/PrivateFrameworks/ViewBridge.framework/Versions/A/ViewBridge
0x0000000126c43000 	/usr/lib/libobjc-trampolines.dylib
0x0000000128ff6000 	/Library/Java/JavaVirtualMachines/adoptopenjdk-8.jdk/Contents/Home/jre/lib/libnio.dylib
0x000000012900a000 	/Library/Java/JavaVirtualMachines/adoptopenjdk-8.jdk/Contents/Home/jre/lib/./libnet.dylib
0x00007fff571d8000 	/System/Library/Frameworks/OpenGL.framework/Versions/A/Resources/GLEngine.bundle/GLEngine
0x00007fff5667a000 	/System/Library/Frameworks/OpenGL.framework/Versions/A/Libraries/libGLProgrammability.dylib
0x00007fff45d05000 	/System/Library/Extensions/AppleIntelKBLGraphicsGLDriver.bundle/Contents/MacOS/AppleIntelKBLGraphicsGLDriver
0x00007fff685df000 	/System/Library/PrivateFrameworks/GPUSupport.framework/Versions/A/Libraries/libGPUSupportMercury.dylib
0x0000000129029000 	/System/Library/Extensions/AMDRadeonX4000GLDriver.bundle/Contents/MacOS/AMDRadeonX4000GLDriver
0x00007fff42100000 	/System/Library/Extensions/AMDRadeonX4000GLDriver.bundle/Contents/MacOS/ATIRadeonX4000SCLib.dylib
0x00007fff57370000 	/System/Library/Frameworks/OpenGL.framework/Versions/A/Resources/GLRendererFloat.bundle/GLRendererFloat
0x00007fff55c44000 	/System/Library/Frameworks/OpenCL.framework/Versions/A/Libraries/libcldcpuengine.dylib
0x00007fff76bba000 	/usr/lib/libcrypto.35.dylib
0x000000012930f000 	/Library/Java/JavaVirtualMachines/adoptopenjdk-8.jdk/Contents/Home/jre/lib/libfontmanager.dylib
0x0000000129384000 	/Library/Java/JavaVirtualMachines/adoptopenjdk-8.jdk/Contents/Home/jre/lib/./libfreetype.6.dylib
0x0000000117a47000 	/Library/Java/JavaVirtualMachines/adoptopenjdk-8.jdk/Contents/Home/jre/lib/libosxui.dylib
0x000000012acb3000 	/private/var/folders/pt/gmp3zg_n0fv1_5_mkh2b9j80003h5j/T/jogamp_0000/file_cache/jln7071576000706817876/jln6309205388010960817/libgluegen-rt.jnilib
0x000000012acb7000 	/private/var/folders/pt/gmp3zg_n0fv1_5_mkh2b9j80003h5j/T/jogamp_0000/file_cache/jln7071576000706817876/jln6309205388010960817/libnativewindow_awt.jnilib
0x000000012acba000 	/Library/Java/JavaVirtualMachines/adoptopenjdk-8.jdk/Contents/Home/jre/lib/libjawt.dylib
0x000000012ace5000 	/private/var/folders/pt/gmp3zg_n0fv1_5_mkh2b9j80003h5j/T/jogamp_0000/file_cache/jln7071576000706817876/jln6309205388010960817/libnativewindow_macosx.jnilib
0x0000000158251000 	/private/var/folders/pt/gmp3zg_n0fv1_5_mkh2b9j80003h5j/T/jogamp_0000/file_cache/jln7071576000706817876/jln6309205388010960817/libjogl_desktop.jnilib

VM Arguments:
jvm_args: -Djava.security.policy=java.policy.applet -Dfile.encoding=UTF-8 
java_command: sun.applet.AppletViewer module4.EarthquakeCityMap1587483707283.html
java_class_path (initial): /Users/abarretti/Desktop/Java/UCSDUnfoldingMaps/UCSDUnfoldingMaps/build:/Users/abarretti/Desktop/Java/UCSDUnfoldingMaps/UCSDUnfoldingMaps/lib/core.jar:/Users/abarretti/Desktop/Java/UCSDUnfoldingMaps/UCSDUnfoldingMaps/lib/gluegen-rt.jar:/Users/abarretti/Desktop/Java/UCSDUnfoldingMaps/UCSDUnfoldingMaps/lib/jogl-all.jar:/Users/abarretti/Desktop/Java/UCSDUnfoldingMaps/UCSDUnfoldingMaps/lib/log4j-1.2.15.jar:/Users/abarretti/Desktop/Java/UCSDUnfoldingMaps/UCSDUnfoldingMaps/lib/sqlite-jdbc-3.7.2.jar:/Users/abarretti/Desktop/Java/UCSDUnfoldingMaps/UCSDUnfoldingMaps/lib/json4processing.jar:/Users/abarretti/Desktop/Java/UCSDUnfoldingMaps/UCSDUnfoldingMaps/lib/libTUIO.jar:/Users/abarretti/Desktop/Java/UCSDUnfoldingMaps/UCSDUnfoldingMaps/lib/unfolding.0.9.7-uscd.jar
Launcher Type: SUN_STANDARD

Environment Variables:
PATH=/usr/bin:/bin:/usr/sbin:/sbin
SHELL=/bin/bash

Signal Handlers:
SIGSEGV: [libjvm.dylib+0x588183], sa_mask[0]=11111111011111110111111111111111, sa_flags=SA_ONSTACK|SA_RESTART|SA_SIGINFO
SIGBUS: [libjvm.dylib+0x588183], sa_mask[0]=11111111011111110111111111111111, sa_flags=SA_RESTART|SA_SIGINFO
SIGFPE: [libjvm.dylib+0x46288c], sa_mask[0]=11111111011111110111111111111111, sa_flags=SA_RESTART|SA_SIGINFO
SIGPIPE: [libjvm.dylib+0x46288c], sa_mask[0]=11111111011111110111111111111111, sa_flags=SA_RESTART|SA_SIGINFO
SIGXFSZ: [libjvm.dylib+0x46288c], sa_mask[0]=11111111011111110111111111111111, sa_flags=SA_RESTART|SA_SIGINFO
SIGILL: [libjvm.dylib+0x46288c], sa_mask[0]=11111111011111110111111111111111, sa_flags=SA_RESTART|SA_SIGINFO
SIGUSR1: SIG_DFL, sa_mask[0]=00000000000000000000000000000000, sa_flags=none
SIGUSR2: [libjvm.dylib+0x4623aa], sa_mask[0]=00100000000000000000000000000000, sa_flags=SA_RESTART|SA_SIGINFO
SIGHUP: [libjvm.dylib+0x460935], sa_mask[0]=11111111011111110111111111111111, sa_flags=SA_RESTART|SA_SIGINFO
SIGINT: [libjvm.dylib+0x460935], sa_mask[0]=11111111011111110111111111111111, sa_flags=SA_RESTART|SA_SIGINFO
SIGTERM: [libjvm.dylib+0x460935], sa_mask[0]=11111111011111110111111111111111, sa_flags=SA_RESTART|SA_SIGINFO
SIGQUIT: [libjvm.dylib+0x460935], sa_mask[0]=11111111011111110111111111111111, sa_flags=SA_RESTART|SA_SIGINFO


---------------  S Y S T E M  ---------------

OS:Bsduname:Darwin 18.7.0 Darwin Kernel Version 18.7.0: Thu Jan 23 06:52:12 PST 2020; root:xnu-4903.278.25~1/RELEASE_X86_64 x86_64
rlimit: STACK 8192k, CORE 0k, NPROC 1418, NOFILE 10240, AS infinity
load average:3.32 3.02 2.63

CPU:total 8 (initial active 8) (4 cores per cpu, 2 threads per core) family 6 model 158 stepping 9, cmov, cx8, fxsr, mmx, sse, sse2, sse3, ssse3, sse4.1, sse4.2, popcnt, avx, avx2, aes, clmul, erms, 3dnowpref, lzcnt, ht, tsc, tscinvbit, bmi1, bmi2, adx

Memory: 4k page, physical 16777216k(877008k free)

/proc/meminfo:


vm_info: OpenJDK 64-Bit Server VM (25.242-b08) for bsd-amd64 JRE (1.8.0_242-b08), built on Jan 19 2020 06:43:11 by "jenkins" with gcc 4.2.1 (Based on Apple Inc. build 5658) (LLVM build 2336.11.00)

time: Tue Apr 21 17:43:35 2020
timezone: CEST
elapsed time: 108 seconds (0d 0h 1m 48s)

