#
# A fatal error has been detected by the Java Runtime Environment:
#
#  SIGSEGV (0xb) at pc=0x00007fff77cf56a9, pid=21210, tid=0x0000000000000307
#
# JRE version: OpenJDK Runtime Environment (8.0_242-b08) (build 1.8.0_242-b08)
# Java VM: OpenJDK 64-Bit Server VM (25.242-b08 mixed mode bsd-amd64 compressed oops)
# Problematic frame:
# C  [libobjc.A.dylib+0x66a9]  objc_msgSend+0x29
#
# Failed to write core dump. Core dumps have been disabled. To enable core dumping, try "ulimit -c unlimited" before starting Java again
#
# If you would like to submit a bug report, please visit:
#   http://bugreport.java.com/bugreport/crash.jsp
# The crash happened outside the Java Virtual Machine in native code.
# See problematic frame for where to report the bug.
#

---------------  T H R E A D  ---------------

Current thread (0x00007fae1e04f800):  JavaThread "AWT-AppKit" daemon [_thread_in_native, id=775, stack(0x00007ffeeb7bf000,0x00007ffeebfbf000)]

siginfo: si_signo: 11 (SIGSEGV), si_code: 1 (SEGV_MAPERR), si_addr: 0x00007faea89b80b0

Registers:
RAX=0x00007fae225de3d0, RBX=0x000000010baa7450, RCX=0x0000000000000001, RDX=0x0000000000000000
RSP=0x00007ffeebfba1b8, RBP=0x00007ffeebfba270, RSI=0x00007fff4b6f2537, RDI=0x00007fae2268a110
R8 =0x00000000e1ec0113, R9 =0x00000000fff7ffff, R10=0x00007fae22696500, R11=0x00007faea89b80b0
R12=0x0000000000000000, R13=0x0000000154a5f598, R14=0x000000010baa7440, R15=0x00007fae1e04f800
RIP=0x00007fff77cf56a9, EFLAGS=0x0000000000010202, ERR=0x0000000000000004
  TRAPNO=0x000000000000000e

Top of Stack: (sp=0x00007ffeebfba1b8)
0x00007ffeebfba1b8:   000000010baa5157 00007ffeebfba210
0x00007ffeebfba1c8:   0000000000000003 00007ffeebfba1f0
0x00007ffeebfba1d8:   0000000104f432b2 0000000154a5f598
0x00007ffeebfba1e8:   0000000154a5f598 00007fae225de3d0
0x00007ffeebfba1f8:   000000010baa76a0 000000010baa7710
0x00007ffeebfba208:   00007fffa871d838 00007fffa9df7088
0x00007ffeebfba218:   000000010baa7450 000000010baa7690
0x00007ffeebfba228:   00007fae225de3d0 00007fae2268a110
0x00007ffeebfba238:   00007fae1cd05ba0 00007fae225de3d0
0x00007ffeebfba248:   00007fae2268a110 00007ffeebfba2f8
0x00007ffeebfba258:   00007fae1e04f9e0 0000000154a5f598
0x00007ffeebfba268:   00007ffeebfba320 00007ffeebfba2e8
0x00007ffeebfba278:   000000010d456407 0000000154a5f598
0x00007ffeebfba288:   00007ffeebfba320 00007ffeebfba2e8
0x00007ffeebfba298:   000000010d456167 000000010d456122
0x00007ffeebfba2a8:   00007ffeebfba2a8 0000000154a5f598
0x00007ffeebfba2b8:   00007ffeebfba320 0000000154a621d0
0x00007ffeebfba2c8:   0000000000000000 0000000154a5f598
0x00007ffeebfba2d8:   0000000000000000 00007ffeebfba308
0x00007ffeebfba2e8:   00007ffeebfba368 000000010d445ffd
0x00007ffeebfba2f8:   00000006c0c64c18 000000010d44fa58
0x00007ffeebfba308:   00007fae225de3d0 00007ffeebfba368
0x00007ffeebfba318:   00007fae2268a110 000000010d4514c2
0x00007ffeebfba328:   00007ffeebfba328 0000000154a5f762
0x00007ffeebfba338:   00007ffeebfba390 0000000154a621d0
0x00007ffeebfba348:   0000000000000000 0000000154a5f770
0x00007ffeebfba358:   00007ffeebfba308 00007ffeebfba378
0x00007ffeebfba368:   00007ffeebfba3d8 000000010d445ffd
0x00007ffeebfba378:   00007fae225de3d0 00000006c0bbaa58
0x00007ffeebfba388:   00007fae2268a110 00000006c0bbaa58
0x00007ffeebfba398:   00007ffeebfba398 000000015baa475e
0x00007ffeebfba3a8:   00007ffeebfba3e8 000000015baa4818 

Instructions: (pc=0x00007fff77cf56a9)
0x00007fff77cf5689:   01 2e 75 66 49 ba f8 ff ff ff ff 7f 00 00 4c 23
0x00007fff77cf5699:   17 49 89 f3 45 23 5a 18 49 c1 e3 04 4d 03 5a 10
0x00007fff77cf56a9:   49 3b 33 75 04 41 ff 63 08 49 83 3b 01 76 0d 49
0x00007fff77cf56b9:   83 c3 10 49 3b 33 75 f1 41 ff 63 08 72 68 4d 8b 

Register to memory mapping:

RAX=0x00007fae225de3d0 is an unknown value
RBX=0x000000010baa7450: Java_jogamp_nativewindow_macosx_OSXUtil_GetScreenRefreshRate0+0x1cf0 in /private/var/folders/pt/gmp3zg_n0fv1_5_mkh2b9j80003h5j/T/jogamp_0000/file_cache/jln2611506849179016023/jln7090932235431477815/libnativewindow_macosx.jnilib at 0x000000010baa0000
RCX=0x0000000000000001 is an unknown value
RDX=0x0000000000000000 is an unknown value
RSP=0x00007ffeebfba1b8 is pointing into the stack for thread: 0x00007fae1e04f800
RBP=0x00007ffeebfba270 is pointing into the stack for thread: 0x00007fae1e04f800
RSI=0x00007fff4b6f2537: GCC_except_table7+0x9e9b in /System/Library/Frameworks/AppKit.framework/Versions/C/AppKit at 0x00007fff4ab4b000
RDI=0x00007fae2268a110 is an unknown value
R8 =0x00000000e1ec0113 is an unknown value
R9 =0x00000000fff7ffff is an unknown value
R10=0x00007fae22696500 is an unknown value
R11=0x00007faea89b80b0 is an unknown value
R12=0x0000000000000000 is an unknown value
R13={method} {0x0000000154a5f598} 'UnsetJAWTRootSurfaceLayer0' '(JJ)V' in 'jogamp/nativewindow/jawt/macosx/MacOSXJAWTWindow'
R14=0x000000010baa7440: Java_jogamp_nativewindow_macosx_OSXUtil_GetScreenRefreshRate0+0x1ce0 in /private/var/folders/pt/gmp3zg_n0fv1_5_mkh2b9j80003h5j/T/jogamp_0000/file_cache/jln2611506849179016023/jln7090932235431477815/libnativewindow_macosx.jnilib at 0x000000010baa0000
R15=0x00007fae1e04f800 is a thread


Stack: [0x00007ffeeb7bf000,0x00007ffeebfbf000],  sp=0x00007ffeebfba1b8,  free space=8172k
Native frames: (J=compiled Java code, j=interpreted, Vv=VM code, C=native code)
C  [libobjc.A.dylib+0x66a9]  objc_msgSend+0x29
j  jogamp.nativewindow.jawt.macosx.MacOSXJAWTWindow.UnsetJAWTRootSurfaceLayer0(JJ)V+0
j  jogamp.nativewindow.jawt.macosx.MacOSXJAWTWindow.access$200(JJ)V+2
j  jogamp.nativewindow.jawt.macosx.MacOSXJAWTWindow$1.run()V+38
J 2631 C1 com.jogamp.common.util.RunnableTask.run()V (345 bytes) @ 0x000000010de81db4 [0x000000010de81c20+0x194]
v  ~StubRoutines::call_stub
V  [libjvm.dylib+0x2e3fa7]  JavaCalls::call_helper(JavaValue*, methodHandle*, JavaCallArguments*, Thread*)+0x6a7
V  [libjvm.dylib+0x2ff139]  jni_invoke_nonstatic(JNIEnv_*, JavaValue*, _jobject*, JNICallType, _jmethodID*, JNI_ArgumentPusher*, Thread*)+0x2fe
V  [libjvm.dylib+0x2f13d1]  jni_CallVoidMethod+0x16b
C  [libnativewindow_macosx.jnilib+0x5326]  Java_jogamp_nativewindow_jawt_macosx_MacOSXJAWTWindow_UnsetJAWTRootSurfaceLayer0+0x2b6
C  [Foundation+0xb0302]  __NSThreadPerformPerform+0x148
C  [CoreFoundation+0x57e33]  __CFRUNLOOP_IS_CALLING_OUT_TO_A_SOURCE0_PERFORM_FUNCTION__+0x11
C  [CoreFoundation+0x57dd9]  __CFRunLoopDoSource0+0x6c
C  [CoreFoundation+0x3b7f3]  __CFRunLoopDoSources0+0x11b
C  [CoreFoundation+0x3ad65]  __CFRunLoopRun+0x4a5
C  [CoreFoundation+0x3a66e]  CFRunLoopRunSpecific+0x1c7
C  [HIToolbox+0xb1ab]  RunCurrentEventLoopInMode+0x124
C  [HIToolbox+0xaded]  ReceiveNextEventCommon+0x163
C  [HIToolbox+0xac76]  _BlockUntilNextEventMatchingListInModeWithFilter+0x40
C  [AppKit+0x1a77d]  _DPSNextEvent+0x46f
C  [AppKit+0x1946b]  -[NSApplication(NSEvent) _nextEventMatchingEventMask:untilDate:inMode:dequeue:]+0x551
C  [libosxapp.dylib+0x2328]  -[NSApplicationAWT nextEventMatchingMask:untilDate:inMode:dequeue:]+0x7c
C  [AppKit+0x13588]  -[NSApplication run]+0x2bb
C  [libosxapp.dylib+0x1f72]  +[NSApplicationAWT runAWTLoopWithApp:]+0x9c
C  [libawt_lwawt.dylib+0x4711f]  -[AWTStarter starter:]+0x389
C  [Foundation+0xb0302]  __NSThreadPerformPerform+0x148
C  [CoreFoundation+0x57e33]  __CFRUNLOOP_IS_CALLING_OUT_TO_A_SOURCE0_PERFORM_FUNCTION__+0x11
C  [CoreFoundation+0x57dd9]  __CFRunLoopDoSource0+0x6c
C  [CoreFoundation+0x3b79b]  __CFRunLoopDoSources0+0xc3
C  [CoreFoundation+0x3ad65]  __CFRunLoopRun+0x4a5
C  [CoreFoundation+0x3a66e]  CFRunLoopRunSpecific+0x1c7
C  [java+0x646e]  CreateExecutionEnvironment+0x367
C  [java+0x203c]  JLI_Launch+0x7a0
C  [java+0x84d2]  main+0x6c
C  [java+0x1894]  start+0x34
C  0x0000000000000007

Java frames: (J=compiled Java code, j=interpreted, Vv=VM code)
j  jogamp.nativewindow.jawt.macosx.MacOSXJAWTWindow.UnsetJAWTRootSurfaceLayer0(JJ)V+0
j  jogamp.nativewindow.jawt.macosx.MacOSXJAWTWindow.access$200(JJ)V+2
j  jogamp.nativewindow.jawt.macosx.MacOSXJAWTWindow$1.run()V+38
J 2631 C1 com.jogamp.common.util.RunnableTask.run()V (345 bytes) @ 0x000000010de81db4 [0x000000010de81c20+0x194]
v  ~StubRoutines::call_stub

---------------  P R O C E S S  ---------------

Java Threads: ( => current thread )
  0x00007fae1d728000 JavaThread "Thread-20" [_thread_blocked, id=36903, stack(0x0000700007764000,0x0000700007864000)]
  0x00007fae1e4b3000 JavaThread "Animation Thread" [_thread_blocked, id=69315, stack(0x0000700007458000,0x0000700007558000)]
  0x00007fae1f1b7000 JavaThread "AWT-EventQueue-1" [_thread_blocked, id=61211, stack(0x00007000075de000,0x00007000076de000)]
  0x00007fae1f981000 JavaThread "DestroyJavaVM" [_thread_blocked, id=6147, stack(0x000070000587b000,0x000070000597b000)]
  0x00007fae1f0ec800 JavaThread "AWT-EventQueue-0" [_thread_blocked, id=70163, stack(0x0000700007355000,0x0000700007455000)]
  0x00007fae2085b000 JavaThread "Java2D Disposer" daemon [_thread_blocked, id=54567, stack(0x00007000070cc000,0x00007000071cc000)]
  0x00007fae1d167800 JavaThread "Java2D Queue Flusher" daemon [_thread_blocked, id=48143, stack(0x0000700006fc9000,0x00007000070c9000)]
  0x00007fae1d161000 JavaThread "AWT-Shutdown" [_thread_blocked, id=38443, stack(0x0000700006bb4000,0x0000700006cb4000)]
=>0x00007fae1e04f800 JavaThread "AWT-AppKit" daemon [_thread_in_native, id=775, stack(0x00007ffeeb7bf000,0x00007ffeebfbf000)]
  0x00007fae1d804800 JavaThread "Service Thread" daemon [_thread_blocked, id=15363, stack(0x00007000069ae000,0x0000700006aae000)]
  0x00007fae1d036000 JavaThread "C1 CompilerThread3" daemon [_thread_blocked, id=14851, stack(0x00007000068ab000,0x00007000069ab000)]
  0x00007fae1e018000 JavaThread "C2 CompilerThread2" daemon [_thread_blocked, id=16643, stack(0x00007000067a8000,0x00007000068a8000)]
  0x00007fae1f80d000 JavaThread "C2 CompilerThread1" daemon [_thread_blocked, id=16899, stack(0x00007000066a5000,0x00007000067a5000)]
  0x00007fae1f80b800 JavaThread "C2 CompilerThread0" daemon [_thread_blocked, id=17155, stack(0x00007000065a2000,0x00007000066a2000)]
  0x00007fae1d035800 JavaThread "Signal Dispatcher" daemon [_thread_blocked, id=13827, stack(0x000070000649f000,0x000070000659f000)]
  0x00007fae1f013800 JavaThread "Finalizer" daemon [_thread_blocked, id=18179, stack(0x000070000639c000,0x000070000649c000)]
  0x00007fae1f010800 JavaThread "Reference Handler" daemon [_thread_blocked, id=18691, stack(0x0000700006299000,0x0000700006399000)]

Other Threads:
  0x00007fae1e010000 VMThread [stack: 0x0000700006196000,0x0000700006296000] [id=18947]
  0x00007fae1d057000 WatcherThread [stack: 0x0000700006ab1000,0x0000700006bb1000] [id=16131]

VM state:not at safepoint (normal execution)

VM Mutex/Monitor currently owned by a thread: None

heap address: 0x00000006c0000000, size: 4096 MB, Compressed Oops mode: Zero based, Oop shift amount: 3
Narrow klass base: 0x0000000000000000, Narrow klass shift: 3
Compressed class space size: 1073741824 Address: 0x00000007c0000000

Heap:
 PSYoungGen      total 183296K, used 135230K [0x000000076ab00000, 0x000000077b300000, 0x00000007c0000000)
  eden space 166400K, 74% used [0x000000076ab00000,0x00000007724c0d48,0x0000000774d80000)
  from space 16896K, 62% used [0x0000000774d80000,0x00000007757cecb8,0x0000000775e00000)
  to   space 16384K, 0% used [0x000000077a300000,0x000000077a300000,0x000000077b300000)
 ParOldGen       total 107520K, used 17969K [0x00000006c0000000, 0x00000006c6900000, 0x000000076ab00000)
  object space 107520K, 16% used [0x00000006c0000000,0x00000006c118c768,0x00000006c6900000)
 Metaspace       used 27561K, capacity 27891K, committed 28160K, reserved 1075200K
  class space    used 2137K, capacity 2249K, committed 2304K, reserved 1048576K

Card table byte_map: [0x0000000105cf6000,0x00000001064f7000] byte_map_base: 0x00000001026f6000

Marking Bits: (ParMarkBitMap*) 0x000000010569f5b0
 Begin Bits: [0x000000011c43e000, 0x000000012043e000)
 End Bits:   [0x000000012043e000, 0x000000012443e000)

Polling page: 0x0000000103d0b000

CodeCache: size=245760Kb used=11299Kb max_used=11820Kb free=234460Kb
 bounds [0x000000010d43e000, 0x000000010dffe000, 0x000000011c43e000]
 total_blobs=3762 nmethods=2843 adapters=833
 compilation: enabled

Compilation events (10 events):
Event: 75.287 Thread 0x00007fae1d036000 nmethod 3182 0x000000010dbd8350 code [0x000000010dbd8da0, 0x000000010dbe1b58]
Event: 75.287 Thread 0x00007fae1d036000 3183       3       java.awt.EventQueue::setCurrentEventAndMostRecentTime (8 bytes)
Event: 75.287 Thread 0x00007fae1d036000 nmethod 3183 0x000000010d54ad50 code [0x000000010d54af20, 0x000000010d54b558]
Event: 75.292 Thread 0x00007fae1d036000 3185       3       sun.lwawt.LWWindowPeer::getLocationOnScreen (10 bytes)
Event: 75.292 Thread 0x00007fae1d036000 nmethod 3185 0x000000010d74d250 code [0x000000010d74d3e0, 0x000000010d74d770]
Event: 75.293 Thread 0x00007fae1d036000 3186       3       sun.lwawt.macosx.CPlatformWindow::getLocationOnScreen (22 bytes)
Event: 75.293 Thread 0x00007fae1d036000 nmethod 3186 0x000000010d82b410 code [0x000000010d82b580, 0x000000010d82b850]
Event: 75.293 Thread 0x00007fae1d036000 3187       3       sun.java2d.pipe.PixelToParallelogramConverter::normalize (15 bytes)
Event: 75.293 Thread 0x00007fae1d036000 nmethod 3187 0x000000010d74cd10 code [0x000000010d74cec0, 0x000000010d74d148]
Event: 75.295 Thread 0x00007fae1d036000 3188       3       sun.lwawt.LWComponentPeer::getLocationOnScreen (41 bytes)

GC Heap History (10 events):
Event: 6.943 GC heap before
{Heap before GC invocations=4 (full 1):
 PSYoungGen      total 76288K, used 65536K [0x000000076ab00000, 0x0000000774000000, 0x00000007c0000000)
  eden space 65536K, 100% used [0x000000076ab00000,0x000000076eb00000,0x000000076eb00000)
  from space 10752K, 0% used [0x000000076f580000,0x000000076f580000,0x0000000770000000)
  to   space 10752K, 0% used [0x000000076eb00000,0x000000076eb00000,0x000000076f580000)
 ParOldGen       total 107520K, used 17409K [0x00000006c0000000, 0x00000006c6900000, 0x000000076ab00000)
  object space 107520K, 16% used [0x00000006c0000000,0x00000006c1100748,0x00000006c6900000)
 Metaspace       used 27012K, capacity 27371K, committed 27648K, reserved 1075200K
  class space    used 2119K, capacity 2245K, committed 2304K, reserved 1048576K
Event: 6.953 GC heap after
Heap after GC invocations=4 (full 1):
 PSYoungGen      total 76288K, used 9029K [0x000000076ab00000, 0x0000000772c80000, 0x00000007c0000000)
  eden space 65536K, 0% used [0x000000076ab00000,0x000000076ab00000,0x000000076eb00000)
  from space 10752K, 83% used [0x000000076eb00000,0x000000076f3d1578,0x000000076f580000)
  to   space 10752K, 0% used [0x0000000772200000,0x0000000772200000,0x0000000772c80000)
 ParOldGen       total 107520K, used 17417K [0x00000006c0000000, 0x00000006c6900000, 0x000000076ab00000)
  object space 107520K, 16% used [0x00000006c0000000,0x00000006c1102748,0x00000006c6900000)
 Metaspace       used 27012K, capacity 27371K, committed 27648K, reserved 1075200K
  class space    used 2119K, capacity 2245K, committed 2304K, reserved 1048576K
}
Event: 12.465 GC heap before
{Heap before GC invocations=5 (full 1):
 PSYoungGen      total 76288K, used 74565K [0x000000076ab00000, 0x0000000772c80000, 0x00000007c0000000)
  eden space 65536K, 100% used [0x000000076ab00000,0x000000076eb00000,0x000000076eb00000)
  from space 10752K, 83% used [0x000000076eb00000,0x000000076f3d1578,0x000000076f580000)
  to   space 10752K, 0% used [0x0000000772200000,0x0000000772200000,0x0000000772c80000)
 ParOldGen       total 107520K, used 17417K [0x00000006c0000000, 0x00000006c6900000, 0x000000076ab00000)
  object space 107520K, 16% used [0x00000006c0000000,0x00000006c1102748,0x00000006c6900000)
 Metaspace       used 27387K, capacity 27757K, committed 27904K, reserved 1075200K
  class space    used 2124K, capacity 2246K, committed 2304K, reserved 1048576K
Event: 12.472 GC heap after
Heap after GC invocations=5 (full 1):
 PSYoungGen      total 117760K, used 10730K [0x000000076ab00000, 0x0000000772c80000, 0x00000007c0000000)
  eden space 107008K, 0% used [0x000000076ab00000,0x000000076ab00000,0x0000000771380000)
  from space 10752K, 99% used [0x0000000772200000,0x0000000772c7ab58,0x0000000772c80000)
  to   space 10752K, 0% used [0x0000000771780000,0x0000000771780000,0x0000000772200000)
 ParOldGen       total 107520K, used 17689K [0x00000006c0000000, 0x00000006c6900000, 0x000000076ab00000)
  object space 107520K, 16% used [0x00000006c0000000,0x00000006c1146758,0x00000006c6900000)
 Metaspace       used 27387K, capacity 27757K, committed 27904K, reserved 1075200K
  class space    used 2124K, capacity 2246K, committed 2304K, reserved 1048576K
}
Event: 25.647 GC heap before
{Heap before GC invocations=6 (full 1):
 PSYoungGen      total 117760K, used 117738K [0x000000076ab00000, 0x0000000772c80000, 0x00000007c0000000)
  eden space 107008K, 100% used [0x000000076ab00000,0x0000000771380000,0x0000000771380000)
  from space 10752K, 99% used [0x0000000772200000,0x0000000772c7ab58,0x0000000772c80000)
  to   space 10752K, 0% used [0x0000000771780000,0x0000000771780000,0x0000000772200000)
 ParOldGen       total 107520K, used 17689K [0x00000006c0000000, 0x00000006c6900000, 0x000000076ab00000)
  object space 107520K, 16% used [0x00000006c0000000,0x00000006c1146758,0x00000006c6900000)
 Metaspace       used 27479K, capacity 27823K, committed 28160K, reserved 1075200K
  class space    used 2125K, capacity 2247K, committed 2304K, reserved 1048576K
Event: 25.654 GC heap after
Heap after GC invocations=6 (full 1):
 PSYoungGen      total 121856K, used 10506K [0x000000076ab00000, 0x0000000777100000, 0x00000007c0000000)
  eden space 111104K, 0% used [0x000000076ab00000,0x000000076ab00000,0x0000000771780000)
  from space 10752K, 97% used [0x0000000771780000,0x00000007721c2b48,0x0000000772200000)
  to   space 17408K, 0% used [0x0000000776000000,0x0000000776000000,0x0000000777100000)
 ParOldGen       total 107520K, used 17953K [0x00000006c0000000, 0x00000006c6900000, 0x000000076ab00000)
  object space 107520K, 16% used [0x00000006c0000000,0x00000006c1188768,0x00000006c6900000)
 Metaspace       used 27479K, capacity 27823K, committed 28160K, reserved 1075200K
  class space    used 2125K, capacity 2247K, committed 2304K, reserved 1048576K
}
Event: 39.780 GC heap before
{Heap before GC invocations=7 (full 1):
 PSYoungGen      total 121856K, used 121610K [0x000000076ab00000, 0x0000000777100000, 0x00000007c0000000)
  eden space 111104K, 100% used [0x000000076ab00000,0x0000000771780000,0x0000000771780000)
  from space 10752K, 97% used [0x0000000771780000,0x00000007721c2b48,0x0000000772200000)
  to   space 17408K, 0% used [0x0000000776000000,0x0000000776000000,0x0000000777100000)
 ParOldGen       total 107520K, used 17953K [0x00000006c0000000, 0x00000006c6900000, 0x000000076ab00000)
  object space 107520K, 16% used [0x00000006c0000000,0x00000006c1188768,0x00000006c6900000)
 Metaspace       used 27480K, capacity 27823K, committed 28160K, reserved 1075200K
  class space    used 2125K, capacity 2247K, committed 2304K, reserved 1048576K
Event: 39.786 GC heap after
Heap after GC invocations=7 (full 1):
 PSYoungGen      total 181248K, used 10489K [0x000000076ab00000, 0x0000000776e80000, 0x00000007c0000000)
  eden space 166400K, 0% used [0x000000076ab00000,0x000000076ab00000,0x0000000774d80000)
  from space 14848K, 70% used [0x0000000776000000,0x0000000776a3e570,0x0000000776e80000)
  to   space 16896K, 0% used [0x0000000774d80000,0x0000000774d80000,0x0000000775e00000)
 ParOldGen       total 107520K, used 17961K [0x00000006c0000000, 0x00000006c6900000, 0x000000076ab00000)
  object space 107520K, 16% used [0x00000006c0000000,0x00000006c118a768,0x00000006c6900000)
 Metaspace       used 27480K, capacity 27823K, committed 28160K, reserved 1075200K
  class space    used 2125K, capacity 2247K, committed 2304K, reserved 1048576K
}
Event: 60.713 GC heap before
{Heap before GC invocations=8 (full 1):
 PSYoungGen      total 181248K, used 176889K [0x000000076ab00000, 0x0000000776e80000, 0x00000007c0000000)
  eden space 166400K, 100% used [0x000000076ab00000,0x0000000774d80000,0x0000000774d80000)
  from space 14848K, 70% used [0x0000000776000000,0x0000000776a3e570,0x0000000776e80000)
  to   space 16896K, 0% used [0x0000000774d80000,0x0000000774d80000,0x0000000775e00000)
 ParOldGen       total 107520K, used 17961K [0x00000006c0000000, 0x00000006c6900000, 0x000000076ab00000)
  object space 107520K, 16% used [0x00000006c0000000,0x00000006c118a768,0x00000006c6900000)
 Metaspace       used 27480K, capacity 27823K, committed 28160K, reserved 1075200K
  class space    used 2125K, capacity 2247K, committed 2304K, reserved 1048576K
Event: 60.719 GC heap after
Heap after GC invocations=8 (full 1):
 PSYoungGen      total 183296K, used 10555K [0x000000076ab00000, 0x000000077b300000, 0x00000007c0000000)
  eden space 166400K, 0% used [0x000000076ab00000,0x000000076ab00000,0x0000000774d80000)
  from space 16896K, 62% used [0x0000000774d80000,0x00000007757cecb8,0x0000000775e00000)
  to   space 16384K, 0% used [0x000000077a300000,0x000000077a300000,0x000000077b300000)
 ParOldGen       total 107520K, used 17969K [0x00000006c0000000, 0x00000006c6900000, 0x000000076ab00000)
  object space 107520K, 16% used [0x00000006c0000000,0x00000006c118c768,0x00000006c6900000)
 Metaspace       used 27480K, capacity 27823K, committed 28160K, reserved 1075200K
  class space    used 2125K, capacity 2247K, committed 2304K, reserved 1048576K
}

Deoptimization events (10 events):
Event: 75.262 Thread 0x00007fae1f0ec800 Uncommon trap: reason=unstable_if action=reinterpret pc=0x000000010da9411c method=sun.lwawt.LWContainerPeer.cutChildren(Lsun/java2d/pipe/Region;Lsun/lwawt/LWComponentPeer;)Lsun/java2d/pipe/Region; @ 67
Event: 75.262 Thread 0x00007fae1f0ec800 Uncommon trap: reason=unstable_if action=reinterpret pc=0x000000010da84c0c method=java.lang.Math.round(D)J @ 31
Event: 75.262 Thread 0x00007fae1f0ec800 Uncommon trap: reason=unstable_if action=reinterpret pc=0x000000010d8b9fac method=sun.java2d.SunGraphics2D.validateCompClip()V @ 9
Event: 75.263 Thread 0x00007fae1e0b0000 Uncommon trap: reason=unstable_if action=reinterpret pc=0x000000010dfb15d0 method=java.security.AccessControlContext.combine([Ljava/security/ProtectionDomain;[Ljava/security/ProtectionDomain;)[Ljava/security/ProtectionDomain; @ 151
Event: 75.264 Thread 0x00007fae1f0ec800 Uncommon trap: reason=unstable_if action=reinterpret pc=0x000000010dfd971c method=sun.java2d.pipe.Region.intersectsQuickCheck(Lsun/java2d/pipe/Region;)Z @ 41
Event: 75.264 Thread 0x00007fae1f0ec800 Uncommon trap: reason=unstable_if action=reinterpret pc=0x000000010dc6f678 method=java.awt.font.FontRenderContext.equals(Ljava/awt/font/FontRenderContext;)Z @ 2
Event: 75.278 Thread 0x00007fae1e0b0000 Uncommon trap: reason=unstable_if action=reinterpret pc=0x000000010da45f50 method=java.util.HashMap.putVal(ILjava/lang/Object;Ljava/lang/Object;ZZ)Ljava/lang/Object; @ 81
Event: 75.278 Thread 0x00007fae1e0b0000 Uncommon trap: reason=unstable_if action=reinterpret pc=0x000000010d9f5794 method=java.util.HashMap.putVal(ILjava/lang/Object;Ljava/lang/Object;ZZ)Ljava/lang/Object; @ 81
Event: 75.291 Thread 0x00007fae1f1b7000 Uncommon trap: reason=unstable_if action=reinterpret pc=0x000000010d564964 method=java.security.AccessControlContext.combine([Ljava/security/ProtectionDomain;[Ljava/security/ProtectionDomain;)[Ljava/security/ProtectionDomain; @ 151
Event: 75.292 Thread 0x00007fae1d728000 Uncommon trap: reason=predicate action=maybe_recompile pc=0x000000010d959cc8 method=java.util.Vector.indexOf(Ljava/lang/Object;I)I @ 44

Classes redefined (0 events):
No events

Internal exceptions (10 events):
Event: 0.411 Thread 0x00007fae1d002800 Exception <a 'java/io/FileNotFoundException'> (0x000000076ae30240) thrown at [/Users/jenkins/workspace/build-scripts/jobs/jdk8u/jdk8u-mac-x64-hotspot/workspace/build/src/hotspot/src/share/vm/prims/jni.cpp, line 710]
Event: 0.967 Thread 0x00007fae1e04f800 Exception <a 'java/lang/ClassNotFoundException': sun/dc/DuctusRenderingEngine> (0x000000076aedfaf8) thrown at [/Users/jenkins/workspace/build-scripts/jobs/jdk8u/jdk8u-mac-x64-hotspot/workspace/build/src/hotspot/src/share/vm/classfile/systemDictionary.cpp,
Event: 1.128 Thread 0x00007fae1d002800 Exception <a 'java/io/FileNotFoundException'> (0x000000076aeb9318) thrown at [/Users/jenkins/workspace/build-scripts/jobs/jdk8u/jdk8u-mac-x64-hotspot/workspace/build/src/hotspot/src/share/vm/prims/jni.cpp, line 710]
Event: 2.603 Thread 0x00007fae1e4b3000 Exception <a 'java/lang/UnsatisfiedLinkError': com.jogamp.common.util.JarUtil.fixNativeLibAttribs(Ljava/lang/String;)Z> (0x000000076c5f8418) thrown at [/Users/jenkins/workspace/build-scripts/jobs/jdk8u/jdk8u-mac-x64-hotspot/workspace/build/src/hotspot/src
Event: 3.501 Thread 0x00007fae1f1b7000 Exception <a 'java/io/FileNotFoundException'> (0x000000076d5ce810) thrown at [/Users/jenkins/workspace/build-scripts/jobs/jdk8u/jdk8u-mac-x64-hotspot/workspace/build/src/hotspot/src/share/vm/prims/jni.cpp, line 710]
Event: 3.501 Thread 0x00007fae1f1b7000 Exception <a 'java/io/FileNotFoundException'> (0x000000076d5d6698) thrown at [/Users/jenkins/workspace/build-scripts/jobs/jdk8u/jdk8u-mac-x64-hotspot/workspace/build/src/hotspot/src/share/vm/prims/jni.cpp, line 710]
Event: 3.502 Thread 0x00007fae1f1b7000 Implicit null exception at 0x000000010d637676 to 0x000000010d637a39
Event: 3.845 Thread 0x00007fae1f013800 Exception <a 'java/lang/NullPointerException'> (0x000000076aeaefa0) thrown at [/Users/jenkins/workspace/build-scripts/jobs/jdk8u/jdk8u-mac-x64-hotspot/workspace/build/src/hotspot/src/share/vm/interpreter/linkResolver.cpp, line 1185]
Event: 3.896 Thread 0x00007fae1f1b7000 Implicit null exception at 0x000000010d816206 to 0x000000010d81644d
Event: 3.948 Thread 0x00007fae20147000 Implicit null exception at 0x000000010d637fb5 to 0x000000010d638375

Events (10 events):
Event: 75.292 loading class java/awt/event/AWTEventListenerProxy done
Event: 75.292 loading class java/awt/Toolkit$ToolkitEventMulticaster
Event: 75.292 loading class java/awt/Toolkit$ToolkitEventMulticaster done
Event: 75.292 Thread 0x00007fae1e0b0000 Thread exited: 0x00007fae1e0b0000
Event: 75.292 Thread 0x00007fae1d728000 Uncommon trap: trap_request=0xffffff86 fr.pc=0x000000010d959cc8
Event: 75.292 Thread 0x00007fae1d728000 DEOPT PACKING pc=0x000000010d959cc8 sp=0x0000700007863850
Event: 75.292 Thread 0x00007fae1d728000 DEOPT UNPACKING pc=0x000000010d48347a sp=0x0000700007863768 mode 2
Event: 75.292 loading class java/awt/Window$1DisposeAction
Event: 75.292 loading class java/awt/Window$1DisposeAction done
Event: 75.293 Thread 0x00007fae1d036000 flushing nmethod 0x000000010dada990


Dynamic libraries:
0x00007fff4ccc0000 	/System/Library/Frameworks/Cocoa.framework/Versions/A/Cocoa
0x00007fff58a6e000 	/System/Library/Frameworks/Security.framework/Versions/A/Security
0x00007fff4b952000 	/System/Library/Frameworks/ApplicationServices.framework/Versions/A/ApplicationServices
0x00007fff78b5f000 	/usr/lib/libz.1.dylib
0x00007fff764b6000 	/usr/lib/libSystem.B.dylib
0x00007fff77cef000 	/usr/lib/libobjc.A.dylib
0x00007fff4f7b9000 	/System/Library/Frameworks/Foundation.framework/Versions/C/Foundation
0x00007fff4d535000 	/System/Library/Frameworks/CoreFoundation.framework/Versions/A/CoreFoundation
0x0000000103c5f000 	/Library/Application Support/Cylance/Desktop/CyMemDef.dylib
0x00007fff4ab4b000 	/System/Library/Frameworks/AppKit.framework/Versions/C/AppKit
0x00007fff4d0be000 	/System/Library/Frameworks/CoreData.framework/Versions/A/CoreData
0x00007fff6ff7b000 	/System/Library/PrivateFrameworks/RemoteViewServices.framework/Versions/A/RemoteViewServices
0x00007fff741f2000 	/System/Library/PrivateFrameworks/UIFoundation.framework/Versions/A/UIFoundation
0x00007fff758d7000 	/System/Library/PrivateFrameworks/XCTTargetBootstrap.framework/Versions/A/XCTTargetBootstrap
0x00007fff4d444000 	/System/Library/Frameworks/CoreDisplay.framework/Versions/A/CoreDisplay
0x00007fff6acb5000 	/System/Library/PrivateFrameworks/IconServices.framework/Versions/A/IconServices
0x00007fff520db000 	/System/Library/Frameworks/Metal.framework/Versions/A/Metal
0x00007fff621f9000 	/System/Library/PrivateFrameworks/DesktopServicesPriv.framework/Versions/A/DesktopServicesPriv
0x00007fff77052000 	/usr/lib/libenergytrace.dylib
0x00007fff726d9000 	/System/Library/PrivateFrameworks/SkyLight.framework/Versions/A/SkyLight
0x00007fff4d97c000 	/System/Library/Frameworks/CoreGraphics.framework/Versions/A/CoreGraphics
0x00007fff49917000 	/System/Library/Frameworks/Accelerate.framework/Versions/A/Accelerate
0x00007fff4ff02000 	/System/Library/Frameworks/IOSurface.framework/Versions/A/IOSurface
0x00007fff62065000 	/System/Library/PrivateFrameworks/DFRFoundation.framework/Versions/A/DFRFoundation
0x00007fff4be35000 	/System/Library/Frameworks/AudioToolbox.framework/Versions/A/AudioToolbox
0x00007fff4c0ae000 	/System/Library/Frameworks/AudioUnit.framework/Versions/A/AudioUnit
0x00007fff620fa000 	/System/Library/PrivateFrameworks/DataDetectorsCore.framework/Versions/A/DataDetectorsCore
0x00007fff4c7c3000 	/System/Library/Frameworks/Carbon.framework/Versions/A/Frameworks/HIToolbox.framework/Versions/A/HIToolbox
0x00007fff771ab000 	/usr/lib/libicucore.A.dylib
0x00007fff57fe1000 	/System/Library/Frameworks/QuartzCore.framework/Versions/A/QuartzCore
0x00007fff4cb98000 	/System/Library/Frameworks/Carbon.framework/Versions/A/Frameworks/SpeechRecognition.framework/Versions/A/SpeechRecognition
0x00007fff7660a000 	/usr/lib/libauto.dylib
0x00007fff78a52000 	/usr/lib/libxml2.2.dylib
0x00007fff61c40000 	/System/Library/PrivateFrameworks/CoreUI.framework/Versions/A/CoreUI
0x00007fff4cfa9000 	/System/Library/Frameworks/CoreAudio.framework/Versions/A/CoreAudio
0x00007fff4f5ee000 	/System/Library/Frameworks/DiskArbitration.framework/Versions/A/DiskArbitration
0x00007fff77459000 	/usr/lib/liblangid.dylib
0x00007fff6c0c0000 	/System/Library/PrivateFrameworks/MultitouchSupport.framework/Versions/A/MultitouchSupport
0x00007fff4fe71000 	/System/Library/Frameworks/IOKit.framework/Versions/A/IOKit
0x00007fff76076000 	/usr/lib/libDiagnosticMessagesClient.dylib
0x00007fff4e78c000 	/System/Library/Frameworks/CoreServices.framework/Versions/A/CoreServices
0x00007fff6dd7a000 	/System/Library/PrivateFrameworks/PerformanceAnalysis.framework/Versions/A/PerformanceAnalysis
0x00007fff571c8000 	/System/Library/Frameworks/OpenGL.framework/Versions/A/OpenGL
0x00007fff4ccce000 	/System/Library/Frameworks/ColorSync.framework/Versions/A/ColorSync
0x00007fff4e00e000 	/System/Library/Frameworks/CoreImage.framework/Versions/A/CoreImage
0x00007fff4f164000 	/System/Library/Frameworks/CoreText.framework/Versions/A/CoreText
0x00007fff4ff65000 	/System/Library/Frameworks/ImageIO.framework/Versions/A/ImageIO
0x00007fff5e292000 	/System/Library/PrivateFrameworks/Backup.framework/Versions/A/Backup
0x00007fff7655d000 	/usr/lib/libarchive.2.dylib
0x00007fff4c407000 	/System/Library/Frameworks/CFNetwork.framework/Versions/A/CFNetwork
0x00007fff591ca000 	/System/Library/Frameworks/SystemConfiguration.framework/Versions/A/SystemConfiguration
0x00007fff75fa7000 	/usr/lib/libCRFSuite.dylib
0x00007fff766fb000 	/usr/lib/libc++.1.dylib
0x00007fff7674f000 	/usr/lib/libc++abi.dylib
0x00007fff79355000 	/usr/lib/system/libcache.dylib
0x00007fff7935a000 	/usr/lib/system/libcommonCrypto.dylib
0x00007fff79365000 	/usr/lib/system/libcompiler_rt.dylib
0x00007fff7936d000 	/usr/lib/system/libcopyfile.dylib
0x00007fff79377000 	/usr/lib/system/libcorecrypto.dylib
0x00007fff79482000 	/usr/lib/system/libdispatch.dylib
0x00007fff794bc000 	/usr/lib/system/libdyld.dylib
0x00007fff794e9000 	/usr/lib/system/libkeymgr.dylib
0x00007fff794f7000 	/usr/lib/system/liblaunch.dylib
0x00007fff794f8000 	/usr/lib/system/libmacho.dylib
0x00007fff794fe000 	/usr/lib/system/libquarantine.dylib
0x00007fff79501000 	/usr/lib/system/libremovefile.dylib
0x00007fff79503000 	/usr/lib/system/libsystem_asl.dylib
0x00007fff7951b000 	/usr/lib/system/libsystem_blocks.dylib
0x00007fff7951c000 	/usr/lib/system/libsystem_c.dylib
0x00007fff795a4000 	/usr/lib/system/libsystem_configuration.dylib
0x00007fff795a8000 	/usr/lib/system/libsystem_coreservices.dylib
0x00007fff795ac000 	/usr/lib/system/libsystem_darwin.dylib
0x00007fff795b3000 	/usr/lib/system/libsystem_dnssd.dylib
0x00007fff795ba000 	/usr/lib/system/libsystem_info.dylib
0x00007fff7962f000 	/usr/lib/system/libsystem_m.dylib
0x00007fff7967b000 	/usr/lib/system/libsystem_malloc.dylib
0x00007fff796a6000 	/usr/lib/system/libsystem_networkextension.dylib
0x00007fff796b1000 	/usr/lib/system/libsystem_notify.dylib
0x00007fff796ce000 	/usr/lib/system/libsystem_sandbox.dylib
0x00007fff796d2000 	/usr/lib/system/libsystem_secinit.dylib
0x00007fff79606000 	/usr/lib/system/libsystem_kernel.dylib
0x00007fff796b9000 	/usr/lib/system/libsystem_platform.dylib
0x00007fff796c3000 	/usr/lib/system/libsystem_pthread.dylib
0x00007fff796d5000 	/usr/lib/system/libsystem_symptoms.dylib
0x00007fff796dd000 	/usr/lib/system/libsystem_trace.dylib
0x00007fff796f4000 	/usr/lib/system/libunwind.dylib
0x00007fff796fa000 	/usr/lib/system/libxpc.dylib
0x00007fff766dc000 	/usr/lib/libbsm.0.dylib
0x00007fff794ea000 	/usr/lib/system/libkxld.dylib
0x00007fff5d683000 	/System/Library/PrivateFrameworks/AppleFSCompression.framework/Versions/A/AppleFSCompression
0x00007fff76376000 	/usr/lib/libOpenScriptingUtil.dylib
0x00007fff76a04000 	/usr/lib/libcoretls.dylib
0x00007fff76a1b000 	/usr/lib/libcoretls_cfhelpers.dylib
0x00007fff78486000 	/usr/lib/libpam.2.dylib
0x00007fff78646000 	/usr/lib/libsqlite3.dylib
0x00007fff78a40000 	/usr/lib/libxar.1.dylib
0x00007fff766ed000 	/usr/lib/libbz2.1.0.dylib
0x00007fff7745b000 	/usr/lib/liblzma.5.dylib
0x00007fff7790c000 	/usr/lib/libnetwork.dylib
0x00007fff76546000 	/usr/lib/libapple_nghttp2.dylib
0x00007fff7848d000 	/usr/lib/libpcap.A.dylib
0x00007fff4eb2b000 	/System/Library/Frameworks/CoreServices.framework/Versions/A/Frameworks/FSEvents.framework/Versions/A/FSEvents
0x00007fff4e80a000 	/System/Library/Frameworks/CoreServices.framework/Versions/A/Frameworks/CarbonCore.framework/Versions/A/CarbonCore
0x00007fff4ece6000 	/System/Library/Frameworks/CoreServices.framework/Versions/A/Frameworks/Metadata.framework/Versions/A/Metadata
0x00007fff4ed85000 	/System/Library/Frameworks/CoreServices.framework/Versions/A/Frameworks/OSServices.framework/Versions/A/OSServices
0x00007fff4edd0000 	/System/Library/Frameworks/CoreServices.framework/Versions/A/Frameworks/SearchKit.framework/Versions/A/SearchKit
0x00007fff4e78d000 	/System/Library/Frameworks/CoreServices.framework/Versions/A/Frameworks/AE.framework/Versions/A/AE
0x00007fff4eb34000 	/System/Library/Frameworks/CoreServices.framework/Versions/A/Frameworks/LaunchServices.framework/Versions/A/LaunchServices
0x00007fff4eae2000 	/System/Library/Frameworks/CoreServices.framework/Versions/A/Frameworks/DictionaryServices.framework/Versions/A/DictionaryServices
0x00007fff4ee38000 	/System/Library/Frameworks/CoreServices.framework/Versions/A/Frameworks/SharedFileList.framework/Versions/A/SharedFileList
0x00007fff531a3000 	/System/Library/Frameworks/NetFS.framework/Versions/A/NetFS
0x00007fff6c326000 	/System/Library/PrivateFrameworks/NetAuth.framework/Versions/A/NetAuth
0x00007fff75cdb000 	/System/Library/PrivateFrameworks/login.framework/Versions/A/Frameworks/loginsupport.framework/Versions/A/loginsupport
0x00007fff73dfb000 	/System/Library/PrivateFrameworks/TCC.framework/Versions/A/TCC
0x00007fff6129d000 	/System/Library/PrivateFrameworks/CoreNLP.framework/Versions/A/CoreNLP
0x00007fff6bdbb000 	/System/Library/PrivateFrameworks/MetadataUtilities.framework/Versions/A/MetadataUtilities
0x00007fff77530000 	/usr/lib/libmecabra.dylib
0x00007fff4b953000 	/System/Library/Frameworks/ApplicationServices.framework/Versions/A/Frameworks/ATS.framework/Versions/A/ATS
0x00007fff4bca2000 	/System/Library/Frameworks/ApplicationServices.framework/Versions/A/Frameworks/ColorSyncLegacy.framework/Versions/A/ColorSyncLegacy
0x00007fff4bd41000 	/System/Library/Frameworks/ApplicationServices.framework/Versions/A/Frameworks/HIServices.framework/Versions/A/HIServices
0x00007fff4bd94000 	/System/Library/Frameworks/ApplicationServices.framework/Versions/A/Frameworks/LangAnalysis.framework/Versions/A/LangAnalysis
0x00007fff4bda4000 	/System/Library/Frameworks/ApplicationServices.framework/Versions/A/Frameworks/PrintCore.framework/Versions/A/PrintCore
0x00007fff4bdee000 	/System/Library/Frameworks/ApplicationServices.framework/Versions/A/Frameworks/QD.framework/Versions/A/QD
0x00007fff4be28000 	/System/Library/Frameworks/ApplicationServices.framework/Versions/A/Frameworks/SpeechSynthesis.framework/Versions/A/SpeechSynthesis
0x00007fff76777000 	/usr/lib/libcompression.dylib
0x00007fff523ab000 	/System/Library/Frameworks/MetalPerformanceShaders.framework/Versions/A/MetalPerformanceShaders
0x00007fff4992f000 	/System/Library/Frameworks/Accelerate.framework/Versions/A/Frameworks/vImage.framework/Versions/A/vImage
0x00007fff4a9a9000 	/System/Library/Frameworks/Accelerate.framework/Versions/A/Frameworks/vecLib.framework/Versions/A/vecLib
0x00007fff4a8f5000 	/System/Library/Frameworks/Accelerate.framework/Versions/A/Frameworks/vecLib.framework/Versions/A/libvMisc.dylib
0x00007fff4a70d000 	/System/Library/Frameworks/Accelerate.framework/Versions/A/Frameworks/vecLib.framework/Versions/A/libvDSP.dylib
0x00007fff49fc9000 	/System/Library/Frameworks/Accelerate.framework/Versions/A/Frameworks/vecLib.framework/Versions/A/libBLAS.dylib
0x00007fff4a2b6000 	/System/Library/Frameworks/Accelerate.framework/Versions/A/Frameworks/vecLib.framework/Versions/A/libLAPACK.dylib
0x00007fff4a660000 	/System/Library/Frameworks/Accelerate.framework/Versions/A/Frameworks/vecLib.framework/Versions/A/libLinearAlgebra.dylib
0x00007fff4a6f9000 	/System/Library/Frameworks/Accelerate.framework/Versions/A/Frameworks/vecLib.framework/Versions/A/libSparseBLAS.dylib
0x00007fff4a676000 	/System/Library/Frameworks/Accelerate.framework/Versions/A/Frameworks/vecLib.framework/Versions/A/libQuadrature.dylib
0x00007fff4a243000 	/System/Library/Frameworks/Accelerate.framework/Versions/A/Frameworks/vecLib.framework/Versions/A/libBNNS.dylib
0x00007fff4a67c000 	/System/Library/Frameworks/Accelerate.framework/Versions/A/Frameworks/vecLib.framework/Versions/A/libSparse.dylib
0x00007fff685eb000 	/System/Library/PrivateFrameworks/GPUWrangler.framework/Versions/A/GPUWrangler
0x00007fff6a8ea000 	/System/Library/PrivateFrameworks/IOAccelerator.framework/Versions/A/IOAccelerator
0x00007fff6a8f5000 	/System/Library/PrivateFrameworks/IOPresentment.framework/Versions/A/IOPresentment
0x00007fff62075000 	/System/Library/PrivateFrameworks/DSExternalDisplay.framework/Versions/A/DSExternalDisplay
0x00007fff5661f000 	/System/Library/Frameworks/OpenGL.framework/Versions/A/Libraries/libCoreFSCache.dylib
0x00007fff5219f000 	/System/Library/Frameworks/MetalPerformanceShaders.framework/Frameworks/MPSCore.framework/Versions/A/MPSCore
0x00007fff521bf000 	/System/Library/Frameworks/MetalPerformanceShaders.framework/Frameworks/MPSImage.framework/Versions/A/MPSImage
0x00007fff52264000 	/System/Library/Frameworks/MetalPerformanceShaders.framework/Frameworks/MPSNeuralNetwork.framework/Versions/A/MPSNeuralNetwork
0x00007fff5223c000 	/System/Library/Frameworks/MetalPerformanceShaders.framework/Frameworks/MPSMatrix.framework/Versions/A/MPSMatrix
0x00007fff52390000 	/System/Library/Frameworks/MetalPerformanceShaders.framework/Frameworks/MPSRayIntersector.framework/Versions/A/MPSRayIntersector
0x00007fff6bde4000 	/System/Library/PrivateFrameworks/MetalTools.framework/Versions/A/MetalTools
0x00007fff5cf2d000 	/System/Library/PrivateFrameworks/AggregateDictionary.framework/Versions/A/AggregateDictionary
0x00007fff76356000 	/usr/lib/libMobileGestalt.dylib
0x00007fff4f2c7000 	/System/Library/Frameworks/CoreVideo.framework/Versions/A/CoreVideo
0x00007fff693fc000 	/System/Library/PrivateFrameworks/GraphVisualizer.framework/Versions/A/GraphVisualizer
0x00007fff6327b000 	/System/Library/PrivateFrameworks/FaceCore.framework/Versions/A/FaceCore
0x00007fff55c4d000 	/System/Library/Frameworks/OpenCL.framework/Versions/A/OpenCL
0x00007fff760ae000 	/usr/lib/libFosl_dynamic.dylib
0x00007fff6cb91000 	/System/Library/PrivateFrameworks/OTSVG.framework/Versions/A/OTSVG
0x00007fff4ba57000 	/System/Library/Frameworks/ApplicationServices.framework/Versions/A/Frameworks/ATS.framework/Versions/A/Resources/libFontParser.dylib
0x00007fff4bb6f000 	/System/Library/Frameworks/ApplicationServices.framework/Versions/A/Frameworks/ATS.framework/Versions/A/Resources/libFontRegistry.dylib
0x00007fff501d4000 	/System/Library/Frameworks/ImageIO.framework/Versions/A/Resources/libJPEG.dylib
0x00007fff504e6000 	/System/Library/Frameworks/ImageIO.framework/Versions/A/Resources/libTIFF.dylib
0x00007fff504bc000 	/System/Library/Frameworks/ImageIO.framework/Versions/A/Resources/libPng.dylib
0x00007fff500f2000 	/System/Library/Frameworks/ImageIO.framework/Versions/A/Resources/libGIF.dylib
0x00007fff500f7000 	/System/Library/Frameworks/ImageIO.framework/Versions/A/Resources/libJP2.dylib
0x00007fff504e3000 	/System/Library/Frameworks/ImageIO.framework/Versions/A/Resources/libRadiance.dylib
0x00007fff5d7da000 	/System/Library/PrivateFrameworks/AppleJPEG.framework/Versions/A/AppleJPEG
0x00007fff5662a000 	/System/Library/Frameworks/OpenGL.framework/Versions/A/Libraries/libGFXShared.dylib
0x00007fff567ed000 	/System/Library/Frameworks/OpenGL.framework/Versions/A/Libraries/libGLU.dylib
0x00007fff56633000 	/System/Library/Frameworks/OpenGL.framework/Versions/A/Libraries/libGL.dylib
0x00007fff5663f000 	/System/Library/Frameworks/OpenGL.framework/Versions/A/Libraries/libGLImage.dylib
0x00007fff5661c000 	/System/Library/Frameworks/OpenGL.framework/Versions/A/Libraries/libCVMSPluginSupport.dylib
0x00007fff56625000 	/System/Library/Frameworks/OpenGL.framework/Versions/A/Libraries/libCoreVMClient.dylib
0x00007fff76ec8000 	/usr/lib/libcups.2.dylib
0x00007fff516a6000 	/System/Library/Frameworks/Kerberos.framework/Versions/A/Kerberos
0x00007fff4fbd5000 	/System/Library/Frameworks/GSS.framework/Versions/A/GSS
0x00007fff785db000 	/usr/lib/libresolv.9.dylib
0x00007fff770ba000 	/usr/lib/libiconv.2.dylib
0x00007fff69571000 	/System/Library/PrivateFrameworks/Heimdal.framework/Versions/A/Heimdal
0x00007fff7708a000 	/usr/lib/libheimdal-asn1.dylib
0x00007fff55cc1000 	/System/Library/Frameworks/OpenDirectory.framework/Versions/A/OpenDirectory
0x00007fff60000000 	/System/Library/PrivateFrameworks/CommonAuth.framework/Versions/A/CommonAuth
0x00007fff55ca5000 	/System/Library/Frameworks/OpenDirectory.framework/Versions/A/Frameworks/CFOpenDirectory.framework/Versions/A/CFOpenDirectory
0x00007fff58d6f000 	/System/Library/Frameworks/SecurityFoundation.framework/Versions/A/SecurityFoundation
0x00007fff5c473000 	/System/Library/PrivateFrameworks/APFS.framework/Versions/A/APFS
0x00007fff78a3c000 	/usr/lib/libutil.dylib
0x00007fff76765000 	/usr/lib/libcharset.1.dylib
0x00007fff5da77000 	/System/Library/PrivateFrameworks/AppleSauce.framework/Versions/A/AppleSauce
0x00007fff5dbf8000 	/System/Library/PrivateFrameworks/AssertionServices.framework/Versions/A/AssertionServices
0x00007fff5e328000 	/System/Library/PrivateFrameworks/BaseBoard.framework/Versions/A/BaseBoard
0x00007fff7748b000 	/usr/lib/libmecab.1.0.0.dylib
0x00007fff77084000 	/usr/lib/libgermantok.dylib
0x00007fff76533000 	/usr/lib/libThaiTokenizer.dylib
0x00007fff75fde000 	/usr/lib/libChineseTokenizer.dylib
0x00007fff6afa2000 	/System/Library/PrivateFrameworks/LanguageModeling.framework/Versions/A/LanguageModeling
0x00007fff60ce2000 	/System/Library/PrivateFrameworks/CoreEmoji.framework/Versions/A/CoreEmoji
0x00007fff6b07e000 	/System/Library/PrivateFrameworks/Lexicon.framework/Versions/A/Lexicon
0x00007fff6b0c1000 	/System/Library/PrivateFrameworks/LinguisticData.framework/Versions/A/LinguisticData
0x00007fff76766000 	/usr/lib/libcmph.dylib
0x00007fff58e2d000 	/System/Library/Frameworks/ServiceManagement.framework/Versions/A/ServiceManagement
0x00007fff5e289000 	/System/Library/PrivateFrameworks/BackgroundTaskManagement.framework/Versions/A/BackgroundTaskManagement
0x00007fff78b36000 	/usr/lib/libxslt.1.dylib
0x00007fff4cac5000 	/System/Library/Frameworks/Carbon.framework/Versions/A/Frameworks/Ink.framework/Versions/A/Ink
0x00007fff7406d000 	/System/Library/PrivateFrameworks/TextureIO.framework/Versions/A/TextureIO
0x00007fff76587000 	/usr/lib/libate.dylib
0x00007fff61fc4000 	/System/Library/PrivateFrameworks/CrashReporterSupport.framework/Versions/A/CrashReporterSupport
0x00007fff717a7000 	/System/Library/PrivateFrameworks/Sharing.framework/Versions/A/Sharing
0x00007fff5dfdb000 	/System/Library/PrivateFrameworks/AuthKit.framework/Versions/A/AuthKit
0x00007fff5d52f000 	/System/Library/PrivateFrameworks/Apple80211.framework/Versions/A/Apple80211
0x00007fff61d6c000 	/System/Library/PrivateFrameworks/CoreUtils.framework/Versions/A/CoreUtils
0x00007fff4f308000 	/System/Library/Frameworks/CoreWLAN.framework/Versions/A/CoreWLAN
0x00007fff4fd04000 	/System/Library/Frameworks/IOBluetooth.framework/Versions/A/IOBluetooth
0x00007fff6fc1b000 	/System/Library/PrivateFrameworks/ProtocolBuffer.framework/Versions/A/ProtocolBuffer
0x00007fff6c01c000 	/System/Library/PrivateFrameworks/MobileKeyBag.framework/Versions/A/MobileKeyBag
0x00007fff615b0000 	/System/Library/PrivateFrameworks/CorePhoneNumbers.framework/Versions/A/CorePhoneNumbers
0x00007fff5d78e000 	/System/Library/PrivateFrameworks/AppleIDAuthSupport.framework/Versions/A/AppleIDAuthSupport
0x00007fff6af75000 	/System/Library/PrivateFrameworks/KeychainCircle.framework/Versions/A/KeychainCircle
0x00007fff6fdd1000 	/System/Library/PrivateFrameworks/ROCKit.framework/Versions/A/ROCKit
0x00007fff61f60000 	/System/Library/PrivateFrameworks/CoreWiFi.framework/Versions/A/CoreWiFi
0x00007fff4d093000 	/System/Library/Frameworks/CoreBluetooth.framework/Versions/A/CoreBluetooth
0x00007fff621bb000 	/System/Library/PrivateFrameworks/DebugSymbols.framework/Versions/A/DebugSymbols
0x00007fff61b2c000 	/System/Library/PrivateFrameworks/CoreSymbolication.framework/Versions/A/CoreSymbolication
0x00007fff73888000 	/System/Library/PrivateFrameworks/Symbolication.framework/Versions/A/Symbolication
0x00007fff7312b000 	/System/Library/PrivateFrameworks/SpeechRecognitionCore.framework/Versions/A/SpeechRecognitionCore
0x0000000104e00000 	/Library/Java/JavaVirtualMachines/adoptopenjdk-8.jdk/Contents/Home/jre/lib/server/libjvm.dylib
0x00007fff78917000 	/usr/lib/libstdc++.6.dylib
0x0000000103cbf000 	/Library/Java/JavaVirtualMachines/adoptopenjdk-8.jdk/Contents/Home/jre/lib/libverify.dylib
0x0000000103cd0000 	/Library/Java/JavaVirtualMachines/adoptopenjdk-8.jdk/Contents/Home/jre/lib/libjava.dylib
0x0000000103d55000 	/Library/Java/JavaVirtualMachines/adoptopenjdk-8.jdk/Contents/Home/jre/lib/libzip.dylib
0x00000001099a1000 	/Library/Java/JavaVirtualMachines/adoptopenjdk-8.jdk/Contents/Home/jre/lib/libawt.dylib
0x0000000109a51000 	/Library/Java/JavaVirtualMachines/adoptopenjdk-8.jdk/Contents/Home/jre/lib/./libmlib_image.dylib
0x00007fff5168f000 	/System/Library/Frameworks/JavaVM.framework/Versions/A/Frameworks/JavaNativeFoundation.framework/Versions/A/JavaNativeFoundation
0x00007fff51698000 	/System/Library/Frameworks/JavaVM.framework/Versions/A/Frameworks/JavaRuntimeSupport.framework/Versions/A/JavaRuntimeSupport
0x00007fff516a1000 	/System/Library/Frameworks/JavaVM.framework/Versions/A/JavaVM
0x00007fff6ae94000 	/System/Library/PrivateFrameworks/JavaLaunching.framework/Versions/A/JavaLaunching
0x00007fff4c7be000 	/System/Library/Frameworks/Carbon.framework/Versions/A/Carbon
0x00007fff4c7bf000 	/System/Library/Frameworks/Carbon.framework/Versions/A/Frameworks/CommonPanels.framework/Versions/A/CommonPanels
0x00007fff4cabb000 	/System/Library/Frameworks/Carbon.framework/Versions/A/Frameworks/Help.framework/Versions/A/Help
0x00007fff4cabf000 	/System/Library/Frameworks/Carbon.framework/Versions/A/Frameworks/ImageCapture.framework/Versions/A/ImageCapture
0x00007fff4cb5b000 	/System/Library/Frameworks/Carbon.framework/Versions/A/Frameworks/OpenScripting.framework/Versions/A/OpenScripting
0x00007fff4cb93000 	/System/Library/Frameworks/Carbon.framework/Versions/A/Frameworks/Print.framework/Versions/A/Print
0x00007fff4cb95000 	/System/Library/Frameworks/Carbon.framework/Versions/A/Frameworks/SecurityHI.framework/Versions/A/SecurityHI
0x0000000109b24000 	/Library/Java/JavaVirtualMachines/adoptopenjdk-8.jdk/Contents/Home/jre/lib/libawt_lwawt.dylib
0x0000000109be5000 	/Library/Java/JavaVirtualMachines/adoptopenjdk-8.jdk/Contents/Home/jre/lib/./libosxapp.dylib
0x00007fff4f792000 	/System/Library/Frameworks/ExceptionHandling.framework/Versions/A/ExceptionHandling
0x00007fff61734000 	/System/Library/PrivateFrameworks/CoreServicesInternal.framework/Versions/A/CoreServicesInternal
0x00007fff41c97000 	/System/Library/CoreServices/RawCamera.bundle/Contents/MacOS/RawCamera
0x00007fff6be88000 	/System/Library/PrivateFrameworks/MobileAsset.framework/Versions/A/MobileAsset
0x00007fff737d6000 	/System/Library/PrivateFrameworks/StreamingZip.framework/Versions/A/StreamingZip
0x00007fff51a33000 	/System/Library/Frameworks/MediaToolbox.framework/Versions/A/MediaToolbox
0x00007fff60886000 	/System/Library/PrivateFrameworks/CoreAVCHD.framework/Versions/A/CoreAVCHD
0x00007fff51979000 	/System/Library/Frameworks/MediaAccessibility.framework/Versions/A/MediaAccessibility
0x00007fff6b8e4000 	/System/Library/PrivateFrameworks/Mangrove.framework/Versions/A/Mangrove
0x00007fff4e62b000 	/System/Library/Frameworks/CoreMedia.framework/Versions/A/CoreMedia
0x00007fff59496000 	/System/Library/Frameworks/VideoToolbox.framework/Versions/A/VideoToolbox
0x00007fff604a2000 	/System/Library/PrivateFrameworks/CoreAUC.framework/Versions/A/CoreAUC
0x00007fff78644000 	/usr/lib/libspindump.dylib
0x00007fff5db5d000 	/System/Library/PrivateFrameworks/AppleVA.framework/Versions/A/AppleVA
0x00007fff49918000 	/System/Library/Frameworks/Accelerate.framework/Versions/A/Frameworks/vImage.framework/Versions/A/Libraries/libCGInterfaces.dylib
0x00007fff4bc0b000 	/System/Library/Frameworks/ApplicationServices.framework/Versions/A/Frameworks/ATS.framework/Versions/A/Resources/libTrueTypeScaler.dylib
0x00007fff46ada000 	/System/Library/Extensions/AppleIntelKBLGraphicsMTLDriver.bundle/Contents/MacOS/AppleIntelKBLGraphicsMTLDriver
0x00007fff41ff3000 	/System/Library/Extensions/AMDMTLBronzeDriver.bundle/Contents/MacOS/AMDMTLBronzeDriver
0x00007fff6a8e0000 	/System/Library/PrivateFrameworks/IOAccelMemoryInfo.framework/Versions/A/IOAccelMemoryInfo
0x00007fff66f4a000 	/System/Library/PrivateFrameworks/GPUCompiler.framework/Versions/3902/Libraries/libmetal_timestamp.dylib
0x00007fff636a0000 	/System/Library/PrivateFrameworks/FamilyControls.framework/Versions/A/FamilyControls
0x00007fff5fff3000 	/System/Library/PrivateFrameworks/CommerceKit.framework/Versions/A/Frameworks/CommerceCore.framework/Versions/A/CommerceCore
0x00007fff73b5b000 	/System/Library/PrivateFrameworks/SystemAdministration.framework/Versions/A/SystemAdministration
0x00007fff5d430000 	/System/Library/PrivateFrameworks/AppContainer.framework/Versions/A/AppContainer
0x00007fff5d44c000 	/System/Library/PrivateFrameworks/AppSandbox.framework/Versions/A/AppSandbox
0x00007fff71648000 	/System/Library/PrivateFrameworks/SecCodeWrapper.framework/Versions/A/SecCodeWrapper
0x00007fff785f5000 	/usr/lib/libsandbox.1.dylib
0x00007fff76325000 	/usr/lib/libMatch.1.dylib
0x00007fff62540000 	/System/Library/PrivateFrameworks/DiskManagement.framework/Versions/A/DiskManagement
0x00007fff4f50e000 	/System/Library/Frameworks/DirectoryService.framework/Versions/A/DirectoryService
0x00007fff62471000 	/System/Library/PrivateFrameworks/DiskImages.framework/Versions/A/DiskImages
0x00007fff6b1ba000 	/System/Library/PrivateFrameworks/LoginUIKit.framework/Versions/A/Frameworks/LoginUICore.framework/Versions/A/LoginUICore
0x00007fff75fe9000 	/usr/lib/libCoreStorage.dylib
0x00007fff76eb5000 	/usr/lib/libcsfde.dylib
0x00007fff78475000 	/usr/lib/libodfde.dylib
0x00007fff6b9fc000 	/System/Library/PrivateFrameworks/MediaKit.framework/Versions/A/MediaKit
0x00007fff4f51a000 	/System/Library/Frameworks/DiscRecording.framework/Versions/A/DiscRecording
0x00007fff626b4000 	/System/Library/PrivateFrameworks/EFILogin.framework/Versions/A/EFILogin
0x00007fff6fbc6000 	/System/Library/PrivateFrameworks/ProtectedCloudStorage.framework/Versions/A/ProtectedCloudStorage
0x00007fff76f47000 	/usr/lib/libcurl.4.dylib
0x00007fff76db4000 	/usr/lib/libcrypto.42.dylib
0x00007fff788e7000 	/usr/lib/libssl.44.dylib
0x00007fff516c0000 	/System/Library/Frameworks/LDAP.framework/Versions/A/LDAP
0x00007fff741eb000 	/System/Library/PrivateFrameworks/TrustEvaluationAgent.framework/Versions/A/TrustEvaluationAgent
0x00007fff78631000 	/usr/lib/libsasl2.2.dylib
0x00007fff60adf000 	/System/Library/PrivateFrameworks/CoreDaemon.framework/Versions/B/CoreDaemon
0x00007fff5da72000 	/System/Library/PrivateFrameworks/AppleSRP.framework/Versions/A/AppleSRP
0x00007fff75026000 	/System/Library/PrivateFrameworks/ViewBridge.framework/Versions/A/ViewBridge
0x000000010ba50000 	/usr/lib/libobjc-trampolines.dylib
0x0000000125036000 	/Library/Java/JavaVirtualMachines/adoptopenjdk-8.jdk/Contents/Home/jre/lib/libnio.dylib
0x000000012504a000 	/Library/Java/JavaVirtualMachines/adoptopenjdk-8.jdk/Contents/Home/jre/lib/./libnet.dylib
0x00007fff571d8000 	/System/Library/Frameworks/OpenGL.framework/Versions/A/Resources/GLEngine.bundle/GLEngine
0x00007fff5667a000 	/System/Library/Frameworks/OpenGL.framework/Versions/A/Libraries/libGLProgrammability.dylib
0x00007fff45d05000 	/System/Library/Extensions/AppleIntelKBLGraphicsGLDriver.bundle/Contents/MacOS/AppleIntelKBLGraphicsGLDriver
0x00007fff685df000 	/System/Library/PrivateFrameworks/GPUSupport.framework/Versions/A/Libraries/libGPUSupportMercury.dylib
0x0000000125068000 	/System/Library/Extensions/AMDRadeonX4000GLDriver.bundle/Contents/MacOS/AMDRadeonX4000GLDriver
0x00007fff42100000 	/System/Library/Extensions/AMDRadeonX4000GLDriver.bundle/Contents/MacOS/ATIRadeonX4000SCLib.dylib
0x00007fff57370000 	/System/Library/Frameworks/OpenGL.framework/Versions/A/Resources/GLRendererFloat.bundle/GLRendererFloat
0x00007fff55c44000 	/System/Library/Frameworks/OpenCL.framework/Versions/A/Libraries/libcldcpuengine.dylib
0x00007fff76bba000 	/usr/lib/libcrypto.35.dylib
0x0000000125351000 	/Library/Java/JavaVirtualMachines/adoptopenjdk-8.jdk/Contents/Home/jre/lib/libfontmanager.dylib
0x00000001253c1000 	/Library/Java/JavaVirtualMachines/adoptopenjdk-8.jdk/Contents/Home/jre/lib/./libfreetype.6.dylib
0x000000010d2ee000 	/Library/Java/JavaVirtualMachines/adoptopenjdk-8.jdk/Contents/Home/jre/lib/libosxui.dylib
0x000000010ba91000 	/private/var/folders/pt/gmp3zg_n0fv1_5_mkh2b9j80003h5j/T/jogamp_0000/file_cache/jln2611506849179016023/jln7090932235431477815/libgluegen-rt.jnilib
0x000000010ba96000 	/private/var/folders/pt/gmp3zg_n0fv1_5_mkh2b9j80003h5j/T/jogamp_0000/file_cache/jln2611506849179016023/jln7090932235431477815/libnativewindow_awt.jnilib
0x000000010ba99000 	/Library/Java/JavaVirtualMachines/adoptopenjdk-8.jdk/Contents/Home/jre/lib/libjawt.dylib
0x000000010baa0000 	/private/var/folders/pt/gmp3zg_n0fv1_5_mkh2b9j80003h5j/T/jogamp_0000/file_cache/jln2611506849179016023/jln7090932235431477815/libnativewindow_macosx.jnilib
0x0000000154657000 	/private/var/folders/pt/gmp3zg_n0fv1_5_mkh2b9j80003h5j/T/jogamp_0000/file_cache/jln2611506849179016023/jln7090932235431477815/libjogl_desktop.jnilib

VM Arguments:
jvm_args: -Djava.security.policy=java.policy.applet -Dfile.encoding=UTF-8 
java_command: sun.applet.AppletViewer module4.EarthquakeCityMap1587483816789.html
java_class_path (initial): /Users/abarretti/Desktop/Java/UCSDUnfoldingMaps/UCSDUnfoldingMaps/build:/Users/abarretti/Desktop/Java/UCSDUnfoldingMaps/UCSDUnfoldingMaps/lib/core.jar:/Users/abarretti/Desktop/Java/UCSDUnfoldingMaps/UCSDUnfoldingMaps/lib/gluegen-rt.jar:/Users/abarretti/Desktop/Java/UCSDUnfoldingMaps/UCSDUnfoldingMaps/lib/jogl-all.jar:/Users/abarretti/Desktop/Java/UCSDUnfoldingMaps/UCSDUnfoldingMaps/lib/log4j-1.2.15.jar:/Users/abarretti/Desktop/Java/UCSDUnfoldingMaps/UCSDUnfoldingMaps/lib/sqlite-jdbc-3.7.2.jar:/Users/abarretti/Desktop/Java/UCSDUnfoldingMaps/UCSDUnfoldingMaps/lib/json4processing.jar:/Users/abarretti/Desktop/Java/UCSDUnfoldingMaps/UCSDUnfoldingMaps/lib/libTUIO.jar:/Users/abarretti/Desktop/Java/UCSDUnfoldingMaps/UCSDUnfoldingMaps/lib/unfolding.0.9.7-uscd.jar
Launcher Type: SUN_STANDARD

Environment Variables:
PATH=/usr/bin:/bin:/usr/sbin:/sbin
SHELL=/bin/bash

Signal Handlers:
SIGSEGV: [libjvm.dylib+0x588183], sa_mask[0]=11111111011111110111111111111111, sa_flags=SA_ONSTACK|SA_RESTART|SA_SIGINFO
SIGBUS: [libjvm.dylib+0x588183], sa_mask[0]=11111111011111110111111111111111, sa_flags=SA_RESTART|SA_SIGINFO
SIGFPE: [libjvm.dylib+0x46288c], sa_mask[0]=11111111011111110111111111111111, sa_flags=SA_RESTART|SA_SIGINFO
SIGPIPE: [libjvm.dylib+0x46288c], sa_mask[0]=11111111011111110111111111111111, sa_flags=SA_RESTART|SA_SIGINFO
SIGXFSZ: [libjvm.dylib+0x46288c], sa_mask[0]=11111111011111110111111111111111, sa_flags=SA_RESTART|SA_SIGINFO
SIGILL: [libjvm.dylib+0x46288c], sa_mask[0]=11111111011111110111111111111111, sa_flags=SA_RESTART|SA_SIGINFO
SIGUSR1: SIG_DFL, sa_mask[0]=00000000000000000000000000000000, sa_flags=none
SIGUSR2: [libjvm.dylib+0x4623aa], sa_mask[0]=00100000000000000000000000000000, sa_flags=SA_RESTART|SA_SIGINFO
SIGHUP: [libjvm.dylib+0x460935], sa_mask[0]=11111111011111110111111111111111, sa_flags=SA_RESTART|SA_SIGINFO
SIGINT: [libjvm.dylib+0x460935], sa_mask[0]=11111111011111110111111111111111, sa_flags=SA_RESTART|SA_SIGINFO
SIGTERM: [libjvm.dylib+0x460935], sa_mask[0]=11111111011111110111111111111111, sa_flags=SA_RESTART|SA_SIGINFO
SIGQUIT: [libjvm.dylib+0x460935], sa_mask[0]=11111111011111110111111111111111, sa_flags=SA_RESTART|SA_SIGINFO


---------------  S Y S T E M  ---------------

OS:Bsduname:Darwin 18.7.0 Darwin Kernel Version 18.7.0: Thu Jan 23 06:52:12 PST 2020; root:xnu-4903.278.25~1/RELEASE_X86_64 x86_64
rlimit: STACK 8192k, CORE 0k, NPROC 1418, NOFILE 10240, AS infinity
load average:3.12 3.07 2.68

CPU:total 8 (initial active 8) (4 cores per cpu, 2 threads per core) family 6 model 158 stepping 9, cmov, cx8, fxsr, mmx, sse, sse2, sse3, ssse3, sse4.1, sse4.2, popcnt, avx, avx2, aes, clmul, erms, 3dnowpref, lzcnt, ht, tsc, tscinvbit, bmi1, bmi2, adx

Memory: 4k page, physical 16777216k(2572992k free)

/proc/meminfo:


vm_info: OpenJDK 64-Bit Server VM (25.242-b08) for bsd-amd64 JRE (1.8.0_242-b08), built on Jan 19 2020 06:43:11 by "jenkins" with gcc 4.2.1 (Based on Apple Inc. build 5658) (LLVM build 2336.11.00)

time: Tue Apr 21 17:44:52 2020
timezone: CEST
elapsed time: 75 seconds (0d 0h 1m 15s)

