#
# A fatal error has been detected by the Java Runtime Environment:
#
#  SIGSEGV (0xb) at pc=0x00007fff5b0eb69d, pid=7139, tid=0x0000000000000307
#
# JRE version: OpenJDK Runtime Environment (8.0_242-b08) (build 1.8.0_242-b08)
# Java VM: OpenJDK 64-Bit Server VM (25.242-b08 mixed mode bsd-amd64 compressed oops)
# Problematic frame:
# C  [libobjc.A.dylib+0x669d]  objc_msgSend+0x1d
#
# Failed to write core dump. Core dumps have been disabled. To enable core dumping, try "ulimit -c unlimited" before starting Java again
#
# If you would like to submit a bug report, please visit:
#   http://bugreport.java.com/bugreport/crash.jsp
# The crash happened outside the Java Virtual Machine in native code.
# See problematic frame for where to report the bug.
#

---------------  T H R E A D  ---------------

Current thread (0x00007f82b28aa800):  JavaThread "AWT-AppKit" daemon [_thread_in_native, id=775, stack(0x00007ffee5363000,0x00007ffee5b63000)]

siginfo: si_signo: 11 (SIGSEGV), si_code: 1 (SEGV_MAPERR), si_addr: 0x000007f82b4f4600

Registers:
RAX=0x00007f82b4e20b40, RBX=0x000000012aa78450, RCX=0x0000000000000001, RDX=0x0000000000000000
RSP=0x00007ffee5b5e1c8, RBP=0x00007ffee5b5e280, RSI=0x00007fff2eae8537, RDI=0x00007f82af6b44d0
R8 =0x000000002b0f00b4, R9 =0x00000000ffefffff, R10=0x000007f82b4f45e8, R11=0x00007fff2eae8537
R12=0x0000000000000000, R13=0x000000015a679b98, R14=0x000000012aa78440, R15=0x00007f82b28aa800
RIP=0x00007fff5b0eb69d, EFLAGS=0x0000000000010206, ERR=0x0000000000000004
  TRAPNO=0x000000000000000e

Top of Stack: (sp=0x00007ffee5b5e1c8)
0x00007ffee5b5e1c8:   000000012aa76157 00007ffee5b5e220
0x00007ffee5b5e1d8:   0000000000000003 00007ffee5b5e200
0x00007ffee5b5e1e8:   000000010b3432b2 000000015a679b98
0x00007ffee5b5e1f8:   000000015a679b98 00007f82b4e20b40
0x00007ffee5b5e208:   000000012aa786a0 000000012aa78710
0x00007ffee5b5e218:   00007fff8bb13838 00007fff8d1ed088
0x00007ffee5b5e228:   000000012aa78450 000000012aa78690
0x00007ffee5b5e238:   00007f82b4e20b40 00007f82af6b44d0
0x00007ffee5b5e248:   00007f82af72ce50 00007f82b4e20b40
0x00007ffee5b5e258:   00007f82af6b44d0 00007ffee5b5e308
0x00007ffee5b5e268:   00007f82b28aa9e0 000000015a679b98
0x00007ffee5b5e278:   00007ffee5b5e330 00007ffee5b5e2f8
0x00007ffee5b5e288:   000000010ec6c407 000000015a679b98
0x00007ffee5b5e298:   00007ffee5b5e330 00007ffee5b5e2f8
0x00007ffee5b5e2a8:   000000010ec6c167 000000010ec6c122
0x00007ffee5b5e2b8:   00007ffee5b5e2b8 000000015a679b98
0x00007ffee5b5e2c8:   00007ffee5b5e330 000000015a67c7d0
0x00007ffee5b5e2d8:   0000000000000000 000000015a679b98
0x00007ffee5b5e2e8:   0000000000000000 00007ffee5b5e318
0x00007ffee5b5e2f8:   00007ffee5b5e378 000000010ec5bffd
0x00007ffee5b5e308:   00000006c0512578 000000010ec65a58
0x00007ffee5b5e318:   00007f82b4e20b40 00007ffee5b5e378
0x00007ffee5b5e328:   00007f82af6b44d0 000000010ec674c2
0x00007ffee5b5e338:   00007ffee5b5e338 000000015a679d62
0x00007ffee5b5e348:   00007ffee5b5e3a0 000000015a67c7d0
0x00007ffee5b5e358:   0000000000000000 000000015a679d70
0x00007ffee5b5e368:   00007ffee5b5e318 00007ffee5b5e388
0x00007ffee5b5e378:   00007ffee5b5e3e8 000000010ec5bffd
0x00007ffee5b5e388:   00007f82b4e20b40 00000006c076f8d0
0x00007ffee5b5e398:   00007f82af6b44d0 00000006c076f8d0
0x00007ffee5b5e3a8:   00007ffee5b5e3a8 000000016156f07e
0x00007ffee5b5e3b8:   00007ffee5b5e3f8 000000016156f138 

Instructions: (pc=0x00007fff5b0eb69d)
0x00007fff5b0eb67d:   0f 1f 00 48 85 ff 2e 74 62 40 f6 c7 01 2e 75 66
0x00007fff5b0eb68d:   49 ba f8 ff ff ff ff 7f 00 00 4c 23 17 49 89 f3
0x00007fff5b0eb69d:   45 23 5a 18 49 c1 e3 04 4d 03 5a 10 49 3b 33 75
0x00007fff5b0eb6ad:   04 41 ff 63 08 49 83 3b 01 76 0d 49 83 c3 10 49 

Register to memory mapping:

RAX=0x00007f82b4e20b40 is an unknown value
RBX=0x000000012aa78450: Java_jogamp_nativewindow_macosx_OSXUtil_GetScreenRefreshRate0+0x1cf0 in /private/var/folders/pt/gmp3zg_n0fv1_5_mkh2b9j80003h5j/T/jogamp_0000/file_cache/jln4181697963191770771/jln4225064906415186332/libnativewindow_macosx.jnilib at 0x000000012aa71000
RCX=0x0000000000000001 is an unknown value
RDX=0x0000000000000000 is an unknown value
RSP=0x00007ffee5b5e1c8 is pointing into the stack for thread: 0x00007f82b28aa800
RBP=0x00007ffee5b5e280 is pointing into the stack for thread: 0x00007f82b28aa800
RSI=0x00007fff2eae8537: GCC_except_table7+0x9e9b in /System/Library/Frameworks/AppKit.framework/Versions/C/AppKit at 0x00007fff2df41000
RDI=0x00007f82af6b44d0 is an unknown value
R8 =0x000000002b0f00b4 is an unknown value
R9 =0x00000000ffefffff is an unknown value
R10=0x000007f82b4f45e8 is an unknown value
R11=0x00007fff2eae8537: GCC_except_table7+0x9e9b in /System/Library/Frameworks/AppKit.framework/Versions/C/AppKit at 0x00007fff2df41000
R12=0x0000000000000000 is an unknown value
R13={method} {0x000000015a679b98} 'UnsetJAWTRootSurfaceLayer0' '(JJ)V' in 'jogamp/nativewindow/jawt/macosx/MacOSXJAWTWindow'
R14=0x000000012aa78440: Java_jogamp_nativewindow_macosx_OSXUtil_GetScreenRefreshRate0+0x1ce0 in /private/var/folders/pt/gmp3zg_n0fv1_5_mkh2b9j80003h5j/T/jogamp_0000/file_cache/jln4181697963191770771/jln4225064906415186332/libnativewindow_macosx.jnilib at 0x000000012aa71000
R15=0x00007f82b28aa800 is a thread


Stack: [0x00007ffee5363000,0x00007ffee5b63000],  sp=0x00007ffee5b5e1c8,  free space=8172k
Native frames: (J=compiled Java code, j=interpreted, Vv=VM code, C=native code)
C  [libobjc.A.dylib+0x669d]  objc_msgSend+0x1d
j  jogamp.nativewindow.jawt.macosx.MacOSXJAWTWindow.UnsetJAWTRootSurfaceLayer0(JJ)V+0
j  jogamp.nativewindow.jawt.macosx.MacOSXJAWTWindow.access$200(JJ)V+2
j  jogamp.nativewindow.jawt.macosx.MacOSXJAWTWindow$1.run()V+38
J 2329 C1 com.jogamp.common.util.RunnableTask.run()V (345 bytes) @ 0x000000010f612ef4 [0x000000010f612d60+0x194]
v  ~StubRoutines::call_stub
V  [libjvm.dylib+0x2e3fa7]
V  [libjvm.dylib+0x2ff139]
V  [libjvm.dylib+0x2f13d1]
C  [libnativewindow_macosx.jnilib+0x5326]  Java_jogamp_nativewindow_jawt_macosx_MacOSXJAWTWindow_UnsetJAWTRootSurfaceLayer0+0x2b6
C  [Foundation+0xb0302]  __NSThreadPerformPerform+0x148
C  [CoreFoundation+0x57e33]  __CFRUNLOOP_IS_CALLING_OUT_TO_A_SOURCE0_PERFORM_FUNCTION__+0x11
C  [CoreFoundation+0x57dd9]  __CFRunLoopDoSource0+0x6c
C  [CoreFoundation+0x3b7f3]  __CFRunLoopDoSources0+0x11b
C  [CoreFoundation+0x3ad65]  __CFRunLoopRun+0x4a5
C  [CoreFoundation+0x3a66e]  CFRunLoopRunSpecific+0x1c7
C  [HIToolbox+0xb1ab]  RunCurrentEventLoopInMode+0x124
C  [HIToolbox+0xaded]  ReceiveNextEventCommon+0x163
C  [HIToolbox+0xac76]  _BlockUntilNextEventMatchingListInModeWithFilter+0x40
C  [AppKit+0x1a77d]  _DPSNextEvent+0x46f
C  [AppKit+0x1946b]  -[NSApplication(NSEvent) _nextEventMatchingEventMask:untilDate:inMode:dequeue:]+0x551
C  [libosxapp.dylib+0x2328]  -[NSApplicationAWT nextEventMatchingMask:untilDate:inMode:dequeue:]+0x7c
C  [AppKit+0x13588]  -[NSApplication run]+0x2bb
C  [libosxapp.dylib+0x1f72]  +[NSApplicationAWT runAWTLoopWithApp:]+0x9c
C  [libawt_lwawt.dylib+0x4711f]  -[AWTStarter starter:]+0x389
C  [Foundation+0xb0302]  __NSThreadPerformPerform+0x148
C  [CoreFoundation+0x57e33]  __CFRUNLOOP_IS_CALLING_OUT_TO_A_SOURCE0_PERFORM_FUNCTION__+0x11
C  [CoreFoundation+0x57dd9]  __CFRunLoopDoSource0+0x6c
C  [CoreFoundation+0x3b79b]  __CFRunLoopDoSources0+0xc3
C  [CoreFoundation+0x3ad65]  __CFRunLoopRun+0x4a5
C  [CoreFoundation+0x3a66e]  CFRunLoopRunSpecific+0x1c7
C  [java+0x646e]  CreateExecutionEnvironment+0x367
C  [java+0x203c]  JLI_Launch+0x7a0
C  [java+0x84d2]  main+0x6c
C  [java+0x1894]  start+0x34
C  0x0000000000000007

Java frames: (J=compiled Java code, j=interpreted, Vv=VM code)
j  jogamp.nativewindow.jawt.macosx.MacOSXJAWTWindow.UnsetJAWTRootSurfaceLayer0(JJ)V+0
j  jogamp.nativewindow.jawt.macosx.MacOSXJAWTWindow.access$200(JJ)V+2
j  jogamp.nativewindow.jawt.macosx.MacOSXJAWTWindow$1.run()V+38
J 2329 C1 com.jogamp.common.util.RunnableTask.run()V (345 bytes) @ 0x000000010f612ef4 [0x000000010f612d60+0x194]
v  ~StubRoutines::call_stub

---------------  P R O C E S S  ---------------

Java Threads: ( => current thread )
  0x00007f82b6ef9800 JavaThread "Thread-44" [_thread_blocked, id=4427, stack(0x000070000963d000,0x000070000973d000)]
  0x00007f82b1cfd000 JavaThread "AWT-EventQueue-1" [_thread_blocked, id=62747, stack(0x00007000094b7000,0x00007000095b7000)]
  0x00007f82afa82000 JavaThread "DestroyJavaVM" [_thread_blocked, id=10243, stack(0x0000700007754000,0x0000700007854000)]
  0x00007f82b2953000 JavaThread "AWT-EventQueue-0" [_thread_blocked, id=71451, stack(0x000070000922e000,0x000070000932e000)]
  0x00007f82b2081800 JavaThread "Java2D Disposer" daemon [_thread_blocked, id=74019, stack(0x0000700008fa5000,0x00007000090a5000)]
  0x00007f82b2905000 JavaThread "Java2D Queue Flusher" daemon [_thread_blocked, id=76047, stack(0x0000700008ea2000,0x0000700008fa2000)]
  0x00007f82b1873000 JavaThread "AWT-Shutdown" [_thread_blocked, id=38187, stack(0x0000700008a8d000,0x0000700008b8d000)]
=>0x00007f82b28aa800 JavaThread "AWT-AppKit" daemon [_thread_in_native, id=775, stack(0x00007ffee5363000,0x00007ffee5b63000)]
  0x00007f82b3802000 JavaThread "Service Thread" daemon [_thread_blocked, id=16387, stack(0x0000700008887000,0x0000700008987000)]
  0x00007f82b3801800 JavaThread "C1 CompilerThread3" daemon [_thread_blocked, id=16643, stack(0x0000700008784000,0x0000700008884000)]
  0x00007f82b182d000 JavaThread "C2 CompilerThread2" daemon [_thread_blocked, id=16899, stack(0x0000700008681000,0x0000700008781000)]
  0x00007f82b2802000 JavaThread "C2 CompilerThread1" daemon [_thread_blocked, id=17411, stack(0x000070000857e000,0x000070000867e000)]
  0x00007f82b1821800 JavaThread "C2 CompilerThread0" daemon [_thread_blocked, id=17667, stack(0x000070000847b000,0x000070000857b000)]
  0x00007f82b0006800 JavaThread "Signal Dispatcher" daemon [_thread_blocked, id=14595, stack(0x0000700008378000,0x0000700008478000)]
  0x00007f82b1011800 JavaThread "Finalizer" daemon [_thread_blocked, id=12803, stack(0x0000700008275000,0x0000700008375000)]
  0x00007f82b001f800 JavaThread "Reference Handler" daemon [_thread_blocked, id=19459, stack(0x0000700008172000,0x0000700008272000)]

Other Threads:
  0x00007f82b001f000 VMThread [stack: 0x000070000806f000,0x000070000816f000] [id=19715]
  0x00007f82b3803000 WatcherThread [stack: 0x000070000898a000,0x0000700008a8a000] [id=15875]

VM state:not at safepoint (normal execution)

VM Mutex/Monitor currently owned by a thread: None

heap address: 0x00000006c0000000, size: 4096 MB, Compressed Oops mode: Zero based, Oop shift amount: 3
Narrow klass base: 0x0000000000000000, Narrow klass shift: 3
Compressed class space size: 1073741824 Address: 0x00000007c0000000

Heap:
 PSYoungGen      total 137216K, used 88317K [0x000000076ab00000, 0x0000000773c80000, 0x00000007c0000000)
  eden space 126464K, 61% used [0x000000076ab00000,0x000000076f6c07f8,0x0000000772680000)
  from space 10752K, 99% used [0x0000000773200000,0x0000000773c7ef10,0x0000000773c80000)
  to   space 10752K, 0% used [0x0000000772780000,0x0000000772780000,0x0000000773200000)
 ParOldGen       total 90624K, used 25512K [0x00000006c0000000, 0x00000006c5880000, 0x000000076ab00000)
  object space 90624K, 28% used [0x00000006c0000000,0x00000006c18ea2a8,0x00000006c5880000)
 Metaspace       used 25798K, capacity 26177K, committed 26496K, reserved 1073152K
  class space    used 1976K, capacity 2086K, committed 2176K, reserved 1048576K

Card table byte_map: [0x000000010c0f6000,0x000000010c8f7000] byte_map_base: 0x0000000108af6000

Marking Bits: (ParMarkBitMap*) 0x000000010ba9f5b0
 Begin Bits: [0x000000011dc54000, 0x0000000121c54000)
 End Bits:   [0x0000000121c54000, 0x0000000125c54000)

Polling page: 0x000000010a167000

CodeCache: size=245760Kb used=10163Kb max_used=10500Kb free=235596Kb
 bounds [0x000000010ec54000, 0x000000010f6a4000, 0x000000011dc54000]
 total_blobs=3303 nmethods=2393 adapters=824
 compilation: enabled

Compilation events (10 events):
Event: 14.858 Thread 0x00007f82b3801800 nmethod 2521 0x000000010edbe810 code [0x000000010edbe960, 0x000000010edbea70]
Event: 14.887 Thread 0x00007f82b3801800 2522       3       sun.lwawt.LWComponentPeer::getLocationOnScreen (41 bytes)
Event: 14.888 Thread 0x00007f82b3801800 nmethod 2522 0x000000010eecb310 code [0x000000010eecb500, 0x000000010eecbea8]
Event: 14.888 Thread 0x00007f82b3801800 2524       3       sun.java2d.pipe.RenderBuffer::putFloat (26 bytes)
Event: 14.888 Thread 0x00007f82b3801800 nmethod 2524 0x000000010ed87e10 code [0x000000010ed87f80, 0x000000010ed88110]
Event: 14.888 Thread 0x00007f82b3801800 2523       3       sun.lwawt.LWWindowPeer::getLocationOnScreen (10 bytes)
Event: 14.889 Thread 0x00007f82b3801800 nmethod 2523 0x000000010edd9dd0 code [0x000000010edd9f60, 0x000000010edda2f0]
Event: 14.901 Thread 0x00007f82b3801800 2525       3       java.lang.ThreadLocal::setInitialValue (36 bytes)
Event: 14.902 Thread 0x00007f82b3801800 nmethod 2525 0x000000010edcbd90 code [0x000000010edcbf40, 0x000000010edcc3f8]
Event: 14.902 Thread 0x00007f82b3801800 2527       3       jdk.internal.org.objectweb.asm.MethodWriter::<init> (268 bytes)

GC Heap History (10 events):
Event: 3.548 GC heap before
{Heap before GC invocations=1 (full 0):
 PSYoungGen      total 76288K, used 65536K [0x000000076ab00000, 0x0000000770000000, 0x00000007c0000000)
  eden space 65536K, 100% used [0x000000076ab00000,0x000000076eb00000,0x000000076eb00000)
  from space 10752K, 0% used [0x000000076f580000,0x000000076f580000,0x0000000770000000)
  to   space 10752K, 0% used [0x000000076eb00000,0x000000076eb00000,0x000000076f580000)
 ParOldGen       total 175104K, used 0K [0x00000006c0000000, 0x00000006cab00000, 0x000000076ab00000)
  object space 175104K, 0% used [0x00000006c0000000,0x00000006c0000000,0x00000006cab00000)
 Metaspace       used 18350K, capacity 18699K, committed 18944K, reserved 1067008K
  class space    used 1838K, capacity 1954K, committed 2048K, reserved 1048576K
Event: 3.557 GC heap after
Heap after GC invocations=1 (full 0):
 PSYoungGen      total 76288K, used 10725K [0x000000076ab00000, 0x0000000770000000, 0x00000007c0000000)
  eden space 65536K, 0% used [0x000000076ab00000,0x000000076ab00000,0x000000076eb00000)
  from space 10752K, 99% used [0x000000076eb00000,0x000000076f579510,0x000000076f580000)
  to   space 10752K, 0% used [0x000000076f580000,0x000000076f580000,0x0000000770000000)
 ParOldGen       total 175104K, used 5343K [0x00000006c0000000, 0x00000006cab00000, 0x000000076ab00000)
  object space 175104K, 3% used [0x00000006c0000000,0x00000006c0537fb0,0x00000006cab00000)
 Metaspace       used 18350K, capacity 18699K, committed 18944K, reserved 1067008K
  class space    used 1838K, capacity 1954K, committed 2048K, reserved 1048576K
}
Event: 3.580 GC heap before
{Heap before GC invocations=2 (full 0):
 PSYoungGen      total 76288K, used 24045K [0x000000076ab00000, 0x0000000770000000, 0x00000007c0000000)
  eden space 65536K, 20% used [0x000000076ab00000,0x000000076b8020b8,0x000000076eb00000)
  from space 10752K, 99% used [0x000000076eb00000,0x000000076f579510,0x000000076f580000)
  to   space 10752K, 0% used [0x000000076f580000,0x000000076f580000,0x0000000770000000)
 ParOldGen       total 175104K, used 5343K [0x00000006c0000000, 0x00000006cab00000, 0x000000076ab00000)
  object space 175104K, 3% used [0x00000006c0000000,0x00000006c0537fb0,0x00000006cab00000)
 Metaspace       used 20768K, capacity 21088K, committed 21248K, reserved 1069056K
  class space    used 1838K, capacity 1954K, committed 2048K, reserved 1048576K
Event: 3.587 GC heap after
Heap after GC invocations=2 (full 0):
 PSYoungGen      total 76288K, used 10739K [0x000000076ab00000, 0x0000000774000000, 0x00000007c0000000)
  eden space 65536K, 0% used [0x000000076ab00000,0x000000076ab00000,0x000000076eb00000)
  from space 10752K, 99% used [0x000000076f580000,0x000000076fffcd50,0x0000000770000000)
  to   space 10752K, 0% used [0x000000076eb00000,0x000000076eb00000,0x000000076f580000)
 ParOldGen       total 175104K, used 7775K [0x00000006c0000000, 0x00000006cab00000, 0x000000076ab00000)
  object space 175104K, 4% used [0x00000006c0000000,0x00000006c0797c10,0x00000006cab00000)
 Metaspace       used 20768K, capacity 21088K, committed 21248K, reserved 1069056K
  class space    used 1838K, capacity 1954K, committed 2048K, reserved 1048576K
}
Event: 3.587 GC heap before
{Heap before GC invocations=3 (full 1):
 PSYoungGen      total 76288K, used 10739K [0x000000076ab00000, 0x0000000774000000, 0x00000007c0000000)
  eden space 65536K, 0% used [0x000000076ab00000,0x000000076ab00000,0x000000076eb00000)
  from space 10752K, 99% used [0x000000076f580000,0x000000076fffcd50,0x0000000770000000)
  to   space 10752K, 0% used [0x000000076eb00000,0x000000076eb00000,0x000000076f580000)
 ParOldGen       total 175104K, used 7775K [0x00000006c0000000, 0x00000006cab00000, 0x000000076ab00000)
  object space 175104K, 4% used [0x00000006c0000000,0x00000006c0797c10,0x00000006cab00000)
 Metaspace       used 20768K, capacity 21088K, committed 21248K, reserved 1069056K
  class space    used 1838K, capacity 1954K, committed 2048K, reserved 1048576K
Event: 3.607 GC heap after
Heap after GC invocations=3 (full 1):
 PSYoungGen      total 76288K, used 0K [0x000000076ab00000, 0x0000000774000000, 0x00000007c0000000)
  eden space 65536K, 0% used [0x000000076ab00000,0x000000076ab00000,0x000000076eb00000)
  from space 10752K, 0% used [0x000000076f580000,0x000000076f580000,0x0000000770000000)
  to   space 10752K, 0% used [0x000000076eb00000,0x000000076eb00000,0x000000076f580000)
 ParOldGen       total 90624K, used 15683K [0x00000006c0000000, 0x00000006c5880000, 0x000000076ab00000)
  object space 90624K, 17% used [0x00000006c0000000,0x00000006c0f50d28,0x00000006c5880000)
 Metaspace       used 20768K, capacity 21088K, committed 21248K, reserved 1069056K
  class space    used 1838K, capacity 1954K, committed 2048K, reserved 1048576K
}
Event: 5.791 GC heap before
{Heap before GC invocations=4 (full 1):
 PSYoungGen      total 76288K, used 65536K [0x000000076ab00000, 0x0000000774000000, 0x00000007c0000000)
  eden space 65536K, 100% used [0x000000076ab00000,0x000000076eb00000,0x000000076eb00000)
  from space 10752K, 0% used [0x000000076f580000,0x000000076f580000,0x0000000770000000)
  to   space 10752K, 0% used [0x000000076eb00000,0x000000076eb00000,0x000000076f580000)
 ParOldGen       total 90624K, used 15683K [0x00000006c0000000, 0x00000006c5880000, 0x000000076ab00000)
  object space 90624K, 17% used [0x00000006c0000000,0x00000006c0f50d28,0x00000006c5880000)
 Metaspace       used 25140K, capacity 25491K, committed 25728K, reserved 1073152K
  class space    used 1959K, capacity 2051K, committed 2176K, reserved 1048576K
Event: 5.796 GC heap after
Heap after GC invocations=4 (full 1):
 PSYoungGen      total 76288K, used 10729K [0x000000076ab00000, 0x0000000773c80000, 0x00000007c0000000)
  eden space 65536K, 0% used [0x000000076ab00000,0x000000076ab00000,0x000000076eb00000)
  from space 10752K, 99% used [0x000000076eb00000,0x000000076f57a6b0,0x000000076f580000)
  to   space 10752K, 0% used [0x0000000773200000,0x0000000773200000,0x0000000773c80000)
 ParOldGen       total 90624K, used 18350K [0x00000006c0000000, 0x00000006c5880000, 0x000000076ab00000)
  object space 90624K, 20% used [0x00000006c0000000,0x00000006c11eb870,0x00000006c5880000)
 Metaspace       used 25140K, capacity 25491K, committed 25728K, reserved 1073152K
  class space    used 1959K, capacity 2051K, committed 2176K, reserved 1048576K
}
Event: 7.488 GC heap before
{Heap before GC invocations=5 (full 1):
 PSYoungGen      total 76288K, used 76076K [0x000000076ab00000, 0x0000000773c80000, 0x00000007c0000000)
  eden space 65536K, 99% used [0x000000076ab00000,0x000000076ead0b10,0x000000076eb00000)
  from space 10752K, 99% used [0x000000076eb00000,0x000000076f57a6b0,0x000000076f580000)
  to   space 10752K, 0% used [0x0000000773200000,0x0000000773200000,0x0000000773c80000)
 ParOldGen       total 90624K, used 18350K [0x00000006c0000000, 0x00000006c5880000, 0x000000076ab00000)
  object space 90624K, 20% used [0x00000006c0000000,0x00000006c11eb870,0x00000006c5880000)
 Metaspace       used 25379K, capacity 25747K, committed 25984K, reserved 1073152K
  class space    used 1961K, capacity 2051K, committed 2176K, reserved 1048576K
Event: 7.497 GC heap after
Heap after GC invocations=5 (full 1):
 PSYoungGen      total 137216K, used 10747K [0x000000076ab00000, 0x0000000773c80000, 0x00000007c0000000)
  eden space 126464K, 0% used [0x000000076ab00000,0x000000076ab00000,0x0000000772680000)
  from space 10752K, 99% used [0x0000000773200000,0x0000000773c7ef10,0x0000000773c80000)
  to   space 10752K, 0% used [0x0000000772780000,0x0000000772780000,0x0000000773200000)
 ParOldGen       total 90624K, used 25512K [0x00000006c0000000, 0x00000006c5880000, 0x000000076ab00000)
  object space 90624K, 28% used [0x00000006c0000000,0x00000006c18ea2a8,0x00000006c5880000)
 Metaspace       used 25379K, capacity 25747K, committed 25984K, reserved 1073152K
  class space    used 1961K, capacity 2051K, committed 2176K, reserved 1048576K
}

Deoptimization events (10 events):
Event: 4.296 Thread 0x00007f82b024c000 Uncommon trap: reason=unstable_if action=reinterpret pc=0x000000010efd3b20 method=sun.nio.fs.UnixPath.normalizeAndCheck(Ljava/lang/String;)Ljava/lang/String; @ 61
Event: 4.374 Thread 0x00007f82b2000800 Uncommon trap: reason=unstable_if action=reinterpret pc=0x000000010f0d47a0 method=java.lang.Long.numberOfTrailingZeros(J)I @ 17
Event: 4.407 Thread 0x00007f82b1cfd000 Uncommon trap: reason=unstable_if action=reinterpret pc=0x000000010f15932c method=java.util.Vector.indexOf(Ljava/lang/Object;I)I @ 41
Event: 7.473 Thread 0x00007f82b69c1800 Uncommon trap: reason=unstable_if action=reinterpret pc=0x000000010f45f268 method=org.sqlite.SQLite.run_0x12400()V @ 359
Event: 14.856 Thread 0x00007f82b1cfd000 Uncommon trap: reason=unstable_if action=reinterpret pc=0x000000010f460868 method=com.jogamp.common.util.VersionNumber.compareTo(Lcom/jogamp/common/util/VersionNumber;)I @ 21
Event: 14.858 Thread 0x00007f82b2942000 Uncommon trap: reason=unstable_if action=reinterpret pc=0x000000010f68f01c method=java.security.AccessControlContext.combine([Ljava/security/ProtectionDomain;[Ljava/security/ProtectionDomain;)[Ljava/security/ProtectionDomain; @ 151
Event: 14.887 Thread 0x00007f82b2942000 Uncommon trap: reason=unstable_if action=reinterpret pc=0x000000010f181878 method=java.util.HashMap.putVal(ILjava/lang/Object;Ljava/lang/Object;ZZ)Ljava/lang/Object; @ 81
Event: 14.887 Thread 0x00007f82b2942000 Uncommon trap: reason=unstable_if action=reinterpret pc=0x000000010f182584 method=java.util.HashMap.putVal(ILjava/lang/Object;Ljava/lang/Object;ZZ)Ljava/lang/Object; @ 81
Event: 14.900 Thread 0x00007f82b1cfd000 Uncommon trap: reason=unstable_if action=reinterpret pc=0x000000010f438d64 method=java.security.AccessControlContext.combine([Ljava/security/ProtectionDomain;[Ljava/security/ProtectionDomain;)[Ljava/security/ProtectionDomain; @ 151
Event: 14.901 Thread 0x00007f82b6ef9800 Uncommon trap: reason=predicate action=maybe_recompile pc=0x000000010f658e88 method=java.util.Vector.indexOf(Ljava/lang/Object;I)I @ 44

Classes redefined (0 events):
No events

Internal exceptions (10 events):
Event: 0.412 Thread 0x00007f82b2000800 Exception <a 'java/io/FileNotFoundException'> (0x000000076ae301f8) thrown at [/Users/jenkins/workspace/build-scripts/jobs/jdk8u/jdk8u-mac-x64-hotspot/workspace/build/src/hotspot/src/share/vm/prims/jni.cpp, line 710]
Event: 1.314 Thread 0x00007f82b28aa800 Exception <a 'java/lang/ClassNotFoundException': sun/dc/DuctusRenderingEngine> (0x000000076aedfab8) thrown at [/Users/jenkins/workspace/build-scripts/jobs/jdk8u/jdk8u-mac-x64-hotspot/workspace/build/src/hotspot/src/share/vm/classfile/systemDictionary.cpp,
Event: 1.378 Thread 0x00007f82b2000800 Exception <a 'java/io/FileNotFoundException'> (0x000000076aeb9120) thrown at [/Users/jenkins/workspace/build-scripts/jobs/jdk8u/jdk8u-mac-x64-hotspot/workspace/build/src/hotspot/src/share/vm/prims/jni.cpp, line 710]
Event: 2.540 Thread 0x00007f82b2a48000 Exception <a 'java/lang/UnsatisfiedLinkError': com.jogamp.common.util.JarUtil.fixNativeLibAttribs(Ljava/lang/String;)Z> (0x000000076c5fc738) thrown at [/Users/jenkins/workspace/build-scripts/jobs/jdk8u/jdk8u-mac-x64-hotspot/workspace/build/src/hotspot/src
Event: 3.402 Thread 0x00007f82b1cfd000 Exception <a 'java/io/FileNotFoundException'> (0x000000076d6ea730) thrown at [/Users/jenkins/workspace/build-scripts/jobs/jdk8u/jdk8u-mac-x64-hotspot/workspace/build/src/hotspot/src/share/vm/prims/jni.cpp, line 710]
Event: 3.403 Thread 0x00007f82b1cfd000 Exception <a 'java/io/FileNotFoundException'> (0x000000076d6f25b8) thrown at [/Users/jenkins/workspace/build-scripts/jobs/jdk8u/jdk8u-mac-x64-hotspot/workspace/build/src/hotspot/src/share/vm/prims/jni.cpp, line 710]
Event: 3.403 Thread 0x00007f82b1cfd000 Implicit null exception at 0x000000010ee341b6 to 0x000000010ee345a9
Event: 3.495 Thread 0x00007f82b1cfd000 Implicit null exception at 0x000000010f0279c6 to 0x000000010f027c0d
Event: 3.519 Thread 0x00007f82b587c000 Implicit null exception at 0x000000010ee3a7f5 to 0x000000010ee3abb5
Event: 3.559 Thread 0x00007f82b1011800 Exception <a 'java/lang/NullPointerException'> (0x000000076ad03418) thrown at [/Users/jenkins/workspace/build-scripts/jobs/jdk8u/jdk8u-mac-x64-hotspot/workspace/build/src/hotspot/src/share/vm/interpreter/linkResolver.cpp, line 1185]

Events (10 events):
Event: 14.900 loading class java/awt/event/AWTEventListenerProxy
Event: 14.900 loading class java/awt/event/AWTEventListenerProxy done
Event: 14.900 loading class java/awt/Toolkit$ToolkitEventMulticaster
Event: 14.901 loading class java/awt/Toolkit$ToolkitEventMulticaster done
Event: 14.901 Thread 0x00007f82b2942000 Thread exited: 0x00007f82b2942000
Event: 14.901 Thread 0x00007f82b6ef9800 Uncommon trap: trap_request=0xffffff86 fr.pc=0x000000010f658e88
Event: 14.901 Thread 0x00007f82b6ef9800 DEOPT PACKING pc=0x000000010f658e88 sp=0x000070000973c850
Event: 14.901 Thread 0x00007f82b6ef9800 DEOPT UNPACKING pc=0x000000010ec9947a sp=0x000070000973c768 mode 2
Event: 14.901 loading class java/awt/Window$1DisposeAction
Event: 14.901 loading class java/awt/Window$1DisposeAction done


Dynamic libraries:
0x00007fff300b6000 	/System/Library/Frameworks/Cocoa.framework/Versions/A/Cocoa
0x00007fff3be64000 	/System/Library/Frameworks/Security.framework/Versions/A/Security
0x00007fff2ed48000 	/System/Library/Frameworks/ApplicationServices.framework/Versions/A/ApplicationServices
0x00007fff5bf55000 	/usr/lib/libz.1.dylib
0x00007fff598ac000 	/usr/lib/libSystem.B.dylib
0x00007fff5b0e5000 	/usr/lib/libobjc.A.dylib
0x00007fff32baf000 	/System/Library/Frameworks/Foundation.framework/Versions/C/Foundation
0x00007fff3092b000 	/System/Library/Frameworks/CoreFoundation.framework/Versions/A/CoreFoundation
0x000000010a0ba000 	/Library/Application Support/Cylance/Desktop/CyMemDef.dylib
0x00007fff2df41000 	/System/Library/Frameworks/AppKit.framework/Versions/C/AppKit
0x00007fff304b4000 	/System/Library/Frameworks/CoreData.framework/Versions/A/CoreData
0x00007fff53371000 	/System/Library/PrivateFrameworks/RemoteViewServices.framework/Versions/A/RemoteViewServices
0x00007fff575e8000 	/System/Library/PrivateFrameworks/UIFoundation.framework/Versions/A/UIFoundation
0x00007fff58ccd000 	/System/Library/PrivateFrameworks/XCTTargetBootstrap.framework/Versions/A/XCTTargetBootstrap
0x00007fff3083a000 	/System/Library/Frameworks/CoreDisplay.framework/Versions/A/CoreDisplay
0x00007fff4e0ab000 	/System/Library/PrivateFrameworks/IconServices.framework/Versions/A/IconServices
0x00007fff354d1000 	/System/Library/Frameworks/Metal.framework/Versions/A/Metal
0x00007fff455ef000 	/System/Library/PrivateFrameworks/DesktopServicesPriv.framework/Versions/A/DesktopServicesPriv
0x00007fff5a448000 	/usr/lib/libenergytrace.dylib
0x00007fff55acf000 	/System/Library/PrivateFrameworks/SkyLight.framework/Versions/A/SkyLight
0x00007fff30d72000 	/System/Library/Frameworks/CoreGraphics.framework/Versions/A/CoreGraphics
0x00007fff2cd0d000 	/System/Library/Frameworks/Accelerate.framework/Versions/A/Accelerate
0x00007fff332f8000 	/System/Library/Frameworks/IOSurface.framework/Versions/A/IOSurface
0x00007fff4545b000 	/System/Library/PrivateFrameworks/DFRFoundation.framework/Versions/A/DFRFoundation
0x00007fff2f22b000 	/System/Library/Frameworks/AudioToolbox.framework/Versions/A/AudioToolbox
0x00007fff2f4a4000 	/System/Library/Frameworks/AudioUnit.framework/Versions/A/AudioUnit
0x00007fff454f0000 	/System/Library/PrivateFrameworks/DataDetectorsCore.framework/Versions/A/DataDetectorsCore
0x00007fff2fbb9000 	/System/Library/Frameworks/Carbon.framework/Versions/A/Frameworks/HIToolbox.framework/Versions/A/HIToolbox
0x00007fff5a5a1000 	/usr/lib/libicucore.A.dylib
0x00007fff3b3d7000 	/System/Library/Frameworks/QuartzCore.framework/Versions/A/QuartzCore
0x00007fff2ff8e000 	/System/Library/Frameworks/Carbon.framework/Versions/A/Frameworks/SpeechRecognition.framework/Versions/A/SpeechRecognition
0x00007fff59a00000 	/usr/lib/libauto.dylib
0x00007fff5be48000 	/usr/lib/libxml2.2.dylib
0x00007fff45036000 	/System/Library/PrivateFrameworks/CoreUI.framework/Versions/A/CoreUI
0x00007fff3039f000 	/System/Library/Frameworks/CoreAudio.framework/Versions/A/CoreAudio
0x00007fff329e4000 	/System/Library/Frameworks/DiskArbitration.framework/Versions/A/DiskArbitration
0x00007fff5a84f000 	/usr/lib/liblangid.dylib
0x00007fff4f4b6000 	/System/Library/PrivateFrameworks/MultitouchSupport.framework/Versions/A/MultitouchSupport
0x00007fff33267000 	/System/Library/Frameworks/IOKit.framework/Versions/A/IOKit
0x00007fff5946c000 	/usr/lib/libDiagnosticMessagesClient.dylib
0x00007fff31b82000 	/System/Library/Frameworks/CoreServices.framework/Versions/A/CoreServices
0x00007fff51170000 	/System/Library/PrivateFrameworks/PerformanceAnalysis.framework/Versions/A/PerformanceAnalysis
0x00007fff3a5be000 	/System/Library/Frameworks/OpenGL.framework/Versions/A/OpenGL
0x00007fff300c4000 	/System/Library/Frameworks/ColorSync.framework/Versions/A/ColorSync
0x00007fff31404000 	/System/Library/Frameworks/CoreImage.framework/Versions/A/CoreImage
0x00007fff3255a000 	/System/Library/Frameworks/CoreText.framework/Versions/A/CoreText
0x00007fff3335b000 	/System/Library/Frameworks/ImageIO.framework/Versions/A/ImageIO
0x00007fff41688000 	/System/Library/PrivateFrameworks/Backup.framework/Versions/A/Backup
0x00007fff59953000 	/usr/lib/libarchive.2.dylib
0x00007fff2f7fd000 	/System/Library/Frameworks/CFNetwork.framework/Versions/A/CFNetwork
0x00007fff3c5c0000 	/System/Library/Frameworks/SystemConfiguration.framework/Versions/A/SystemConfiguration
0x00007fff5939d000 	/usr/lib/libCRFSuite.dylib
0x00007fff59af1000 	/usr/lib/libc++.1.dylib
0x00007fff59b45000 	/usr/lib/libc++abi.dylib
0x00007fff5c74b000 	/usr/lib/system/libcache.dylib
0x00007fff5c750000 	/usr/lib/system/libcommonCrypto.dylib
0x00007fff5c75b000 	/usr/lib/system/libcompiler_rt.dylib
0x00007fff5c763000 	/usr/lib/system/libcopyfile.dylib
0x00007fff5c76d000 	/usr/lib/system/libcorecrypto.dylib
0x00007fff5c878000 	/usr/lib/system/libdispatch.dylib
0x00007fff5c8b2000 	/usr/lib/system/libdyld.dylib
0x00007fff5c8df000 	/usr/lib/system/libkeymgr.dylib
0x00007fff5c8ed000 	/usr/lib/system/liblaunch.dylib
0x00007fff5c8ee000 	/usr/lib/system/libmacho.dylib
0x00007fff5c8f4000 	/usr/lib/system/libquarantine.dylib
0x00007fff5c8f7000 	/usr/lib/system/libremovefile.dylib
0x00007fff5c8f9000 	/usr/lib/system/libsystem_asl.dylib
0x00007fff5c911000 	/usr/lib/system/libsystem_blocks.dylib
0x00007fff5c912000 	/usr/lib/system/libsystem_c.dylib
0x00007fff5c99a000 	/usr/lib/system/libsystem_configuration.dylib
0x00007fff5c99e000 	/usr/lib/system/libsystem_coreservices.dylib
0x00007fff5c9a2000 	/usr/lib/system/libsystem_darwin.dylib
0x00007fff5c9a9000 	/usr/lib/system/libsystem_dnssd.dylib
0x00007fff5c9b0000 	/usr/lib/system/libsystem_info.dylib
0x00007fff5ca25000 	/usr/lib/system/libsystem_m.dylib
0x00007fff5ca71000 	/usr/lib/system/libsystem_malloc.dylib
0x00007fff5ca9c000 	/usr/lib/system/libsystem_networkextension.dylib
0x00007fff5caa7000 	/usr/lib/system/libsystem_notify.dylib
0x00007fff5cac4000 	/usr/lib/system/libsystem_sandbox.dylib
0x00007fff5cac8000 	/usr/lib/system/libsystem_secinit.dylib
0x00007fff5c9fc000 	/usr/lib/system/libsystem_kernel.dylib
0x00007fff5caaf000 	/usr/lib/system/libsystem_platform.dylib
0x00007fff5cab9000 	/usr/lib/system/libsystem_pthread.dylib
0x00007fff5cacb000 	/usr/lib/system/libsystem_symptoms.dylib
0x00007fff5cad3000 	/usr/lib/system/libsystem_trace.dylib
0x00007fff5caea000 	/usr/lib/system/libunwind.dylib
0x00007fff5caf0000 	/usr/lib/system/libxpc.dylib
0x00007fff59ad2000 	/usr/lib/libbsm.0.dylib
0x00007fff5c8e0000 	/usr/lib/system/libkxld.dylib
0x00007fff40a79000 	/System/Library/PrivateFrameworks/AppleFSCompression.framework/Versions/A/AppleFSCompression
0x00007fff5976c000 	/usr/lib/libOpenScriptingUtil.dylib
0x00007fff59dfa000 	/usr/lib/libcoretls.dylib
0x00007fff59e11000 	/usr/lib/libcoretls_cfhelpers.dylib
0x00007fff5b87c000 	/usr/lib/libpam.2.dylib
0x00007fff5ba3c000 	/usr/lib/libsqlite3.dylib
0x00007fff5be36000 	/usr/lib/libxar.1.dylib
0x00007fff59ae3000 	/usr/lib/libbz2.1.0.dylib
0x00007fff5a851000 	/usr/lib/liblzma.5.dylib
0x00007fff5ad02000 	/usr/lib/libnetwork.dylib
0x00007fff5993c000 	/usr/lib/libapple_nghttp2.dylib
0x00007fff5b883000 	/usr/lib/libpcap.A.dylib
0x00007fff31f21000 	/System/Library/Frameworks/CoreServices.framework/Versions/A/Frameworks/FSEvents.framework/Versions/A/FSEvents
0x00007fff31c00000 	/System/Library/Frameworks/CoreServices.framework/Versions/A/Frameworks/CarbonCore.framework/Versions/A/CarbonCore
0x00007fff320dc000 	/System/Library/Frameworks/CoreServices.framework/Versions/A/Frameworks/Metadata.framework/Versions/A/Metadata
0x00007fff3217b000 	/System/Library/Frameworks/CoreServices.framework/Versions/A/Frameworks/OSServices.framework/Versions/A/OSServices
0x00007fff321c6000 	/System/Library/Frameworks/CoreServices.framework/Versions/A/Frameworks/SearchKit.framework/Versions/A/SearchKit
0x00007fff31b83000 	/System/Library/Frameworks/CoreServices.framework/Versions/A/Frameworks/AE.framework/Versions/A/AE
0x00007fff31f2a000 	/System/Library/Frameworks/CoreServices.framework/Versions/A/Frameworks/LaunchServices.framework/Versions/A/LaunchServices
0x00007fff31ed8000 	/System/Library/Frameworks/CoreServices.framework/Versions/A/Frameworks/DictionaryServices.framework/Versions/A/DictionaryServices
0x00007fff3222e000 	/System/Library/Frameworks/CoreServices.framework/Versions/A/Frameworks/SharedFileList.framework/Versions/A/SharedFileList
0x00007fff36599000 	/System/Library/Frameworks/NetFS.framework/Versions/A/NetFS
0x00007fff4f71c000 	/System/Library/PrivateFrameworks/NetAuth.framework/Versions/A/NetAuth
0x00007fff590d1000 	/System/Library/PrivateFrameworks/login.framework/Versions/A/Frameworks/loginsupport.framework/Versions/A/loginsupport
0x00007fff571f1000 	/System/Library/PrivateFrameworks/TCC.framework/Versions/A/TCC
0x00007fff44693000 	/System/Library/PrivateFrameworks/CoreNLP.framework/Versions/A/CoreNLP
0x00007fff4f1b1000 	/System/Library/PrivateFrameworks/MetadataUtilities.framework/Versions/A/MetadataUtilities
0x00007fff5a926000 	/usr/lib/libmecabra.dylib
0x00007fff2ed49000 	/System/Library/Frameworks/ApplicationServices.framework/Versions/A/Frameworks/ATS.framework/Versions/A/ATS
0x00007fff2f098000 	/System/Library/Frameworks/ApplicationServices.framework/Versions/A/Frameworks/ColorSyncLegacy.framework/Versions/A/ColorSyncLegacy
0x00007fff2f137000 	/System/Library/Frameworks/ApplicationServices.framework/Versions/A/Frameworks/HIServices.framework/Versions/A/HIServices
0x00007fff2f18a000 	/System/Library/Frameworks/ApplicationServices.framework/Versions/A/Frameworks/LangAnalysis.framework/Versions/A/LangAnalysis
0x00007fff2f19a000 	/System/Library/Frameworks/ApplicationServices.framework/Versions/A/Frameworks/PrintCore.framework/Versions/A/PrintCore
0x00007fff2f1e4000 	/System/Library/Frameworks/ApplicationServices.framework/Versions/A/Frameworks/QD.framework/Versions/A/QD
0x00007fff2f21e000 	/System/Library/Frameworks/ApplicationServices.framework/Versions/A/Frameworks/SpeechSynthesis.framework/Versions/A/SpeechSynthesis
0x00007fff59b6d000 	/usr/lib/libcompression.dylib
0x00007fff357a1000 	/System/Library/Frameworks/MetalPerformanceShaders.framework/Versions/A/MetalPerformanceShaders
0x00007fff2cd25000 	/System/Library/Frameworks/Accelerate.framework/Versions/A/Frameworks/vImage.framework/Versions/A/vImage
0x00007fff2dd9f000 	/System/Library/Frameworks/Accelerate.framework/Versions/A/Frameworks/vecLib.framework/Versions/A/vecLib
0x00007fff2dceb000 	/System/Library/Frameworks/Accelerate.framework/Versions/A/Frameworks/vecLib.framework/Versions/A/libvMisc.dylib
0x00007fff2db03000 	/System/Library/Frameworks/Accelerate.framework/Versions/A/Frameworks/vecLib.framework/Versions/A/libvDSP.dylib
0x00007fff2d3bf000 	/System/Library/Frameworks/Accelerate.framework/Versions/A/Frameworks/vecLib.framework/Versions/A/libBLAS.dylib
0x00007fff2d6ac000 	/System/Library/Frameworks/Accelerate.framework/Versions/A/Frameworks/vecLib.framework/Versions/A/libLAPACK.dylib
0x00007fff2da56000 	/System/Library/Frameworks/Accelerate.framework/Versions/A/Frameworks/vecLib.framework/Versions/A/libLinearAlgebra.dylib
0x00007fff2daef000 	/System/Library/Frameworks/Accelerate.framework/Versions/A/Frameworks/vecLib.framework/Versions/A/libSparseBLAS.dylib
0x00007fff2da6c000 	/System/Library/Frameworks/Accelerate.framework/Versions/A/Frameworks/vecLib.framework/Versions/A/libQuadrature.dylib
0x00007fff2d639000 	/System/Library/Frameworks/Accelerate.framework/Versions/A/Frameworks/vecLib.framework/Versions/A/libBNNS.dylib
0x00007fff2da72000 	/System/Library/Frameworks/Accelerate.framework/Versions/A/Frameworks/vecLib.framework/Versions/A/libSparse.dylib
0x00007fff4b9e1000 	/System/Library/PrivateFrameworks/GPUWrangler.framework/Versions/A/GPUWrangler
0x00007fff4dce0000 	/System/Library/PrivateFrameworks/IOAccelerator.framework/Versions/A/IOAccelerator
0x00007fff4dceb000 	/System/Library/PrivateFrameworks/IOPresentment.framework/Versions/A/IOPresentment
0x00007fff4546b000 	/System/Library/PrivateFrameworks/DSExternalDisplay.framework/Versions/A/DSExternalDisplay
0x00007fff39a15000 	/System/Library/Frameworks/OpenGL.framework/Versions/A/Libraries/libCoreFSCache.dylib
0x00007fff35595000 	/System/Library/Frameworks/MetalPerformanceShaders.framework/Frameworks/MPSCore.framework/Versions/A/MPSCore
0x00007fff355b5000 	/System/Library/Frameworks/MetalPerformanceShaders.framework/Frameworks/MPSImage.framework/Versions/A/MPSImage
0x00007fff3565a000 	/System/Library/Frameworks/MetalPerformanceShaders.framework/Frameworks/MPSNeuralNetwork.framework/Versions/A/MPSNeuralNetwork
0x00007fff35632000 	/System/Library/Frameworks/MetalPerformanceShaders.framework/Frameworks/MPSMatrix.framework/Versions/A/MPSMatrix
0x00007fff35786000 	/System/Library/Frameworks/MetalPerformanceShaders.framework/Frameworks/MPSRayIntersector.framework/Versions/A/MPSRayIntersector
0x00007fff4f1da000 	/System/Library/PrivateFrameworks/MetalTools.framework/Versions/A/MetalTools
0x00007fff40323000 	/System/Library/PrivateFrameworks/AggregateDictionary.framework/Versions/A/AggregateDictionary
0x00007fff5974c000 	/usr/lib/libMobileGestalt.dylib
0x00007fff326bd000 	/System/Library/Frameworks/CoreVideo.framework/Versions/A/CoreVideo
0x00007fff4c7f2000 	/System/Library/PrivateFrameworks/GraphVisualizer.framework/Versions/A/GraphVisualizer
0x00007fff46671000 	/System/Library/PrivateFrameworks/FaceCore.framework/Versions/A/FaceCore
0x00007fff39043000 	/System/Library/Frameworks/OpenCL.framework/Versions/A/OpenCL
0x00007fff594a4000 	/usr/lib/libFosl_dynamic.dylib
0x00007fff4ff87000 	/System/Library/PrivateFrameworks/OTSVG.framework/Versions/A/OTSVG
0x00007fff2ee4d000 	/System/Library/Frameworks/ApplicationServices.framework/Versions/A/Frameworks/ATS.framework/Versions/A/Resources/libFontParser.dylib
0x00007fff2ef65000 	/System/Library/Frameworks/ApplicationServices.framework/Versions/A/Frameworks/ATS.framework/Versions/A/Resources/libFontRegistry.dylib
0x00007fff335ca000 	/System/Library/Frameworks/ImageIO.framework/Versions/A/Resources/libJPEG.dylib
0x00007fff338dc000 	/System/Library/Frameworks/ImageIO.framework/Versions/A/Resources/libTIFF.dylib
0x00007fff338b2000 	/System/Library/Frameworks/ImageIO.framework/Versions/A/Resources/libPng.dylib
0x00007fff334e8000 	/System/Library/Frameworks/ImageIO.framework/Versions/A/Resources/libGIF.dylib
0x00007fff334ed000 	/System/Library/Frameworks/ImageIO.framework/Versions/A/Resources/libJP2.dylib
0x00007fff338d9000 	/System/Library/Frameworks/ImageIO.framework/Versions/A/Resources/libRadiance.dylib
0x00007fff40bd0000 	/System/Library/PrivateFrameworks/AppleJPEG.framework/Versions/A/AppleJPEG
0x00007fff39a20000 	/System/Library/Frameworks/OpenGL.framework/Versions/A/Libraries/libGFXShared.dylib
0x00007fff39be3000 	/System/Library/Frameworks/OpenGL.framework/Versions/A/Libraries/libGLU.dylib
0x00007fff39a29000 	/System/Library/Frameworks/OpenGL.framework/Versions/A/Libraries/libGL.dylib
0x00007fff39a35000 	/System/Library/Frameworks/OpenGL.framework/Versions/A/Libraries/libGLImage.dylib
0x00007fff39a12000 	/System/Library/Frameworks/OpenGL.framework/Versions/A/Libraries/libCVMSPluginSupport.dylib
0x00007fff39a1b000 	/System/Library/Frameworks/OpenGL.framework/Versions/A/Libraries/libCoreVMClient.dylib
0x00007fff5a2be000 	/usr/lib/libcups.2.dylib
0x00007fff34a9c000 	/System/Library/Frameworks/Kerberos.framework/Versions/A/Kerberos
0x00007fff32fcb000 	/System/Library/Frameworks/GSS.framework/Versions/A/GSS
0x00007fff5b9d1000 	/usr/lib/libresolv.9.dylib
0x00007fff5a4b0000 	/usr/lib/libiconv.2.dylib
0x00007fff4c967000 	/System/Library/PrivateFrameworks/Heimdal.framework/Versions/A/Heimdal
0x00007fff5a480000 	/usr/lib/libheimdal-asn1.dylib
0x00007fff390b7000 	/System/Library/Frameworks/OpenDirectory.framework/Versions/A/OpenDirectory
0x00007fff433f6000 	/System/Library/PrivateFrameworks/CommonAuth.framework/Versions/A/CommonAuth
0x00007fff3909b000 	/System/Library/Frameworks/OpenDirectory.framework/Versions/A/Frameworks/CFOpenDirectory.framework/Versions/A/CFOpenDirectory
0x00007fff3c165000 	/System/Library/Frameworks/SecurityFoundation.framework/Versions/A/SecurityFoundation
0x00007fff3f869000 	/System/Library/PrivateFrameworks/APFS.framework/Versions/A/APFS
0x00007fff5be32000 	/usr/lib/libutil.dylib
0x00007fff59b5b000 	/usr/lib/libcharset.1.dylib
0x00007fff40e6d000 	/System/Library/PrivateFrameworks/AppleSauce.framework/Versions/A/AppleSauce
0x00007fff40fee000 	/System/Library/PrivateFrameworks/AssertionServices.framework/Versions/A/AssertionServices
0x00007fff4171e000 	/System/Library/PrivateFrameworks/BaseBoard.framework/Versions/A/BaseBoard
0x00007fff5a881000 	/usr/lib/libmecab.1.0.0.dylib
0x00007fff5a47a000 	/usr/lib/libgermantok.dylib
0x00007fff59929000 	/usr/lib/libThaiTokenizer.dylib
0x00007fff593d4000 	/usr/lib/libChineseTokenizer.dylib
0x00007fff4e398000 	/System/Library/PrivateFrameworks/LanguageModeling.framework/Versions/A/LanguageModeling
0x00007fff440d8000 	/System/Library/PrivateFrameworks/CoreEmoji.framework/Versions/A/CoreEmoji
0x00007fff4e474000 	/System/Library/PrivateFrameworks/Lexicon.framework/Versions/A/Lexicon
0x00007fff4e4b7000 	/System/Library/PrivateFrameworks/LinguisticData.framework/Versions/A/LinguisticData
0x00007fff59b5c000 	/usr/lib/libcmph.dylib
0x00007fff3c223000 	/System/Library/Frameworks/ServiceManagement.framework/Versions/A/ServiceManagement
0x00007fff4167f000 	/System/Library/PrivateFrameworks/BackgroundTaskManagement.framework/Versions/A/BackgroundTaskManagement
0x00007fff5bf2c000 	/usr/lib/libxslt.1.dylib
0x00007fff2febb000 	/System/Library/Frameworks/Carbon.framework/Versions/A/Frameworks/Ink.framework/Versions/A/Ink
0x00007fff57463000 	/System/Library/PrivateFrameworks/TextureIO.framework/Versions/A/TextureIO
0x00007fff5997d000 	/usr/lib/libate.dylib
0x00007fff453ba000 	/System/Library/PrivateFrameworks/CrashReporterSupport.framework/Versions/A/CrashReporterSupport
0x00007fff54b9d000 	/System/Library/PrivateFrameworks/Sharing.framework/Versions/A/Sharing
0x00007fff413d1000 	/System/Library/PrivateFrameworks/AuthKit.framework/Versions/A/AuthKit
0x00007fff40925000 	/System/Library/PrivateFrameworks/Apple80211.framework/Versions/A/Apple80211
0x00007fff45162000 	/System/Library/PrivateFrameworks/CoreUtils.framework/Versions/A/CoreUtils
0x00007fff326fe000 	/System/Library/Frameworks/CoreWLAN.framework/Versions/A/CoreWLAN
0x00007fff330fa000 	/System/Library/Frameworks/IOBluetooth.framework/Versions/A/IOBluetooth
0x00007fff53011000 	/System/Library/PrivateFrameworks/ProtocolBuffer.framework/Versions/A/ProtocolBuffer
0x00007fff4f412000 	/System/Library/PrivateFrameworks/MobileKeyBag.framework/Versions/A/MobileKeyBag
0x00007fff449a6000 	/System/Library/PrivateFrameworks/CorePhoneNumbers.framework/Versions/A/CorePhoneNumbers
0x00007fff40b84000 	/System/Library/PrivateFrameworks/AppleIDAuthSupport.framework/Versions/A/AppleIDAuthSupport
0x00007fff4e36b000 	/System/Library/PrivateFrameworks/KeychainCircle.framework/Versions/A/KeychainCircle
0x00007fff531c7000 	/System/Library/PrivateFrameworks/ROCKit.framework/Versions/A/ROCKit
0x00007fff45356000 	/System/Library/PrivateFrameworks/CoreWiFi.framework/Versions/A/CoreWiFi
0x00007fff30489000 	/System/Library/Frameworks/CoreBluetooth.framework/Versions/A/CoreBluetooth
0x00007fff455b1000 	/System/Library/PrivateFrameworks/DebugSymbols.framework/Versions/A/DebugSymbols
0x00007fff44f22000 	/System/Library/PrivateFrameworks/CoreSymbolication.framework/Versions/A/CoreSymbolication
0x00007fff56c7e000 	/System/Library/PrivateFrameworks/Symbolication.framework/Versions/A/Symbolication
0x00007fff56521000 	/System/Library/PrivateFrameworks/SpeechRecognitionCore.framework/Versions/A/SpeechRecognitionCore
0x000000010b200000 	/Library/Java/JavaVirtualMachines/adoptopenjdk-8.jdk/Contents/Home/jre/lib/server/libjvm.dylib
0x00007fff5bd0d000 	/usr/lib/libstdc++.6.dylib
0x000000010a11b000 	/Library/Java/JavaVirtualMachines/adoptopenjdk-8.jdk/Contents/Home/jre/lib/libverify.dylib
0x000000010a12c000 	/Library/Java/JavaVirtualMachines/adoptopenjdk-8.jdk/Contents/Home/jre/lib/libjava.dylib
0x000000010a1b1000 	/Library/Java/JavaVirtualMachines/adoptopenjdk-8.jdk/Contents/Home/jre/lib/libzip.dylib
0x0000000126ecb000 	/Library/Java/JavaVirtualMachines/adoptopenjdk-8.jdk/Contents/Home/jre/lib/libawt.dylib
0x0000000126f7b000 	/Library/Java/JavaVirtualMachines/adoptopenjdk-8.jdk/Contents/Home/jre/lib/./libmlib_image.dylib
0x00007fff34a85000 	/System/Library/Frameworks/JavaVM.framework/Versions/A/Frameworks/JavaNativeFoundation.framework/Versions/A/JavaNativeFoundation
0x00007fff34a8e000 	/System/Library/Frameworks/JavaVM.framework/Versions/A/Frameworks/JavaRuntimeSupport.framework/Versions/A/JavaRuntimeSupport
0x00007fff34a97000 	/System/Library/Frameworks/JavaVM.framework/Versions/A/JavaVM
0x00007fff4e28a000 	/System/Library/PrivateFrameworks/JavaLaunching.framework/Versions/A/JavaLaunching
0x00007fff2fbb4000 	/System/Library/Frameworks/Carbon.framework/Versions/A/Carbon
0x00007fff2fbb5000 	/System/Library/Frameworks/Carbon.framework/Versions/A/Frameworks/CommonPanels.framework/Versions/A/CommonPanels
0x00007fff2feb1000 	/System/Library/Frameworks/Carbon.framework/Versions/A/Frameworks/Help.framework/Versions/A/Help
0x00007fff2feb5000 	/System/Library/Frameworks/Carbon.framework/Versions/A/Frameworks/ImageCapture.framework/Versions/A/ImageCapture
0x00007fff2ff51000 	/System/Library/Frameworks/Carbon.framework/Versions/A/Frameworks/OpenScripting.framework/Versions/A/OpenScripting
0x00007fff2ff89000 	/System/Library/Frameworks/Carbon.framework/Versions/A/Frameworks/Print.framework/Versions/A/Print
0x00007fff2ff8b000 	/System/Library/Frameworks/Carbon.framework/Versions/A/Frameworks/SecurityHI.framework/Versions/A/SecurityHI
0x000000012704e000 	/Library/Java/JavaVirtualMachines/adoptopenjdk-8.jdk/Contents/Home/jre/lib/libawt_lwawt.dylib
0x000000012710f000 	/Library/Java/JavaVirtualMachines/adoptopenjdk-8.jdk/Contents/Home/jre/lib/./libosxapp.dylib
0x00007fff32b88000 	/System/Library/Frameworks/ExceptionHandling.framework/Versions/A/ExceptionHandling
0x00007fff44b2a000 	/System/Library/PrivateFrameworks/CoreServicesInternal.framework/Versions/A/CoreServicesInternal
0x00007fff2508d000 	/System/Library/CoreServices/RawCamera.bundle/Contents/MacOS/RawCamera
0x00007fff4f27e000 	/System/Library/PrivateFrameworks/MobileAsset.framework/Versions/A/MobileAsset
0x00007fff56bcc000 	/System/Library/PrivateFrameworks/StreamingZip.framework/Versions/A/StreamingZip
0x00007fff34e29000 	/System/Library/Frameworks/MediaToolbox.framework/Versions/A/MediaToolbox
0x00007fff43c7c000 	/System/Library/PrivateFrameworks/CoreAVCHD.framework/Versions/A/CoreAVCHD
0x00007fff34d6f000 	/System/Library/Frameworks/MediaAccessibility.framework/Versions/A/MediaAccessibility
0x00007fff4ecda000 	/System/Library/PrivateFrameworks/Mangrove.framework/Versions/A/Mangrove
0x00007fff31a21000 	/System/Library/Frameworks/CoreMedia.framework/Versions/A/CoreMedia
0x00007fff3c88c000 	/System/Library/Frameworks/VideoToolbox.framework/Versions/A/VideoToolbox
0x00007fff43898000 	/System/Library/PrivateFrameworks/CoreAUC.framework/Versions/A/CoreAUC
0x00007fff5ba3a000 	/usr/lib/libspindump.dylib
0x00007fff40f53000 	/System/Library/PrivateFrameworks/AppleVA.framework/Versions/A/AppleVA
0x00007fff2cd0e000 	/System/Library/Frameworks/Accelerate.framework/Versions/A/Frameworks/vImage.framework/Versions/A/Libraries/libCGInterfaces.dylib
0x00007fff2f001000 	/System/Library/Frameworks/ApplicationServices.framework/Versions/A/Frameworks/ATS.framework/Versions/A/Resources/libTrueTypeScaler.dylib
0x00007fff29ed0000 	/System/Library/Extensions/AppleIntelKBLGraphicsMTLDriver.bundle/Contents/MacOS/AppleIntelKBLGraphicsMTLDriver
0x00007fff253e9000 	/System/Library/Extensions/AMDMTLBronzeDriver.bundle/Contents/MacOS/AMDMTLBronzeDriver
0x00007fff4dcd6000 	/System/Library/PrivateFrameworks/IOAccelMemoryInfo.framework/Versions/A/IOAccelMemoryInfo
0x00007fff4a340000 	/System/Library/PrivateFrameworks/GPUCompiler.framework/Versions/3902/Libraries/libmetal_timestamp.dylib
0x00007fff46a96000 	/System/Library/PrivateFrameworks/FamilyControls.framework/Versions/A/FamilyControls
0x00007fff433e9000 	/System/Library/PrivateFrameworks/CommerceKit.framework/Versions/A/Frameworks/CommerceCore.framework/Versions/A/CommerceCore
0x00007fff56f51000 	/System/Library/PrivateFrameworks/SystemAdministration.framework/Versions/A/SystemAdministration
0x00007fff40826000 	/System/Library/PrivateFrameworks/AppContainer.framework/Versions/A/AppContainer
0x00007fff40842000 	/System/Library/PrivateFrameworks/AppSandbox.framework/Versions/A/AppSandbox
0x00007fff54a3e000 	/System/Library/PrivateFrameworks/SecCodeWrapper.framework/Versions/A/SecCodeWrapper
0x00007fff5b9eb000 	/usr/lib/libsandbox.1.dylib
0x00007fff5971b000 	/usr/lib/libMatch.1.dylib
0x00007fff45936000 	/System/Library/PrivateFrameworks/DiskManagement.framework/Versions/A/DiskManagement
0x00007fff32904000 	/System/Library/Frameworks/DirectoryService.framework/Versions/A/DirectoryService
0x00007fff45867000 	/System/Library/PrivateFrameworks/DiskImages.framework/Versions/A/DiskImages
0x00007fff4e5b0000 	/System/Library/PrivateFrameworks/LoginUIKit.framework/Versions/A/Frameworks/LoginUICore.framework/Versions/A/LoginUICore
0x00007fff593df000 	/usr/lib/libCoreStorage.dylib
0x00007fff5a2ab000 	/usr/lib/libcsfde.dylib
0x00007fff5b86b000 	/usr/lib/libodfde.dylib
0x00007fff4edf2000 	/System/Library/PrivateFrameworks/MediaKit.framework/Versions/A/MediaKit
0x00007fff32910000 	/System/Library/Frameworks/DiscRecording.framework/Versions/A/DiscRecording
0x00007fff45aaa000 	/System/Library/PrivateFrameworks/EFILogin.framework/Versions/A/EFILogin
0x00007fff52fbc000 	/System/Library/PrivateFrameworks/ProtectedCloudStorage.framework/Versions/A/ProtectedCloudStorage
0x00007fff5a33d000 	/usr/lib/libcurl.4.dylib
0x00007fff5a1aa000 	/usr/lib/libcrypto.42.dylib
0x00007fff5bcdd000 	/usr/lib/libssl.44.dylib
0x00007fff34ab6000 	/System/Library/Frameworks/LDAP.framework/Versions/A/LDAP
0x00007fff575e1000 	/System/Library/PrivateFrameworks/TrustEvaluationAgent.framework/Versions/A/TrustEvaluationAgent
0x00007fff5ba27000 	/usr/lib/libsasl2.2.dylib
0x00007fff43ed5000 	/System/Library/PrivateFrameworks/CoreDaemon.framework/Versions/B/CoreDaemon
0x00007fff40e68000 	/System/Library/PrivateFrameworks/AppleSRP.framework/Versions/A/AppleSRP
0x00007fff5841c000 	/System/Library/PrivateFrameworks/ViewBridge.framework/Versions/A/ViewBridge
0x0000000128f66000 	/usr/lib/libobjc-trampolines.dylib
0x000000012b47d000 	/Library/Java/JavaVirtualMachines/adoptopenjdk-8.jdk/Contents/Home/jre/lib/libnio.dylib
0x000000012b491000 	/Library/Java/JavaVirtualMachines/adoptopenjdk-8.jdk/Contents/Home/jre/lib/./libnet.dylib
0x00007fff3a5ce000 	/System/Library/Frameworks/OpenGL.framework/Versions/A/Resources/GLEngine.bundle/GLEngine
0x00007fff39a70000 	/System/Library/Frameworks/OpenGL.framework/Versions/A/Libraries/libGLProgrammability.dylib
0x00007fff290fb000 	/System/Library/Extensions/AppleIntelKBLGraphicsGLDriver.bundle/Contents/MacOS/AppleIntelKBLGraphicsGLDriver
0x00007fff4b9d5000 	/System/Library/PrivateFrameworks/GPUSupport.framework/Versions/A/Libraries/libGPUSupportMercury.dylib
0x000000012b4b0000 	/System/Library/Extensions/AMDRadeonX4000GLDriver.bundle/Contents/MacOS/AMDRadeonX4000GLDriver
0x00007fff254f6000 	/System/Library/Extensions/AMDRadeonX4000GLDriver.bundle/Contents/MacOS/ATIRadeonX4000SCLib.dylib
0x00007fff3a766000 	/System/Library/Frameworks/OpenGL.framework/Versions/A/Resources/GLRendererFloat.bundle/GLRendererFloat
0x00007fff3903a000 	/System/Library/Frameworks/OpenCL.framework/Versions/A/Libraries/libcldcpuengine.dylib
0x00007fff59fb0000 	/usr/lib/libcrypto.35.dylib
0x000000012b79c000 	/Library/Java/JavaVirtualMachines/adoptopenjdk-8.jdk/Contents/Home/jre/lib/libfontmanager.dylib
0x000000012b80c000 	/Library/Java/JavaVirtualMachines/adoptopenjdk-8.jdk/Contents/Home/jre/lib/./libfreetype.6.dylib
0x000000012910a000 	/Library/Java/JavaVirtualMachines/adoptopenjdk-8.jdk/Contents/Home/jre/lib/libosxui.dylib
0x000000012906a000 	/private/var/folders/pt/gmp3zg_n0fv1_5_mkh2b9j80003h5j/T/jogamp_0000/file_cache/jln4181697963191770771/jln4225064906415186332/libgluegen-rt.jnilib
0x000000012906f000 	/private/var/folders/pt/gmp3zg_n0fv1_5_mkh2b9j80003h5j/T/jogamp_0000/file_cache/jln4181697963191770771/jln4225064906415186332/libnativewindow_awt.jnilib
0x000000012aa6a000 	/Library/Java/JavaVirtualMachines/adoptopenjdk-8.jdk/Contents/Home/jre/lib/libjawt.dylib
0x000000012aa71000 	/private/var/folders/pt/gmp3zg_n0fv1_5_mkh2b9j80003h5j/T/jogamp_0000/file_cache/jln4181697963191770771/jln4225064906415186332/libnativewindow_macosx.jnilib
0x000000015ac43000 	/private/var/folders/pt/gmp3zg_n0fv1_5_mkh2b9j80003h5j/T/jogamp_0000/file_cache/jln4181697963191770771/jln4225064906415186332/libjogl_desktop.jnilib

VM Arguments:
jvm_args: -Djava.security.policy=java.policy.applet -Dfile.encoding=UTF-8 
java_command: sun.applet.AppletViewer module1.HelloWorld1585481171128.html
java_class_path (initial): /Users/abarretti/Desktop/Java/UCSDUnfoldingMaps/UCSDUnfoldingMaps/build:/Users/abarretti/Desktop/Java/UCSDUnfoldingMaps/UCSDUnfoldingMaps/lib/core.jar:/Users/abarretti/Desktop/Java/UCSDUnfoldingMaps/UCSDUnfoldingMaps/lib/gluegen-rt.jar:/Users/abarretti/Desktop/Java/UCSDUnfoldingMaps/UCSDUnfoldingMaps/lib/jogl-all.jar:/Users/abarretti/Desktop/Java/UCSDUnfoldingMaps/UCSDUnfoldingMaps/lib/log4j-1.2.15.jar:/Users/abarretti/Desktop/Java/UCSDUnfoldingMaps/UCSDUnfoldingMaps/lib/sqlite-jdbc-3.7.2.jar:/Users/abarretti/Desktop/Java/UCSDUnfoldingMaps/UCSDUnfoldingMaps/lib/json4processing.jar:/Users/abarretti/Desktop/Java/UCSDUnfoldingMaps/UCSDUnfoldingMaps/lib/libTUIO.jar:/Users/abarretti/Desktop/Java/UCSDUnfoldingMaps/UCSDUnfoldingMaps/lib/unfolding.0.9.7-uscd.jar
Launcher Type: SUN_STANDARD

Environment Variables:
PATH=/usr/bin:/bin:/usr/sbin:/sbin
SHELL=/bin/bash

Signal Handlers:
SIGSEGV: [libjvm.dylib+0x588183], sa_mask[0]=11111111011111110111111111111111, sa_flags=SA_ONSTACK|SA_RESTART|SA_SIGINFO
SIGBUS: [libjvm.dylib+0x588183], sa_mask[0]=11111111011111110111111111111111, sa_flags=SA_RESTART|SA_SIGINFO
SIGFPE: [libjvm.dylib+0x46288c], sa_mask[0]=11111111011111110111111111111111, sa_flags=SA_RESTART|SA_SIGINFO
SIGPIPE: [libjvm.dylib+0x46288c], sa_mask[0]=11111111011111110111111111111111, sa_flags=SA_RESTART|SA_SIGINFO
SIGXFSZ: [libjvm.dylib+0x46288c], sa_mask[0]=11111111011111110111111111111111, sa_flags=SA_RESTART|SA_SIGINFO
SIGILL: [libjvm.dylib+0x46288c], sa_mask[0]=11111111011111110111111111111111, sa_flags=SA_RESTART|SA_SIGINFO
SIGUSR1: SIG_DFL, sa_mask[0]=00000000000000000000000000000000, sa_flags=none
SIGUSR2: [libjvm.dylib+0x4623aa], sa_mask[0]=00100000000000000000000000000000, sa_flags=SA_RESTART|SA_SIGINFO
SIGHUP: [libjvm.dylib+0x460935], sa_mask[0]=11111111011111110111111111111111, sa_flags=SA_RESTART|SA_SIGINFO
SIGINT: [libjvm.dylib+0x460935], sa_mask[0]=11111111011111110111111111111111, sa_flags=SA_RESTART|SA_SIGINFO
SIGTERM: [libjvm.dylib+0x460935], sa_mask[0]=11111111011111110111111111111111, sa_flags=SA_RESTART|SA_SIGINFO
SIGQUIT: [libjvm.dylib+0x460935], sa_mask[0]=11111111011111110111111111111111, sa_flags=SA_RESTART|SA_SIGINFO


---------------  S Y S T E M  ---------------

OS:Bsduname:Darwin 18.7.0 Darwin Kernel Version 18.7.0: Thu Jan 23 06:52:12 PST 2020; root:xnu-4903.278.25~1/RELEASE_X86_64 x86_64
rlimit: STACK 8192k, CORE 0k, NPROC 1418, NOFILE 10240, AS infinity
load average:3.11 2.42 2.03

CPU:total 8 (initial active 8) (4 cores per cpu, 2 threads per core) family 6 model 158 stepping 9, cmov, cx8, fxsr, mmx, sse, sse2, sse3, ssse3, sse4.1, sse4.2, popcnt, avx, avx2, aes, clmul, erms, 3dnowpref, lzcnt, ht, tsc, tscinvbit, bmi1, bmi2, adx

Memory: 4k page, physical 16777216k(1055656k free)

/proc/meminfo:


vm_info: OpenJDK 64-Bit Server VM (25.242-b08) for bsd-amd64 JRE (1.8.0_242-b08), built on Jan 19 2020 06:43:11 by "jenkins" with gcc 4.2.1 (Based on Apple Inc. build 5658) (LLVM build 2336.11.00)

time: Sun Mar 29 13:26:26 2020
timezone: CEST
elapsed time: 14 seconds (0d 0h 0m 14s)

