#
# A fatal error has been detected by the Java Runtime Environment:
#
#  SIGSEGV (0xb) at pc=0x00007fff6bb43649, pid=23549, tid=0x0000000000000307
#
# JRE version: OpenJDK Runtime Environment (8.0_242-b08) (build 1.8.0_242-b08)
# Java VM: OpenJDK 64-Bit Server VM (25.242-b08 mixed mode bsd-amd64 compressed oops)
# Problematic frame:
# C  [libobjc.A.dylib+0x8649]  objc_release+0x19
#
# Failed to write core dump. Core dumps have been disabled. To enable core dumping, try "ulimit -c unlimited" before starting Java again
#
# If you would like to submit a bug report, please visit:
#   http://bugreport.java.com/bugreport/crash.jsp
# The crash happened outside the Java Virtual Machine in native code.
# See problematic frame for where to report the bug.
#

---------------  T H R E A D  ---------------

Current thread (0x00007fae81855000):  JavaThread "AWT-AppKit" daemon [_thread_in_native, id=775, stack(0x00007ffeeaa42000,0x00007ffeeb242000)]

siginfo: si_signo: 11 (SIGSEGV), si_code: 0 (unknown), si_addr: 0x0000000000000000

Registers:
RAX=0x00007ffffffffff8, RBX=0x0000000000000000, RCX=0x0000000000000003, RDX=0x0000000000000008
RSP=0x00007ffeeb23d180, RBP=0x00007ffeeb23d180, RSI=0x00000001219ed2a0, RDI=0xe00007fae8551b54
R8 =0x00007fae85000000, R9 =0x100800205541003b, R10=0x0000000124842840, R11=0x00007fae8157ebe0
R12=0x0000000000000000, R13=0x00000001557c1cb0, R14=0x00007fae85536d30, R15=0x00007fae81855000
RIP=0x00007fff6bb43649, EFLAGS=0x0000000000010246, ERR=0x0000000000000000
  TRAPNO=0x000000000000000d

Top of Stack: (sp=0x00007ffeeb23d180)
0x00007ffeeb23d180:   00007ffeeb23d1b0 000000012197272e
0x00007ffeeb23d190:   00007ffeeb23d1b0 0000000124842450
0x00007ffeeb23d1a0:   0000000124842440 00007fae81855000
0x00007ffeeb23d1b0:   00007ffeeb23d270 0000000124840215
0x00007ffeeb23d1c0:   0000000124842700 00000001248426e0
0x00007ffeeb23d1d0:   00000001248424b0 0000000000000000
0x00007ffeeb23d1e0:   00000001557c1cb0 00000001557c1cb0
0x00007ffeeb23d1f0:   00007fae8553a610 00000001248426a0
0x00007ffeeb23d200:   0000000124842710 00007fff9c569838
0x00007ffeeb23d210:   00007fff9dc43088 0000000124842450
0x00007ffeeb23d220:   0000000124842690 00007fae8553a610
0x00007ffeeb23d230:   00007fae85536d30 00007fae7fd4eef0
0x00007ffeeb23d240:   00007fae8553a610 00007fae85536d30
0x00007ffeeb23d250:   00007ffeeb23d2f8 00007fae818551e0
0x00007ffeeb23d260:   00000001557c1cb0 00007ffeeb23d320
0x00007ffeeb23d270:   00007ffeeb23d2e8 0000000108815407
0x00007ffeeb23d280:   00000001557c1cb0 00007ffeeb23d320
0x00007ffeeb23d290:   00007ffeeb23d2e8 0000000108815167
0x00007ffeeb23d2a0:   0000000108815122 00007ffeeb23d2a8
0x00007ffeeb23d2b0:   00000001557c1cb0 00007ffeeb23d320
0x00007ffeeb23d2c0:   00000001557d5028 0000000000000000
0x00007ffeeb23d2d0:   00000001557c1cb0 0000000000000000
0x00007ffeeb23d2e0:   00007ffeeb23d308 00007ffeeb23d368
0x00007ffeeb23d2f0:   0000000108804ffd 00000006c095ee28
0x00007ffeeb23d300:   000000010880ea58 00007fae8553a610
0x00007ffeeb23d310:   00007ffeeb23d368 00007fae85536d30
0x00007ffeeb23d320:   00000001088104c2 00007ffeeb23d328
0x00007ffeeb23d330:   00000001557c1e7a 00007ffeeb23d390
0x00007ffeeb23d340:   00000001557d5028 0000000000000000
0x00007ffeeb23d350:   00000001557c1e88 00007ffeeb23d308
0x00007ffeeb23d360:   00007ffeeb23d378 00007ffeeb23d3d8
0x00007ffeeb23d370:   0000000108804ffd 00007fae8553a610 

Instructions: (pc=0x00007fff6bb43649)
0x00007fff6bb43629:   e9 60 50 00 00 90 90 55 48 89 e5 48 85 ff 74 60
0x00007fff6bb43639:   40 f6 c7 01 75 5a 48 b8 f8 ff ff ff ff 7f 00 00
0x00007fff6bb43649:   48 23 07 f6 40 20 04 74 67 48 b9 00 00 00 00 00
0x00007fff6bb43659:   00 00 01 48 ba 00 00 00 00 00 00 40 00 48 8b 07 

Register to memory mapping:

RAX=0x00007ffffffffff8 is an unknown value
RBX=0x0000000000000000 is an unknown value
RCX=0x0000000000000003 is an unknown value
RDX=0x0000000000000008 is an unknown value
RSP=0x00007ffeeb23d180 is pointing into the stack for thread: 0x00007fae81855000
RBP=0x00007ffeeb23d180 is pointing into the stack for thread: 0x00007fae81855000
RSI=0x00000001219ed2a0: OBJC_IVAR_$_PrinterView.fCurPeekGraphics+0x1b68 in /Library/Java/JavaVirtualMachines/adoptopenjdk-8.jdk/Contents/Home/jre/lib/libawt_lwawt.dylib at 0x000000012196e000
RDI=0xe00007fae8551b54 is an unknown value
R8 =0x00007fae85000000 is an unknown value
R9 =0x100800205541003b is an unknown value
R10=0x0000000124842840: OBJC_CLASS_$_MyCALayer+0 in /private/var/folders/pt/gmp3zg_n0fv1_5_mkh2b9j80003h5j/T/jogamp_0000/file_cache/jln7614943203990632784/jln1359987231014685698/libnativewindow_macosx.jnilib at 0x000000012483b000
R11=0x00007fae8157ebe0 is an unknown value
R12=0x0000000000000000 is an unknown value
R13={method} {0x00000001557c1cb0} 'UnsetJAWTRootSurfaceLayer0' '(JJ)V' in 'jogamp/nativewindow/jawt/macosx/MacOSXJAWTWindow'
R14=0x00007fae85536d30 is an unknown value
R15=0x00007fae81855000 is a thread


Stack: [0x00007ffeeaa42000,0x00007ffeeb242000],  sp=0x00007ffeeb23d180,  free space=8172k
Native frames: (J=compiled Java code, j=interpreted, Vv=VM code, C=native code)
C  [libobjc.A.dylib+0x8649]  objc_release+0x19
C  [libawt_lwawt.dylib+0x472e]  -[AWTSurfaceLayers setLayer:]+0x54
C  [libnativewindow_macosx.jnilib+0x5215]  Java_jogamp_nativewindow_jawt_macosx_MacOSXJAWTWindow_UnsetJAWTRootSurfaceLayer0+0x1a5
j  jogamp.nativewindow.jawt.macosx.MacOSXJAWTWindow.UnsetJAWTRootSurfaceLayer0(JJ)V+0
j  jogamp.nativewindow.jawt.macosx.MacOSXJAWTWindow.access$200(JJ)V+2
j  jogamp.nativewindow.jawt.macosx.MacOSXJAWTWindow$1.run()V+38
J 2590 C1 com.jogamp.common.util.RunnableTask.run()V (345 bytes) @ 0x00000001091ccf74 [0x00000001091ccde0+0x194]
v  ~StubRoutines::call_stub
V  [libjvm.dylib+0x2e3fa7]  JavaCalls::call_helper(JavaValue*, methodHandle*, JavaCallArguments*, Thread*)+0x6a7
V  [libjvm.dylib+0x2ff139]  jni_invoke_nonstatic(JNIEnv_*, JavaValue*, _jobject*, JNICallType, _jmethodID*, JNI_ArgumentPusher*, Thread*)+0x2fe
V  [libjvm.dylib+0x2f13d1]  jni_CallVoidMethod+0x16b
C  [libnativewindow_macosx.jnilib+0x5326]  Java_jogamp_nativewindow_jawt_macosx_MacOSXJAWTWindow_UnsetJAWTRootSurfaceLayer0+0x2b6
C  [Foundation+0xb0302]  __NSThreadPerformPerform+0x148
C  [CoreFoundation+0x57e33]  __CFRUNLOOP_IS_CALLING_OUT_TO_A_SOURCE0_PERFORM_FUNCTION__+0x11
C  [CoreFoundation+0x57dd9]  __CFRunLoopDoSource0+0x6c
C  [CoreFoundation+0x3b7f3]  __CFRunLoopDoSources0+0x11b
C  [CoreFoundation+0x3ad65]  __CFRunLoopRun+0x4a5
C  [CoreFoundation+0x3a66e]  CFRunLoopRunSpecific+0x1c7
C  [HIToolbox+0xb1ab]  RunCurrentEventLoopInMode+0x124
C  [HIToolbox+0xaded]  ReceiveNextEventCommon+0x163
C  [HIToolbox+0xac76]  _BlockUntilNextEventMatchingListInModeWithFilter+0x40
C  [AppKit+0x1a77d]  _DPSNextEvent+0x46f
C  [AppKit+0x1946b]  -[NSApplication(NSEvent) _nextEventMatchingEventMask:untilDate:inMode:dequeue:]+0x551
C  [libosxapp.dylib+0x2328]  -[NSApplicationAWT nextEventMatchingMask:untilDate:inMode:dequeue:]+0x7c
C  [AppKit+0x13588]  -[NSApplication run]+0x2bb
C  [libosxapp.dylib+0x1f72]  +[NSApplicationAWT runAWTLoopWithApp:]+0x9c
C  [libawt_lwawt.dylib+0x4711f]  -[AWTStarter starter:]+0x389
C  [Foundation+0xb0302]  __NSThreadPerformPerform+0x148
C  [CoreFoundation+0x57e33]  __CFRUNLOOP_IS_CALLING_OUT_TO_A_SOURCE0_PERFORM_FUNCTION__+0x11
C  [CoreFoundation+0x57dd9]  __CFRunLoopDoSource0+0x6c
C  [CoreFoundation+0x3b79b]  __CFRunLoopDoSources0+0xc3
C  [CoreFoundation+0x3ad65]  __CFRunLoopRun+0x4a5
C  [CoreFoundation+0x3a66e]  CFRunLoopRunSpecific+0x1c7
C  [java+0x646e]  CreateExecutionEnvironment+0x367
C  [java+0x203c]  JLI_Launch+0x7a0
C  [java+0x84d2]  main+0x6c
C  [java+0x1894]  start+0x34
C  0x0000000000000007

Java frames: (J=compiled Java code, j=interpreted, Vv=VM code)
j  jogamp.nativewindow.jawt.macosx.MacOSXJAWTWindow.UnsetJAWTRootSurfaceLayer0(JJ)V+0
j  jogamp.nativewindow.jawt.macosx.MacOSXJAWTWindow.access$200(JJ)V+2
j  jogamp.nativewindow.jawt.macosx.MacOSXJAWTWindow$1.run()V+38
J 2590 C1 com.jogamp.common.util.RunnableTask.run()V (345 bytes) @ 0x00000001091ccf74 [0x00000001091ccde0+0x194]
v  ~StubRoutines::call_stub

---------------  P R O C E S S  ---------------

Java Threads: ( => current thread )
  0x00007fae815b0800 JavaThread "Thread-20" [_thread_blocked, id=27875, stack(0x000070000b257000,0x000070000b357000)]
  0x00007fae83143000 JavaThread "Animation Thread" [_thread_blocked, id=61699, stack(0x000070000af4b000,0x000070000b04b000)]
  0x00007fae801d3800 JavaThread "AWT-EventQueue-1" [_thread_blocked, id=61643, stack(0x000070000b0d1000,0x000070000b1d1000)]
  0x00007fae8186b000 JavaThread "DestroyJavaVM" [_thread_blocked, id=9987, stack(0x00007000092eb000,0x00007000093eb000)]
  0x00007fae82828800 JavaThread "AWT-EventQueue-0" [_thread_blocked, id=69895, stack(0x000070000ae48000,0x000070000af48000)]
  0x00007fae8087d000 JavaThread "Java2D Disposer" daemon [_thread_blocked, id=75807, stack(0x000070000abbf000,0x000070000acbf000)]
  0x00007fae8312e800 JavaThread "Java2D Queue Flusher" daemon [_thread_blocked, id=55047, stack(0x000070000aabc000,0x000070000abbc000)]
  0x00007fae810c8000 JavaThread "AWT-Shutdown" [_thread_blocked, id=37419, stack(0x000070000a624000,0x000070000a724000)]
=>0x00007fae81855000 JavaThread "AWT-AppKit" daemon [_thread_in_native, id=775, stack(0x00007ffeeaa42000,0x00007ffeeb242000)]
  0x00007fae83051000 JavaThread "Service Thread" daemon [_thread_blocked, id=16131, stack(0x000070000a41e000,0x000070000a51e000)]
  0x00007fae83815000 JavaThread "C1 CompilerThread3" daemon [_thread_blocked, id=17155, stack(0x000070000a31b000,0x000070000a41b000)]
  0x00007fae80804800 JavaThread "C2 CompilerThread2" daemon [_thread_blocked, id=17411, stack(0x000070000a218000,0x000070000a318000)]
  0x00007fae83814000 JavaThread "C2 CompilerThread1" daemon [_thread_blocked, id=15107, stack(0x000070000a115000,0x000070000a215000)]
  0x00007fae80023800 JavaThread "C2 CompilerThread0" daemon [_thread_blocked, id=14851, stack(0x000070000a012000,0x000070000a112000)]
  0x00007fae80023000 JavaThread "Signal Dispatcher" daemon [_thread_blocked, id=18179, stack(0x0000700009f0f000,0x000070000a00f000)]
  0x00007fae8300e800 JavaThread "Finalizer" daemon [_thread_blocked, id=19715, stack(0x0000700009e0c000,0x0000700009f0c000)]
  0x00007fae83006000 JavaThread "Reference Handler" daemon [_thread_blocked, id=19971, stack(0x0000700009d09000,0x0000700009e09000)]

Other Threads:
  0x00007fae8103a800 VMThread [stack: 0x0000700009c06000,0x0000700009d06000] [id=13059]
  0x00007fae8001c000 WatcherThread [stack: 0x000070000a521000,0x000070000a621000] [id=16899]

VM state:not at safepoint (normal execution)

VM Mutex/Monitor currently owned by a thread: None

heap address: 0x00000006c0000000, size: 4096 MB, Compressed Oops mode: Zero based, Oop shift amount: 3
Narrow klass base: 0x0000000000000000, Narrow klass shift: 3
Compressed class space size: 1073741824 Address: 0x00000007c0000000

Heap:
 PSYoungGen      total 136192K, used 44072K [0x000000076ab00000, 0x0000000773c00000, 0x00000007c0000000)
  eden space 125440K, 26% used [0x000000076ab00000,0x000000076cb8b4c8,0x0000000772580000)
  from space 10752K, 99% used [0x0000000773180000,0x0000000773bfecc8,0x0000000773c00000)
  to   space 10752K, 0% used [0x0000000772700000,0x0000000772700000,0x0000000773180000)
 ParOldGen       total 91648K, used 17535K [0x00000006c0000000, 0x00000006c5980000, 0x000000076ab00000)
  object space 91648K, 19% used [0x00000006c0000000,0x00000006c111fe38,0x00000006c5980000)
 Metaspace       used 27335K, capacity 27747K, committed 27904K, reserved 1075200K
  class space    used 2118K, capacity 2247K, committed 2304K, reserved 1048576K

Card table byte_map: [0x0000000106af6000,0x00000001072f7000] byte_map_base: 0x00000001034f6000

Marking Bits: (ParMarkBitMap*) 0x000000010649f5b0
 Begin Bits: [0x00000001177fd000, 0x000000011b7fd000)
 End Bits:   [0x000000011b7fd000, 0x000000011f7fd000)

Polling page: 0x0000000104a88000

CodeCache: size=245760Kb used=10820Kb max_used=11199Kb free=234939Kb
 bounds [0x00000001087fd000, 0x000000010930d000, 0x00000001177fd000]
 total_blobs=3623 nmethods=2705 adapters=832
 compilation: enabled

Compilation events (10 events):
Event: 27.431 Thread 0x00007fae83815000 2947       3       sun.java2d.StateTrackableDelegate::markDirty (6 bytes)
Event: 27.431 Thread 0x00007fae83815000 nmethod 2947 0x0000000108d14c50 code [0x0000000108d14da0, 0x0000000108d14f10]
Event: 27.431 Thread 0x00007fae83815000 2948       1       sun.java2d.SurfaceData::isValid (5 bytes)
Event: 27.432 Thread 0x00007fae83815000 nmethod 2948 0x0000000108d14990 code [0x0000000108d14ae0, 0x0000000108d14bf0]
Event: 27.446 Thread 0x00007fae83815000 2949       3       java.awt.Rectangle::isEmpty (20 bytes)
Event: 27.446 Thread 0x00007fae83815000 nmethod 2949 0x0000000108de9010 code [0x0000000108de9180, 0x0000000108de9370]
Event: 27.446 Thread 0x00007fae83815000 2950       3       sun.java2d.pipe.RenderBuffer::putFloat (26 bytes)
Event: 27.447 Thread 0x00007fae83815000 nmethod 2950 0x0000000108dcb9d0 code [0x0000000108dcbb40, 0x0000000108dcbcd0]
Event: 27.447 Thread 0x00007fae83815000 2952  s    3       sun.font.CCharToGlyphMapper$Cache::get (74 bytes)
Event: 27.447 Thread 0x00007fae83815000 nmethod 2952 0x0000000108d00250 code [0x0000000108d00440, 0x0000000108d00f98]

GC Heap History (10 events):
Event: 4.982 GC heap before
{Heap before GC invocations=1 (full 0):
 PSYoungGen      total 76288K, used 65317K [0x000000076ab00000, 0x0000000770000000, 0x00000007c0000000)
  eden space 65536K, 99% used [0x000000076ab00000,0x000000076eac94c8,0x000000076eb00000)
  from space 10752K, 0% used [0x000000076f580000,0x000000076f580000,0x0000000770000000)
  to   space 10752K, 0% used [0x000000076eb00000,0x000000076eb00000,0x000000076f580000)
 ParOldGen       total 175104K, used 0K [0x00000006c0000000, 0x00000006cab00000, 0x000000076ab00000)
  object space 175104K, 0% used [0x00000006c0000000,0x00000006c0000000,0x00000006cab00000)
 Metaspace       used 19764K, capacity 20111K, committed 20352K, reserved 1067008K
  class space    used 1964K, capacity 2082K, committed 2176K, reserved 1048576K
Event: 4.993 GC heap after
Heap after GC invocations=1 (full 0):
 PSYoungGen      total 76288K, used 10740K [0x000000076ab00000, 0x0000000770000000, 0x00000007c0000000)
  eden space 65536K, 0% used [0x000000076ab00000,0x000000076ab00000,0x000000076eb00000)
  from space 10752K, 99% used [0x000000076eb00000,0x000000076f57d230,0x000000076f580000)
  to   space 10752K, 0% used [0x000000076f580000,0x000000076f580000,0x0000000770000000)
 ParOldGen       total 175104K, used 4901K [0x00000006c0000000, 0x00000006cab00000, 0x000000076ab00000)
  object space 175104K, 2% used [0x00000006c0000000,0x00000006c04c94b8,0x00000006cab00000)
 Metaspace       used 19764K, capacity 20111K, committed 20352K, reserved 1067008K
  class space    used 1964K, capacity 2082K, committed 2176K, reserved 1048576K
}
Event: 5.025 GC heap before
{Heap before GC invocations=2 (full 0):
 PSYoungGen      total 76288K, used 28474K [0x000000076ab00000, 0x0000000770000000, 0x00000007c0000000)
  eden space 65536K, 27% used [0x000000076ab00000,0x000000076bc51908,0x000000076eb00000)
  from space 10752K, 99% used [0x000000076eb00000,0x000000076f57d230,0x000000076f580000)
  to   space 10752K, 0% used [0x000000076f580000,0x000000076f580000,0x0000000770000000)
 ParOldGen       total 175104K, used 4901K [0x00000006c0000000, 0x00000006cab00000, 0x000000076ab00000)
  object space 175104K, 2% used [0x00000006c0000000,0x00000006c04c94b8,0x00000006cab00000)
 Metaspace       used 20846K, capacity 21156K, committed 21296K, reserved 1069056K
  class space    used 1964K, capacity 2082K, committed 2176K, reserved 1048576K
Event: 5.034 GC heap after
Heap after GC invocations=2 (full 0):
 PSYoungGen      total 76288K, used 10722K [0x000000076ab00000, 0x0000000774000000, 0x00000007c0000000)
  eden space 65536K, 0% used [0x000000076ab00000,0x000000076ab00000,0x000000076eb00000)
  from space 10752K, 99% used [0x000000076f580000,0x000000076fff8ba0,0x0000000770000000)
  to   space 10752K, 0% used [0x000000076eb00000,0x000000076eb00000,0x000000076f580000)
 ParOldGen       total 175104K, used 9257K [0x00000006c0000000, 0x00000006cab00000, 0x000000076ab00000)
  object space 175104K, 5% used [0x00000006c0000000,0x00000006c090a580,0x00000006cab00000)
 Metaspace       used 20846K, capacity 21156K, committed 21296K, reserved 1069056K
  class space    used 1964K, capacity 2082K, committed 2176K, reserved 1048576K
}
Event: 5.034 GC heap before
{Heap before GC invocations=3 (full 1):
 PSYoungGen      total 76288K, used 10722K [0x000000076ab00000, 0x0000000774000000, 0x00000007c0000000)
  eden space 65536K, 0% used [0x000000076ab00000,0x000000076ab00000,0x000000076eb00000)
  from space 10752K, 99% used [0x000000076f580000,0x000000076fff8ba0,0x0000000770000000)
  to   space 10752K, 0% used [0x000000076eb00000,0x000000076eb00000,0x000000076f580000)
 ParOldGen       total 175104K, used 9257K [0x00000006c0000000, 0x00000006cab00000, 0x000000076ab00000)
  object space 175104K, 5% used [0x00000006c0000000,0x00000006c090a580,0x00000006cab00000)
 Metaspace       used 20846K, capacity 21156K, committed 21296K, reserved 1069056K
  class space    used 1964K, capacity 2082K, committed 2176K, reserved 1048576K
Event: 5.061 GC heap after
Heap after GC invocations=3 (full 1):
 PSYoungGen      total 76288K, used 0K [0x000000076ab00000, 0x0000000774000000, 0x00000007c0000000)
  eden space 65536K, 0% used [0x000000076ab00000,0x000000076ab00000,0x000000076eb00000)
  from space 10752K, 0% used [0x000000076f580000,0x000000076f580000,0x0000000770000000)
  to   space 10752K, 0% used [0x000000076eb00000,0x000000076eb00000,0x000000076f580000)
 ParOldGen       total 91648K, used 17039K [0x00000006c0000000, 0x00000006c5980000, 0x000000076ab00000)
  object space 91648K, 18% used [0x00000006c0000000,0x00000006c10a3c98,0x00000006c5980000)
 Metaspace       used 20846K, capacity 21156K, committed 21296K, reserved 1069056K
  class space    used 1964K, capacity 2082K, committed 2176K, reserved 1048576K
}
Event: 8.238 GC heap before
{Heap before GC invocations=4 (full 1):
 PSYoungGen      total 76288K, used 65536K [0x000000076ab00000, 0x0000000774000000, 0x00000007c0000000)
  eden space 65536K, 100% used [0x000000076ab00000,0x000000076eb00000,0x000000076eb00000)
  from space 10752K, 0% used [0x000000076f580000,0x000000076f580000,0x0000000770000000)
  to   space 10752K, 0% used [0x000000076eb00000,0x000000076eb00000,0x000000076f580000)
 ParOldGen       total 91648K, used 17039K [0x00000006c0000000, 0x00000006c5980000, 0x000000076ab00000)
  object space 91648K, 18% used [0x00000006c0000000,0x00000006c10a3c98,0x00000006c5980000)
 Metaspace       used 26944K, capacity 27325K, committed 27648K, reserved 1075200K
  class space    used 2103K, capacity 2212K, committed 2304K, reserved 1048576K
Event: 8.244 GC heap after
Heap after GC invocations=4 (full 1):
 PSYoungGen      total 76288K, used 10729K [0x000000076ab00000, 0x0000000773c00000, 0x00000007c0000000)
  eden space 65536K, 0% used [0x000000076ab00000,0x000000076ab00000,0x000000076eb00000)
  from space 10752K, 99% used [0x000000076eb00000,0x000000076f57a6f0,0x000000076f580000)
  to   space 10752K, 0% used [0x0000000773180000,0x0000000773180000,0x0000000773c00000)
 ParOldGen       total 91648K, used 17263K [0x00000006c0000000, 0x00000006c5980000, 0x000000076ab00000)
  object space 91648K, 18% used [0x00000006c0000000,0x00000006c10dbe28,0x00000006c5980000)
 Metaspace       used 26944K, capacity 27325K, committed 27648K, reserved 1075200K
  class space    used 2103K, capacity 2212K, committed 2304K, reserved 1048576K
}
Event: 21.699 GC heap before
{Heap before GC invocations=5 (full 1):
 PSYoungGen      total 76288K, used 76265K [0x000000076ab00000, 0x0000000773c00000, 0x00000007c0000000)
  eden space 65536K, 100% used [0x000000076ab00000,0x000000076eb00000,0x000000076eb00000)
  from space 10752K, 99% used [0x000000076eb00000,0x000000076f57a6f0,0x000000076f580000)
  to   space 10752K, 0% used [0x0000000773180000,0x0000000773180000,0x0000000773c00000)
 ParOldGen       total 91648K, used 17263K [0x00000006c0000000, 0x00000006c5980000, 0x000000076ab00000)
  object space 91648K, 18% used [0x00000006c0000000,0x00000006c10dbe28,0x00000006c5980000)
 Metaspace       used 27251K, capacity 27581K, committed 27904K, reserved 1075200K
  class space    used 2103K, capacity 2212K, committed 2304K, reserved 1048576K
Event: 21.706 GC heap after
Heap after GC invocations=5 (full 1):
 PSYoungGen      total 136192K, used 10747K [0x000000076ab00000, 0x0000000773c00000, 0x00000007c0000000)
  eden space 125440K, 0% used [0x000000076ab00000,0x000000076ab00000,0x0000000772580000)
  from space 10752K, 99% used [0x0000000773180000,0x0000000773bfecc8,0x0000000773c00000)
  to   space 10752K, 0% used [0x0000000772700000,0x0000000772700000,0x0000000773180000)
 ParOldGen       total 91648K, used 17535K [0x00000006c0000000, 0x00000006c5980000, 0x000000076ab00000)
  object space 91648K, 19% used [0x00000006c0000000,0x00000006c111fe38,0x00000006c5980000)
 Metaspace       used 27251K, capacity 27581K, committed 27904K, reserved 1075200K
  class space    used 2103K, capacity 2212K, committed 2304K, reserved 1048576K
}

Deoptimization events (10 events):
Event: 6.928 Thread 0x00007fae8099b000 Uncommon trap: reason=unstable_if action=reinterpret pc=0x000000010907e77c method=java.awt.image.BufferedImage.getRGB(IIII[III)[I @ 163
Event: 6.929 Thread 0x00007fae83d35000 Uncommon trap: reason=unstable_if action=reinterpret pc=0x000000010907e77c method=java.awt.image.BufferedImage.getRGB(IIII[III)[I @ 163
Event: 27.430 Thread 0x00007fae801d3800 Uncommon trap: reason=unstable_if action=reinterpret pc=0x000000010892fa28 method=com.jogamp.common.util.VersionNumber.compareTo(Lcom/jogamp/common/util/VersionNumber;)I @ 21
Event: 27.431 Thread 0x00007fae83141000 Uncommon trap: reason=unstable_if action=reinterpret pc=0x000000010927ad54 method=java.security.AccessControlContext.combine([Ljava/security/ProtectionDomain;[Ljava/security/ProtectionDomain;)[Ljava/security/ProtectionDomain; @ 151
Event: 27.431 Thread 0x00007fae82828800 Uncommon trap: reason=unstable_if action=reinterpret pc=0x0000000108fe3094 method=java.awt.font.FontRenderContext.equals(Ljava/awt/font/FontRenderContext;)Z @ 2
Event: 27.446 Thread 0x00007fae83141000 Uncommon trap: reason=unstable_if action=reinterpret pc=0x0000000108d6c570 method=java.util.HashMap.putVal(ILjava/lang/Object;Ljava/lang/Object;ZZ)Ljava/lang/Object; @ 81
Event: 27.446 Thread 0x00007fae83141000 Uncommon trap: reason=unstable_if action=reinterpret pc=0x0000000108d63b98 method=java.util.HashMap.putVal(ILjava/lang/Object;Ljava/lang/Object;ZZ)Ljava/lang/Object; @ 81
Event: 27.446 Thread 0x00007fae82828800 Uncommon trap: reason=unstable_if action=reinterpret pc=0x0000000108fb0138 method=java.awt.font.FontRenderContext.equals(Ljava/awt/font/FontRenderContext;)Z @ 2
Event: 27.458 Thread 0x00007fae801d3800 Uncommon trap: reason=unstable_if action=reinterpret pc=0x0000000109048fd8 method=java.security.AccessControlContext.combine([Ljava/security/ProtectionDomain;[Ljava/security/ProtectionDomain;)[Ljava/security/ProtectionDomain; @ 151
Event: 27.459 Thread 0x00007fae815b0800 Uncommon trap: reason=predicate action=maybe_recompile pc=0x0000000108fb3650 method=java.util.Vector.indexOf(Ljava/lang/Object;I)I @ 44

Classes redefined (0 events):
No events

Internal exceptions (10 events):
Event: 0.492 Thread 0x00007fae81005000 Exception <a 'java/io/FileNotFoundException'> (0x000000076ae30240) thrown at [/Users/jenkins/workspace/build-scripts/jobs/jdk8u/jdk8u-mac-x64-hotspot/workspace/build/src/hotspot/src/share/vm/prims/jni.cpp, line 710]
Event: 2.058 Thread 0x00007fae81855000 Exception <a 'java/lang/ClassNotFoundException': sun/dc/DuctusRenderingEngine> (0x000000076aedfaf8) thrown at [/Users/jenkins/workspace/build-scripts/jobs/jdk8u/jdk8u-mac-x64-hotspot/workspace/build/src/hotspot/src/share/vm/classfile/systemDictionary.cpp,
Event: 2.255 Thread 0x00007fae81005000 Exception <a 'java/io/FileNotFoundException'> (0x000000076aeb9318) thrown at [/Users/jenkins/workspace/build-scripts/jobs/jdk8u/jdk8u-mac-x64-hotspot/workspace/build/src/hotspot/src/share/vm/prims/jni.cpp, line 710]
Event: 3.718 Thread 0x00007fae83143000 Exception <a 'java/lang/UnsatisfiedLinkError': com.jogamp.common.util.JarUtil.fixNativeLibAttribs(Ljava/lang/String;)Z> (0x000000076c5f34c8) thrown at [/Users/jenkins/workspace/build-scripts/jobs/jdk8u/jdk8u-mac-x64-hotspot/workspace/build/src/hotspot/src
Event: 4.696 Thread 0x00007fae801d3800 Exception <a 'java/io/FileNotFoundException'> (0x000000076d5fb220) thrown at [/Users/jenkins/workspace/build-scripts/jobs/jdk8u/jdk8u-mac-x64-hotspot/workspace/build/src/hotspot/src/share/vm/prims/jni.cpp, line 710]
Event: 4.696 Thread 0x00007fae801d3800 Exception <a 'java/io/FileNotFoundException'> (0x000000076d6030a8) thrown at [/Users/jenkins/workspace/build-scripts/jobs/jdk8u/jdk8u-mac-x64-hotspot/workspace/build/src/hotspot/src/share/vm/prims/jni.cpp, line 710]
Event: 4.696 Thread 0x00007fae801d3800 Implicit null exception at 0x00000001089e9e76 to 0x00000001089ea239
Event: 4.917 Thread 0x00007fae801d3800 Implicit null exception at 0x0000000108bedd46 to 0x0000000108bedf8d
Event: 4.948 Thread 0x00007fae83ff6000 Implicit null exception at 0x00000001089eae75 to 0x00000001089eb235
Event: 4.995 Thread 0x00007fae8300e800 Exception <a 'java/lang/NullPointerException'> (0x000000076aded170) thrown at [/Users/jenkins/workspace/build-scripts/jobs/jdk8u/jdk8u-mac-x64-hotspot/workspace/build/src/hotspot/src/share/vm/interpreter/linkResolver.cpp, line 1185]

Events (10 events):
Event: 27.458 loading class java/awt/event/AWTEventListenerProxy
Event: 27.458 loading class java/awt/event/AWTEventListenerProxy done
Event: 27.458 loading class java/awt/Toolkit$ToolkitEventMulticaster
Event: 27.458 loading class java/awt/Toolkit$ToolkitEventMulticaster done
Event: 27.459 Thread 0x00007fae83141000 Thread exited: 0x00007fae83141000
Event: 27.459 Thread 0x00007fae815b0800 Uncommon trap: trap_request=0xffffff86 fr.pc=0x0000000108fb3650
Event: 27.459 Thread 0x00007fae815b0800 DEOPT PACKING pc=0x0000000108fb3650 sp=0x000070000b356800
Event: 27.459 Thread 0x00007fae815b0800 DEOPT UNPACKING pc=0x000000010884247a sp=0x000070000b3567c0 mode 2
Event: 27.459 loading class java/awt/Window$1DisposeAction
Event: 27.459 loading class java/awt/Window$1DisposeAction done


Dynamic libraries:
0x00007fff40b0c000 	/System/Library/Frameworks/Cocoa.framework/Versions/A/Cocoa
0x00007fff4c8ba000 	/System/Library/Frameworks/Security.framework/Versions/A/Security
0x00007fff3f79e000 	/System/Library/Frameworks/ApplicationServices.framework/Versions/A/ApplicationServices
0x00007fff6c9ab000 	/usr/lib/libz.1.dylib
0x00007fff6a302000 	/usr/lib/libSystem.B.dylib
0x00007fff6bb3b000 	/usr/lib/libobjc.A.dylib
0x00007fff43605000 	/System/Library/Frameworks/Foundation.framework/Versions/C/Foundation
0x00007fff41381000 	/System/Library/Frameworks/CoreFoundation.framework/Versions/A/CoreFoundation
0x00000001049de000 	/Library/Application Support/Cylance/Desktop/CyMemDef.dylib
0x00007fff3e997000 	/System/Library/Frameworks/AppKit.framework/Versions/C/AppKit
0x00007fff40f0a000 	/System/Library/Frameworks/CoreData.framework/Versions/A/CoreData
0x00007fff63dc7000 	/System/Library/PrivateFrameworks/RemoteViewServices.framework/Versions/A/RemoteViewServices
0x00007fff6803e000 	/System/Library/PrivateFrameworks/UIFoundation.framework/Versions/A/UIFoundation
0x00007fff69723000 	/System/Library/PrivateFrameworks/XCTTargetBootstrap.framework/Versions/A/XCTTargetBootstrap
0x00007fff41290000 	/System/Library/Frameworks/CoreDisplay.framework/Versions/A/CoreDisplay
0x00007fff5eb01000 	/System/Library/PrivateFrameworks/IconServices.framework/Versions/A/IconServices
0x00007fff45f27000 	/System/Library/Frameworks/Metal.framework/Versions/A/Metal
0x00007fff56045000 	/System/Library/PrivateFrameworks/DesktopServicesPriv.framework/Versions/A/DesktopServicesPriv
0x00007fff6ae9e000 	/usr/lib/libenergytrace.dylib
0x00007fff66525000 	/System/Library/PrivateFrameworks/SkyLight.framework/Versions/A/SkyLight
0x00007fff417c8000 	/System/Library/Frameworks/CoreGraphics.framework/Versions/A/CoreGraphics
0x00007fff3d763000 	/System/Library/Frameworks/Accelerate.framework/Versions/A/Accelerate
0x00007fff43d4e000 	/System/Library/Frameworks/IOSurface.framework/Versions/A/IOSurface
0x00007fff55eb1000 	/System/Library/PrivateFrameworks/DFRFoundation.framework/Versions/A/DFRFoundation
0x00007fff3fc81000 	/System/Library/Frameworks/AudioToolbox.framework/Versions/A/AudioToolbox
0x00007fff3fefa000 	/System/Library/Frameworks/AudioUnit.framework/Versions/A/AudioUnit
0x00007fff55f46000 	/System/Library/PrivateFrameworks/DataDetectorsCore.framework/Versions/A/DataDetectorsCore
0x00007fff4060f000 	/System/Library/Frameworks/Carbon.framework/Versions/A/Frameworks/HIToolbox.framework/Versions/A/HIToolbox
0x00007fff6aff7000 	/usr/lib/libicucore.A.dylib
0x00007fff4be2d000 	/System/Library/Frameworks/QuartzCore.framework/Versions/A/QuartzCore
0x00007fff409e4000 	/System/Library/Frameworks/Carbon.framework/Versions/A/Frameworks/SpeechRecognition.framework/Versions/A/SpeechRecognition
0x00007fff6a456000 	/usr/lib/libauto.dylib
0x00007fff6c89e000 	/usr/lib/libxml2.2.dylib
0x00007fff55a8c000 	/System/Library/PrivateFrameworks/CoreUI.framework/Versions/A/CoreUI
0x00007fff40df5000 	/System/Library/Frameworks/CoreAudio.framework/Versions/A/CoreAudio
0x00007fff4343a000 	/System/Library/Frameworks/DiskArbitration.framework/Versions/A/DiskArbitration
0x00007fff6b2a5000 	/usr/lib/liblangid.dylib
0x00007fff5ff0c000 	/System/Library/PrivateFrameworks/MultitouchSupport.framework/Versions/A/MultitouchSupport
0x00007fff43cbd000 	/System/Library/Frameworks/IOKit.framework/Versions/A/IOKit
0x00007fff69ec2000 	/usr/lib/libDiagnosticMessagesClient.dylib
0x00007fff425d8000 	/System/Library/Frameworks/CoreServices.framework/Versions/A/CoreServices
0x00007fff61bc6000 	/System/Library/PrivateFrameworks/PerformanceAnalysis.framework/Versions/A/PerformanceAnalysis
0x00007fff4b014000 	/System/Library/Frameworks/OpenGL.framework/Versions/A/OpenGL
0x00007fff40b1a000 	/System/Library/Frameworks/ColorSync.framework/Versions/A/ColorSync
0x00007fff41e5a000 	/System/Library/Frameworks/CoreImage.framework/Versions/A/CoreImage
0x00007fff42fb0000 	/System/Library/Frameworks/CoreText.framework/Versions/A/CoreText
0x00007fff43db1000 	/System/Library/Frameworks/ImageIO.framework/Versions/A/ImageIO
0x00007fff520de000 	/System/Library/PrivateFrameworks/Backup.framework/Versions/A/Backup
0x00007fff6a3a9000 	/usr/lib/libarchive.2.dylib
0x00007fff40253000 	/System/Library/Frameworks/CFNetwork.framework/Versions/A/CFNetwork
0x00007fff4d016000 	/System/Library/Frameworks/SystemConfiguration.framework/Versions/A/SystemConfiguration
0x00007fff69df3000 	/usr/lib/libCRFSuite.dylib
0x00007fff6a547000 	/usr/lib/libc++.1.dylib
0x00007fff6a59b000 	/usr/lib/libc++abi.dylib
0x00007fff6d1a1000 	/usr/lib/system/libcache.dylib
0x00007fff6d1a6000 	/usr/lib/system/libcommonCrypto.dylib
0x00007fff6d1b1000 	/usr/lib/system/libcompiler_rt.dylib
0x00007fff6d1b9000 	/usr/lib/system/libcopyfile.dylib
0x00007fff6d1c3000 	/usr/lib/system/libcorecrypto.dylib
0x00007fff6d2ce000 	/usr/lib/system/libdispatch.dylib
0x00007fff6d308000 	/usr/lib/system/libdyld.dylib
0x00007fff6d335000 	/usr/lib/system/libkeymgr.dylib
0x00007fff6d343000 	/usr/lib/system/liblaunch.dylib
0x00007fff6d344000 	/usr/lib/system/libmacho.dylib
0x00007fff6d34a000 	/usr/lib/system/libquarantine.dylib
0x00007fff6d34d000 	/usr/lib/system/libremovefile.dylib
0x00007fff6d34f000 	/usr/lib/system/libsystem_asl.dylib
0x00007fff6d367000 	/usr/lib/system/libsystem_blocks.dylib
0x00007fff6d368000 	/usr/lib/system/libsystem_c.dylib
0x00007fff6d3f0000 	/usr/lib/system/libsystem_configuration.dylib
0x00007fff6d3f4000 	/usr/lib/system/libsystem_coreservices.dylib
0x00007fff6d3f8000 	/usr/lib/system/libsystem_darwin.dylib
0x00007fff6d3ff000 	/usr/lib/system/libsystem_dnssd.dylib
0x00007fff6d406000 	/usr/lib/system/libsystem_info.dylib
0x00007fff6d47b000 	/usr/lib/system/libsystem_m.dylib
0x00007fff6d4c7000 	/usr/lib/system/libsystem_malloc.dylib
0x00007fff6d4f2000 	/usr/lib/system/libsystem_networkextension.dylib
0x00007fff6d4fd000 	/usr/lib/system/libsystem_notify.dylib
0x00007fff6d51a000 	/usr/lib/system/libsystem_sandbox.dylib
0x00007fff6d51e000 	/usr/lib/system/libsystem_secinit.dylib
0x00007fff6d452000 	/usr/lib/system/libsystem_kernel.dylib
0x00007fff6d505000 	/usr/lib/system/libsystem_platform.dylib
0x00007fff6d50f000 	/usr/lib/system/libsystem_pthread.dylib
0x00007fff6d521000 	/usr/lib/system/libsystem_symptoms.dylib
0x00007fff6d529000 	/usr/lib/system/libsystem_trace.dylib
0x00007fff6d540000 	/usr/lib/system/libunwind.dylib
0x00007fff6d546000 	/usr/lib/system/libxpc.dylib
0x00007fff6a528000 	/usr/lib/libbsm.0.dylib
0x00007fff6d336000 	/usr/lib/system/libkxld.dylib
0x00007fff514cf000 	/System/Library/PrivateFrameworks/AppleFSCompression.framework/Versions/A/AppleFSCompression
0x00007fff6a1c2000 	/usr/lib/libOpenScriptingUtil.dylib
0x00007fff6a850000 	/usr/lib/libcoretls.dylib
0x00007fff6a867000 	/usr/lib/libcoretls_cfhelpers.dylib
0x00007fff6c2d2000 	/usr/lib/libpam.2.dylib
0x00007fff6c492000 	/usr/lib/libsqlite3.dylib
0x00007fff6c88c000 	/usr/lib/libxar.1.dylib
0x00007fff6a539000 	/usr/lib/libbz2.1.0.dylib
0x00007fff6b2a7000 	/usr/lib/liblzma.5.dylib
0x00007fff6b758000 	/usr/lib/libnetwork.dylib
0x00007fff6a392000 	/usr/lib/libapple_nghttp2.dylib
0x00007fff6c2d9000 	/usr/lib/libpcap.A.dylib
0x00007fff42977000 	/System/Library/Frameworks/CoreServices.framework/Versions/A/Frameworks/FSEvents.framework/Versions/A/FSEvents
0x00007fff42656000 	/System/Library/Frameworks/CoreServices.framework/Versions/A/Frameworks/CarbonCore.framework/Versions/A/CarbonCore
0x00007fff42b32000 	/System/Library/Frameworks/CoreServices.framework/Versions/A/Frameworks/Metadata.framework/Versions/A/Metadata
0x00007fff42bd1000 	/System/Library/Frameworks/CoreServices.framework/Versions/A/Frameworks/OSServices.framework/Versions/A/OSServices
0x00007fff42c1c000 	/System/Library/Frameworks/CoreServices.framework/Versions/A/Frameworks/SearchKit.framework/Versions/A/SearchKit
0x00007fff425d9000 	/System/Library/Frameworks/CoreServices.framework/Versions/A/Frameworks/AE.framework/Versions/A/AE
0x00007fff42980000 	/System/Library/Frameworks/CoreServices.framework/Versions/A/Frameworks/LaunchServices.framework/Versions/A/LaunchServices
0x00007fff4292e000 	/System/Library/Frameworks/CoreServices.framework/Versions/A/Frameworks/DictionaryServices.framework/Versions/A/DictionaryServices
0x00007fff42c84000 	/System/Library/Frameworks/CoreServices.framework/Versions/A/Frameworks/SharedFileList.framework/Versions/A/SharedFileList
0x00007fff46fef000 	/System/Library/Frameworks/NetFS.framework/Versions/A/NetFS
0x00007fff60172000 	/System/Library/PrivateFrameworks/NetAuth.framework/Versions/A/NetAuth
0x00007fff69b27000 	/System/Library/PrivateFrameworks/login.framework/Versions/A/Frameworks/loginsupport.framework/Versions/A/loginsupport
0x00007fff67c47000 	/System/Library/PrivateFrameworks/TCC.framework/Versions/A/TCC
0x00007fff550e9000 	/System/Library/PrivateFrameworks/CoreNLP.framework/Versions/A/CoreNLP
0x00007fff5fc07000 	/System/Library/PrivateFrameworks/MetadataUtilities.framework/Versions/A/MetadataUtilities
0x00007fff6b37c000 	/usr/lib/libmecabra.dylib
0x00007fff3f79f000 	/System/Library/Frameworks/ApplicationServices.framework/Versions/A/Frameworks/ATS.framework/Versions/A/ATS
0x00007fff3faee000 	/System/Library/Frameworks/ApplicationServices.framework/Versions/A/Frameworks/ColorSyncLegacy.framework/Versions/A/ColorSyncLegacy
0x00007fff3fb8d000 	/System/Library/Frameworks/ApplicationServices.framework/Versions/A/Frameworks/HIServices.framework/Versions/A/HIServices
0x00007fff3fbe0000 	/System/Library/Frameworks/ApplicationServices.framework/Versions/A/Frameworks/LangAnalysis.framework/Versions/A/LangAnalysis
0x00007fff3fbf0000 	/System/Library/Frameworks/ApplicationServices.framework/Versions/A/Frameworks/PrintCore.framework/Versions/A/PrintCore
0x00007fff3fc3a000 	/System/Library/Frameworks/ApplicationServices.framework/Versions/A/Frameworks/QD.framework/Versions/A/QD
0x00007fff3fc74000 	/System/Library/Frameworks/ApplicationServices.framework/Versions/A/Frameworks/SpeechSynthesis.framework/Versions/A/SpeechSynthesis
0x00007fff6a5c3000 	/usr/lib/libcompression.dylib
0x00007fff461f7000 	/System/Library/Frameworks/MetalPerformanceShaders.framework/Versions/A/MetalPerformanceShaders
0x00007fff3d77b000 	/System/Library/Frameworks/Accelerate.framework/Versions/A/Frameworks/vImage.framework/Versions/A/vImage
0x00007fff3e7f5000 	/System/Library/Frameworks/Accelerate.framework/Versions/A/Frameworks/vecLib.framework/Versions/A/vecLib
0x00007fff3e741000 	/System/Library/Frameworks/Accelerate.framework/Versions/A/Frameworks/vecLib.framework/Versions/A/libvMisc.dylib
0x00007fff3e559000 	/System/Library/Frameworks/Accelerate.framework/Versions/A/Frameworks/vecLib.framework/Versions/A/libvDSP.dylib
0x00007fff3de15000 	/System/Library/Frameworks/Accelerate.framework/Versions/A/Frameworks/vecLib.framework/Versions/A/libBLAS.dylib
0x00007fff3e102000 	/System/Library/Frameworks/Accelerate.framework/Versions/A/Frameworks/vecLib.framework/Versions/A/libLAPACK.dylib
0x00007fff3e4ac000 	/System/Library/Frameworks/Accelerate.framework/Versions/A/Frameworks/vecLib.framework/Versions/A/libLinearAlgebra.dylib
0x00007fff3e545000 	/System/Library/Frameworks/Accelerate.framework/Versions/A/Frameworks/vecLib.framework/Versions/A/libSparseBLAS.dylib
0x00007fff3e4c2000 	/System/Library/Frameworks/Accelerate.framework/Versions/A/Frameworks/vecLib.framework/Versions/A/libQuadrature.dylib
0x00007fff3e08f000 	/System/Library/Frameworks/Accelerate.framework/Versions/A/Frameworks/vecLib.framework/Versions/A/libBNNS.dylib
0x00007fff3e4c8000 	/System/Library/Frameworks/Accelerate.framework/Versions/A/Frameworks/vecLib.framework/Versions/A/libSparse.dylib
0x00007fff5c437000 	/System/Library/PrivateFrameworks/GPUWrangler.framework/Versions/A/GPUWrangler
0x00007fff5e736000 	/System/Library/PrivateFrameworks/IOAccelerator.framework/Versions/A/IOAccelerator
0x00007fff5e741000 	/System/Library/PrivateFrameworks/IOPresentment.framework/Versions/A/IOPresentment
0x00007fff55ec1000 	/System/Library/PrivateFrameworks/DSExternalDisplay.framework/Versions/A/DSExternalDisplay
0x00007fff4a46b000 	/System/Library/Frameworks/OpenGL.framework/Versions/A/Libraries/libCoreFSCache.dylib
0x00007fff45feb000 	/System/Library/Frameworks/MetalPerformanceShaders.framework/Frameworks/MPSCore.framework/Versions/A/MPSCore
0x00007fff4600b000 	/System/Library/Frameworks/MetalPerformanceShaders.framework/Frameworks/MPSImage.framework/Versions/A/MPSImage
0x00007fff460b0000 	/System/Library/Frameworks/MetalPerformanceShaders.framework/Frameworks/MPSNeuralNetwork.framework/Versions/A/MPSNeuralNetwork
0x00007fff46088000 	/System/Library/Frameworks/MetalPerformanceShaders.framework/Frameworks/MPSMatrix.framework/Versions/A/MPSMatrix
0x00007fff461dc000 	/System/Library/Frameworks/MetalPerformanceShaders.framework/Frameworks/MPSRayIntersector.framework/Versions/A/MPSRayIntersector
0x00007fff5fc30000 	/System/Library/PrivateFrameworks/MetalTools.framework/Versions/A/MetalTools
0x00007fff50d79000 	/System/Library/PrivateFrameworks/AggregateDictionary.framework/Versions/A/AggregateDictionary
0x00007fff6a1a2000 	/usr/lib/libMobileGestalt.dylib
0x00007fff43113000 	/System/Library/Frameworks/CoreVideo.framework/Versions/A/CoreVideo
0x00007fff5d248000 	/System/Library/PrivateFrameworks/GraphVisualizer.framework/Versions/A/GraphVisualizer
0x00007fff570c7000 	/System/Library/PrivateFrameworks/FaceCore.framework/Versions/A/FaceCore
0x00007fff49a99000 	/System/Library/Frameworks/OpenCL.framework/Versions/A/OpenCL
0x00007fff69efa000 	/usr/lib/libFosl_dynamic.dylib
0x00007fff609dd000 	/System/Library/PrivateFrameworks/OTSVG.framework/Versions/A/OTSVG
0x00007fff3f8a3000 	/System/Library/Frameworks/ApplicationServices.framework/Versions/A/Frameworks/ATS.framework/Versions/A/Resources/libFontParser.dylib
0x00007fff3f9bb000 	/System/Library/Frameworks/ApplicationServices.framework/Versions/A/Frameworks/ATS.framework/Versions/A/Resources/libFontRegistry.dylib
0x00007fff44020000 	/System/Library/Frameworks/ImageIO.framework/Versions/A/Resources/libJPEG.dylib
0x00007fff44332000 	/System/Library/Frameworks/ImageIO.framework/Versions/A/Resources/libTIFF.dylib
0x00007fff44308000 	/System/Library/Frameworks/ImageIO.framework/Versions/A/Resources/libPng.dylib
0x00007fff43f3e000 	/System/Library/Frameworks/ImageIO.framework/Versions/A/Resources/libGIF.dylib
0x00007fff43f43000 	/System/Library/Frameworks/ImageIO.framework/Versions/A/Resources/libJP2.dylib
0x00007fff4432f000 	/System/Library/Frameworks/ImageIO.framework/Versions/A/Resources/libRadiance.dylib
0x00007fff51626000 	/System/Library/PrivateFrameworks/AppleJPEG.framework/Versions/A/AppleJPEG
0x00007fff4a476000 	/System/Library/Frameworks/OpenGL.framework/Versions/A/Libraries/libGFXShared.dylib
0x00007fff4a639000 	/System/Library/Frameworks/OpenGL.framework/Versions/A/Libraries/libGLU.dylib
0x00007fff4a47f000 	/System/Library/Frameworks/OpenGL.framework/Versions/A/Libraries/libGL.dylib
0x00007fff4a48b000 	/System/Library/Frameworks/OpenGL.framework/Versions/A/Libraries/libGLImage.dylib
0x00007fff4a468000 	/System/Library/Frameworks/OpenGL.framework/Versions/A/Libraries/libCVMSPluginSupport.dylib
0x00007fff4a471000 	/System/Library/Frameworks/OpenGL.framework/Versions/A/Libraries/libCoreVMClient.dylib
0x00007fff6ad14000 	/usr/lib/libcups.2.dylib
0x00007fff454f2000 	/System/Library/Frameworks/Kerberos.framework/Versions/A/Kerberos
0x00007fff43a21000 	/System/Library/Frameworks/GSS.framework/Versions/A/GSS
0x00007fff6c427000 	/usr/lib/libresolv.9.dylib
0x00007fff6af06000 	/usr/lib/libiconv.2.dylib
0x00007fff5d3bd000 	/System/Library/PrivateFrameworks/Heimdal.framework/Versions/A/Heimdal
0x00007fff6aed6000 	/usr/lib/libheimdal-asn1.dylib
0x00007fff49b0d000 	/System/Library/Frameworks/OpenDirectory.framework/Versions/A/OpenDirectory
0x00007fff53e4c000 	/System/Library/PrivateFrameworks/CommonAuth.framework/Versions/A/CommonAuth
0x00007fff49af1000 	/System/Library/Frameworks/OpenDirectory.framework/Versions/A/Frameworks/CFOpenDirectory.framework/Versions/A/CFOpenDirectory
0x00007fff4cbbb000 	/System/Library/Frameworks/SecurityFoundation.framework/Versions/A/SecurityFoundation
0x00007fff502bf000 	/System/Library/PrivateFrameworks/APFS.framework/Versions/A/APFS
0x00007fff6c888000 	/usr/lib/libutil.dylib
0x00007fff6a5b1000 	/usr/lib/libcharset.1.dylib
0x00007fff518c3000 	/System/Library/PrivateFrameworks/AppleSauce.framework/Versions/A/AppleSauce
0x00007fff51a44000 	/System/Library/PrivateFrameworks/AssertionServices.framework/Versions/A/AssertionServices
0x00007fff52174000 	/System/Library/PrivateFrameworks/BaseBoard.framework/Versions/A/BaseBoard
0x00007fff6b2d7000 	/usr/lib/libmecab.1.0.0.dylib
0x00007fff6aed0000 	/usr/lib/libgermantok.dylib
0x00007fff6a37f000 	/usr/lib/libThaiTokenizer.dylib
0x00007fff69e2a000 	/usr/lib/libChineseTokenizer.dylib
0x00007fff5edee000 	/System/Library/PrivateFrameworks/LanguageModeling.framework/Versions/A/LanguageModeling
0x00007fff54b2e000 	/System/Library/PrivateFrameworks/CoreEmoji.framework/Versions/A/CoreEmoji
0x00007fff5eeca000 	/System/Library/PrivateFrameworks/Lexicon.framework/Versions/A/Lexicon
0x00007fff5ef0d000 	/System/Library/PrivateFrameworks/LinguisticData.framework/Versions/A/LinguisticData
0x00007fff6a5b2000 	/usr/lib/libcmph.dylib
0x00007fff4cc79000 	/System/Library/Frameworks/ServiceManagement.framework/Versions/A/ServiceManagement
0x00007fff520d5000 	/System/Library/PrivateFrameworks/BackgroundTaskManagement.framework/Versions/A/BackgroundTaskManagement
0x00007fff6c982000 	/usr/lib/libxslt.1.dylib
0x00007fff40911000 	/System/Library/Frameworks/Carbon.framework/Versions/A/Frameworks/Ink.framework/Versions/A/Ink
0x00007fff67eb9000 	/System/Library/PrivateFrameworks/TextureIO.framework/Versions/A/TextureIO
0x00007fff6a3d3000 	/usr/lib/libate.dylib
0x00007fff55e10000 	/System/Library/PrivateFrameworks/CrashReporterSupport.framework/Versions/A/CrashReporterSupport
0x00007fff655f3000 	/System/Library/PrivateFrameworks/Sharing.framework/Versions/A/Sharing
0x00007fff51e27000 	/System/Library/PrivateFrameworks/AuthKit.framework/Versions/A/AuthKit
0x00007fff5137b000 	/System/Library/PrivateFrameworks/Apple80211.framework/Versions/A/Apple80211
0x00007fff55bb8000 	/System/Library/PrivateFrameworks/CoreUtils.framework/Versions/A/CoreUtils
0x00007fff43154000 	/System/Library/Frameworks/CoreWLAN.framework/Versions/A/CoreWLAN
0x00007fff43b50000 	/System/Library/Frameworks/IOBluetooth.framework/Versions/A/IOBluetooth
0x00007fff63a67000 	/System/Library/PrivateFrameworks/ProtocolBuffer.framework/Versions/A/ProtocolBuffer
0x00007fff5fe68000 	/System/Library/PrivateFrameworks/MobileKeyBag.framework/Versions/A/MobileKeyBag
0x00007fff553fc000 	/System/Library/PrivateFrameworks/CorePhoneNumbers.framework/Versions/A/CorePhoneNumbers
0x00007fff515da000 	/System/Library/PrivateFrameworks/AppleIDAuthSupport.framework/Versions/A/AppleIDAuthSupport
0x00007fff5edc1000 	/System/Library/PrivateFrameworks/KeychainCircle.framework/Versions/A/KeychainCircle
0x00007fff63c1d000 	/System/Library/PrivateFrameworks/ROCKit.framework/Versions/A/ROCKit
0x00007fff55dac000 	/System/Library/PrivateFrameworks/CoreWiFi.framework/Versions/A/CoreWiFi
0x00007fff40edf000 	/System/Library/Frameworks/CoreBluetooth.framework/Versions/A/CoreBluetooth
0x00007fff56007000 	/System/Library/PrivateFrameworks/DebugSymbols.framework/Versions/A/DebugSymbols
0x00007fff55978000 	/System/Library/PrivateFrameworks/CoreSymbolication.framework/Versions/A/CoreSymbolication
0x00007fff676d4000 	/System/Library/PrivateFrameworks/Symbolication.framework/Versions/A/Symbolication
0x00007fff66f77000 	/System/Library/PrivateFrameworks/SpeechRecognitionCore.framework/Versions/A/SpeechRecognitionCore
0x0000000105c00000 	/Library/Java/JavaVirtualMachines/adoptopenjdk-8.jdk/Contents/Home/jre/lib/server/libjvm.dylib
0x00007fff6c763000 	/usr/lib/libstdc++.6.dylib
0x0000000104a3c000 	/Library/Java/JavaVirtualMachines/adoptopenjdk-8.jdk/Contents/Home/jre/lib/libverify.dylib
0x0000000104a4d000 	/Library/Java/JavaVirtualMachines/adoptopenjdk-8.jdk/Contents/Home/jre/lib/libjava.dylib
0x0000000104ad2000 	/Library/Java/JavaVirtualMachines/adoptopenjdk-8.jdk/Contents/Home/jre/lib/libzip.dylib
0x00000001217eb000 	/Library/Java/JavaVirtualMachines/adoptopenjdk-8.jdk/Contents/Home/jre/lib/libawt.dylib
0x000000012189b000 	/Library/Java/JavaVirtualMachines/adoptopenjdk-8.jdk/Contents/Home/jre/lib/./libmlib_image.dylib
0x00007fff454db000 	/System/Library/Frameworks/JavaVM.framework/Versions/A/Frameworks/JavaNativeFoundation.framework/Versions/A/JavaNativeFoundation
0x00007fff454e4000 	/System/Library/Frameworks/JavaVM.framework/Versions/A/Frameworks/JavaRuntimeSupport.framework/Versions/A/JavaRuntimeSupport
0x00007fff454ed000 	/System/Library/Frameworks/JavaVM.framework/Versions/A/JavaVM
0x00007fff5ece0000 	/System/Library/PrivateFrameworks/JavaLaunching.framework/Versions/A/JavaLaunching
0x00007fff4060a000 	/System/Library/Frameworks/Carbon.framework/Versions/A/Carbon
0x00007fff4060b000 	/System/Library/Frameworks/Carbon.framework/Versions/A/Frameworks/CommonPanels.framework/Versions/A/CommonPanels
0x00007fff40907000 	/System/Library/Frameworks/Carbon.framework/Versions/A/Frameworks/Help.framework/Versions/A/Help
0x00007fff4090b000 	/System/Library/Frameworks/Carbon.framework/Versions/A/Frameworks/ImageCapture.framework/Versions/A/ImageCapture
0x00007fff409a7000 	/System/Library/Frameworks/Carbon.framework/Versions/A/Frameworks/OpenScripting.framework/Versions/A/OpenScripting
0x00007fff409df000 	/System/Library/Frameworks/Carbon.framework/Versions/A/Frameworks/Print.framework/Versions/A/Print
0x00007fff409e1000 	/System/Library/Frameworks/Carbon.framework/Versions/A/Frameworks/SecurityHI.framework/Versions/A/SecurityHI
0x000000012196e000 	/Library/Java/JavaVirtualMachines/adoptopenjdk-8.jdk/Contents/Home/jre/lib/libawt_lwawt.dylib
0x0000000121a2f000 	/Library/Java/JavaVirtualMachines/adoptopenjdk-8.jdk/Contents/Home/jre/lib/./libosxapp.dylib
0x00007fff435de000 	/System/Library/Frameworks/ExceptionHandling.framework/Versions/A/ExceptionHandling
0x00007fff55580000 	/System/Library/PrivateFrameworks/CoreServicesInternal.framework/Versions/A/CoreServicesInternal
0x00007fff35ae3000 	/System/Library/CoreServices/RawCamera.bundle/Contents/MacOS/RawCamera
0x00007fff5fcd4000 	/System/Library/PrivateFrameworks/MobileAsset.framework/Versions/A/MobileAsset
0x00007fff67622000 	/System/Library/PrivateFrameworks/StreamingZip.framework/Versions/A/StreamingZip
0x00007fff4587f000 	/System/Library/Frameworks/MediaToolbox.framework/Versions/A/MediaToolbox
0x00007fff546d2000 	/System/Library/PrivateFrameworks/CoreAVCHD.framework/Versions/A/CoreAVCHD
0x00007fff457c5000 	/System/Library/Frameworks/MediaAccessibility.framework/Versions/A/MediaAccessibility
0x00007fff5f730000 	/System/Library/PrivateFrameworks/Mangrove.framework/Versions/A/Mangrove
0x00007fff42477000 	/System/Library/Frameworks/CoreMedia.framework/Versions/A/CoreMedia
0x00007fff4d2e2000 	/System/Library/Frameworks/VideoToolbox.framework/Versions/A/VideoToolbox
0x00007fff542ee000 	/System/Library/PrivateFrameworks/CoreAUC.framework/Versions/A/CoreAUC
0x00007fff6c490000 	/usr/lib/libspindump.dylib
0x00007fff519a9000 	/System/Library/PrivateFrameworks/AppleVA.framework/Versions/A/AppleVA
0x00007fff3d764000 	/System/Library/Frameworks/Accelerate.framework/Versions/A/Frameworks/vImage.framework/Versions/A/Libraries/libCGInterfaces.dylib
0x00007fff3fa57000 	/System/Library/Frameworks/ApplicationServices.framework/Versions/A/Frameworks/ATS.framework/Versions/A/Resources/libTrueTypeScaler.dylib
0x00007fff35e3f000 	/System/Library/Extensions/AMDMTLBronzeDriver.bundle/Contents/MacOS/AMDMTLBronzeDriver
0x00007fff5e72c000 	/System/Library/PrivateFrameworks/IOAccelMemoryInfo.framework/Versions/A/IOAccelMemoryInfo
0x00007fff3a926000 	/System/Library/Extensions/AppleIntelKBLGraphicsMTLDriver.bundle/Contents/MacOS/AppleIntelKBLGraphicsMTLDriver
0x00007fff5ad96000 	/System/Library/PrivateFrameworks/GPUCompiler.framework/Versions/3902/Libraries/libmetal_timestamp.dylib
0x00007fff574ec000 	/System/Library/PrivateFrameworks/FamilyControls.framework/Versions/A/FamilyControls
0x00007fff53e3f000 	/System/Library/PrivateFrameworks/CommerceKit.framework/Versions/A/Frameworks/CommerceCore.framework/Versions/A/CommerceCore
0x00007fff679a7000 	/System/Library/PrivateFrameworks/SystemAdministration.framework/Versions/A/SystemAdministration
0x00007fff5127c000 	/System/Library/PrivateFrameworks/AppContainer.framework/Versions/A/AppContainer
0x00007fff51298000 	/System/Library/PrivateFrameworks/AppSandbox.framework/Versions/A/AppSandbox
0x00007fff65494000 	/System/Library/PrivateFrameworks/SecCodeWrapper.framework/Versions/A/SecCodeWrapper
0x00007fff6c441000 	/usr/lib/libsandbox.1.dylib
0x00007fff6a171000 	/usr/lib/libMatch.1.dylib
0x00007fff5638c000 	/System/Library/PrivateFrameworks/DiskManagement.framework/Versions/A/DiskManagement
0x00007fff4335a000 	/System/Library/Frameworks/DirectoryService.framework/Versions/A/DirectoryService
0x00007fff562bd000 	/System/Library/PrivateFrameworks/DiskImages.framework/Versions/A/DiskImages
0x00007fff5f006000 	/System/Library/PrivateFrameworks/LoginUIKit.framework/Versions/A/Frameworks/LoginUICore.framework/Versions/A/LoginUICore
0x00007fff69e35000 	/usr/lib/libCoreStorage.dylib
0x00007fff6ad01000 	/usr/lib/libcsfde.dylib
0x00007fff6c2c1000 	/usr/lib/libodfde.dylib
0x00007fff5f848000 	/System/Library/PrivateFrameworks/MediaKit.framework/Versions/A/MediaKit
0x00007fff43366000 	/System/Library/Frameworks/DiscRecording.framework/Versions/A/DiscRecording
0x00007fff56500000 	/System/Library/PrivateFrameworks/EFILogin.framework/Versions/A/EFILogin
0x00007fff63a12000 	/System/Library/PrivateFrameworks/ProtectedCloudStorage.framework/Versions/A/ProtectedCloudStorage
0x00007fff6ad93000 	/usr/lib/libcurl.4.dylib
0x00007fff6ac00000 	/usr/lib/libcrypto.42.dylib
0x00007fff6c733000 	/usr/lib/libssl.44.dylib
0x00007fff4550c000 	/System/Library/Frameworks/LDAP.framework/Versions/A/LDAP
0x00007fff68037000 	/System/Library/PrivateFrameworks/TrustEvaluationAgent.framework/Versions/A/TrustEvaluationAgent
0x00007fff6c47d000 	/usr/lib/libsasl2.2.dylib
0x00007fff5492b000 	/System/Library/PrivateFrameworks/CoreDaemon.framework/Versions/B/CoreDaemon
0x00007fff518be000 	/System/Library/PrivateFrameworks/AppleSRP.framework/Versions/A/AppleSRP
0x00007fff68e72000 	/System/Library/PrivateFrameworks/ViewBridge.framework/Versions/A/ViewBridge
0x00000001247ea000 	/usr/lib/libobjc-trampolines.dylib
0x0000000125dbc000 	/Library/Java/JavaVirtualMachines/adoptopenjdk-8.jdk/Contents/Home/jre/lib/libnio.dylib
0x0000000125dd0000 	/Library/Java/JavaVirtualMachines/adoptopenjdk-8.jdk/Contents/Home/jre/lib/./libnet.dylib
0x00007fff4b024000 	/System/Library/Frameworks/OpenGL.framework/Versions/A/Resources/GLEngine.bundle/GLEngine
0x00007fff4a4c6000 	/System/Library/Frameworks/OpenGL.framework/Versions/A/Libraries/libGLProgrammability.dylib
0x00007fff39b51000 	/System/Library/Extensions/AppleIntelKBLGraphicsGLDriver.bundle/Contents/MacOS/AppleIntelKBLGraphicsGLDriver
0x00007fff5c42b000 	/System/Library/PrivateFrameworks/GPUSupport.framework/Versions/A/Libraries/libGPUSupportMercury.dylib
0x0000000125def000 	/System/Library/Extensions/AMDRadeonX4000GLDriver.bundle/Contents/MacOS/AMDRadeonX4000GLDriver
0x00007fff35f4c000 	/System/Library/Extensions/AMDRadeonX4000GLDriver.bundle/Contents/MacOS/ATIRadeonX4000SCLib.dylib
0x00007fff4b1bc000 	/System/Library/Frameworks/OpenGL.framework/Versions/A/Resources/GLRendererFloat.bundle/GLRendererFloat
0x00007fff49a90000 	/System/Library/Frameworks/OpenCL.framework/Versions/A/Libraries/libcldcpuengine.dylib
0x00007fff6aa06000 	/usr/lib/libcrypto.35.dylib
0x00000001260db000 	/Library/Java/JavaVirtualMachines/adoptopenjdk-8.jdk/Contents/Home/jre/lib/libfontmanager.dylib
0x000000012614b000 	/Library/Java/JavaVirtualMachines/adoptopenjdk-8.jdk/Contents/Home/jre/lib/./libfreetype.6.dylib
0x000000012497c000 	/Library/Java/JavaVirtualMachines/adoptopenjdk-8.jdk/Contents/Home/jre/lib/libosxui.dylib
0x000000012482c000 	/private/var/folders/pt/gmp3zg_n0fv1_5_mkh2b9j80003h5j/T/jogamp_0000/file_cache/jln7614943203990632784/jln1359987231014685698/libgluegen-rt.jnilib
0x0000000124831000 	/private/var/folders/pt/gmp3zg_n0fv1_5_mkh2b9j80003h5j/T/jogamp_0000/file_cache/jln7614943203990632784/jln1359987231014685698/libnativewindow_awt.jnilib
0x0000000124834000 	/Library/Java/JavaVirtualMachines/adoptopenjdk-8.jdk/Contents/Home/jre/lib/libjawt.dylib
0x000000012483b000 	/private/var/folders/pt/gmp3zg_n0fv1_5_mkh2b9j80003h5j/T/jogamp_0000/file_cache/jln7614943203990632784/jln1359987231014685698/libnativewindow_macosx.jnilib
0x0000000126339000 	/private/var/folders/pt/gmp3zg_n0fv1_5_mkh2b9j80003h5j/T/jogamp_0000/file_cache/jln7614943203990632784/jln1359987231014685698/libjogl_desktop.jnilib

VM Arguments:
jvm_args: -Djava.security.policy=java.policy.applet -Dfile.encoding=UTF-8 
java_command: sun.applet.AppletViewer module3.EarthquakeCityMap1586283690122.html
java_class_path (initial): /Users/abarretti/Desktop/Java/UCSDUnfoldingMaps/UCSDUnfoldingMaps/build:/Users/abarretti/Desktop/Java/UCSDUnfoldingMaps/UCSDUnfoldingMaps/lib/core.jar:/Users/abarretti/Desktop/Java/UCSDUnfoldingMaps/UCSDUnfoldingMaps/lib/gluegen-rt.jar:/Users/abarretti/Desktop/Java/UCSDUnfoldingMaps/UCSDUnfoldingMaps/lib/jogl-all.jar:/Users/abarretti/Desktop/Java/UCSDUnfoldingMaps/UCSDUnfoldingMaps/lib/log4j-1.2.15.jar:/Users/abarretti/Desktop/Java/UCSDUnfoldingMaps/UCSDUnfoldingMaps/lib/sqlite-jdbc-3.7.2.jar:/Users/abarretti/Desktop/Java/UCSDUnfoldingMaps/UCSDUnfoldingMaps/lib/json4processing.jar:/Users/abarretti/Desktop/Java/UCSDUnfoldingMaps/UCSDUnfoldingMaps/lib/libTUIO.jar:/Users/abarretti/Desktop/Java/UCSDUnfoldingMaps/UCSDUnfoldingMaps/lib/unfolding.0.9.7-uscd.jar
Launcher Type: SUN_STANDARD

Environment Variables:
PATH=/usr/bin:/bin:/usr/sbin:/sbin
SHELL=/bin/bash

Signal Handlers:
SIGSEGV: [libjvm.dylib+0x588183], sa_mask[0]=11111111011111110111111111111111, sa_flags=SA_ONSTACK|SA_RESTART|SA_SIGINFO
SIGBUS: [libjvm.dylib+0x588183], sa_mask[0]=11111111011111110111111111111111, sa_flags=SA_RESTART|SA_SIGINFO
SIGFPE: [libjvm.dylib+0x46288c], sa_mask[0]=11111111011111110111111111111111, sa_flags=SA_RESTART|SA_SIGINFO
SIGPIPE: [libjvm.dylib+0x46288c], sa_mask[0]=11111111011111110111111111111111, sa_flags=SA_RESTART|SA_SIGINFO
SIGXFSZ: [libjvm.dylib+0x46288c], sa_mask[0]=11111111011111110111111111111111, sa_flags=SA_RESTART|SA_SIGINFO
SIGILL: [libjvm.dylib+0x46288c], sa_mask[0]=11111111011111110111111111111111, sa_flags=SA_RESTART|SA_SIGINFO
SIGUSR1: SIG_DFL, sa_mask[0]=00000000000000000000000000000000, sa_flags=none
SIGUSR2: [libjvm.dylib+0x4623aa], sa_mask[0]=00100000000000000000000000000000, sa_flags=SA_RESTART|SA_SIGINFO
SIGHUP: [libjvm.dylib+0x460935], sa_mask[0]=11111111011111110111111111111111, sa_flags=SA_RESTART|SA_SIGINFO
SIGINT: [libjvm.dylib+0x460935], sa_mask[0]=11111111011111110111111111111111, sa_flags=SA_RESTART|SA_SIGINFO
SIGTERM: [libjvm.dylib+0x460935], sa_mask[0]=11111111011111110111111111111111, sa_flags=SA_RESTART|SA_SIGINFO
SIGQUIT: [libjvm.dylib+0x460935], sa_mask[0]=11111111011111110111111111111111, sa_flags=SA_RESTART|SA_SIGINFO


---------------  S Y S T E M  ---------------

OS:Bsduname:Darwin 18.7.0 Darwin Kernel Version 18.7.0: Thu Jan 23 06:52:12 PST 2020; root:xnu-4903.278.25~1/RELEASE_X86_64 x86_64
rlimit: STACK 8192k, CORE 0k, NPROC 1418, NOFILE 10240, AS infinity
load average:2.44 4.38 3.92

CPU:total 8 (initial active 8) (4 cores per cpu, 2 threads per core) family 6 model 158 stepping 9, cmov, cx8, fxsr, mmx, sse, sse2, sse3, ssse3, sse4.1, sse4.2, popcnt, avx, avx2, aes, clmul, erms, 3dnowpref, lzcnt, ht, tsc, tscinvbit, bmi1, bmi2, adx

Memory: 4k page, physical 16777216k(466864k free)

/proc/meminfo:


vm_info: OpenJDK 64-Bit Server VM (25.242-b08) for bsd-amd64 JRE (1.8.0_242-b08), built on Jan 19 2020 06:43:11 by "jenkins" with gcc 4.2.1 (Based on Apple Inc. build 5658) (LLVM build 2336.11.00)

time: Tue Apr  7 20:21:57 2020
timezone: CEST
elapsed time: 27 seconds (0d 0h 0m 27s)

