#
# A fatal error has been detected by the Java Runtime Environment:
#
#  SIGSEGV (0xb) at pc=0x00007fff798cb69d, pid=35010, tid=0x0000000000000307
#
# JRE version: OpenJDK Runtime Environment (8.0_242-b08) (build 1.8.0_242-b08)
# Java VM: OpenJDK 64-Bit Server VM (25.242-b08 mixed mode bsd-amd64 compressed oops)
# Problematic frame:
# C  [libobjc.A.dylib+0x669d]  objc_msgSend+0x1d
#
# Failed to write core dump. Core dumps have been disabled. To enable core dumping, try "ulimit -c unlimited" before starting Java again
#
# If you would like to submit a bug report, please visit:
#   http://bugreport.java.com/bugreport/crash.jsp
# The crash happened outside the Java Virtual Machine in native code.
# See problematic frame for where to report the bug.
#

---------------  T H R E A D  ---------------

Current thread (0x00007f97b6977800):  JavaThread "AWT-AppKit" daemon [_thread_in_native, id=775, stack(0x00007ffee97a6000,0x00007ffee9fa6000)]

siginfo: si_signo: 11 (SIGSEGV), si_code: 1 (SEGV_MAPERR), si_addr: 0x0000000000000018

Registers:
RAX=0x00007f97b3e264c0, RBX=0x000000010dab0450, RCX=0x0000000000000001, RDX=0x0000000000000000
RSP=0x00007ffee9fa1168, RBP=0x00007ffee9fa1220, RSI=0x00007fff4d2c8537, RDI=0x00007f97b922b950
R8 =0x0000000000000001, R9 =0x0000000000000000, R10=0x0000000000000000, R11=0x00007fff4d2c8537
R12=0x0000000000000000, R13=0x0000000156712cb8, R14=0x000000010dab0440, R15=0x00007f97b6977800
RIP=0x00007fff798cb69d, EFLAGS=0x0000000000010246, ERR=0x0000000000000004
  TRAPNO=0x000000000000000e

Top of Stack: (sp=0x00007ffee9fa1168)
0x00007ffee9fa1168:   000000010daae157 00007ffee9fa11c0
0x00007ffee9fa1178:   0000000000000003 00007ffee9fa11a0
0x00007ffee9fa1188:   0000000106f432b2 0000000156712cb8
0x00007ffee9fa1198:   0000000156712cb8 00007f97b3e264c0
0x00007ffee9fa11a8:   000000010dab06a0 000000010dab0710
0x00007ffee9fa11b8:   00007fffaa2f3838 00007fffab9cd088
0x00007ffee9fa11c8:   000000010dab0450 000000010dab0690
0x00007ffee9fa11d8:   00007f97b3e264c0 00007f97b922b950
0x00007ffee9fa11e8:   00007f97b3f2cd50 00007f97b3e264c0
0x00007ffee9fa11f8:   00007f97b922b950 00007ffee9fa12a8
0x00007ffee9fa1208:   00007f97b69779e0 0000000156712cb8
0x00007ffee9fa1218:   00007ffee9fa12d0 00007ffee9fa1298
0x00007ffee9fa1228:   000000010fbd1407 0000000156712cb8
0x00007ffee9fa1238:   00007ffee9fa12d0 00007ffee9fa1298
0x00007ffee9fa1248:   000000010fbd1167 000000010fbd1122
0x00007ffee9fa1258:   00007ffee9fa1258 0000000156712cb8
0x00007ffee9fa1268:   00007ffee9fa12d0 0000000156736028
0x00007ffee9fa1278:   0000000000000000 0000000156712cb8
0x00007ffee9fa1288:   0000000000000000 00007ffee9fa12b8
0x00007ffee9fa1298:   00007ffee9fa1318 000000010fbc0ffd
0x00007ffee9fa12a8:   00000006c006bc58 000000010fbcaa58
0x00007ffee9fa12b8:   00007f97b3e264c0 00007ffee9fa1318
0x00007ffee9fa12c8:   00007f97b922b950 000000010fbcc4c2
0x00007ffee9fa12d8:   00007ffee9fa12d8 0000000156712e82
0x00007ffee9fa12e8:   00007ffee9fa1340 0000000156736028
0x00007ffee9fa12f8:   0000000000000000 0000000156712e90
0x00007ffee9fa1308:   00007ffee9fa12b8 00007ffee9fa1328
0x00007ffee9fa1318:   00007ffee9fa1388 000000010fbc0ffd
0x00007ffee9fa1328:   00007f97b3e264c0 00000006c0008d10
0x00007ffee9fa1338:   00007f97b922b950 00000006c0008d10
0x00007ffee9fa1348:   00007ffee9fa1348 000000015cc4bdd6
0x00007ffee9fa1358:   00007ffee9fa1398 000000015cc4be90 

Instructions: (pc=0x00007fff798cb69d)
0x00007fff798cb67d:   0f 1f 00 48 85 ff 2e 74 62 40 f6 c7 01 2e 75 66
0x00007fff798cb68d:   49 ba f8 ff ff ff ff 7f 00 00 4c 23 17 49 89 f3
0x00007fff798cb69d:   45 23 5a 18 49 c1 e3 04 4d 03 5a 10 49 3b 33 75
0x00007fff798cb6ad:   04 41 ff 63 08 49 83 3b 01 76 0d 49 83 c3 10 49 

Register to memory mapping:

RAX=0x00007f97b3e264c0 is an unknown value
RBX=0x000000010dab0450: Java_jogamp_nativewindow_macosx_OSXUtil_GetScreenRefreshRate0+0x1cf0 in /private/var/folders/pt/gmp3zg_n0fv1_5_mkh2b9j80003h5j/T/jogamp_0000/file_cache/jln4999182333447423823/jln3326435832028196414/libnativewindow_macosx.jnilib at 0x000000010daa9000
RCX=0x0000000000000001 is an unknown value
RDX=0x0000000000000000 is an unknown value
RSP=0x00007ffee9fa1168 is pointing into the stack for thread: 0x00007f97b6977800
RBP=0x00007ffee9fa1220 is pointing into the stack for thread: 0x00007f97b6977800
RSI=0x00007fff4d2c8537: GCC_except_table7+0x9e9b in /System/Library/Frameworks/AppKit.framework/Versions/C/AppKit at 0x00007fff4c721000
RDI=0x00007f97b922b950 is an unknown value
R8 =0x0000000000000001 is an unknown value
R9 =0x0000000000000000 is an unknown value
R10=0x0000000000000000 is an unknown value
R11=0x00007fff4d2c8537: GCC_except_table7+0x9e9b in /System/Library/Frameworks/AppKit.framework/Versions/C/AppKit at 0x00007fff4c721000
R12=0x0000000000000000 is an unknown value
R13={method} {0x0000000156712cb8} 'UnsetJAWTRootSurfaceLayer0' '(JJ)V' in 'jogamp/nativewindow/jawt/macosx/MacOSXJAWTWindow'
R14=0x000000010dab0440: Java_jogamp_nativewindow_macosx_OSXUtil_GetScreenRefreshRate0+0x1ce0 in /private/var/folders/pt/gmp3zg_n0fv1_5_mkh2b9j80003h5j/T/jogamp_0000/file_cache/jln4999182333447423823/jln3326435832028196414/libnativewindow_macosx.jnilib at 0x000000010daa9000
R15=0x00007f97b6977800 is a thread


Stack: [0x00007ffee97a6000,0x00007ffee9fa6000],  sp=0x00007ffee9fa1168,  free space=8172k
Native frames: (J=compiled Java code, j=interpreted, Vv=VM code, C=native code)
C  [libobjc.A.dylib+0x669d]  objc_msgSend+0x1d
j  jogamp.nativewindow.jawt.macosx.MacOSXJAWTWindow.UnsetJAWTRootSurfaceLayer0(JJ)V+0
j  jogamp.nativewindow.jawt.macosx.MacOSXJAWTWindow.access$200(JJ)V+2
j  jogamp.nativewindow.jawt.macosx.MacOSXJAWTWindow$1.run()V+38
J 2727 C1 com.jogamp.common.util.RunnableTask.run()V (345 bytes) @ 0x000000011050b5f4 [0x000000011050b460+0x194]
v  ~StubRoutines::call_stub
V  [libjvm.dylib+0x2e3fa7]
V  [libjvm.dylib+0x2ff139]
V  [libjvm.dylib+0x2f13d1]
C  [libnativewindow_macosx.jnilib+0x5326]  Java_jogamp_nativewindow_jawt_macosx_MacOSXJAWTWindow_UnsetJAWTRootSurfaceLayer0+0x2b6
C  [Foundation+0xb0302]  __NSThreadPerformPerform+0x148
C  [CoreFoundation+0x57e33]  __CFRUNLOOP_IS_CALLING_OUT_TO_A_SOURCE0_PERFORM_FUNCTION__+0x11
C  [CoreFoundation+0x57dd9]  __CFRunLoopDoSource0+0x6c
C  [CoreFoundation+0x3b7f3]  __CFRunLoopDoSources0+0x11b
C  [CoreFoundation+0x3ad65]  __CFRunLoopRun+0x4a5
C  [CoreFoundation+0x3a66e]  CFRunLoopRunSpecific+0x1c7
C  [HIToolbox+0xb1ab]  RunCurrentEventLoopInMode+0x124
C  [HIToolbox+0xaded]  ReceiveNextEventCommon+0x163
C  [HIToolbox+0xac76]  _BlockUntilNextEventMatchingListInModeWithFilter+0x40
C  [AppKit+0x1a77d]  _DPSNextEvent+0x46f
C  [AppKit+0x1946b]  -[NSApplication(NSEvent) _nextEventMatchingEventMask:untilDate:inMode:dequeue:]+0x551
C  [libosxapp.dylib+0x2328]  -[NSApplicationAWT nextEventMatchingMask:untilDate:inMode:dequeue:]+0x7c
C  [AppKit+0x13588]  -[NSApplication run]+0x2bb
C  [libosxapp.dylib+0x1f72]  +[NSApplicationAWT runAWTLoopWithApp:]+0x9c
C  [libawt_lwawt.dylib+0x4711f]  -[AWTStarter starter:]+0x389
C  [Foundation+0xb0302]  __NSThreadPerformPerform+0x148
C  [CoreFoundation+0x57e33]  __CFRUNLOOP_IS_CALLING_OUT_TO_A_SOURCE0_PERFORM_FUNCTION__+0x11
C  [CoreFoundation+0x57dd9]  __CFRunLoopDoSource0+0x6c
C  [CoreFoundation+0x3b79b]  __CFRunLoopDoSources0+0xc3
C  [CoreFoundation+0x3ad65]  __CFRunLoopRun+0x4a5
C  [CoreFoundation+0x3a66e]  CFRunLoopRunSpecific+0x1c7
C  [java+0x646e]  CreateExecutionEnvironment+0x367
C  [java+0x203c]  JLI_Launch+0x7a0
C  [java+0x84d2]  main+0x6c
C  [java+0x1894]  start+0x34
C  0x0000000000000007

Java frames: (J=compiled Java code, j=interpreted, Vv=VM code)
j  jogamp.nativewindow.jawt.macosx.MacOSXJAWTWindow.UnsetJAWTRootSurfaceLayer0(JJ)V+0
j  jogamp.nativewindow.jawt.macosx.MacOSXJAWTWindow.access$200(JJ)V+2
j  jogamp.nativewindow.jawt.macosx.MacOSXJAWTWindow$1.run()V+38
J 2727 C1 com.jogamp.common.util.RunnableTask.run()V (345 bytes) @ 0x000000011050b5f4 [0x000000011050b460+0x194]
v  ~StubRoutines::call_stub

---------------  P R O C E S S  ---------------

Java Threads: ( => current thread )
  0x00007f97b6c3f000 JavaThread "Thread-19" [_thread_blocked, id=65895, stack(0x0000700009137000,0x0000700009237000)]
  0x00007f97b419b000 JavaThread "AWT-EventQueue-1" [_thread_blocked, id=61983, stack(0x0000700009034000,0x0000700009134000)]
  0x00007f97b6e19000 JavaThread "DestroyJavaVM" [_thread_blocked, id=9987, stack(0x00007000072d1000,0x00007000073d1000)]
  0x00007f97b493b000 JavaThread "AWT-EventQueue-0" [_thread_blocked, id=72731, stack(0x0000700008dab000,0x0000700008eab000)]
  0x00007f97b4800800 JavaThread "Java2D Disposer" daemon [_thread_blocked, id=75811, stack(0x0000700008b22000,0x0000700008c22000)]
  0x00007f97b48d9000 JavaThread "Java2D Queue Flusher" daemon [_thread_blocked, id=77319, stack(0x0000700008a1f000,0x0000700008b1f000)]
  0x00007f97b48ba800 JavaThread "AWT-Shutdown" [_thread_blocked, id=36651, stack(0x000070000860a000,0x000070000870a000)]
=>0x00007f97b6977800 JavaThread "AWT-AppKit" daemon [_thread_in_native, id=775, stack(0x00007ffee97a6000,0x00007ffee9fa6000)]
  0x00007f97b6800800 JavaThread "Service Thread" daemon [_thread_blocked, id=15875, stack(0x0000700008404000,0x0000700008504000)]
  0x00007f97b5821800 JavaThread "C1 CompilerThread3" daemon [_thread_blocked, id=16387, stack(0x0000700008301000,0x0000700008401000)]
  0x00007f97b701b000 JavaThread "C2 CompilerThread2" daemon [_thread_blocked, id=14595, stack(0x00007000081fe000,0x00007000082fe000)]
  0x00007f97b5820800 JavaThread "C2 CompilerThread1" daemon [_thread_blocked, id=14339, stack(0x00007000080fb000,0x00007000081fb000)]
  0x00007f97b780f800 JavaThread "C2 CompilerThread0" daemon [_thread_blocked, id=17155, stack(0x0000700007ff8000,0x00007000080f8000)]
  0x00007f97b581e000 JavaThread "Signal Dispatcher" daemon [_thread_blocked, id=17411, stack(0x0000700007ef5000,0x0000700007ff5000)]
  0x00007f97b701a000 JavaThread "Finalizer" daemon [_thread_blocked, id=12547, stack(0x0000700007df2000,0x0000700007ef2000)]
  0x00007f97b681f800 JavaThread "Reference Handler" daemon [_thread_blocked, id=18947, stack(0x0000700007cef000,0x0000700007def000)]

Other Threads:
  0x00007f97b7801000 VMThread [stack: 0x0000700007bec000,0x0000700007cec000] [id=19459]
  0x00007f97b6821800 WatcherThread [stack: 0x0000700008507000,0x0000700008607000] [id=15363]

VM state:not at safepoint (normal execution)

VM Mutex/Monitor currently owned by a thread: None

heap address: 0x00000006c0000000, size: 4096 MB, Compressed Oops mode: Zero based, Oop shift amount: 3
Narrow klass base: 0x0000000000000000, Narrow klass shift: 3
Compressed class space size: 1073741824 Address: 0x00000007c0000000

Heap:
 PSYoungGen      total 83968K, used 23338K [0x000000076ab00000, 0x0000000770d00000, 0x00000007c0000000)
  eden space 70656K, 17% used [0x000000076ab00000,0x000000076b761390,0x000000076f000000)
  from space 13312K, 80% used [0x0000000770000000,0x0000000770a69610,0x0000000770d00000)
  to   space 14848K, 0% used [0x000000076f000000,0x000000076f000000,0x000000076fe80000)
 ParOldGen       total 127488K, used 14929K [0x00000006c0000000, 0x00000006c7c80000, 0x000000076ab00000)
  object space 127488K, 11% used [0x00000006c0000000,0x00000006c0e947f0,0x00000006c7c80000)
 Metaspace       used 24348K, capacity 24777K, committed 25088K, reserved 1071104K
  class space    used 2382K, capacity 2537K, committed 2560K, reserved 1048576K

Card table byte_map: [0x0000000107cf6000,0x00000001084f7000] byte_map_base: 0x00000001046f6000

Marking Bits: (ParMarkBitMap*) 0x000000010769f5b0
 Begin Bits: [0x000000011ebb9000, 0x0000000122bb9000)
 End Bits:   [0x0000000122bb9000, 0x0000000126bb9000)

Polling page: 0x0000000105d24000

CodeCache: size=245760Kb used=11325Kb max_used=11326Kb free=234434Kb
 bounds [0x000000010fbb9000, 0x00000001106d9000, 0x000000011ebb9000]
 total_blobs=4155 nmethods=3198 adapters=871
 compilation: enabled

Compilation events (10 events):
Event: 82.402 Thread 0x00007f97b701b000 3228  s    4       java.awt.Toolkit::getDefaultToolkit (24 bytes)
Event: 82.403 Thread 0x00007f97b701b000 nmethod 3228 0x000000010fdaa990 code [0x000000010fdaaae0, 0x000000010fdaad38]
Event: 82.801 Thread 0x00007f97b5821800 3229       3       sun.java2d.pipe.RenderBuffer::putFloat (26 bytes)
Event: 82.802 Thread 0x00007f97b5821800 nmethod 3229 0x000000010fcc94d0 code [0x000000010fcc9640, 0x000000010fcc97d0]
Event: 82.802 Thread 0x00007f97b5821800 3231       1       sun.java2d.SurfaceData::isValid (5 bytes)
Event: 82.802 Thread 0x00007f97b5821800 nmethod 3231 0x000000010fd49dd0 code [0x000000010fd49f20, 0x000000010fd4a030]
Event: 82.802 Thread 0x00007f97b5821800 3232       3       sun.lwawt.LWComponentPeer::getVisibleRegion (9 bytes)
Event: 82.803 Thread 0x00007f97b5821800 nmethod 3232 0x000000010fdaa550 code [0x000000010fdaa6c0, 0x000000010fdaa8f8]
Event: 82.831 Thread 0x00007f97b5821800 3233  s    3       java.awt.KeyboardFocusManager::getCurrentKeyboardFocusManager (32 bytes)
Event: 82.831 Thread 0x00007f97b5821800 nmethod 3233 0x000000010fda9c10 code [0x000000010fda9dc0, 0x000000010fdaa3a8]

GC Heap History (10 events):
Event: 28.954 GC heap before
{Heap before GC invocations=5 (full 1):
 PSYoungGen      total 76288K, used 76229K [0x000000076ab00000, 0x0000000770a80000, 0x00000007c0000000)
  eden space 65536K, 100% used [0x000000076ab00000,0x000000076eb00000,0x000000076eb00000)
  from space 10752K, 99% used [0x000000076eb00000,0x000000076f571610,0x000000076f580000)
  to   space 10752K, 0% used [0x0000000770000000,0x0000000770000000,0x0000000770a80000)
 ParOldGen       total 127488K, used 14913K [0x00000006c0000000, 0x00000006c7c80000, 0x000000076ab00000)
  object space 127488K, 11% used [0x00000006c0000000,0x00000006c0e907f0,0x00000006c7c80000)
 Metaspace       used 24264K, capacity 24675K, committed 24832K, reserved 1071104K
  class space    used 2370K, capacity 2502K, committed 2560K, reserved 1048576K
Event: 28.960 GC heap after
Heap after GC invocations=5 (full 1):
 PSYoungGen      total 85504K, used 10661K [0x000000076ab00000, 0x0000000770a80000, 0x00000007c0000000)
  eden space 74752K, 0% used [0x000000076ab00000,0x000000076ab00000,0x000000076f400000)
  from space 10752K, 99% used [0x0000000770000000,0x0000000770a69630,0x0000000770a80000)
  to   space 10752K, 0% used [0x000000076f580000,0x000000076f580000,0x0000000770000000)
 ParOldGen       total 127488K, used 14921K [0x00000006c0000000, 0x00000006c7c80000, 0x000000076ab00000)
  object space 127488K, 11% used [0x00000006c0000000,0x00000006c0e927f0,0x00000006c7c80000)
 Metaspace       used 24264K, capacity 24675K, committed 24832K, reserved 1071104K
  class space    used 2370K, capacity 2502K, committed 2560K, reserved 1048576K
}
Event: 42.139 GC heap before
{Heap before GC invocations=6 (full 1):
 PSYoungGen      total 85504K, used 85413K [0x000000076ab00000, 0x0000000770a80000, 0x00000007c0000000)
  eden space 74752K, 100% used [0x000000076ab00000,0x000000076f400000,0x000000076f400000)
  from space 10752K, 99% used [0x0000000770000000,0x0000000770a69630,0x0000000770a80000)
  to   space 10752K, 0% used [0x000000076f580000,0x000000076f580000,0x0000000770000000)
 ParOldGen       total 127488K, used 14921K [0x00000006c0000000, 0x00000006c7c80000, 0x000000076ab00000)
  object space 127488K, 11% used [0x00000006c0000000,0x00000006c0e927f0,0x00000006c7c80000)
 Metaspace       used 24264K, capacity 24675K, committed 24832K, reserved 1071104K
  class space    used 2370K, capacity 2502K, committed 2560K, reserved 1048576K
Event: 42.142 GC heap after
Heap after GC invocations=6 (full 1):
 PSYoungGen      total 84480K, used 10645K [0x000000076ab00000, 0x0000000771300000, 0x00000007c0000000)
  eden space 73728K, 0% used [0x000000076ab00000,0x000000076ab00000,0x000000076f300000)
  from space 10752K, 99% used [0x000000076f580000,0x000000076ffe5620,0x0000000770000000)
  to   space 16384K, 0% used [0x0000000770300000,0x0000000770300000,0x0000000771300000)
 ParOldGen       total 127488K, used 14929K [0x00000006c0000000, 0x00000006c7c80000, 0x000000076ab00000)
  object space 127488K, 11% used [0x00000006c0000000,0x00000006c0e947f0,0x00000006c7c80000)
 Metaspace       used 24264K, capacity 24675K, committed 24832K, reserved 1071104K
  class space    used 2370K, capacity 2502K, committed 2560K, reserved 1048576K
}
Event: 55.337 GC heap before
{Heap before GC invocations=7 (full 1):
 PSYoungGen      total 84480K, used 84373K [0x000000076ab00000, 0x0000000771300000, 0x00000007c0000000)
  eden space 73728K, 100% used [0x000000076ab00000,0x000000076f300000,0x000000076f300000)
  from space 10752K, 99% used [0x000000076f580000,0x000000076ffe5620,0x0000000770000000)
  to   space 16384K, 0% used [0x0000000770300000,0x0000000770300000,0x0000000771300000)
 ParOldGen       total 127488K, used 14929K [0x00000006c0000000, 0x00000006c7c80000, 0x000000076ab00000)
  object space 127488K, 11% used [0x00000006c0000000,0x00000006c0e947f0,0x00000006c7c80000)
 Metaspace       used 24264K, capacity 24675K, committed 24832K, reserved 1071104K
  class space    used 2370K, capacity 2502K, committed 2560K, reserved 1048576K
Event: 55.341 GC heap after
Heap after GC invocations=7 (full 1):
 PSYoungGen      total 87040K, used 10709K [0x000000076ab00000, 0x0000000771100000, 0x00000007c0000000)
  eden space 72704K, 0% used [0x000000076ab00000,0x000000076ab00000,0x000000076f200000)
  from space 14336K, 74% used [0x0000000770300000,0x0000000770d75620,0x0000000771100000)
  to   space 15872K, 0% used [0x000000076f200000,0x000000076f200000,0x0000000770180000)
 ParOldGen       total 127488K, used 14929K [0x00000006c0000000, 0x00000006c7c80000, 0x000000076ab00000)
  object space 127488K, 11% used [0x00000006c0000000,0x00000006c0e947f0,0x00000006c7c80000)
 Metaspace       used 24264K, capacity 24675K, committed 24832K, reserved 1071104K
  class space    used 2370K, capacity 2502K, committed 2560K, reserved 1048576K
}
Event: 68.303 GC heap before
{Heap before GC invocations=8 (full 1):
 PSYoungGen      total 87040K, used 83413K [0x000000076ab00000, 0x0000000771100000, 0x00000007c0000000)
  eden space 72704K, 100% used [0x000000076ab00000,0x000000076f200000,0x000000076f200000)
  from space 14336K, 74% used [0x0000000770300000,0x0000000770d75620,0x0000000771100000)
  to   space 15872K, 0% used [0x000000076f200000,0x000000076f200000,0x0000000770180000)
 ParOldGen       total 127488K, used 14929K [0x00000006c0000000, 0x00000006c7c80000, 0x000000076ab00000)
  object space 127488K, 11% used [0x00000006c0000000,0x00000006c0e947f0,0x00000006c7c80000)
 Metaspace       used 24271K, capacity 24677K, committed 24832K, reserved 1071104K
  class space    used 2370K, capacity 2503K, committed 2560K, reserved 1048576K
Event: 68.307 GC heap after
Heap after GC invocations=8 (full 1):
 PSYoungGen      total 82432K, used 10661K [0x000000076ab00000, 0x0000000770f00000, 0x00000007c0000000)
  eden space 71680K, 0% used [0x000000076ab00000,0x000000076ab00000,0x000000076f100000)
  from space 10752K, 99% used [0x000000076f200000,0x000000076fc69610,0x000000076fc80000)
  to   space 15360K, 0% used [0x0000000770000000,0x0000000770000000,0x0000000770f00000)
 ParOldGen       total 127488K, used 14929K [0x00000006c0000000, 0x00000006c7c80000, 0x000000076ab00000)
  object space 127488K, 11% used [0x00000006c0000000,0x00000006c0e947f0,0x00000006c7c80000)
 Metaspace       used 24271K, capacity 24677K, committed 24832K, reserved 1071104K
  class space    used 2370K, capacity 2503K, committed 2560K, reserved 1048576K
}
Event: 81.122 GC heap before
{Heap before GC invocations=9 (full 1):
 PSYoungGen      total 82432K, used 82341K [0x000000076ab00000, 0x0000000770f00000, 0x00000007c0000000)
  eden space 71680K, 100% used [0x000000076ab00000,0x000000076f100000,0x000000076f100000)
  from space 10752K, 99% used [0x000000076f200000,0x000000076fc69610,0x000000076fc80000)
  to   space 15360K, 0% used [0x0000000770000000,0x0000000770000000,0x0000000770f00000)
 ParOldGen       total 127488K, used 14929K [0x00000006c0000000, 0x00000006c7c80000, 0x000000076ab00000)
  object space 127488K, 11% used [0x00000006c0000000,0x00000006c0e947f0,0x00000006c7c80000)
 Metaspace       used 24271K, capacity 24677K, committed 24832K, reserved 1071104K
  class space    used 2370K, capacity 2503K, committed 2560K, reserved 1048576K
Event: 81.125 GC heap after
Heap after GC invocations=9 (full 1):
 PSYoungGen      total 83968K, used 10661K [0x000000076ab00000, 0x0000000770d00000, 0x00000007c0000000)
  eden space 70656K, 0% used [0x000000076ab00000,0x000000076ab00000,0x000000076f000000)
  from space 13312K, 80% used [0x0000000770000000,0x0000000770a69610,0x0000000770d00000)
  to   space 14848K, 0% used [0x000000076f000000,0x000000076f000000,0x000000076fe80000)
 ParOldGen       total 127488K, used 14929K [0x00000006c0000000, 0x00000006c7c80000, 0x000000076ab00000)
  object space 127488K, 11% used [0x00000006c0000000,0x00000006c0e947f0,0x00000006c7c80000)
 Metaspace       used 24271K, capacity 24677K, committed 24832K, reserved 1071104K
  class space    used 2370K, capacity 2503K, committed 2560K, reserved 1048576K
}

Deoptimization events (10 events):
Event: 82.801 Thread 0x00007f97b493b000 Uncommon trap: reason=unstable_if action=reinterpret pc=0x000000011067c9cc method=java.lang.Math.round(D)J @ 31
Event: 82.801 Thread 0x00007f97b493b000 Uncommon trap: reason=unstable_if action=reinterpret pc=0x000000011065df6c method=sun.java2d.SunGraphics2D.validateCompClip()V @ 9
Event: 82.802 Thread 0x00007f97b493b000 Uncommon trap: reason=unstable_if action=reinterpret pc=0x000000011069a91c method=sun.java2d.pipe.Region.intersectsQuickCheck(Lsun/java2d/pipe/Region;)Z @ 41
Event: 82.817 Thread 0x00007f97b40d5800 Uncommon trap: reason=class_check action=maybe_recompile pc=0x0000000110625204 method=java.util.HashMap.putVal(ILjava/lang/Object;Ljava/lang/Object;ZZ)Ljava/lang/Object; @ 91
Event: 82.817 Thread 0x00007f97b40d5800 Uncommon trap: reason=class_check action=maybe_recompile pc=0x0000000110625204 method=java.util.HashMap.putVal(ILjava/lang/Object;Ljava/lang/Object;ZZ)Ljava/lang/Object; @ 91
Event: 82.817 Thread 0x00007f97b40d5800 Uncommon trap: reason=class_check action=maybe_recompile pc=0x0000000110625204 method=java.util.HashMap.putVal(ILjava/lang/Object;Ljava/lang/Object;ZZ)Ljava/lang/Object; @ 91
Event: 82.817 Thread 0x00007f97b40d5800 Uncommon trap: reason=class_check action=maybe_recompile pc=0x0000000110625204 method=java.util.HashMap.putVal(ILjava/lang/Object;Ljava/lang/Object;ZZ)Ljava/lang/Object; @ 91
Event: 82.829 Thread 0x00007f97b419b000 Uncommon trap: reason=unstable_if action=reinterpret pc=0x000000011065ea18 method=java.util.LinkedList$ListItr.<init>(Ljava/util/LinkedList;I)V @ 26
Event: 82.830 Thread 0x00007f97b419b000 Uncommon trap: reason=unstable_if action=reinterpret pc=0x00000001105fa5f4 method=java.security.AccessControlContext.optimize()Ljava/security/AccessControlContext; @ 233
Event: 82.831 Thread 0x00007f97b6c3f000 Uncommon trap: reason=predicate action=maybe_recompile pc=0x00000001104ec228 method=java.util.Vector.indexOf(Ljava/lang/Object;I)I @ 44

Classes redefined (0 events):
No events

Internal exceptions (10 events):
Event: 0.403 Thread 0x00007f97b5806000 Exception <a 'java/io/FileNotFoundException'> (0x000000076ae30400) thrown at [/Users/jenkins/workspace/build-scripts/jobs/jdk8u/jdk8u-mac-x64-hotspot/workspace/build/src/hotspot/src/share/vm/prims/jni.cpp, line 710]
Event: 0.902 Thread 0x00007f97b6977800 Exception <a 'java/lang/ClassNotFoundException': sun/dc/DuctusRenderingEngine> (0x000000076aedfaf8) thrown at [/Users/jenkins/workspace/build-scripts/jobs/jdk8u/jdk8u-mac-x64-hotspot/workspace/build/src/hotspot/src/share/vm/classfile/systemDictionary.cpp,
Event: 0.969 Thread 0x00007f97b5806000 Exception <a 'java/io/FileNotFoundException'> (0x000000076aeb94d8) thrown at [/Users/jenkins/workspace/build-scripts/jobs/jdk8u/jdk8u-mac-x64-hotspot/workspace/build/src/hotspot/src/share/vm/prims/jni.cpp, line 710]
Event: 2.172 Thread 0x00007f97b69a0000 Exception <a 'java/lang/UnsatisfiedLinkError': com.jogamp.common.util.JarUtil.fixNativeLibAttribs(Ljava/lang/String;)Z> (0x000000076c60c758) thrown at [/Users/jenkins/workspace/build-scripts/jobs/jdk8u/jdk8u-mac-x64-hotspot/workspace/build/src/hotspot/src
Event: 3.019 Thread 0x00007f97b419b000 Exception <a 'java/io/FileNotFoundException'> (0x000000076d5e1de0) thrown at [/Users/jenkins/workspace/build-scripts/jobs/jdk8u/jdk8u-mac-x64-hotspot/workspace/build/src/hotspot/src/share/vm/prims/jni.cpp, line 710]
Event: 3.020 Thread 0x00007f97b419b000 Exception <a 'java/io/FileNotFoundException'> (0x000000076d5e9c68) thrown at [/Users/jenkins/workspace/build-scripts/jobs/jdk8u/jdk8u-mac-x64-hotspot/workspace/build/src/hotspot/src/share/vm/prims/jni.cpp, line 710]
Event: 3.020 Thread 0x00007f97b419b000 Implicit null exception at 0x000000010fda2234 to 0x000000010fda262d
Event: 3.064 Thread 0x00007f97b419b000 Implicit null exception at 0x000000010ff7fa06 to 0x000000010ff7fc4d
Event: 3.289 Thread 0x00007f97b701a000 Exception <a 'java/lang/NullPointerException'> (0x000000076ad0e678) thrown at [/Users/jenkins/workspace/build-scripts/jobs/jdk8u/jdk8u-mac-x64-hotspot/workspace/build/src/hotspot/src/share/vm/interpreter/linkResolver.cpp, line 1185]
Event: 3.334 Thread 0x00007f97b419b000 Implicit null exception at 0x000000011007f8f8 to 0x000000011007fa49

Events (10 events):
Event: 82.830 loading class java/awt/event/AWTEventListenerProxy
Event: 82.830 loading class java/awt/event/AWTEventListenerProxy done
Event: 82.830 loading class java/awt/Toolkit$ToolkitEventMulticaster
Event: 82.830 loading class java/awt/Toolkit$ToolkitEventMulticaster done
Event: 82.831 Thread 0x00007f97b40d5800 Thread exited: 0x00007f97b40d5800
Event: 82.831 Thread 0x00007f97b6c3f000 Uncommon trap: trap_request=0xffffff86 fr.pc=0x00000001104ec228
Event: 82.831 Thread 0x00007f97b6c3f000 DEOPT PACKING pc=0x00000001104ec228 sp=0x0000700009236810
Event: 82.831 Thread 0x00007f97b6c3f000 DEOPT UNPACKING pc=0x000000010fbfe47a sp=0x00007000092367c0 mode 2
Event: 82.831 loading class java/awt/Window$1DisposeAction
Event: 82.831 loading class java/awt/Window$1DisposeAction done


Dynamic libraries:
0x00007fff4e896000 	/System/Library/Frameworks/Cocoa.framework/Versions/A/Cocoa
0x00007fff5a644000 	/System/Library/Frameworks/Security.framework/Versions/A/Security
0x00007fff4d528000 	/System/Library/Frameworks/ApplicationServices.framework/Versions/A/ApplicationServices
0x00007fff7a735000 	/usr/lib/libz.1.dylib
0x00007fff7808c000 	/usr/lib/libSystem.B.dylib
0x00007fff798c5000 	/usr/lib/libobjc.A.dylib
0x00007fff5138f000 	/System/Library/Frameworks/Foundation.framework/Versions/C/Foundation
0x00007fff4f10b000 	/System/Library/Frameworks/CoreFoundation.framework/Versions/A/CoreFoundation
0x0000000105c78000 	/Library/Application Support/Cylance/Desktop/CyMemDef.dylib
0x00007fff4c721000 	/System/Library/Frameworks/AppKit.framework/Versions/C/AppKit
0x00007fff4ec94000 	/System/Library/Frameworks/CoreData.framework/Versions/A/CoreData
0x00007fff71b51000 	/System/Library/PrivateFrameworks/RemoteViewServices.framework/Versions/A/RemoteViewServices
0x00007fff75dc8000 	/System/Library/PrivateFrameworks/UIFoundation.framework/Versions/A/UIFoundation
0x00007fff774ad000 	/System/Library/PrivateFrameworks/XCTTargetBootstrap.framework/Versions/A/XCTTargetBootstrap
0x00007fff4f01a000 	/System/Library/Frameworks/CoreDisplay.framework/Versions/A/CoreDisplay
0x00007fff6c88b000 	/System/Library/PrivateFrameworks/IconServices.framework/Versions/A/IconServices
0x00007fff53cb1000 	/System/Library/Frameworks/Metal.framework/Versions/A/Metal
0x00007fff63dcf000 	/System/Library/PrivateFrameworks/DesktopServicesPriv.framework/Versions/A/DesktopServicesPriv
0x00007fff78c28000 	/usr/lib/libenergytrace.dylib
0x00007fff742af000 	/System/Library/PrivateFrameworks/SkyLight.framework/Versions/A/SkyLight
0x00007fff4f552000 	/System/Library/Frameworks/CoreGraphics.framework/Versions/A/CoreGraphics
0x00007fff4b4ed000 	/System/Library/Frameworks/Accelerate.framework/Versions/A/Accelerate
0x00007fff51ad8000 	/System/Library/Frameworks/IOSurface.framework/Versions/A/IOSurface
0x00007fff63c3b000 	/System/Library/PrivateFrameworks/DFRFoundation.framework/Versions/A/DFRFoundation
0x00007fff4da0b000 	/System/Library/Frameworks/AudioToolbox.framework/Versions/A/AudioToolbox
0x00007fff4dc84000 	/System/Library/Frameworks/AudioUnit.framework/Versions/A/AudioUnit
0x00007fff63cd0000 	/System/Library/PrivateFrameworks/DataDetectorsCore.framework/Versions/A/DataDetectorsCore
0x00007fff4e399000 	/System/Library/Frameworks/Carbon.framework/Versions/A/Frameworks/HIToolbox.framework/Versions/A/HIToolbox
0x00007fff78d81000 	/usr/lib/libicucore.A.dylib
0x00007fff59bb7000 	/System/Library/Frameworks/QuartzCore.framework/Versions/A/QuartzCore
0x00007fff4e76e000 	/System/Library/Frameworks/Carbon.framework/Versions/A/Frameworks/SpeechRecognition.framework/Versions/A/SpeechRecognition
0x00007fff781e0000 	/usr/lib/libauto.dylib
0x00007fff7a628000 	/usr/lib/libxml2.2.dylib
0x00007fff63816000 	/System/Library/PrivateFrameworks/CoreUI.framework/Versions/A/CoreUI
0x00007fff4eb7f000 	/System/Library/Frameworks/CoreAudio.framework/Versions/A/CoreAudio
0x00007fff511c4000 	/System/Library/Frameworks/DiskArbitration.framework/Versions/A/DiskArbitration
0x00007fff7902f000 	/usr/lib/liblangid.dylib
0x00007fff6dc96000 	/System/Library/PrivateFrameworks/MultitouchSupport.framework/Versions/A/MultitouchSupport
0x00007fff51a47000 	/System/Library/Frameworks/IOKit.framework/Versions/A/IOKit
0x00007fff77c4c000 	/usr/lib/libDiagnosticMessagesClient.dylib
0x00007fff50362000 	/System/Library/Frameworks/CoreServices.framework/Versions/A/CoreServices
0x00007fff6f950000 	/System/Library/PrivateFrameworks/PerformanceAnalysis.framework/Versions/A/PerformanceAnalysis
0x00007fff58d9e000 	/System/Library/Frameworks/OpenGL.framework/Versions/A/OpenGL
0x00007fff4e8a4000 	/System/Library/Frameworks/ColorSync.framework/Versions/A/ColorSync
0x00007fff4fbe4000 	/System/Library/Frameworks/CoreImage.framework/Versions/A/CoreImage
0x00007fff50d3a000 	/System/Library/Frameworks/CoreText.framework/Versions/A/CoreText
0x00007fff51b3b000 	/System/Library/Frameworks/ImageIO.framework/Versions/A/ImageIO
0x00007fff5fe68000 	/System/Library/PrivateFrameworks/Backup.framework/Versions/A/Backup
0x00007fff78133000 	/usr/lib/libarchive.2.dylib
0x00007fff4dfdd000 	/System/Library/Frameworks/CFNetwork.framework/Versions/A/CFNetwork
0x00007fff5ada0000 	/System/Library/Frameworks/SystemConfiguration.framework/Versions/A/SystemConfiguration
0x00007fff77b7d000 	/usr/lib/libCRFSuite.dylib
0x00007fff782d1000 	/usr/lib/libc++.1.dylib
0x00007fff78325000 	/usr/lib/libc++abi.dylib
0x00007fff7af2b000 	/usr/lib/system/libcache.dylib
0x00007fff7af30000 	/usr/lib/system/libcommonCrypto.dylib
0x00007fff7af3b000 	/usr/lib/system/libcompiler_rt.dylib
0x00007fff7af43000 	/usr/lib/system/libcopyfile.dylib
0x00007fff7af4d000 	/usr/lib/system/libcorecrypto.dylib
0x00007fff7b058000 	/usr/lib/system/libdispatch.dylib
0x00007fff7b092000 	/usr/lib/system/libdyld.dylib
0x00007fff7b0bf000 	/usr/lib/system/libkeymgr.dylib
0x00007fff7b0cd000 	/usr/lib/system/liblaunch.dylib
0x00007fff7b0ce000 	/usr/lib/system/libmacho.dylib
0x00007fff7b0d4000 	/usr/lib/system/libquarantine.dylib
0x00007fff7b0d7000 	/usr/lib/system/libremovefile.dylib
0x00007fff7b0d9000 	/usr/lib/system/libsystem_asl.dylib
0x00007fff7b0f1000 	/usr/lib/system/libsystem_blocks.dylib
0x00007fff7b0f2000 	/usr/lib/system/libsystem_c.dylib
0x00007fff7b17a000 	/usr/lib/system/libsystem_configuration.dylib
0x00007fff7b17e000 	/usr/lib/system/libsystem_coreservices.dylib
0x00007fff7b182000 	/usr/lib/system/libsystem_darwin.dylib
0x00007fff7b189000 	/usr/lib/system/libsystem_dnssd.dylib
0x00007fff7b190000 	/usr/lib/system/libsystem_info.dylib
0x00007fff7b205000 	/usr/lib/system/libsystem_m.dylib
0x00007fff7b251000 	/usr/lib/system/libsystem_malloc.dylib
0x00007fff7b27c000 	/usr/lib/system/libsystem_networkextension.dylib
0x00007fff7b287000 	/usr/lib/system/libsystem_notify.dylib
0x00007fff7b2a4000 	/usr/lib/system/libsystem_sandbox.dylib
0x00007fff7b2a8000 	/usr/lib/system/libsystem_secinit.dylib
0x00007fff7b1dc000 	/usr/lib/system/libsystem_kernel.dylib
0x00007fff7b28f000 	/usr/lib/system/libsystem_platform.dylib
0x00007fff7b299000 	/usr/lib/system/libsystem_pthread.dylib
0x00007fff7b2ab000 	/usr/lib/system/libsystem_symptoms.dylib
0x00007fff7b2b3000 	/usr/lib/system/libsystem_trace.dylib
0x00007fff7b2ca000 	/usr/lib/system/libunwind.dylib
0x00007fff7b2d0000 	/usr/lib/system/libxpc.dylib
0x00007fff782b2000 	/usr/lib/libbsm.0.dylib
0x00007fff7b0c0000 	/usr/lib/system/libkxld.dylib
0x00007fff5f259000 	/System/Library/PrivateFrameworks/AppleFSCompression.framework/Versions/A/AppleFSCompression
0x00007fff77f4c000 	/usr/lib/libOpenScriptingUtil.dylib
0x00007fff785da000 	/usr/lib/libcoretls.dylib
0x00007fff785f1000 	/usr/lib/libcoretls_cfhelpers.dylib
0x00007fff7a05c000 	/usr/lib/libpam.2.dylib
0x00007fff7a21c000 	/usr/lib/libsqlite3.dylib
0x00007fff7a616000 	/usr/lib/libxar.1.dylib
0x00007fff782c3000 	/usr/lib/libbz2.1.0.dylib
0x00007fff79031000 	/usr/lib/liblzma.5.dylib
0x00007fff794e2000 	/usr/lib/libnetwork.dylib
0x00007fff7811c000 	/usr/lib/libapple_nghttp2.dylib
0x00007fff7a063000 	/usr/lib/libpcap.A.dylib
0x00007fff50701000 	/System/Library/Frameworks/CoreServices.framework/Versions/A/Frameworks/FSEvents.framework/Versions/A/FSEvents
0x00007fff503e0000 	/System/Library/Frameworks/CoreServices.framework/Versions/A/Frameworks/CarbonCore.framework/Versions/A/CarbonCore
0x00007fff508bc000 	/System/Library/Frameworks/CoreServices.framework/Versions/A/Frameworks/Metadata.framework/Versions/A/Metadata
0x00007fff5095b000 	/System/Library/Frameworks/CoreServices.framework/Versions/A/Frameworks/OSServices.framework/Versions/A/OSServices
0x00007fff509a6000 	/System/Library/Frameworks/CoreServices.framework/Versions/A/Frameworks/SearchKit.framework/Versions/A/SearchKit
0x00007fff50363000 	/System/Library/Frameworks/CoreServices.framework/Versions/A/Frameworks/AE.framework/Versions/A/AE
0x00007fff5070a000 	/System/Library/Frameworks/CoreServices.framework/Versions/A/Frameworks/LaunchServices.framework/Versions/A/LaunchServices
0x00007fff506b8000 	/System/Library/Frameworks/CoreServices.framework/Versions/A/Frameworks/DictionaryServices.framework/Versions/A/DictionaryServices
0x00007fff50a0e000 	/System/Library/Frameworks/CoreServices.framework/Versions/A/Frameworks/SharedFileList.framework/Versions/A/SharedFileList
0x00007fff54d79000 	/System/Library/Frameworks/NetFS.framework/Versions/A/NetFS
0x00007fff6defc000 	/System/Library/PrivateFrameworks/NetAuth.framework/Versions/A/NetAuth
0x00007fff778b1000 	/System/Library/PrivateFrameworks/login.framework/Versions/A/Frameworks/loginsupport.framework/Versions/A/loginsupport
0x00007fff759d1000 	/System/Library/PrivateFrameworks/TCC.framework/Versions/A/TCC
0x00007fff62e73000 	/System/Library/PrivateFrameworks/CoreNLP.framework/Versions/A/CoreNLP
0x00007fff6d991000 	/System/Library/PrivateFrameworks/MetadataUtilities.framework/Versions/A/MetadataUtilities
0x00007fff79106000 	/usr/lib/libmecabra.dylib
0x00007fff4d529000 	/System/Library/Frameworks/ApplicationServices.framework/Versions/A/Frameworks/ATS.framework/Versions/A/ATS
0x00007fff4d878000 	/System/Library/Frameworks/ApplicationServices.framework/Versions/A/Frameworks/ColorSyncLegacy.framework/Versions/A/ColorSyncLegacy
0x00007fff4d917000 	/System/Library/Frameworks/ApplicationServices.framework/Versions/A/Frameworks/HIServices.framework/Versions/A/HIServices
0x00007fff4d96a000 	/System/Library/Frameworks/ApplicationServices.framework/Versions/A/Frameworks/LangAnalysis.framework/Versions/A/LangAnalysis
0x00007fff4d97a000 	/System/Library/Frameworks/ApplicationServices.framework/Versions/A/Frameworks/PrintCore.framework/Versions/A/PrintCore
0x00007fff4d9c4000 	/System/Library/Frameworks/ApplicationServices.framework/Versions/A/Frameworks/QD.framework/Versions/A/QD
0x00007fff4d9fe000 	/System/Library/Frameworks/ApplicationServices.framework/Versions/A/Frameworks/SpeechSynthesis.framework/Versions/A/SpeechSynthesis
0x00007fff7834d000 	/usr/lib/libcompression.dylib
0x00007fff53f81000 	/System/Library/Frameworks/MetalPerformanceShaders.framework/Versions/A/MetalPerformanceShaders
0x00007fff4b505000 	/System/Library/Frameworks/Accelerate.framework/Versions/A/Frameworks/vImage.framework/Versions/A/vImage
0x00007fff4c57f000 	/System/Library/Frameworks/Accelerate.framework/Versions/A/Frameworks/vecLib.framework/Versions/A/vecLib
0x00007fff4c4cb000 	/System/Library/Frameworks/Accelerate.framework/Versions/A/Frameworks/vecLib.framework/Versions/A/libvMisc.dylib
0x00007fff4c2e3000 	/System/Library/Frameworks/Accelerate.framework/Versions/A/Frameworks/vecLib.framework/Versions/A/libvDSP.dylib
0x00007fff4bb9f000 	/System/Library/Frameworks/Accelerate.framework/Versions/A/Frameworks/vecLib.framework/Versions/A/libBLAS.dylib
0x00007fff4be8c000 	/System/Library/Frameworks/Accelerate.framework/Versions/A/Frameworks/vecLib.framework/Versions/A/libLAPACK.dylib
0x00007fff4c236000 	/System/Library/Frameworks/Accelerate.framework/Versions/A/Frameworks/vecLib.framework/Versions/A/libLinearAlgebra.dylib
0x00007fff4c2cf000 	/System/Library/Frameworks/Accelerate.framework/Versions/A/Frameworks/vecLib.framework/Versions/A/libSparseBLAS.dylib
0x00007fff4c24c000 	/System/Library/Frameworks/Accelerate.framework/Versions/A/Frameworks/vecLib.framework/Versions/A/libQuadrature.dylib
0x00007fff4be19000 	/System/Library/Frameworks/Accelerate.framework/Versions/A/Frameworks/vecLib.framework/Versions/A/libBNNS.dylib
0x00007fff4c252000 	/System/Library/Frameworks/Accelerate.framework/Versions/A/Frameworks/vecLib.framework/Versions/A/libSparse.dylib
0x00007fff6a1c1000 	/System/Library/PrivateFrameworks/GPUWrangler.framework/Versions/A/GPUWrangler
0x00007fff6c4c0000 	/System/Library/PrivateFrameworks/IOAccelerator.framework/Versions/A/IOAccelerator
0x00007fff6c4cb000 	/System/Library/PrivateFrameworks/IOPresentment.framework/Versions/A/IOPresentment
0x00007fff63c4b000 	/System/Library/PrivateFrameworks/DSExternalDisplay.framework/Versions/A/DSExternalDisplay
0x00007fff581f5000 	/System/Library/Frameworks/OpenGL.framework/Versions/A/Libraries/libCoreFSCache.dylib
0x00007fff53d75000 	/System/Library/Frameworks/MetalPerformanceShaders.framework/Frameworks/MPSCore.framework/Versions/A/MPSCore
0x00007fff53d95000 	/System/Library/Frameworks/MetalPerformanceShaders.framework/Frameworks/MPSImage.framework/Versions/A/MPSImage
0x00007fff53e3a000 	/System/Library/Frameworks/MetalPerformanceShaders.framework/Frameworks/MPSNeuralNetwork.framework/Versions/A/MPSNeuralNetwork
0x00007fff53e12000 	/System/Library/Frameworks/MetalPerformanceShaders.framework/Frameworks/MPSMatrix.framework/Versions/A/MPSMatrix
0x00007fff53f66000 	/System/Library/Frameworks/MetalPerformanceShaders.framework/Frameworks/MPSRayIntersector.framework/Versions/A/MPSRayIntersector
0x00007fff6d9ba000 	/System/Library/PrivateFrameworks/MetalTools.framework/Versions/A/MetalTools
0x00007fff5eb03000 	/System/Library/PrivateFrameworks/AggregateDictionary.framework/Versions/A/AggregateDictionary
0x00007fff77f2c000 	/usr/lib/libMobileGestalt.dylib
0x00007fff50e9d000 	/System/Library/Frameworks/CoreVideo.framework/Versions/A/CoreVideo
0x00007fff6afd2000 	/System/Library/PrivateFrameworks/GraphVisualizer.framework/Versions/A/GraphVisualizer
0x00007fff64e51000 	/System/Library/PrivateFrameworks/FaceCore.framework/Versions/A/FaceCore
0x00007fff57823000 	/System/Library/Frameworks/OpenCL.framework/Versions/A/OpenCL
0x00007fff77c84000 	/usr/lib/libFosl_dynamic.dylib
0x00007fff6e767000 	/System/Library/PrivateFrameworks/OTSVG.framework/Versions/A/OTSVG
0x00007fff4d62d000 	/System/Library/Frameworks/ApplicationServices.framework/Versions/A/Frameworks/ATS.framework/Versions/A/Resources/libFontParser.dylib
0x00007fff4d745000 	/System/Library/Frameworks/ApplicationServices.framework/Versions/A/Frameworks/ATS.framework/Versions/A/Resources/libFontRegistry.dylib
0x00007fff51daa000 	/System/Library/Frameworks/ImageIO.framework/Versions/A/Resources/libJPEG.dylib
0x00007fff520bc000 	/System/Library/Frameworks/ImageIO.framework/Versions/A/Resources/libTIFF.dylib
0x00007fff52092000 	/System/Library/Frameworks/ImageIO.framework/Versions/A/Resources/libPng.dylib
0x00007fff51cc8000 	/System/Library/Frameworks/ImageIO.framework/Versions/A/Resources/libGIF.dylib
0x00007fff51ccd000 	/System/Library/Frameworks/ImageIO.framework/Versions/A/Resources/libJP2.dylib
0x00007fff520b9000 	/System/Library/Frameworks/ImageIO.framework/Versions/A/Resources/libRadiance.dylib
0x00007fff5f3b0000 	/System/Library/PrivateFrameworks/AppleJPEG.framework/Versions/A/AppleJPEG
0x00007fff58200000 	/System/Library/Frameworks/OpenGL.framework/Versions/A/Libraries/libGFXShared.dylib
0x00007fff583c3000 	/System/Library/Frameworks/OpenGL.framework/Versions/A/Libraries/libGLU.dylib
0x00007fff58209000 	/System/Library/Frameworks/OpenGL.framework/Versions/A/Libraries/libGL.dylib
0x00007fff58215000 	/System/Library/Frameworks/OpenGL.framework/Versions/A/Libraries/libGLImage.dylib
0x00007fff581f2000 	/System/Library/Frameworks/OpenGL.framework/Versions/A/Libraries/libCVMSPluginSupport.dylib
0x00007fff581fb000 	/System/Library/Frameworks/OpenGL.framework/Versions/A/Libraries/libCoreVMClient.dylib
0x00007fff78a9e000 	/usr/lib/libcups.2.dylib
0x00007fff5327c000 	/System/Library/Frameworks/Kerberos.framework/Versions/A/Kerberos
0x00007fff517ab000 	/System/Library/Frameworks/GSS.framework/Versions/A/GSS
0x00007fff7a1b1000 	/usr/lib/libresolv.9.dylib
0x00007fff78c90000 	/usr/lib/libiconv.2.dylib
0x00007fff6b147000 	/System/Library/PrivateFrameworks/Heimdal.framework/Versions/A/Heimdal
0x00007fff78c60000 	/usr/lib/libheimdal-asn1.dylib
0x00007fff57897000 	/System/Library/Frameworks/OpenDirectory.framework/Versions/A/OpenDirectory
0x00007fff61bd6000 	/System/Library/PrivateFrameworks/CommonAuth.framework/Versions/A/CommonAuth
0x00007fff5787b000 	/System/Library/Frameworks/OpenDirectory.framework/Versions/A/Frameworks/CFOpenDirectory.framework/Versions/A/CFOpenDirectory
0x00007fff5a945000 	/System/Library/Frameworks/SecurityFoundation.framework/Versions/A/SecurityFoundation
0x00007fff5e049000 	/System/Library/PrivateFrameworks/APFS.framework/Versions/A/APFS
0x00007fff7a612000 	/usr/lib/libutil.dylib
0x00007fff7833b000 	/usr/lib/libcharset.1.dylib
0x00007fff5f64d000 	/System/Library/PrivateFrameworks/AppleSauce.framework/Versions/A/AppleSauce
0x00007fff5f7ce000 	/System/Library/PrivateFrameworks/AssertionServices.framework/Versions/A/AssertionServices
0x00007fff5fefe000 	/System/Library/PrivateFrameworks/BaseBoard.framework/Versions/A/BaseBoard
0x00007fff79061000 	/usr/lib/libmecab.1.0.0.dylib
0x00007fff78c5a000 	/usr/lib/libgermantok.dylib
0x00007fff78109000 	/usr/lib/libThaiTokenizer.dylib
0x00007fff77bb4000 	/usr/lib/libChineseTokenizer.dylib
0x00007fff6cb78000 	/System/Library/PrivateFrameworks/LanguageModeling.framework/Versions/A/LanguageModeling
0x00007fff628b8000 	/System/Library/PrivateFrameworks/CoreEmoji.framework/Versions/A/CoreEmoji
0x00007fff6cc54000 	/System/Library/PrivateFrameworks/Lexicon.framework/Versions/A/Lexicon
0x00007fff6cc97000 	/System/Library/PrivateFrameworks/LinguisticData.framework/Versions/A/LinguisticData
0x00007fff7833c000 	/usr/lib/libcmph.dylib
0x00007fff5aa03000 	/System/Library/Frameworks/ServiceManagement.framework/Versions/A/ServiceManagement
0x00007fff5fe5f000 	/System/Library/PrivateFrameworks/BackgroundTaskManagement.framework/Versions/A/BackgroundTaskManagement
0x00007fff7a70c000 	/usr/lib/libxslt.1.dylib
0x00007fff4e69b000 	/System/Library/Frameworks/Carbon.framework/Versions/A/Frameworks/Ink.framework/Versions/A/Ink
0x00007fff75c43000 	/System/Library/PrivateFrameworks/TextureIO.framework/Versions/A/TextureIO
0x00007fff7815d000 	/usr/lib/libate.dylib
0x00007fff63b9a000 	/System/Library/PrivateFrameworks/CrashReporterSupport.framework/Versions/A/CrashReporterSupport
0x00007fff7337d000 	/System/Library/PrivateFrameworks/Sharing.framework/Versions/A/Sharing
0x00007fff5fbb1000 	/System/Library/PrivateFrameworks/AuthKit.framework/Versions/A/AuthKit
0x00007fff5f105000 	/System/Library/PrivateFrameworks/Apple80211.framework/Versions/A/Apple80211
0x00007fff63942000 	/System/Library/PrivateFrameworks/CoreUtils.framework/Versions/A/CoreUtils
0x00007fff50ede000 	/System/Library/Frameworks/CoreWLAN.framework/Versions/A/CoreWLAN
0x00007fff518da000 	/System/Library/Frameworks/IOBluetooth.framework/Versions/A/IOBluetooth
0x00007fff717f1000 	/System/Library/PrivateFrameworks/ProtocolBuffer.framework/Versions/A/ProtocolBuffer
0x00007fff6dbf2000 	/System/Library/PrivateFrameworks/MobileKeyBag.framework/Versions/A/MobileKeyBag
0x00007fff63186000 	/System/Library/PrivateFrameworks/CorePhoneNumbers.framework/Versions/A/CorePhoneNumbers
0x00007fff5f364000 	/System/Library/PrivateFrameworks/AppleIDAuthSupport.framework/Versions/A/AppleIDAuthSupport
0x00007fff6cb4b000 	/System/Library/PrivateFrameworks/KeychainCircle.framework/Versions/A/KeychainCircle
0x00007fff719a7000 	/System/Library/PrivateFrameworks/ROCKit.framework/Versions/A/ROCKit
0x00007fff63b36000 	/System/Library/PrivateFrameworks/CoreWiFi.framework/Versions/A/CoreWiFi
0x00007fff4ec69000 	/System/Library/Frameworks/CoreBluetooth.framework/Versions/A/CoreBluetooth
0x00007fff63d91000 	/System/Library/PrivateFrameworks/DebugSymbols.framework/Versions/A/DebugSymbols
0x00007fff63702000 	/System/Library/PrivateFrameworks/CoreSymbolication.framework/Versions/A/CoreSymbolication
0x00007fff7545e000 	/System/Library/PrivateFrameworks/Symbolication.framework/Versions/A/Symbolication
0x00007fff74d01000 	/System/Library/PrivateFrameworks/SpeechRecognitionCore.framework/Versions/A/SpeechRecognitionCore
0x0000000106e00000 	/Library/Java/JavaVirtualMachines/adoptopenjdk-8.jdk/Contents/Home/jre/lib/server/libjvm.dylib
0x00007fff7a4ed000 	/usr/lib/libstdc++.6.dylib
0x0000000105cd8000 	/Library/Java/JavaVirtualMachines/adoptopenjdk-8.jdk/Contents/Home/jre/lib/libverify.dylib
0x0000000105ce9000 	/Library/Java/JavaVirtualMachines/adoptopenjdk-8.jdk/Contents/Home/jre/lib/libjava.dylib
0x0000000105d6e000 	/Library/Java/JavaVirtualMachines/adoptopenjdk-8.jdk/Contents/Home/jre/lib/libzip.dylib
0x000000010b9ba000 	/Library/Java/JavaVirtualMachines/adoptopenjdk-8.jdk/Contents/Home/jre/lib/libawt.dylib
0x000000010ba6a000 	/Library/Java/JavaVirtualMachines/adoptopenjdk-8.jdk/Contents/Home/jre/lib/./libmlib_image.dylib
0x00007fff53265000 	/System/Library/Frameworks/JavaVM.framework/Versions/A/Frameworks/JavaNativeFoundation.framework/Versions/A/JavaNativeFoundation
0x00007fff5326e000 	/System/Library/Frameworks/JavaVM.framework/Versions/A/Frameworks/JavaRuntimeSupport.framework/Versions/A/JavaRuntimeSupport
0x00007fff53277000 	/System/Library/Frameworks/JavaVM.framework/Versions/A/JavaVM
0x00007fff6ca6a000 	/System/Library/PrivateFrameworks/JavaLaunching.framework/Versions/A/JavaLaunching
0x00007fff4e394000 	/System/Library/Frameworks/Carbon.framework/Versions/A/Carbon
0x00007fff4e395000 	/System/Library/Frameworks/Carbon.framework/Versions/A/Frameworks/CommonPanels.framework/Versions/A/CommonPanels
0x00007fff4e691000 	/System/Library/Frameworks/Carbon.framework/Versions/A/Frameworks/Help.framework/Versions/A/Help
0x00007fff4e695000 	/System/Library/Frameworks/Carbon.framework/Versions/A/Frameworks/ImageCapture.framework/Versions/A/ImageCapture
0x00007fff4e731000 	/System/Library/Frameworks/Carbon.framework/Versions/A/Frameworks/OpenScripting.framework/Versions/A/OpenScripting
0x00007fff4e769000 	/System/Library/Frameworks/Carbon.framework/Versions/A/Frameworks/Print.framework/Versions/A/Print
0x00007fff4e76b000 	/System/Library/Frameworks/Carbon.framework/Versions/A/Frameworks/SecurityHI.framework/Versions/A/SecurityHI
0x000000010bb3d000 	/Library/Java/JavaVirtualMachines/adoptopenjdk-8.jdk/Contents/Home/jre/lib/libawt_lwawt.dylib
0x000000010bbfe000 	/Library/Java/JavaVirtualMachines/adoptopenjdk-8.jdk/Contents/Home/jre/lib/./libosxapp.dylib
0x00007fff51368000 	/System/Library/Frameworks/ExceptionHandling.framework/Versions/A/ExceptionHandling
0x00007fff6330a000 	/System/Library/PrivateFrameworks/CoreServicesInternal.framework/Versions/A/CoreServicesInternal
0x00007fff4386d000 	/System/Library/CoreServices/RawCamera.bundle/Contents/MacOS/RawCamera
0x00007fff6da5e000 	/System/Library/PrivateFrameworks/MobileAsset.framework/Versions/A/MobileAsset
0x00007fff753ac000 	/System/Library/PrivateFrameworks/StreamingZip.framework/Versions/A/StreamingZip
0x00007fff53609000 	/System/Library/Frameworks/MediaToolbox.framework/Versions/A/MediaToolbox
0x00007fff6245c000 	/System/Library/PrivateFrameworks/CoreAVCHD.framework/Versions/A/CoreAVCHD
0x00007fff5354f000 	/System/Library/Frameworks/MediaAccessibility.framework/Versions/A/MediaAccessibility
0x00007fff6d4ba000 	/System/Library/PrivateFrameworks/Mangrove.framework/Versions/A/Mangrove
0x00007fff50201000 	/System/Library/Frameworks/CoreMedia.framework/Versions/A/CoreMedia
0x00007fff5b06c000 	/System/Library/Frameworks/VideoToolbox.framework/Versions/A/VideoToolbox
0x00007fff62078000 	/System/Library/PrivateFrameworks/CoreAUC.framework/Versions/A/CoreAUC
0x00007fff7a21a000 	/usr/lib/libspindump.dylib
0x00007fff5f733000 	/System/Library/PrivateFrameworks/AppleVA.framework/Versions/A/AppleVA
0x00007fff4b4ee000 	/System/Library/Frameworks/Accelerate.framework/Versions/A/Frameworks/vImage.framework/Versions/A/Libraries/libCGInterfaces.dylib
0x00007fff4d7e1000 	/System/Library/Frameworks/ApplicationServices.framework/Versions/A/Frameworks/ATS.framework/Versions/A/Resources/libTrueTypeScaler.dylib
0x00007fff486b0000 	/System/Library/Extensions/AppleIntelKBLGraphicsMTLDriver.bundle/Contents/MacOS/AppleIntelKBLGraphicsMTLDriver
0x00007fff43bc9000 	/System/Library/Extensions/AMDMTLBronzeDriver.bundle/Contents/MacOS/AMDMTLBronzeDriver
0x00007fff6c4b6000 	/System/Library/PrivateFrameworks/IOAccelMemoryInfo.framework/Versions/A/IOAccelMemoryInfo
0x00007fff68b20000 	/System/Library/PrivateFrameworks/GPUCompiler.framework/Versions/3902/Libraries/libmetal_timestamp.dylib
0x00007fff65276000 	/System/Library/PrivateFrameworks/FamilyControls.framework/Versions/A/FamilyControls
0x00007fff61bc9000 	/System/Library/PrivateFrameworks/CommerceKit.framework/Versions/A/Frameworks/CommerceCore.framework/Versions/A/CommerceCore
0x00007fff75731000 	/System/Library/PrivateFrameworks/SystemAdministration.framework/Versions/A/SystemAdministration
0x00007fff5f006000 	/System/Library/PrivateFrameworks/AppContainer.framework/Versions/A/AppContainer
0x00007fff5f022000 	/System/Library/PrivateFrameworks/AppSandbox.framework/Versions/A/AppSandbox
0x00007fff7321e000 	/System/Library/PrivateFrameworks/SecCodeWrapper.framework/Versions/A/SecCodeWrapper
0x00007fff7a1cb000 	/usr/lib/libsandbox.1.dylib
0x00007fff77efb000 	/usr/lib/libMatch.1.dylib
0x00007fff64116000 	/System/Library/PrivateFrameworks/DiskManagement.framework/Versions/A/DiskManagement
0x00007fff510e4000 	/System/Library/Frameworks/DirectoryService.framework/Versions/A/DirectoryService
0x00007fff64047000 	/System/Library/PrivateFrameworks/DiskImages.framework/Versions/A/DiskImages
0x00007fff6cd90000 	/System/Library/PrivateFrameworks/LoginUIKit.framework/Versions/A/Frameworks/LoginUICore.framework/Versions/A/LoginUICore
0x00007fff77bbf000 	/usr/lib/libCoreStorage.dylib
0x00007fff78a8b000 	/usr/lib/libcsfde.dylib
0x00007fff7a04b000 	/usr/lib/libodfde.dylib
0x00007fff6d5d2000 	/System/Library/PrivateFrameworks/MediaKit.framework/Versions/A/MediaKit
0x00007fff510f0000 	/System/Library/Frameworks/DiscRecording.framework/Versions/A/DiscRecording
0x00007fff6428a000 	/System/Library/PrivateFrameworks/EFILogin.framework/Versions/A/EFILogin
0x00007fff7179c000 	/System/Library/PrivateFrameworks/ProtectedCloudStorage.framework/Versions/A/ProtectedCloudStorage
0x00007fff78b1d000 	/usr/lib/libcurl.4.dylib
0x00007fff7898a000 	/usr/lib/libcrypto.42.dylib
0x00007fff7a4bd000 	/usr/lib/libssl.44.dylib
0x00007fff53296000 	/System/Library/Frameworks/LDAP.framework/Versions/A/LDAP
0x00007fff75dc1000 	/System/Library/PrivateFrameworks/TrustEvaluationAgent.framework/Versions/A/TrustEvaluationAgent
0x00007fff7a207000 	/usr/lib/libsasl2.2.dylib
0x00007fff626b5000 	/System/Library/PrivateFrameworks/CoreDaemon.framework/Versions/B/CoreDaemon
0x00007fff5f648000 	/System/Library/PrivateFrameworks/AppleSRP.framework/Versions/A/AppleSRP
0x00007fff76bfc000 	/System/Library/PrivateFrameworks/ViewBridge.framework/Versions/A/ViewBridge
0x000000010da59000 	/usr/lib/libobjc-trampolines.dylib
0x000000012704a000 	/Library/Java/JavaVirtualMachines/adoptopenjdk-8.jdk/Contents/Home/jre/lib/libnio.dylib
0x000000012705e000 	/Library/Java/JavaVirtualMachines/adoptopenjdk-8.jdk/Contents/Home/jre/lib/./libnet.dylib
0x00007fff58dae000 	/System/Library/Frameworks/OpenGL.framework/Versions/A/Resources/GLEngine.bundle/GLEngine
0x00007fff58250000 	/System/Library/Frameworks/OpenGL.framework/Versions/A/Libraries/libGLProgrammability.dylib
0x00007fff478db000 	/System/Library/Extensions/AppleIntelKBLGraphicsGLDriver.bundle/Contents/MacOS/AppleIntelKBLGraphicsGLDriver
0x00007fff6a1b5000 	/System/Library/PrivateFrameworks/GPUSupport.framework/Versions/A/Libraries/libGPUSupportMercury.dylib
0x000000012707c000 	/System/Library/Extensions/AMDRadeonX4000GLDriver.bundle/Contents/MacOS/AMDRadeonX4000GLDriver
0x00007fff43cd6000 	/System/Library/Extensions/AMDRadeonX4000GLDriver.bundle/Contents/MacOS/ATIRadeonX4000SCLib.dylib
0x00007fff58f46000 	/System/Library/Frameworks/OpenGL.framework/Versions/A/Resources/GLRendererFloat.bundle/GLRendererFloat
0x00007fff5781a000 	/System/Library/Frameworks/OpenCL.framework/Versions/A/Libraries/libcldcpuengine.dylib
0x00007fff78790000 	/usr/lib/libcrypto.35.dylib
0x0000000127366000 	/Library/Java/JavaVirtualMachines/adoptopenjdk-8.jdk/Contents/Home/jre/lib/libfontmanager.dylib
0x00000001273d6000 	/Library/Java/JavaVirtualMachines/adoptopenjdk-8.jdk/Contents/Home/jre/lib/./libfreetype.6.dylib
0x000000010dbee000 	/Library/Java/JavaVirtualMachines/adoptopenjdk-8.jdk/Contents/Home/jre/lib/libosxui.dylib
0x000000010da9a000 	/private/var/folders/pt/gmp3zg_n0fv1_5_mkh2b9j80003h5j/T/jogamp_0000/file_cache/jln4999182333447423823/jln3326435832028196414/libgluegen-rt.jnilib
0x000000010da9f000 	/private/var/folders/pt/gmp3zg_n0fv1_5_mkh2b9j80003h5j/T/jogamp_0000/file_cache/jln4999182333447423823/jln3326435832028196414/libnativewindow_awt.jnilib
0x000000010daa2000 	/Library/Java/JavaVirtualMachines/adoptopenjdk-8.jdk/Contents/Home/jre/lib/libjawt.dylib
0x000000010daa9000 	/private/var/folders/pt/gmp3zg_n0fv1_5_mkh2b9j80003h5j/T/jogamp_0000/file_cache/jln4999182333447423823/jln3326435832028196414/libnativewindow_macosx.jnilib
0x00000001275c4000 	/private/var/folders/pt/gmp3zg_n0fv1_5_mkh2b9j80003h5j/T/jogamp_0000/file_cache/jln4999182333447423823/jln3326435832028196414/libjogl_desktop.jnilib
0x0000000127507000 	/Library/Java/JavaVirtualMachines/adoptopenjdk-8.jdk/Contents/Home/jre/lib/libsunec.dylib

VM Arguments:
jvm_args: -Djava.security.policy=java.policy.applet -Dfile.encoding=UTF-8 
java_command: sun.applet.AppletViewer module3.EarthquakeCityMap1586198493655.html
java_class_path (initial): /Users/abarretti/Desktop/Java/UCSDUnfoldingMaps/UCSDUnfoldingMaps/build:/Users/abarretti/Desktop/Java/UCSDUnfoldingMaps/UCSDUnfoldingMaps/lib/core.jar:/Users/abarretti/Desktop/Java/UCSDUnfoldingMaps/UCSDUnfoldingMaps/lib/gluegen-rt.jar:/Users/abarretti/Desktop/Java/UCSDUnfoldingMaps/UCSDUnfoldingMaps/lib/jogl-all.jar:/Users/abarretti/Desktop/Java/UCSDUnfoldingMaps/UCSDUnfoldingMaps/lib/log4j-1.2.15.jar:/Users/abarretti/Desktop/Java/UCSDUnfoldingMaps/UCSDUnfoldingMaps/lib/sqlite-jdbc-3.7.2.jar:/Users/abarretti/Desktop/Java/UCSDUnfoldingMaps/UCSDUnfoldingMaps/lib/json4processing.jar:/Users/abarretti/Desktop/Java/UCSDUnfoldingMaps/UCSDUnfoldingMaps/lib/libTUIO.jar:/Users/abarretti/Desktop/Java/UCSDUnfoldingMaps/UCSDUnfoldingMaps/lib/unfolding.0.9.7-uscd.jar
Launcher Type: SUN_STANDARD

Environment Variables:
PATH=/usr/bin:/bin:/usr/sbin:/sbin
SHELL=/bin/bash

Signal Handlers:
SIGSEGV: [libjvm.dylib+0x588183], sa_mask[0]=11111111011111110111111111111111, sa_flags=SA_ONSTACK|SA_RESTART|SA_SIGINFO
SIGBUS: [libjvm.dylib+0x588183], sa_mask[0]=11111111011111110111111111111111, sa_flags=SA_RESTART|SA_SIGINFO
SIGFPE: [libjvm.dylib+0x46288c], sa_mask[0]=11111111011111110111111111111111, sa_flags=SA_RESTART|SA_SIGINFO
SIGPIPE: [libjvm.dylib+0x46288c], sa_mask[0]=11111111011111110111111111111111, sa_flags=SA_RESTART|SA_SIGINFO
SIGXFSZ: [libjvm.dylib+0x46288c], sa_mask[0]=11111111011111110111111111111111, sa_flags=SA_RESTART|SA_SIGINFO
SIGILL: [libjvm.dylib+0x46288c], sa_mask[0]=11111111011111110111111111111111, sa_flags=SA_RESTART|SA_SIGINFO
SIGUSR1: SIG_DFL, sa_mask[0]=00000000000000000000000000000000, sa_flags=none
SIGUSR2: [libjvm.dylib+0x4623aa], sa_mask[0]=00100000000000000000000000000000, sa_flags=SA_RESTART|SA_SIGINFO
SIGHUP: [libjvm.dylib+0x460935], sa_mask[0]=11111111011111110111111111111111, sa_flags=SA_RESTART|SA_SIGINFO
SIGINT: [libjvm.dylib+0x460935], sa_mask[0]=11111111011111110111111111111111, sa_flags=SA_RESTART|SA_SIGINFO
SIGTERM: [libjvm.dylib+0x460935], sa_mask[0]=11111111011111110111111111111111, sa_flags=SA_RESTART|SA_SIGINFO
SIGQUIT: [libjvm.dylib+0x460935], sa_mask[0]=11111111011111110111111111111111, sa_flags=SA_RESTART|SA_SIGINFO


---------------  S Y S T E M  ---------------

OS:Bsduname:Darwin 18.7.0 Darwin Kernel Version 18.7.0: Thu Jan 23 06:52:12 PST 2020; root:xnu-4903.278.25~1/RELEASE_X86_64 x86_64
rlimit: STACK 8192k, CORE 0k, NPROC 1418, NOFILE 10240, AS infinity
load average:2.36 2.02 1.89

CPU:total 8 (initial active 8) (4 cores per cpu, 2 threads per core) family 6 model 158 stepping 9, cmov, cx8, fxsr, mmx, sse, sse2, sse3, ssse3, sse4.1, sse4.2, popcnt, avx, avx2, aes, clmul, erms, 3dnowpref, lzcnt, ht, tsc, tscinvbit, bmi1, bmi2, adx

Memory: 4k page, physical 16777216k(2008416k free)

/proc/meminfo:


vm_info: OpenJDK 64-Bit Server VM (25.242-b08) for bsd-amd64 JRE (1.8.0_242-b08), built on Jan 19 2020 06:43:11 by "jenkins" with gcc 4.2.1 (Based on Apple Inc. build 5658) (LLVM build 2336.11.00)

time: Mon Apr  6 20:42:56 2020
timezone: CEST
elapsed time: 82 seconds (0d 0h 1m 22s)

