#
# A fatal error has been detected by the Java Runtime Environment:
#
#  SIGSEGV (0xb) at pc=0x00007fff62cad770, pid=4691, tid=0x0000000000000307
#
# JRE version: OpenJDK Runtime Environment (8.0_242-b08) (build 1.8.0_242-b08)
# Java VM: OpenJDK 64-Bit Server VM (25.242-b08 mixed mode bsd-amd64 compressed oops)
# Problematic frame:
# C  [libobjc.A.dylib+0x17770]  initializeNonMetaClass+0x24
#
# Failed to write core dump. Core dumps have been disabled. To enable core dumping, try "ulimit -c unlimited" before starting Java again
#
# If you would like to submit a bug report, please visit:
#   http://bugreport.java.com/bugreport/crash.jsp
# The crash happened outside the Java Virtual Machine in native code.
# See problematic frame for where to report the bug.
#

---------------  T H R E A D  ---------------

Current thread (0x00007fc0a90a0800):  JavaThread "AWT-AppKit" daemon [_thread_in_native, id=775, stack(0x00007ffee33f6000,0x00007ffee3bf6000)]

siginfo: si_signo: 11 (SIGSEGV), si_code: 1 (SEGV_MAPERR), si_addr: 0x00000000000007e8

Registers:
RAX=0x0000000000000307, RBX=0x00007ffffffffff8, RCX=0x0000000000000000, RDX=0x0000000000000001
RSP=0x00007ffee3bf10d0, RBP=0x00007ffee3bf1100, RSI=0x00007fc0ace6f640, RDI=0x00007fff93703818
R8 =0x0000000000000000, R9 =0x0000000000000001, R10=0x00007fff93703818, R11=0x00007fff388fa20c
R12=0x00007fff93703818, R13=0x0000000000000001, R14=0x00000000000007c8, R15=0x00007fff93703818
RIP=0x00007fff62cad770, EFLAGS=0x0000000000010202, ERR=0x0000000000000004
  TRAPNO=0x000000000000000e

Top of Stack: (sp=0x00007ffee3bf10d0)
0x00007ffee3bf10d0:   0000000000000307 00007fff937f23a0
0x00007ffee3bf10e0:   00007fff93703818 0000000000000001
0x00007ffee3bf10f0:   0000000000000001 00007fff93703818
0x00007ffee3bf1100:   00007ffee3bf1130 00007fff62cae62f
0x00007ffee3bf1110:   00007fff93703818 0000000000000000
0x00007ffee3bf1120:   00007fc0ace6f640 00007fff36699537
0x00007ffee3bf1130:   00007ffee3bf1190 00007fff62c9d690
0x00007ffee3bf1140:   00007ffee3bf1260 f695c00070001002
0x00007ffee3bf1150:   00007ffee3bfffff 000000010000003f
0x00007ffee3bf1160:   00007ffee3bf1178 000000012c9e9450
0x00007ffee3bf1170:   0000000000000000 000000015c604e98
0x00007ffee3bf1180:   000000012c9e9440 00007fc0a90a0800
0x00007ffee3bf1190:   00007ffee3bf1260 00007fff62c9d114
0x00007ffee3bf11a0:   00000000fff7ffff 000000000a8c0153
0x00007ffee3bf11b0:   0000000000000001 0000000000000000
0x00007ffee3bf11c0:   00007fff36699537 00007fc0ace6f640
0x00007ffee3bf11d0:   00007fc0ace725a0 000000012b01b000
0x00007ffee3bf11e0:   0000000000000000 0000000000000000
0x00007ffee3bf11f0:   00000000000000ff 0000000000000000
0x00007ffee3bf1200:   0000000000000000 0000000000000000
0x00007ffee3bf1210:   6f63616d5f747761 534f63614d5f7873
0x00007ffee3bf1220:   534f63614d5f7873 6e69575457414a58
0x00007ffee3bf1230:   00000000c41f8000 0000000000000000
0x00007ffee3bf1240:   0000000044480000 0000000000000000
0x00007ffee3bf1250:   80000000c41f8000 0000000000000000
0x00007ffee3bf1260:   00007ffee3bf1320 000000012c9e7157
0x00007ffee3bf1270:   00007ffee3bf12c0 0000000000000003
0x00007ffee3bf1280:   00007ffee3bf12a0 000000010d3432b2
0x00007ffee3bf1290:   000000015c604e98 000000015c604e98
0x00007ffee3bf12a0:   00007fc0ace725a0 000000012c9e96a0
0x00007ffee3bf12b0:   000000012c9e9710 00007fff936c4838
0x00007ffee3bf12c0:   00007fff94d9e088 000000012c9e9450 

Instructions: (pc=0x00007fff62cad770)
0x00007fff62cad750:   41 57 41 56 41 55 41 54 53 50 49 89 fc 48 bb f8
0x00007fff62cad760:   ff ff ff ff 7f 00 00 4c 8b 77 08 4d 85 f6 74 2b
0x00007fff62cad770:   49 8b 46 20 48 21 d8 48 8b 48 08 f6 01 01 75 0d
0x00007fff62cad780:   49 8b 06 48 21 d8 48 8b 40 20 48 21 d8 f6 40 03 

Register to memory mapping:

RAX=0x0000000000000307 is an unknown value
RBX=0x00007ffffffffff8 is an unknown value
RCX=0x0000000000000000 is an unknown value
RDX=0x0000000000000001 is an unknown value
RSP=0x00007ffee3bf10d0 is pointing into the stack for thread: 0x00007fc0a90a0800
RBP=0x00007ffee3bf1100 is pointing into the stack for thread: 0x00007fc0a90a0800
RSI=0x00007fc0ace6f640 is an unknown value
RDI=0x00007fff93703818: __block_literal_global.67+0x4bc0 in /System/Library/Frameworks/CoreFoundation.framework/Versions/A/CoreFoundation at 0x00007fff384dc000
R8 =0x0000000000000000 is an unknown value
R9 =0x0000000000000001 is an unknown value
R10=0x00007fff93703818: __block_literal_global.67+0x4bc0 in /System/Library/Frameworks/CoreFoundation.framework/Versions/A/CoreFoundation at 0x00007fff384dc000
R11=0x00007fff388fa20c: _XMLPlistAppendDataUsingBase64.__CFPLDataEncodeTable+0x9c9cc in /System/Library/Frameworks/CoreFoundation.framework/Versions/A/CoreFoundation at 0x00007fff384dc000
R12=0x00007fff93703818: __block_literal_global.67+0x4bc0 in /System/Library/Frameworks/CoreFoundation.framework/Versions/A/CoreFoundation at 0x00007fff384dc000
R13=0x0000000000000001 is an unknown value
R14=0x00000000000007c8 is an unknown value
R15=0x00007fff93703818: __block_literal_global.67+0x4bc0 in /System/Library/Frameworks/CoreFoundation.framework/Versions/A/CoreFoundation at 0x00007fff384dc000


Stack: [0x00007ffee33f6000,0x00007ffee3bf6000],  sp=0x00007ffee3bf10d0,  free space=8172k
Native frames: (J=compiled Java code, j=interpreted, Vv=VM code, C=native code)
C  [libobjc.A.dylib+0x17770]  initializeNonMetaClass+0x24
C  [libobjc.A.dylib+0x1862f]  _ZL24initializeAndMaybeRelockP10objc_classP11objc_objectR8mutex_ttILb0EEb+0xbb
C  [libobjc.A.dylib+0x7690]  lookUpImpOrForward+0xe4
C  [libobjc.A.dylib+0x7114]  _objc_msgSend_uncached+0x44
C  [libnativewindow_macosx.jnilib+0x5157]  Java_jogamp_nativewindow_jawt_macosx_MacOSXJAWTWindow_UnsetJAWTRootSurfaceLayer0+0xe7
j  jogamp.nativewindow.jawt.macosx.MacOSXJAWTWindow.UnsetJAWTRootSurfaceLayer0(JJ)V+0
j  jogamp.nativewindow.jawt.macosx.MacOSXJAWTWindow.access$200(JJ)V+2
j  jogamp.nativewindow.jawt.macosx.MacOSXJAWTWindow$1.run()V+38
j  com.jogamp.common.util.RunnableTask.run()V+24
v  ~StubRoutines::call_stub
V  [libjvm.dylib+0x2e3fa7]
V  [libjvm.dylib+0x2ff139]
V  [libjvm.dylib+0x2f13d1]
C  [libnativewindow_macosx.jnilib+0x5326]  Java_jogamp_nativewindow_jawt_macosx_MacOSXJAWTWindow_UnsetJAWTRootSurfaceLayer0+0x2b6
C  [Foundation+0xb0302]  __NSThreadPerformPerform+0x148
C  [CoreFoundation+0x57e33]  __CFRUNLOOP_IS_CALLING_OUT_TO_A_SOURCE0_PERFORM_FUNCTION__+0x11
C  [CoreFoundation+0x57dd9]  __CFRunLoopDoSource0+0x6c
C  [CoreFoundation+0x3b79b]  __CFRunLoopDoSources0+0xc3
C  [CoreFoundation+0x3ad65]  __CFRunLoopRun+0x4a5
C  [CoreFoundation+0x3a66e]  CFRunLoopRunSpecific+0x1c7
C  [HIToolbox+0xb1ab]  RunCurrentEventLoopInMode+0x124
C  [HIToolbox+0xaded]  ReceiveNextEventCommon+0x163
C  [HIToolbox+0xac76]  _BlockUntilNextEventMatchingListInModeWithFilter+0x40
C  [AppKit+0x1a77d]  _DPSNextEvent+0x46f
C  [AppKit+0x1946b]  -[NSApplication(NSEvent) _nextEventMatchingEventMask:untilDate:inMode:dequeue:]+0x551
C  [libosxapp.dylib+0x2328]  -[NSApplicationAWT nextEventMatchingMask:untilDate:inMode:dequeue:]+0x7c
C  [AppKit+0x13588]  -[NSApplication run]+0x2bb
C  [libosxapp.dylib+0x1f72]  +[NSApplicationAWT runAWTLoopWithApp:]+0x9c
C  [libawt_lwawt.dylib+0x4711f]  -[AWTStarter starter:]+0x389
C  [Foundation+0xb0302]  __NSThreadPerformPerform+0x148
C  [CoreFoundation+0x57e33]  __CFRUNLOOP_IS_CALLING_OUT_TO_A_SOURCE0_PERFORM_FUNCTION__+0x11
C  [CoreFoundation+0x57dd9]  __CFRunLoopDoSource0+0x6c
C  [CoreFoundation+0x3b79b]  __CFRunLoopDoSources0+0xc3
C  [CoreFoundation+0x3ad65]  __CFRunLoopRun+0x4a5
C  [CoreFoundation+0x3a66e]  CFRunLoopRunSpecific+0x1c7
C  [java+0x646e]  CreateExecutionEnvironment+0x367
C  [java+0x203c]  JLI_Launch+0x7a0
C  [java+0x84d2]  main+0x6c
C  [java+0x1894]  start+0x34
C  0x0000000000000007

Java frames: (J=compiled Java code, j=interpreted, Vv=VM code)
j  jogamp.nativewindow.jawt.macosx.MacOSXJAWTWindow.UnsetJAWTRootSurfaceLayer0(JJ)V+0
j  jogamp.nativewindow.jawt.macosx.MacOSXJAWTWindow.access$200(JJ)V+2
j  jogamp.nativewindow.jawt.macosx.MacOSXJAWTWindow$1.run()V+38
j  com.jogamp.common.util.RunnableTask.run()V+24
v  ~StubRoutines::call_stub

---------------  P R O C E S S  ---------------

Java Threads: ( => current thread )
  0x00007fc0aaa21800 JavaThread "Thread-7" [_thread_blocked, id=128815, stack(0x000070000e2a1000,0x000070000e3a1000)]
  0x00007fc0aa0f4000 JavaThread "Image Fetcher 3" daemon [_thread_blocked, id=126467, stack(0x000070000eab9000,0x000070000ebb9000)]
  0x00007fc0a9524000 JavaThread "Image Fetcher 2" daemon [_thread_blocked, id=90115, stack(0x000070000e9b6000,0x000070000eab6000)]
  0x00007fc0a9ff4800 JavaThread "Image Fetcher 1" daemon [_thread_blocked, id=89859, stack(0x000070000e8b3000,0x000070000e9b3000)]
  0x00007fc0a7f90000 JavaThread "Image Fetcher 0" daemon [_thread_blocked, id=127235, stack(0x000070000e7b0000,0x000070000e8b0000)]
  0x00007fc0a9523800 JavaThread "Keep-Alive-Timer" daemon [_thread_blocked, id=127491, stack(0x000070000e6ad000,0x000070000e7ad000)]
  0x00007fc0aaf94000 JavaThread "AWT-EventQueue-1" [_thread_blocked, id=66091, stack(0x000070000e11b000,0x000070000e21b000)]
  0x00007fc0aa018000 JavaThread "DestroyJavaVM" [_thread_blocked, id=6403, stack(0x000070000c3b8000,0x000070000c4b8000)]
  0x00007fc0a991f000 JavaThread "AWT-EventQueue-0" [_thread_blocked, id=71443, stack(0x000070000df15000,0x000070000e015000)]
  0x00007fc0ab808800 JavaThread "Java2D Disposer" daemon [_thread_blocked, id=56355, stack(0x000070000dc8c000,0x000070000dd8c000)]
  0x00007fc0a90e5000 JavaThread "Java2D Queue Flusher" daemon [_thread_blocked, id=54535, stack(0x000070000db89000,0x000070000dc89000)]
  0x00007fc0a78f4800 JavaThread "AWT-Shutdown" [_thread_blocked, id=38955, stack(0x000070000d6f1000,0x000070000d7f1000)]
=>0x00007fc0a90a0800 JavaThread "AWT-AppKit" daemon [_thread_in_native, id=775, stack(0x00007ffee33f6000,0x00007ffee3bf6000)]
  0x00007fc0aa803000 JavaThread "Service Thread" daemon [_thread_blocked, id=16643, stack(0x000070000d4eb000,0x000070000d5eb000)]
  0x00007fc0a8009000 JavaThread "C1 CompilerThread3" daemon [_thread_blocked, id=17667, stack(0x000070000d3e8000,0x000070000d4e8000)]
  0x00007fc0ab80b800 JavaThread "C2 CompilerThread2" daemon [_thread_blocked, id=18179, stack(0x000070000d2e5000,0x000070000d3e5000)]
  0x00007fc0a7806800 JavaThread "C2 CompilerThread1" daemon [_thread_blocked, id=15875, stack(0x000070000d1e2000,0x000070000d2e2000)]
  0x00007fc0a9002800 JavaThread "C2 CompilerThread0" daemon [_thread_blocked, id=15363, stack(0x000070000d0df000,0x000070000d1df000)]
  0x00007fc0aa801800 JavaThread "Signal Dispatcher" daemon [_thread_blocked, id=15107, stack(0x000070000cfdc000,0x000070000d0dc000)]
  0x00007fc0a985c000 JavaThread "Finalizer" daemon [_thread_blocked, id=19203, stack(0x000070000ced9000,0x000070000cfd9000)]
  0x00007fc0a9859000 JavaThread "Reference Handler" daemon [_thread_blocked, id=12547, stack(0x000070000cdd6000,0x000070000ced6000)]

Other Threads:
  0x00007fc0a9852800 VMThread [stack: 0x000070000ccd3000,0x000070000cdd3000] [id=19715]
  0x00007fc0aa001800 WatcherThread [stack: 0x000070000d5ee000,0x000070000d6ee000] [id=16899]

VM state:not at safepoint (normal execution)

VM Mutex/Monitor currently owned by a thread: None

heap address: 0x00000006c0000000, size: 4096 MB, Compressed Oops mode: Zero based, Oop shift amount: 3
Narrow klass base: 0x0000000000000000, Narrow klass shift: 3
Compressed class space size: 1073741824 Address: 0x00000007c0000000

Heap:
 PSYoungGen      total 277504K, used 206778K [0x000000076ab00000, 0x000000078cd00000, 0x00000007c0000000)
  eden space 262144K, 78% used [0x000000076ab00000,0x000000077749e898,0x000000077ab00000)
  from space 15360K, 2% used [0x000000077ab00000,0x000000077ab50000,0x000000077ba00000)
  to   space 17408K, 0% used [0x000000078bc00000,0x000000078bc00000,0x000000078cd00000)
 ParOldGen       total 175104K, used 16753K [0x00000006c0000000, 0x00000006cab00000, 0x000000076ab00000)
  object space 175104K, 9% used [0x00000006c0000000,0x00000006c105c520,0x00000006cab00000)
 Metaspace       used 19597K, capacity 19947K, committed 19968K, reserved 1067008K
  class space    used 1937K, capacity 2042K, committed 2048K, reserved 1048576K

Card table byte_map: [0x000000011d814000,0x000000011e015000] byte_map_base: 0x000000011a214000

Marking Bits: (ParMarkBitMap*) 0x000000010da9f5b0
 Begin Bits: [0x000000011e015000, 0x0000000122015000)
 End Bits:   [0x0000000122015000, 0x0000000126015000)

Polling page: 0x000000010c02c000

CodeCache: size=245760Kb used=8236Kb max_used=8249Kb free=237523Kb
 bounds [0x000000010e814000, 0x000000010f034000, 0x000000011d814000]
 total_blobs=3097 nmethods=2191 adapters=821
 compilation: enabled

Compilation events (10 events):
Event: 5.415 Thread 0x00007fc0a8009000 2188       3       sun.java2d.pipe.RenderBuffer::putFloat (26 bytes)
Event: 5.416 Thread 0x00007fc0a8009000 nmethod 2188 0x000000010f01cd90 code [0x000000010f01cf00, 0x000000010f01d090]
Event: 5.416 Thread 0x00007fc0a8009000 2190       1       sun.java2d.SurfaceData::isValid (5 bytes)
Event: 5.416 Thread 0x00007fc0a8009000 nmethod 2190 0x000000010f01d150 code [0x000000010f01d2a0, 0x000000010f01d3b0]
Event: 5.417 Thread 0x00007fc0ab80b800 2191       4       processing.opengl.PJOGL::bindBuffer (12 bytes)
Event: 5.421 Thread 0x00007fc0ab80b800 nmethod 2191 0x000000010f01e410 code [0x000000010f01e620, 0x000000010f01e988]
Event: 5.476 Thread 0x00007fc0a8009000 2192       3       java.awt.EventQueue::isDispatchThread (9 bytes)
Event: 5.477 Thread 0x00007fc0a8009000 nmethod 2192 0x000000010f01d850 code [0x000000010f01da20, 0x000000010f01e0d8]
Event: 5.478 Thread 0x00007fc0a8009000 2193       3       java.util.concurrent.locks.AbstractQueuedSynchronizer::compareAndSetWaitStatus (13 bytes)
Event: 5.478 Thread 0x00007fc0a8009000 nmethod 2193 0x000000010f01d550 code [0x000000010f01d6a0, 0x000000010f01d7f0]

GC Heap History (10 events):
Event: 3.540 GC heap before
{Heap before GC invocations=3 (full 0):
 PSYoungGen      total 76288K, used 76277K [0x000000076ab00000, 0x0000000774000000, 0x00000007c0000000)
  eden space 65536K, 100% used [0x000000076ab00000,0x000000076eb00000,0x000000076eb00000)
  from space 10752K, 99% used [0x000000076f580000,0x000000076fffd4e0,0x0000000770000000)
  to   space 10752K, 0% used [0x000000076eb00000,0x000000076eb00000,0x000000076f580000)
 ParOldGen       total 175104K, used 5961K [0x00000006c0000000, 0x00000006cab00000, 0x000000076ab00000)
  object space 175104K, 3% used [0x00000006c0000000,0x00000006c05d27d8,0x00000006cab00000)
 Metaspace       used 19299K, capacity 19671K, committed 19712K, reserved 1067008K
  class space    used 1923K, capacity 2038K, committed 2048K, reserved 1048576K
Event: 3.545 GC heap after
Heap after GC invocations=3 (full 0):
 PSYoungGen      total 76288K, used 10739K [0x000000076ab00000, 0x0000000774000000, 0x00000007c0000000)
  eden space 65536K, 0% used [0x000000076ab00000,0x000000076ab00000,0x000000076eb00000)
  from space 10752K, 99% used [0x000000076eb00000,0x000000076f57cdc0,0x000000076f580000)
  to   space 10752K, 0% used [0x0000000773580000,0x0000000773580000,0x0000000774000000)
 ParOldGen       total 175104K, used 6001K [0x00000006c0000000, 0x00000006cab00000, 0x000000076ab00000)
  object space 175104K, 3% used [0x00000006c0000000,0x00000006c05dc7d8,0x00000006cab00000)
 Metaspace       used 19299K, capacity 19671K, committed 19712K, reserved 1067008K
  class space    used 1923K, capacity 2038K, committed 2048K, reserved 1048576K
}
Event: 3.709 GC heap before
{Heap before GC invocations=4 (full 0):
 PSYoungGen      total 76288K, used 76275K [0x000000076ab00000, 0x0000000774000000, 0x00000007c0000000)
  eden space 65536K, 100% used [0x000000076ab00000,0x000000076eb00000,0x000000076eb00000)
  from space 10752K, 99% used [0x000000076eb00000,0x000000076f57cdc0,0x000000076f580000)
  to   space 10752K, 0% used [0x0000000773580000,0x0000000773580000,0x0000000774000000)
 ParOldGen       total 175104K, used 6001K [0x00000006c0000000, 0x00000006cab00000, 0x000000076ab00000)
  object space 175104K, 3% used [0x00000006c0000000,0x00000006c05dc7d8,0x00000006cab00000)
 Metaspace       used 19327K, capacity 19741K, committed 19968K, reserved 1067008K
  class space    used 1923K, capacity 2039K, committed 2048K, reserved 1048576K
Event: 3.714 GC heap after
Heap after GC invocations=4 (full 0):
 PSYoungGen      total 141824K, used 10723K [0x000000076ab00000, 0x0000000774000000, 0x00000007c0000000)
  eden space 131072K, 0% used [0x000000076ab00000,0x000000076ab00000,0x0000000772b00000)
  from space 10752K, 99% used [0x0000000773580000,0x0000000773ff8db0,0x0000000774000000)
  to   space 10752K, 0% used [0x0000000772b00000,0x0000000772b00000,0x0000000773580000)
 ParOldGen       total 175104K, used 6169K [0x00000006c0000000, 0x00000006cab00000, 0x000000076ab00000)
  object space 175104K, 3% used [0x00000006c0000000,0x00000006c06067d8,0x00000006cab00000)
 Metaspace       used 19327K, capacity 19741K, committed 19968K, reserved 1067008K
  class space    used 1923K, capacity 2039K, committed 2048K, reserved 1048576K
}
Event: 4.074 GC heap before
{Heap before GC invocations=5 (full 0):
 PSYoungGen      total 141824K, used 141795K [0x000000076ab00000, 0x0000000774000000, 0x00000007c0000000)
  eden space 131072K, 100% used [0x000000076ab00000,0x0000000772b00000,0x0000000772b00000)
  from space 10752K, 99% used [0x0000000773580000,0x0000000773ff8db0,0x0000000774000000)
  to   space 10752K, 0% used [0x0000000772b00000,0x0000000772b00000,0x0000000773580000)
 ParOldGen       total 175104K, used 6169K [0x00000006c0000000, 0x00000006cab00000, 0x000000076ab00000)
  object space 175104K, 3% used [0x00000006c0000000,0x00000006c06067d8,0x00000006cab00000)
 Metaspace       used 19359K, capacity 19741K, committed 19968K, reserved 1067008K
  class space    used 1923K, capacity 2039K, committed 2048K, reserved 1048576K
Event: 4.079 GC heap after
Heap after GC invocations=5 (full 0):
 PSYoungGen      total 141824K, used 10723K [0x000000076ab00000, 0x000000077c900000, 0x00000007c0000000)
  eden space 131072K, 0% used [0x000000076ab00000,0x000000076ab00000,0x0000000772b00000)
  from space 10752K, 99% used [0x0000000772b00000,0x0000000773578dd0,0x0000000773580000)
  to   space 15360K, 0% used [0x000000077ba00000,0x000000077ba00000,0x000000077c900000)
 ParOldGen       total 175104K, used 6177K [0x00000006c0000000, 0x00000006cab00000, 0x000000076ab00000)
  object space 175104K, 3% used [0x00000006c0000000,0x00000006c06087d8,0x00000006cab00000)
 Metaspace       used 19359K, capacity 19741K, committed 19968K, reserved 1067008K
  class space    used 1923K, capacity 2039K, committed 2048K, reserved 1048576K
}
Event: 4.357 GC heap before
{Heap before GC invocations=6 (full 0):
 PSYoungGen      total 141824K, used 141795K [0x000000076ab00000, 0x000000077c900000, 0x00000007c0000000)
  eden space 131072K, 100% used [0x000000076ab00000,0x0000000772b00000,0x0000000772b00000)
  from space 10752K, 99% used [0x0000000772b00000,0x0000000773578dd0,0x0000000773580000)
  to   space 15360K, 0% used [0x000000077ba00000,0x000000077ba00000,0x000000077c900000)
 ParOldGen       total 175104K, used 6177K [0x00000006c0000000, 0x00000006cab00000, 0x000000076ab00000)
  object space 175104K, 3% used [0x00000006c0000000,0x00000006c06087d8,0x00000006cab00000)
 Metaspace       used 19411K, capacity 19805K, committed 19968K, reserved 1067008K
  class space    used 1923K, capacity 2039K, committed 2048K, reserved 1048576K
Event: 4.362 GC heap after
Heap after GC invocations=6 (full 0):
 PSYoungGen      total 277504K, used 10707K [0x000000076ab00000, 0x000000077c900000, 0x00000007c0000000)
  eden space 262144K, 0% used [0x000000076ab00000,0x000000076ab00000,0x000000077ab00000)
  from space 15360K, 69% used [0x000000077ba00000,0x000000077c474da0,0x000000077c900000)
  to   space 15360K, 0% used [0x000000077ab00000,0x000000077ab00000,0x000000077ba00000)
 ParOldGen       total 175104K, used 6185K [0x00000006c0000000, 0x00000006cab00000, 0x000000076ab00000)
  object space 175104K, 3% used [0x00000006c0000000,0x00000006c060a7d8,0x00000006cab00000)
 Metaspace       used 19411K, capacity 19805K, committed 19968K, reserved 1067008K
  class space    used 1923K, capacity 2039K, committed 2048K, reserved 1048576K
}
Event: 5.094 GC heap before
{Heap before GC invocations=7 (full 0):
 PSYoungGen      total 277504K, used 272851K [0x000000076ab00000, 0x000000077c900000, 0x00000007c0000000)
  eden space 262144K, 100% used [0x000000076ab00000,0x000000077ab00000,0x000000077ab00000)
  from space 15360K, 69% used [0x000000077ba00000,0x000000077c474da0,0x000000077c900000)
  to   space 15360K, 0% used [0x000000077ab00000,0x000000077ab00000,0x000000077ba00000)
 ParOldGen       total 175104K, used 6185K [0x00000006c0000000, 0x00000006cab00000, 0x000000076ab00000)
  object space 175104K, 3% used [0x00000006c0000000,0x00000006c060a7d8,0x00000006cab00000)
 Metaspace       used 19495K, capacity 19875K, committed 19968K, reserved 1067008K
  class space    used 1924K, capacity 2040K, committed 2048K, reserved 1048576K
Event: 5.100 GC heap after
Heap after GC invocations=7 (full 0):
 PSYoungGen      total 277504K, used 320K [0x000000076ab00000, 0x000000078cd00000, 0x00000007c0000000)
  eden space 262144K, 0% used [0x000000076ab00000,0x000000076ab00000,0x000000077ab00000)
  from space 15360K, 2% used [0x000000077ab00000,0x000000077ab50000,0x000000077ba00000)
  to   space 17408K, 0% used [0x000000078bc00000,0x000000078bc00000,0x000000078cd00000)
 ParOldGen       total 175104K, used 16753K [0x00000006c0000000, 0x00000006cab00000, 0x000000076ab00000)
  object space 175104K, 9% used [0x00000006c0000000,0x00000006c105c520,0x00000006cab00000)
 Metaspace       used 19495K, capacity 19875K, committed 19968K, reserved 1067008K
  class space    used 1924K, capacity 2040K, committed 2048K, reserved 1048576K
}

Deoptimization events (10 events):
Event: 2.001 Thread 0x00007fc0aafc6800 Uncommon trap: reason=unstable_if action=reinterpret pc=0x000000010ea95bd0 method=java.lang.String.indexOf([CII[CIII)I @ 3
Event: 2.001 Thread 0x00007fc0aafc6800 Uncommon trap: reason=unstable_if action=reinterpret pc=0x000000010ea0f630 method=java.lang.String.indexOf([CII[CIII)I @ 3
Event: 2.864 Thread 0x00007fc0aaf94000 Uncommon trap: reason=unstable_if action=reinterpret pc=0x000000010ea064d0 method=java.lang.AbstractStringBuilder.append(Ljava/lang/String;)Ljava/lang/AbstractStringBuilder; @ 1
Event: 3.032 Thread 0x00007fc0aaf94000 Uncommon trap: reason=unstable_if action=reinterpret pc=0x000000010ebf7724 method=java.util.HashMap$HashIterator.<init>(Ljava/util/HashMap;)V @ 38
Event: 3.068 Thread 0x00007fc0aaf94000 Uncommon trap: reason=unstable_if action=reinterpret pc=0x000000010ec97f7c method=com.jogamp.common.util.IntIntHashMap.get(I)I @ 28
Event: 3.158 Thread 0x00007fc0a9267800 Uncommon trap: reason=unstable_if action=reinterpret pc=0x000000010ec432d8 method=java.lang.String.regionMatches(ZILjava/lang/String;II)Z @ 123
Event: 3.161 Thread 0x00007fc0aaf94000 Uncommon trap: reason=unstable_if action=reinterpret pc=0x000000010ece3b70 method=jogamp.opengl.glu.tessellator.Geom.EdgeSign(Ljogamp/opengl/glu/tessellator/GLUvertex;Ljogamp/opengl/glu/tessellator/GLUvertex;Ljogamp/opengl/glu/tessellator/GLUvertex;)D @ 5
Event: 3.183 Thread 0x00007fc0aaf94000 Uncommon trap: reason=unstable_if action=reinterpret pc=0x000000010ec50150 method=java.lang.String.trim()Ljava/lang/String; @ 23
Event: 3.242 Thread 0x00007fc0aaf94000 Uncommon trap: reason=unstable_if action=reinterpret pc=0x000000010ed8dc2c method=jogamp.opengl.glu.tessellator.GLUtessellatorImpl.gluTessVertex([DILjava/lang/Object;)V @ 17
Event: 5.463 Thread 0x00007fc0a911a000 Uncommon trap: reason=unstable_if action=reinterpret pc=0x000000010ecbc908 method=java.util.HashMap.putVal(ILjava/lang/Object;Ljava/lang/Object;ZZ)Ljava/lang/Object; @ 81

Classes redefined (0 events):
No events

Internal exceptions (10 events):
Event: 0.376 Thread 0x00007fc0a9807000 Exception <a 'java/io/FileNotFoundException'> (0x000000076ae2f828) thrown at [/Users/jenkins/workspace/build-scripts/jobs/jdk8u/jdk8u-mac-x64-hotspot/workspace/build/src/hotspot/src/share/vm/prims/jni.cpp, line 710]
Event: 0.376 Thread 0x00007fc0a9807000 Exception <a 'java/io/FileNotFoundException'> (0x000000076ae303f8) thrown at [/Users/jenkins/workspace/build-scripts/jobs/jdk8u/jdk8u-mac-x64-hotspot/workspace/build/src/hotspot/src/share/vm/prims/jni.cpp, line 710]
Event: 0.847 Thread 0x00007fc0a90a0800 Exception <a 'java/lang/ClassNotFoundException': sun/dc/DuctusRenderingEngine> (0x000000076aedfaf8) thrown at [/Users/jenkins/workspace/build-scripts/jobs/jdk8u/jdk8u-mac-x64-hotspot/workspace/build/src/hotspot/src/share/vm/classfile/systemDictionary.cpp,
Event: 0.932 Thread 0x00007fc0a9807000 Exception <a 'java/io/FileNotFoundException'> (0x000000076aeb93c0) thrown at [/Users/jenkins/workspace/build-scripts/jobs/jdk8u/jdk8u-mac-x64-hotspot/workspace/build/src/hotspot/src/share/vm/prims/jni.cpp, line 710]
Event: 2.030 Thread 0x00007fc0aafc6800 Exception <a 'java/lang/UnsatisfiedLinkError': com.jogamp.common.util.JarUtil.fixNativeLibAttribs(Ljava/lang/String;)Z> (0x000000076c5f3088) thrown at [/Users/jenkins/workspace/build-scripts/jobs/jdk8u/jdk8u-mac-x64-hotspot/workspace/build/src/hotspot/src
Event: 2.864 Thread 0x00007fc0aaf94000 Exception <a 'java/io/FileNotFoundException'> (0x000000076d6a6dc0) thrown at [/Users/jenkins/workspace/build-scripts/jobs/jdk8u/jdk8u-mac-x64-hotspot/workspace/build/src/hotspot/src/share/vm/prims/jni.cpp, line 710]
Event: 2.864 Thread 0x00007fc0aaf94000 Exception <a 'java/io/FileNotFoundException'> (0x000000076d6aec48) thrown at [/Users/jenkins/workspace/build-scripts/jobs/jdk8u/jdk8u-mac-x64-hotspot/workspace/build/src/hotspot/src/share/vm/prims/jni.cpp, line 710]
Event: 2.864 Thread 0x00007fc0aaf94000 Implicit null exception at 0x000000010ea060f6 to 0x000000010ea064b9
Event: 3.032 Thread 0x00007fc0aaf94000 Implicit null exception at 0x000000010ebf74c6 to 0x000000010ebf770d
Event: 3.069 Thread 0x00007fc0a985c000 Exception <a 'java/lang/NullPointerException'> (0x000000076af3b490) thrown at [/Users/jenkins/workspace/build-scripts/jobs/jdk8u/jdk8u-mac-x64-hotspot/workspace/build/src/hotspot/src/share/vm/interpreter/linkResolver.cpp, line 1185]

Events (10 events):
Event: 5.476 loading class jogamp/nativewindow/jawt/macosx/MacOSXJAWTWindow$1 done
Event: 5.477 loading class java/awt/LightweightDispatcher$2
Event: 5.477 loading class java/awt/LightweightDispatcher$2 done
Event: 5.477 loading class java/awt/event/AWTEventListenerProxy
Event: 5.478 loading class java/awt/event/AWTEventListenerProxy done
Event: 5.478 loading class java/awt/Toolkit$ToolkitEventMulticaster
Event: 5.478 loading class java/awt/Toolkit$ToolkitEventMulticaster done
Event: 5.478 Thread 0x00007fc0a911a000 Thread exited: 0x00007fc0a911a000
Event: 5.478 loading class java/awt/Window$1DisposeAction
Event: 5.478 loading class java/awt/Window$1DisposeAction done


Dynamic libraries:
0x00007fff37c67000 	/System/Library/Frameworks/Cocoa.framework/Versions/A/Cocoa
0x00007fff43a15000 	/System/Library/Frameworks/Security.framework/Versions/A/Security
0x00007fff368f9000 	/System/Library/Frameworks/ApplicationServices.framework/Versions/A/ApplicationServices
0x00007fff63b06000 	/usr/lib/libz.1.dylib
0x00007fff6145d000 	/usr/lib/libSystem.B.dylib
0x00007fff62c96000 	/usr/lib/libobjc.A.dylib
0x00007fff3a760000 	/System/Library/Frameworks/Foundation.framework/Versions/C/Foundation
0x00007fff384dc000 	/System/Library/Frameworks/CoreFoundation.framework/Versions/A/CoreFoundation
0x000000010c02d000 	/Library/Application Support/Cylance/Desktop/CyMemDef.dylib
0x00007fff35af2000 	/System/Library/Frameworks/AppKit.framework/Versions/C/AppKit
0x00007fff38065000 	/System/Library/Frameworks/CoreData.framework/Versions/A/CoreData
0x00007fff5af22000 	/System/Library/PrivateFrameworks/RemoteViewServices.framework/Versions/A/RemoteViewServices
0x00007fff5f199000 	/System/Library/PrivateFrameworks/UIFoundation.framework/Versions/A/UIFoundation
0x00007fff6087e000 	/System/Library/PrivateFrameworks/XCTTargetBootstrap.framework/Versions/A/XCTTargetBootstrap
0x00007fff383eb000 	/System/Library/Frameworks/CoreDisplay.framework/Versions/A/CoreDisplay
0x00007fff55c5c000 	/System/Library/PrivateFrameworks/IconServices.framework/Versions/A/IconServices
0x00007fff3d082000 	/System/Library/Frameworks/Metal.framework/Versions/A/Metal
0x00007fff4d1a0000 	/System/Library/PrivateFrameworks/DesktopServicesPriv.framework/Versions/A/DesktopServicesPriv
0x00007fff61ff9000 	/usr/lib/libenergytrace.dylib
0x00007fff5d680000 	/System/Library/PrivateFrameworks/SkyLight.framework/Versions/A/SkyLight
0x00007fff38923000 	/System/Library/Frameworks/CoreGraphics.framework/Versions/A/CoreGraphics
0x00007fff348be000 	/System/Library/Frameworks/Accelerate.framework/Versions/A/Accelerate
0x00007fff3aea9000 	/System/Library/Frameworks/IOSurface.framework/Versions/A/IOSurface
0x00007fff4d00c000 	/System/Library/PrivateFrameworks/DFRFoundation.framework/Versions/A/DFRFoundation
0x00007fff36ddc000 	/System/Library/Frameworks/AudioToolbox.framework/Versions/A/AudioToolbox
0x00007fff37055000 	/System/Library/Frameworks/AudioUnit.framework/Versions/A/AudioUnit
0x00007fff4d0a1000 	/System/Library/PrivateFrameworks/DataDetectorsCore.framework/Versions/A/DataDetectorsCore
0x00007fff3776a000 	/System/Library/Frameworks/Carbon.framework/Versions/A/Frameworks/HIToolbox.framework/Versions/A/HIToolbox
0x00007fff62152000 	/usr/lib/libicucore.A.dylib
0x00007fff42f88000 	/System/Library/Frameworks/QuartzCore.framework/Versions/A/QuartzCore
0x00007fff37b3f000 	/System/Library/Frameworks/Carbon.framework/Versions/A/Frameworks/SpeechRecognition.framework/Versions/A/SpeechRecognition
0x00007fff615b1000 	/usr/lib/libauto.dylib
0x00007fff639f9000 	/usr/lib/libxml2.2.dylib
0x00007fff4cbe7000 	/System/Library/PrivateFrameworks/CoreUI.framework/Versions/A/CoreUI
0x00007fff37f50000 	/System/Library/Frameworks/CoreAudio.framework/Versions/A/CoreAudio
0x00007fff3a595000 	/System/Library/Frameworks/DiskArbitration.framework/Versions/A/DiskArbitration
0x00007fff62400000 	/usr/lib/liblangid.dylib
0x00007fff57067000 	/System/Library/PrivateFrameworks/MultitouchSupport.framework/Versions/A/MultitouchSupport
0x00007fff3ae18000 	/System/Library/Frameworks/IOKit.framework/Versions/A/IOKit
0x00007fff6101d000 	/usr/lib/libDiagnosticMessagesClient.dylib
0x00007fff39733000 	/System/Library/Frameworks/CoreServices.framework/Versions/A/CoreServices
0x00007fff58d21000 	/System/Library/PrivateFrameworks/PerformanceAnalysis.framework/Versions/A/PerformanceAnalysis
0x00007fff4216f000 	/System/Library/Frameworks/OpenGL.framework/Versions/A/OpenGL
0x00007fff37c75000 	/System/Library/Frameworks/ColorSync.framework/Versions/A/ColorSync
0x00007fff38fb5000 	/System/Library/Frameworks/CoreImage.framework/Versions/A/CoreImage
0x00007fff3a10b000 	/System/Library/Frameworks/CoreText.framework/Versions/A/CoreText
0x00007fff3af0c000 	/System/Library/Frameworks/ImageIO.framework/Versions/A/ImageIO
0x00007fff49239000 	/System/Library/PrivateFrameworks/Backup.framework/Versions/A/Backup
0x00007fff61504000 	/usr/lib/libarchive.2.dylib
0x00007fff373ae000 	/System/Library/Frameworks/CFNetwork.framework/Versions/A/CFNetwork
0x00007fff44171000 	/System/Library/Frameworks/SystemConfiguration.framework/Versions/A/SystemConfiguration
0x00007fff60f4e000 	/usr/lib/libCRFSuite.dylib
0x00007fff616a2000 	/usr/lib/libc++.1.dylib
0x00007fff616f6000 	/usr/lib/libc++abi.dylib
0x00007fff642fc000 	/usr/lib/system/libcache.dylib
0x00007fff64301000 	/usr/lib/system/libcommonCrypto.dylib
0x00007fff6430c000 	/usr/lib/system/libcompiler_rt.dylib
0x00007fff64314000 	/usr/lib/system/libcopyfile.dylib
0x00007fff6431e000 	/usr/lib/system/libcorecrypto.dylib
0x00007fff64429000 	/usr/lib/system/libdispatch.dylib
0x00007fff64463000 	/usr/lib/system/libdyld.dylib
0x00007fff64490000 	/usr/lib/system/libkeymgr.dylib
0x00007fff6449e000 	/usr/lib/system/liblaunch.dylib
0x00007fff6449f000 	/usr/lib/system/libmacho.dylib
0x00007fff644a5000 	/usr/lib/system/libquarantine.dylib
0x00007fff644a8000 	/usr/lib/system/libremovefile.dylib
0x00007fff644aa000 	/usr/lib/system/libsystem_asl.dylib
0x00007fff644c2000 	/usr/lib/system/libsystem_blocks.dylib
0x00007fff644c3000 	/usr/lib/system/libsystem_c.dylib
0x00007fff6454b000 	/usr/lib/system/libsystem_configuration.dylib
0x00007fff6454f000 	/usr/lib/system/libsystem_coreservices.dylib
0x00007fff64553000 	/usr/lib/system/libsystem_darwin.dylib
0x00007fff6455a000 	/usr/lib/system/libsystem_dnssd.dylib
0x00007fff64561000 	/usr/lib/system/libsystem_info.dylib
0x00007fff645d6000 	/usr/lib/system/libsystem_m.dylib
0x00007fff64622000 	/usr/lib/system/libsystem_malloc.dylib
0x00007fff6464d000 	/usr/lib/system/libsystem_networkextension.dylib
0x00007fff64658000 	/usr/lib/system/libsystem_notify.dylib
0x00007fff64675000 	/usr/lib/system/libsystem_sandbox.dylib
0x00007fff64679000 	/usr/lib/system/libsystem_secinit.dylib
0x00007fff645ad000 	/usr/lib/system/libsystem_kernel.dylib
0x00007fff64660000 	/usr/lib/system/libsystem_platform.dylib
0x00007fff6466a000 	/usr/lib/system/libsystem_pthread.dylib
0x00007fff6467c000 	/usr/lib/system/libsystem_symptoms.dylib
0x00007fff64684000 	/usr/lib/system/libsystem_trace.dylib
0x00007fff6469b000 	/usr/lib/system/libunwind.dylib
0x00007fff646a1000 	/usr/lib/system/libxpc.dylib
0x00007fff61683000 	/usr/lib/libbsm.0.dylib
0x00007fff64491000 	/usr/lib/system/libkxld.dylib
0x00007fff4862a000 	/System/Library/PrivateFrameworks/AppleFSCompression.framework/Versions/A/AppleFSCompression
0x00007fff6131d000 	/usr/lib/libOpenScriptingUtil.dylib
0x00007fff619ab000 	/usr/lib/libcoretls.dylib
0x00007fff619c2000 	/usr/lib/libcoretls_cfhelpers.dylib
0x00007fff6342d000 	/usr/lib/libpam.2.dylib
0x00007fff635ed000 	/usr/lib/libsqlite3.dylib
0x00007fff639e7000 	/usr/lib/libxar.1.dylib
0x00007fff61694000 	/usr/lib/libbz2.1.0.dylib
0x00007fff62402000 	/usr/lib/liblzma.5.dylib
0x00007fff628b3000 	/usr/lib/libnetwork.dylib
0x00007fff614ed000 	/usr/lib/libapple_nghttp2.dylib
0x00007fff63434000 	/usr/lib/libpcap.A.dylib
0x00007fff39ad2000 	/System/Library/Frameworks/CoreServices.framework/Versions/A/Frameworks/FSEvents.framework/Versions/A/FSEvents
0x00007fff397b1000 	/System/Library/Frameworks/CoreServices.framework/Versions/A/Frameworks/CarbonCore.framework/Versions/A/CarbonCore
0x00007fff39c8d000 	/System/Library/Frameworks/CoreServices.framework/Versions/A/Frameworks/Metadata.framework/Versions/A/Metadata
0x00007fff39d2c000 	/System/Library/Frameworks/CoreServices.framework/Versions/A/Frameworks/OSServices.framework/Versions/A/OSServices
0x00007fff39d77000 	/System/Library/Frameworks/CoreServices.framework/Versions/A/Frameworks/SearchKit.framework/Versions/A/SearchKit
0x00007fff39734000 	/System/Library/Frameworks/CoreServices.framework/Versions/A/Frameworks/AE.framework/Versions/A/AE
0x00007fff39adb000 	/System/Library/Frameworks/CoreServices.framework/Versions/A/Frameworks/LaunchServices.framework/Versions/A/LaunchServices
0x00007fff39a89000 	/System/Library/Frameworks/CoreServices.framework/Versions/A/Frameworks/DictionaryServices.framework/Versions/A/DictionaryServices
0x00007fff39ddf000 	/System/Library/Frameworks/CoreServices.framework/Versions/A/Frameworks/SharedFileList.framework/Versions/A/SharedFileList
0x00007fff3e14a000 	/System/Library/Frameworks/NetFS.framework/Versions/A/NetFS
0x00007fff572cd000 	/System/Library/PrivateFrameworks/NetAuth.framework/Versions/A/NetAuth
0x00007fff60c82000 	/System/Library/PrivateFrameworks/login.framework/Versions/A/Frameworks/loginsupport.framework/Versions/A/loginsupport
0x00007fff5eda2000 	/System/Library/PrivateFrameworks/TCC.framework/Versions/A/TCC
0x00007fff4c244000 	/System/Library/PrivateFrameworks/CoreNLP.framework/Versions/A/CoreNLP
0x00007fff56d62000 	/System/Library/PrivateFrameworks/MetadataUtilities.framework/Versions/A/MetadataUtilities
0x00007fff624d7000 	/usr/lib/libmecabra.dylib
0x00007fff368fa000 	/System/Library/Frameworks/ApplicationServices.framework/Versions/A/Frameworks/ATS.framework/Versions/A/ATS
0x00007fff36c49000 	/System/Library/Frameworks/ApplicationServices.framework/Versions/A/Frameworks/ColorSyncLegacy.framework/Versions/A/ColorSyncLegacy
0x00007fff36ce8000 	/System/Library/Frameworks/ApplicationServices.framework/Versions/A/Frameworks/HIServices.framework/Versions/A/HIServices
0x00007fff36d3b000 	/System/Library/Frameworks/ApplicationServices.framework/Versions/A/Frameworks/LangAnalysis.framework/Versions/A/LangAnalysis
0x00007fff36d4b000 	/System/Library/Frameworks/ApplicationServices.framework/Versions/A/Frameworks/PrintCore.framework/Versions/A/PrintCore
0x00007fff36d95000 	/System/Library/Frameworks/ApplicationServices.framework/Versions/A/Frameworks/QD.framework/Versions/A/QD
0x00007fff36dcf000 	/System/Library/Frameworks/ApplicationServices.framework/Versions/A/Frameworks/SpeechSynthesis.framework/Versions/A/SpeechSynthesis
0x00007fff6171e000 	/usr/lib/libcompression.dylib
0x00007fff3d352000 	/System/Library/Frameworks/MetalPerformanceShaders.framework/Versions/A/MetalPerformanceShaders
0x00007fff348d6000 	/System/Library/Frameworks/Accelerate.framework/Versions/A/Frameworks/vImage.framework/Versions/A/vImage
0x00007fff35950000 	/System/Library/Frameworks/Accelerate.framework/Versions/A/Frameworks/vecLib.framework/Versions/A/vecLib
0x00007fff3589c000 	/System/Library/Frameworks/Accelerate.framework/Versions/A/Frameworks/vecLib.framework/Versions/A/libvMisc.dylib
0x00007fff356b4000 	/System/Library/Frameworks/Accelerate.framework/Versions/A/Frameworks/vecLib.framework/Versions/A/libvDSP.dylib
0x00007fff34f70000 	/System/Library/Frameworks/Accelerate.framework/Versions/A/Frameworks/vecLib.framework/Versions/A/libBLAS.dylib
0x00007fff3525d000 	/System/Library/Frameworks/Accelerate.framework/Versions/A/Frameworks/vecLib.framework/Versions/A/libLAPACK.dylib
0x00007fff35607000 	/System/Library/Frameworks/Accelerate.framework/Versions/A/Frameworks/vecLib.framework/Versions/A/libLinearAlgebra.dylib
0x00007fff356a0000 	/System/Library/Frameworks/Accelerate.framework/Versions/A/Frameworks/vecLib.framework/Versions/A/libSparseBLAS.dylib
0x00007fff3561d000 	/System/Library/Frameworks/Accelerate.framework/Versions/A/Frameworks/vecLib.framework/Versions/A/libQuadrature.dylib
0x00007fff351ea000 	/System/Library/Frameworks/Accelerate.framework/Versions/A/Frameworks/vecLib.framework/Versions/A/libBNNS.dylib
0x00007fff35623000 	/System/Library/Frameworks/Accelerate.framework/Versions/A/Frameworks/vecLib.framework/Versions/A/libSparse.dylib
0x00007fff53592000 	/System/Library/PrivateFrameworks/GPUWrangler.framework/Versions/A/GPUWrangler
0x00007fff55891000 	/System/Library/PrivateFrameworks/IOAccelerator.framework/Versions/A/IOAccelerator
0x00007fff5589c000 	/System/Library/PrivateFrameworks/IOPresentment.framework/Versions/A/IOPresentment
0x00007fff4d01c000 	/System/Library/PrivateFrameworks/DSExternalDisplay.framework/Versions/A/DSExternalDisplay
0x00007fff415c6000 	/System/Library/Frameworks/OpenGL.framework/Versions/A/Libraries/libCoreFSCache.dylib
0x00007fff3d146000 	/System/Library/Frameworks/MetalPerformanceShaders.framework/Frameworks/MPSCore.framework/Versions/A/MPSCore
0x00007fff3d166000 	/System/Library/Frameworks/MetalPerformanceShaders.framework/Frameworks/MPSImage.framework/Versions/A/MPSImage
0x00007fff3d20b000 	/System/Library/Frameworks/MetalPerformanceShaders.framework/Frameworks/MPSNeuralNetwork.framework/Versions/A/MPSNeuralNetwork
0x00007fff3d1e3000 	/System/Library/Frameworks/MetalPerformanceShaders.framework/Frameworks/MPSMatrix.framework/Versions/A/MPSMatrix
0x00007fff3d337000 	/System/Library/Frameworks/MetalPerformanceShaders.framework/Frameworks/MPSRayIntersector.framework/Versions/A/MPSRayIntersector
0x00007fff56d8b000 	/System/Library/PrivateFrameworks/MetalTools.framework/Versions/A/MetalTools
0x00007fff47ed4000 	/System/Library/PrivateFrameworks/AggregateDictionary.framework/Versions/A/AggregateDictionary
0x00007fff612fd000 	/usr/lib/libMobileGestalt.dylib
0x00007fff3a26e000 	/System/Library/Frameworks/CoreVideo.framework/Versions/A/CoreVideo
0x00007fff543a3000 	/System/Library/PrivateFrameworks/GraphVisualizer.framework/Versions/A/GraphVisualizer
0x00007fff4e222000 	/System/Library/PrivateFrameworks/FaceCore.framework/Versions/A/FaceCore
0x00007fff40bf4000 	/System/Library/Frameworks/OpenCL.framework/Versions/A/OpenCL
0x00007fff61055000 	/usr/lib/libFosl_dynamic.dylib
0x00007fff57b38000 	/System/Library/PrivateFrameworks/OTSVG.framework/Versions/A/OTSVG
0x00007fff369fe000 	/System/Library/Frameworks/ApplicationServices.framework/Versions/A/Frameworks/ATS.framework/Versions/A/Resources/libFontParser.dylib
0x00007fff36b16000 	/System/Library/Frameworks/ApplicationServices.framework/Versions/A/Frameworks/ATS.framework/Versions/A/Resources/libFontRegistry.dylib
0x00007fff3b17b000 	/System/Library/Frameworks/ImageIO.framework/Versions/A/Resources/libJPEG.dylib
0x00007fff3b48d000 	/System/Library/Frameworks/ImageIO.framework/Versions/A/Resources/libTIFF.dylib
0x00007fff3b463000 	/System/Library/Frameworks/ImageIO.framework/Versions/A/Resources/libPng.dylib
0x00007fff3b099000 	/System/Library/Frameworks/ImageIO.framework/Versions/A/Resources/libGIF.dylib
0x00007fff3b09e000 	/System/Library/Frameworks/ImageIO.framework/Versions/A/Resources/libJP2.dylib
0x00007fff3b48a000 	/System/Library/Frameworks/ImageIO.framework/Versions/A/Resources/libRadiance.dylib
0x00007fff48781000 	/System/Library/PrivateFrameworks/AppleJPEG.framework/Versions/A/AppleJPEG
0x00007fff415d1000 	/System/Library/Frameworks/OpenGL.framework/Versions/A/Libraries/libGFXShared.dylib
0x00007fff41794000 	/System/Library/Frameworks/OpenGL.framework/Versions/A/Libraries/libGLU.dylib
0x00007fff415da000 	/System/Library/Frameworks/OpenGL.framework/Versions/A/Libraries/libGL.dylib
0x00007fff415e6000 	/System/Library/Frameworks/OpenGL.framework/Versions/A/Libraries/libGLImage.dylib
0x00007fff415c3000 	/System/Library/Frameworks/OpenGL.framework/Versions/A/Libraries/libCVMSPluginSupport.dylib
0x00007fff415cc000 	/System/Library/Frameworks/OpenGL.framework/Versions/A/Libraries/libCoreVMClient.dylib
0x00007fff61e6f000 	/usr/lib/libcups.2.dylib
0x00007fff3c64d000 	/System/Library/Frameworks/Kerberos.framework/Versions/A/Kerberos
0x00007fff3ab7c000 	/System/Library/Frameworks/GSS.framework/Versions/A/GSS
0x00007fff63582000 	/usr/lib/libresolv.9.dylib
0x00007fff62061000 	/usr/lib/libiconv.2.dylib
0x00007fff54518000 	/System/Library/PrivateFrameworks/Heimdal.framework/Versions/A/Heimdal
0x00007fff62031000 	/usr/lib/libheimdal-asn1.dylib
0x00007fff40c68000 	/System/Library/Frameworks/OpenDirectory.framework/Versions/A/OpenDirectory
0x00007fff4afa7000 	/System/Library/PrivateFrameworks/CommonAuth.framework/Versions/A/CommonAuth
0x00007fff40c4c000 	/System/Library/Frameworks/OpenDirectory.framework/Versions/A/Frameworks/CFOpenDirectory.framework/Versions/A/CFOpenDirectory
0x00007fff43d16000 	/System/Library/Frameworks/SecurityFoundation.framework/Versions/A/SecurityFoundation
0x00007fff4741a000 	/System/Library/PrivateFrameworks/APFS.framework/Versions/A/APFS
0x00007fff639e3000 	/usr/lib/libutil.dylib
0x00007fff6170c000 	/usr/lib/libcharset.1.dylib
0x00007fff48a1e000 	/System/Library/PrivateFrameworks/AppleSauce.framework/Versions/A/AppleSauce
0x00007fff48b9f000 	/System/Library/PrivateFrameworks/AssertionServices.framework/Versions/A/AssertionServices
0x00007fff492cf000 	/System/Library/PrivateFrameworks/BaseBoard.framework/Versions/A/BaseBoard
0x00007fff62432000 	/usr/lib/libmecab.1.0.0.dylib
0x00007fff6202b000 	/usr/lib/libgermantok.dylib
0x00007fff614da000 	/usr/lib/libThaiTokenizer.dylib
0x00007fff60f85000 	/usr/lib/libChineseTokenizer.dylib
0x00007fff55f49000 	/System/Library/PrivateFrameworks/LanguageModeling.framework/Versions/A/LanguageModeling
0x00007fff4bc89000 	/System/Library/PrivateFrameworks/CoreEmoji.framework/Versions/A/CoreEmoji
0x00007fff56025000 	/System/Library/PrivateFrameworks/Lexicon.framework/Versions/A/Lexicon
0x00007fff56068000 	/System/Library/PrivateFrameworks/LinguisticData.framework/Versions/A/LinguisticData
0x00007fff6170d000 	/usr/lib/libcmph.dylib
0x00007fff43dd4000 	/System/Library/Frameworks/ServiceManagement.framework/Versions/A/ServiceManagement
0x00007fff49230000 	/System/Library/PrivateFrameworks/BackgroundTaskManagement.framework/Versions/A/BackgroundTaskManagement
0x00007fff63add000 	/usr/lib/libxslt.1.dylib
0x00007fff37a6c000 	/System/Library/Frameworks/Carbon.framework/Versions/A/Frameworks/Ink.framework/Versions/A/Ink
0x00007fff5f014000 	/System/Library/PrivateFrameworks/TextureIO.framework/Versions/A/TextureIO
0x00007fff6152e000 	/usr/lib/libate.dylib
0x00007fff4cf6b000 	/System/Library/PrivateFrameworks/CrashReporterSupport.framework/Versions/A/CrashReporterSupport
0x00007fff5c74e000 	/System/Library/PrivateFrameworks/Sharing.framework/Versions/A/Sharing
0x00007fff48f82000 	/System/Library/PrivateFrameworks/AuthKit.framework/Versions/A/AuthKit
0x00007fff484d6000 	/System/Library/PrivateFrameworks/Apple80211.framework/Versions/A/Apple80211
0x00007fff4cd13000 	/System/Library/PrivateFrameworks/CoreUtils.framework/Versions/A/CoreUtils
0x00007fff3a2af000 	/System/Library/Frameworks/CoreWLAN.framework/Versions/A/CoreWLAN
0x00007fff3acab000 	/System/Library/Frameworks/IOBluetooth.framework/Versions/A/IOBluetooth
0x00007fff5abc2000 	/System/Library/PrivateFrameworks/ProtocolBuffer.framework/Versions/A/ProtocolBuffer
0x00007fff56fc3000 	/System/Library/PrivateFrameworks/MobileKeyBag.framework/Versions/A/MobileKeyBag
0x00007fff4c557000 	/System/Library/PrivateFrameworks/CorePhoneNumbers.framework/Versions/A/CorePhoneNumbers
0x00007fff48735000 	/System/Library/PrivateFrameworks/AppleIDAuthSupport.framework/Versions/A/AppleIDAuthSupport
0x00007fff55f1c000 	/System/Library/PrivateFrameworks/KeychainCircle.framework/Versions/A/KeychainCircle
0x00007fff5ad78000 	/System/Library/PrivateFrameworks/ROCKit.framework/Versions/A/ROCKit
0x00007fff4cf07000 	/System/Library/PrivateFrameworks/CoreWiFi.framework/Versions/A/CoreWiFi
0x00007fff3803a000 	/System/Library/Frameworks/CoreBluetooth.framework/Versions/A/CoreBluetooth
0x00007fff4d162000 	/System/Library/PrivateFrameworks/DebugSymbols.framework/Versions/A/DebugSymbols
0x00007fff4cad3000 	/System/Library/PrivateFrameworks/CoreSymbolication.framework/Versions/A/CoreSymbolication
0x00007fff5e82f000 	/System/Library/PrivateFrameworks/Symbolication.framework/Versions/A/Symbolication
0x00007fff5e0d2000 	/System/Library/PrivateFrameworks/SpeechRecognitionCore.framework/Versions/A/SpeechRecognitionCore
0x000000010d200000 	/Library/Java/JavaVirtualMachines/adoptopenjdk-8.jdk/Contents/Home/jre/lib/server/libjvm.dylib
0x00007fff638be000 	/usr/lib/libstdc++.6.dylib
0x000000010c089000 	/Library/Java/JavaVirtualMachines/adoptopenjdk-8.jdk/Contents/Home/jre/lib/libverify.dylib
0x000000010c09a000 	/Library/Java/JavaVirtualMachines/adoptopenjdk-8.jdk/Contents/Home/jre/lib/libjava.dylib
0x000000010c11e000 	/Library/Java/JavaVirtualMachines/adoptopenjdk-8.jdk/Contents/Home/jre/lib/libzip.dylib
0x0000000128e36000 	/Library/Java/JavaVirtualMachines/adoptopenjdk-8.jdk/Contents/Home/jre/lib/libawt.dylib
0x0000000128ee6000 	/Library/Java/JavaVirtualMachines/adoptopenjdk-8.jdk/Contents/Home/jre/lib/./libmlib_image.dylib
0x00007fff3c636000 	/System/Library/Frameworks/JavaVM.framework/Versions/A/Frameworks/JavaNativeFoundation.framework/Versions/A/JavaNativeFoundation
0x00007fff3c63f000 	/System/Library/Frameworks/JavaVM.framework/Versions/A/Frameworks/JavaRuntimeSupport.framework/Versions/A/JavaRuntimeSupport
0x00007fff3c648000 	/System/Library/Frameworks/JavaVM.framework/Versions/A/JavaVM
0x00007fff55e3b000 	/System/Library/PrivateFrameworks/JavaLaunching.framework/Versions/A/JavaLaunching
0x00007fff37765000 	/System/Library/Frameworks/Carbon.framework/Versions/A/Carbon
0x00007fff37766000 	/System/Library/Frameworks/Carbon.framework/Versions/A/Frameworks/CommonPanels.framework/Versions/A/CommonPanels
0x00007fff37a62000 	/System/Library/Frameworks/Carbon.framework/Versions/A/Frameworks/Help.framework/Versions/A/Help
0x00007fff37a66000 	/System/Library/Frameworks/Carbon.framework/Versions/A/Frameworks/ImageCapture.framework/Versions/A/ImageCapture
0x00007fff37b02000 	/System/Library/Frameworks/Carbon.framework/Versions/A/Frameworks/OpenScripting.framework/Versions/A/OpenScripting
0x00007fff37b3a000 	/System/Library/Frameworks/Carbon.framework/Versions/A/Frameworks/Print.framework/Versions/A/Print
0x00007fff37b3c000 	/System/Library/Frameworks/Carbon.framework/Versions/A/Frameworks/SecurityHI.framework/Versions/A/SecurityHI
0x0000000128fb9000 	/Library/Java/JavaVirtualMachines/adoptopenjdk-8.jdk/Contents/Home/jre/lib/libawt_lwawt.dylib
0x000000012907a000 	/Library/Java/JavaVirtualMachines/adoptopenjdk-8.jdk/Contents/Home/jre/lib/./libosxapp.dylib
0x00007fff3a739000 	/System/Library/Frameworks/ExceptionHandling.framework/Versions/A/ExceptionHandling
0x00007fff4c6db000 	/System/Library/PrivateFrameworks/CoreServicesInternal.framework/Versions/A/CoreServicesInternal
0x00007fff2cc3e000 	/System/Library/CoreServices/RawCamera.bundle/Contents/MacOS/RawCamera
0x00007fff56e2f000 	/System/Library/PrivateFrameworks/MobileAsset.framework/Versions/A/MobileAsset
0x00007fff5e77d000 	/System/Library/PrivateFrameworks/StreamingZip.framework/Versions/A/StreamingZip
0x00007fff3c9da000 	/System/Library/Frameworks/MediaToolbox.framework/Versions/A/MediaToolbox
0x00007fff4b82d000 	/System/Library/PrivateFrameworks/CoreAVCHD.framework/Versions/A/CoreAVCHD
0x00007fff3c920000 	/System/Library/Frameworks/MediaAccessibility.framework/Versions/A/MediaAccessibility
0x00007fff5688b000 	/System/Library/PrivateFrameworks/Mangrove.framework/Versions/A/Mangrove
0x00007fff395d2000 	/System/Library/Frameworks/CoreMedia.framework/Versions/A/CoreMedia
0x00007fff4443d000 	/System/Library/Frameworks/VideoToolbox.framework/Versions/A/VideoToolbox
0x00007fff4b449000 	/System/Library/PrivateFrameworks/CoreAUC.framework/Versions/A/CoreAUC
0x00007fff635eb000 	/usr/lib/libspindump.dylib
0x00007fff48b04000 	/System/Library/PrivateFrameworks/AppleVA.framework/Versions/A/AppleVA
0x00007fff348bf000 	/System/Library/Frameworks/Accelerate.framework/Versions/A/Frameworks/vImage.framework/Versions/A/Libraries/libCGInterfaces.dylib
0x00007fff36bb2000 	/System/Library/Frameworks/ApplicationServices.framework/Versions/A/Frameworks/ATS.framework/Versions/A/Resources/libTrueTypeScaler.dylib
0x00007fff31a81000 	/System/Library/Extensions/AppleIntelKBLGraphicsMTLDriver.bundle/Contents/MacOS/AppleIntelKBLGraphicsMTLDriver
0x00007fff2cf9a000 	/System/Library/Extensions/AMDMTLBronzeDriver.bundle/Contents/MacOS/AMDMTLBronzeDriver
0x00007fff55887000 	/System/Library/PrivateFrameworks/IOAccelMemoryInfo.framework/Versions/A/IOAccelMemoryInfo
0x00007fff51ef1000 	/System/Library/PrivateFrameworks/GPUCompiler.framework/Versions/3902/Libraries/libmetal_timestamp.dylib
0x00007fff4e647000 	/System/Library/PrivateFrameworks/FamilyControls.framework/Versions/A/FamilyControls
0x00007fff4af9a000 	/System/Library/PrivateFrameworks/CommerceKit.framework/Versions/A/Frameworks/CommerceCore.framework/Versions/A/CommerceCore
0x00007fff5eb02000 	/System/Library/PrivateFrameworks/SystemAdministration.framework/Versions/A/SystemAdministration
0x00007fff483d7000 	/System/Library/PrivateFrameworks/AppContainer.framework/Versions/A/AppContainer
0x00007fff483f3000 	/System/Library/PrivateFrameworks/AppSandbox.framework/Versions/A/AppSandbox
0x00007fff5c5ef000 	/System/Library/PrivateFrameworks/SecCodeWrapper.framework/Versions/A/SecCodeWrapper
0x00007fff6359c000 	/usr/lib/libsandbox.1.dylib
0x00007fff612cc000 	/usr/lib/libMatch.1.dylib
0x00007fff4d4e7000 	/System/Library/PrivateFrameworks/DiskManagement.framework/Versions/A/DiskManagement
0x00007fff3a4b5000 	/System/Library/Frameworks/DirectoryService.framework/Versions/A/DirectoryService
0x00007fff4d418000 	/System/Library/PrivateFrameworks/DiskImages.framework/Versions/A/DiskImages
0x00007fff56161000 	/System/Library/PrivateFrameworks/LoginUIKit.framework/Versions/A/Frameworks/LoginUICore.framework/Versions/A/LoginUICore
0x00007fff60f90000 	/usr/lib/libCoreStorage.dylib
0x00007fff61e5c000 	/usr/lib/libcsfde.dylib
0x00007fff6341c000 	/usr/lib/libodfde.dylib
0x00007fff569a3000 	/System/Library/PrivateFrameworks/MediaKit.framework/Versions/A/MediaKit
0x00007fff3a4c1000 	/System/Library/Frameworks/DiscRecording.framework/Versions/A/DiscRecording
0x00007fff4d65b000 	/System/Library/PrivateFrameworks/EFILogin.framework/Versions/A/EFILogin
0x00007fff5ab6d000 	/System/Library/PrivateFrameworks/ProtectedCloudStorage.framework/Versions/A/ProtectedCloudStorage
0x00007fff61eee000 	/usr/lib/libcurl.4.dylib
0x00007fff61d5b000 	/usr/lib/libcrypto.42.dylib
0x00007fff6388e000 	/usr/lib/libssl.44.dylib
0x00007fff3c667000 	/System/Library/Frameworks/LDAP.framework/Versions/A/LDAP
0x00007fff5f192000 	/System/Library/PrivateFrameworks/TrustEvaluationAgent.framework/Versions/A/TrustEvaluationAgent
0x00007fff635d8000 	/usr/lib/libsasl2.2.dylib
0x00007fff4ba86000 	/System/Library/PrivateFrameworks/CoreDaemon.framework/Versions/B/CoreDaemon
0x00007fff48a19000 	/System/Library/PrivateFrameworks/AppleSRP.framework/Versions/A/AppleSRP
0x00007fff5ffcd000 	/System/Library/PrivateFrameworks/ViewBridge.framework/Versions/A/ViewBridge
0x000000012aed0000 	/usr/lib/libobjc-trampolines.dylib
0x000000012d3ec000 	/Library/Java/JavaVirtualMachines/adoptopenjdk-8.jdk/Contents/Home/jre/lib/libnio.dylib
0x000000012d400000 	/Library/Java/JavaVirtualMachines/adoptopenjdk-8.jdk/Contents/Home/jre/lib/./libnet.dylib
0x00007fff4217f000 	/System/Library/Frameworks/OpenGL.framework/Versions/A/Resources/GLEngine.bundle/GLEngine
0x00007fff41621000 	/System/Library/Frameworks/OpenGL.framework/Versions/A/Libraries/libGLProgrammability.dylib
0x00007fff30cac000 	/System/Library/Extensions/AppleIntelKBLGraphicsGLDriver.bundle/Contents/MacOS/AppleIntelKBLGraphicsGLDriver
0x00007fff53586000 	/System/Library/PrivateFrameworks/GPUSupport.framework/Versions/A/Libraries/libGPUSupportMercury.dylib
0x000000012d41e000 	/System/Library/Extensions/AMDRadeonX4000GLDriver.bundle/Contents/MacOS/AMDRadeonX4000GLDriver
0x00007fff2d0a7000 	/System/Library/Extensions/AMDRadeonX4000GLDriver.bundle/Contents/MacOS/ATIRadeonX4000SCLib.dylib
0x00007fff42317000 	/System/Library/Frameworks/OpenGL.framework/Versions/A/Resources/GLRendererFloat.bundle/GLRendererFloat
0x00007fff40beb000 	/System/Library/Frameworks/OpenCL.framework/Versions/A/Libraries/libcldcpuengine.dylib
0x00007fff61b61000 	/usr/lib/libcrypto.35.dylib
0x000000012d708000 	/Library/Java/JavaVirtualMachines/adoptopenjdk-8.jdk/Contents/Home/jre/lib/libfontmanager.dylib
0x000000012d778000 	/Library/Java/JavaVirtualMachines/adoptopenjdk-8.jdk/Contents/Home/jre/lib/./libfreetype.6.dylib
0x000000012b073000 	/Library/Java/JavaVirtualMachines/adoptopenjdk-8.jdk/Contents/Home/jre/lib/libosxui.dylib
0x000000012afd2000 	/private/var/folders/pt/gmp3zg_n0fv1_5_mkh2b9j80003h5j/T/jogamp_0000/file_cache/jln5287179669773170041/jln5645709038961653050/libgluegen-rt.jnilib
0x000000012afd6000 	/private/var/folders/pt/gmp3zg_n0fv1_5_mkh2b9j80003h5j/T/jogamp_0000/file_cache/jln5287179669773170041/jln5645709038961653050/libnativewindow_awt.jnilib
0x000000012c9db000 	/Library/Java/JavaVirtualMachines/adoptopenjdk-8.jdk/Contents/Home/jre/lib/libjawt.dylib
0x000000012c9e2000 	/private/var/folders/pt/gmp3zg_n0fv1_5_mkh2b9j80003h5j/T/jogamp_0000/file_cache/jln5287179669773170041/jln5645709038961653050/libnativewindow_macosx.jnilib
0x000000015c72c000 	/private/var/folders/pt/gmp3zg_n0fv1_5_mkh2b9j80003h5j/T/jogamp_0000/file_cache/jln5287179669773170041/jln5645709038961653050/libjogl_desktop.jnilib

VM Arguments:
jvm_args: -Djava.security.policy=java.policy.applet -Dfile.encoding=UTF-8 
java_command: sun.applet.AppletViewer module2.LifeExpectancy1586026406726.html
java_class_path (initial): /Users/abarretti/Desktop/Java/UCSDUnfoldingMaps/UCSDUnfoldingMaps/build:/Users/abarretti/Desktop/Java/UCSDUnfoldingMaps/UCSDUnfoldingMaps/lib/core.jar:/Users/abarretti/Desktop/Java/UCSDUnfoldingMaps/UCSDUnfoldingMaps/lib/gluegen-rt.jar:/Users/abarretti/Desktop/Java/UCSDUnfoldingMaps/UCSDUnfoldingMaps/lib/jogl-all.jar:/Users/abarretti/Desktop/Java/UCSDUnfoldingMaps/UCSDUnfoldingMaps/lib/log4j-1.2.15.jar:/Users/abarretti/Desktop/Java/UCSDUnfoldingMaps/UCSDUnfoldingMaps/lib/sqlite-jdbc-3.7.2.jar:/Users/abarretti/Desktop/Java/UCSDUnfoldingMaps/UCSDUnfoldingMaps/lib/json4processing.jar:/Users/abarretti/Desktop/Java/UCSDUnfoldingMaps/UCSDUnfoldingMaps/lib/libTUIO.jar:/Users/abarretti/Desktop/Java/UCSDUnfoldingMaps/UCSDUnfoldingMaps/lib/unfolding.0.9.7-uscd.jar
Launcher Type: SUN_STANDARD

Environment Variables:
PATH=/usr/bin:/bin:/usr/sbin:/sbin
SHELL=/bin/bash

Signal Handlers:
SIGSEGV: [libjvm.dylib+0x588183], sa_mask[0]=11111111011111110111111111111111, sa_flags=SA_ONSTACK|SA_RESTART|SA_SIGINFO
SIGBUS: [libjvm.dylib+0x588183], sa_mask[0]=11111111011111110111111111111111, sa_flags=SA_RESTART|SA_SIGINFO
SIGFPE: [libjvm.dylib+0x46288c], sa_mask[0]=11111111011111110111111111111111, sa_flags=SA_RESTART|SA_SIGINFO
SIGPIPE: [libjvm.dylib+0x46288c], sa_mask[0]=11111111011111110111111111111111, sa_flags=SA_RESTART|SA_SIGINFO
SIGXFSZ: [libjvm.dylib+0x46288c], sa_mask[0]=11111111011111110111111111111111, sa_flags=SA_RESTART|SA_SIGINFO
SIGILL: [libjvm.dylib+0x46288c], sa_mask[0]=11111111011111110111111111111111, sa_flags=SA_RESTART|SA_SIGINFO
SIGUSR1: SIG_DFL, sa_mask[0]=00000000000000000000000000000000, sa_flags=none
SIGUSR2: [libjvm.dylib+0x4623aa], sa_mask[0]=00100000000000000000000000000000, sa_flags=SA_RESTART|SA_SIGINFO
SIGHUP: [libjvm.dylib+0x460935], sa_mask[0]=11111111011111110111111111111111, sa_flags=SA_RESTART|SA_SIGINFO
SIGINT: [libjvm.dylib+0x460935], sa_mask[0]=11111111011111110111111111111111, sa_flags=SA_RESTART|SA_SIGINFO
SIGTERM: [libjvm.dylib+0x460935], sa_mask[0]=11111111011111110111111111111111, sa_flags=SA_RESTART|SA_SIGINFO
SIGQUIT: [libjvm.dylib+0x460935], sa_mask[0]=11111111011111110111111111111111, sa_flags=SA_RESTART|SA_SIGINFO


---------------  S Y S T E M  ---------------

OS:Bsduname:Darwin 18.7.0 Darwin Kernel Version 18.7.0: Thu Jan 23 06:52:12 PST 2020; root:xnu-4903.278.25~1/RELEASE_X86_64 x86_64
rlimit: STACK 8192k, CORE 0k, NPROC 1418, NOFILE 10240, AS infinity
load average:2.98 2.32 2.11

CPU:total 8 (initial active 8) (4 cores per cpu, 2 threads per core) family 6 model 158 stepping 9, cmov, cx8, fxsr, mmx, sse, sse2, sse3, ssse3, sse4.1, sse4.2, popcnt, avx, avx2, aes, clmul, erms, 3dnowpref, lzcnt, ht, tsc, tscinvbit, bmi1, bmi2, adx

Memory: 4k page, physical 16777216k(2205256k free)

/proc/meminfo:


vm_info: OpenJDK 64-Bit Server VM (25.242-b08) for bsd-amd64 JRE (1.8.0_242-b08), built on Jan 19 2020 06:43:11 by "jenkins" with gcc 4.2.1 (Based on Apple Inc. build 5658) (LLVM build 2336.11.00)

time: Sat Apr  4 20:53:32 2020
timezone: CEST
elapsed time: 5 seconds (0d 0h 0m 5s)

