#
# A fatal error has been detected by the Java Runtime Environment:
#
#  SIGSEGV (0xb) at pc=0x00007fff62c9c69d, pid=2918, tid=0x0000000000000307
#
# JRE version: OpenJDK Runtime Environment (8.0_242-b08) (build 1.8.0_242-b08)
# Java VM: OpenJDK 64-Bit Server VM (25.242-b08 mixed mode bsd-amd64 compressed oops)
# Problematic frame:
# C  [libobjc.A.dylib+0x669d]  objc_msgSend+0x1d
#
# Failed to write core dump. Core dumps have been disabled. To enable core dumping, try "ulimit -c unlimited" before starting Java again
#
# If you would like to submit a bug report, please visit:
#   http://bugreport.java.com/bugreport/crash.jsp
# The crash happened outside the Java Virtual Machine in native code.
# See problematic frame for where to report the bug.
#

---------------  T H R E A D  ---------------

Current thread (0x00007ffc48841000):  JavaThread "AWT-AppKit" daemon [_thread_in_native, id=775, stack(0x00007ffee576e000,0x00007ffee5f6e000)]

siginfo: si_signo: 11 (SIGSEGV), si_code: 1 (SEGV_MAPERR), si_addr: 0x0000000000000018

Registers:
RAX=0x00007ffc4c3f7580, RBX=0x000000012cb17450, RCX=0x0000000000000001, RDX=0x0000000000000000
RSP=0x00007ffee5f691c8, RBP=0x00007ffee5f69280, RSI=0x00007fff36699537, RDI=0x00007ffc4c2c1d20
R8 =0x00000000c47700eb, R9 =0x00000000fffff7ff, R10=0x0000000000000000, R11=0x00007fff36699537
R12=0x0000000000000000, R13=0x000000015a47ff80, R14=0x000000012cb17440, R15=0x00007ffc48841000
RIP=0x00007fff62c9c69d, EFLAGS=0x0000000000010246, ERR=0x0000000000000004
  TRAPNO=0x000000000000000e

Top of Stack: (sp=0x00007ffee5f691c8)
0x00007ffee5f691c8:   000000012cb15157 00007ffee5f69220
0x00007ffee5f691d8:   0000000000000003 00007ffee5f69200
0x00007ffee5f691e8:   000000010af432b2 000000015a47ff80
0x00007ffee5f691f8:   000000015a47ff80 00007ffc4c3f7580
0x00007ffee5f69208:   000000012cb176a0 000000012cb17710
0x00007ffee5f69218:   00007fff936c4838 00007fff94d9e088
0x00007ffee5f69228:   000000012cb17450 000000012cb17690
0x00007ffee5f69238:   00007ffc4c3f7580 00007ffc4c2c1d20
0x00007ffee5f69248:   00007ffc47253e60 00007ffc4c3f7580
0x00007ffee5f69258:   00007ffc4c2c1d20 00007ffee5f69308
0x00007ffee5f69268:   00007ffc488411e0 000000015a47ff80
0x00007ffee5f69278:   00007ffee5f69330 00007ffee5f692f8
0x00007ffee5f69288:   000000010dc93407 000000015a47ff80
0x00007ffee5f69298:   00007ffee5f69330 00007ffee5f692f8
0x00007ffee5f692a8:   000000010dc93167 000000010dc93122
0x00007ffee5f692b8:   00007ffee5f692b8 000000015a47ff80
0x00007ffee5f692c8:   00007ffee5f69330 000000015a482bb8
0x00007ffee5f692d8:   0000000000000000 000000015a47ff80
0x00007ffee5f692e8:   0000000000000000 00007ffee5f69318
0x00007ffee5f692f8:   00007ffee5f69378 000000010dc82ffd
0x00007ffee5f69308:   000000076f676a68 000000010dc8ca58
0x00007ffee5f69318:   00007ffc4c3f7580 00007ffee5f69378
0x00007ffee5f69328:   00007ffc4c2c1d20 000000010dc8e4c2
0x00007ffee5f69338:   00007ffee5f69338 000000015a48014a
0x00007ffee5f69348:   00007ffee5f693a0 000000015a482bb8
0x00007ffee5f69358:   0000000000000000 000000015a480158
0x00007ffee5f69368:   00007ffee5f69318 00007ffee5f69388
0x00007ffee5f69378:   00007ffee5f693e8 000000010dc82ffd
0x00007ffee5f69388:   00007ffc4c3f7580 000000076f6344b8
0x00007ffee5f69398:   00007ffc4c2c1d20 000000076f6344b8
0x00007ffee5f693a8:   00007ffee5f693a8 00000001607457a6
0x00007ffee5f693b8:   00007ffee5f693f8 0000000160745860 

Instructions: (pc=0x00007fff62c9c69d)
0x00007fff62c9c67d:   0f 1f 00 48 85 ff 2e 74 62 40 f6 c7 01 2e 75 66
0x00007fff62c9c68d:   49 ba f8 ff ff ff ff 7f 00 00 4c 23 17 49 89 f3
0x00007fff62c9c69d:   45 23 5a 18 49 c1 e3 04 4d 03 5a 10 49 3b 33 75
0x00007fff62c9c6ad:   04 41 ff 63 08 49 83 3b 01 76 0d 49 83 c3 10 49 

Register to memory mapping:

RAX=0x00007ffc4c3f7580 is an unknown value
RBX=0x000000012cb17450: Java_jogamp_nativewindow_macosx_OSXUtil_GetScreenRefreshRate0+0x1cf0 in /private/var/folders/pt/gmp3zg_n0fv1_5_mkh2b9j80003h5j/T/jogamp_0000/file_cache/jln3703401867077074371/jln118472271068371235/libnativewindow_macosx.jnilib at 0x000000012cb10000
RCX=0x0000000000000001 is an unknown value
RDX=0x0000000000000000 is an unknown value
RSP=0x00007ffee5f691c8 is pointing into the stack for thread: 0x00007ffc48841000
RBP=0x00007ffee5f69280 is pointing into the stack for thread: 0x00007ffc48841000
RSI=0x00007fff36699537: GCC_except_table7+0x9e9b in /System/Library/Frameworks/AppKit.framework/Versions/C/AppKit at 0x00007fff35af2000
RDI=0x00007ffc4c2c1d20 is an unknown value
R8 =0x00000000c47700eb is an unknown value
R9 =0x00000000fffff7ff is an unknown value
R10=0x0000000000000000 is an unknown value
R11=0x00007fff36699537: GCC_except_table7+0x9e9b in /System/Library/Frameworks/AppKit.framework/Versions/C/AppKit at 0x00007fff35af2000
R12=0x0000000000000000 is an unknown value
R13={method} {0x000000015a47ff80} 'UnsetJAWTRootSurfaceLayer0' '(JJ)V' in 'jogamp/nativewindow/jawt/macosx/MacOSXJAWTWindow'
R14=0x000000012cb17440: Java_jogamp_nativewindow_macosx_OSXUtil_GetScreenRefreshRate0+0x1ce0 in /private/var/folders/pt/gmp3zg_n0fv1_5_mkh2b9j80003h5j/T/jogamp_0000/file_cache/jln3703401867077074371/jln118472271068371235/libnativewindow_macosx.jnilib at 0x000000012cb10000
R15=0x00007ffc48841000 is a thread


Stack: [0x00007ffee576e000,0x00007ffee5f6e000],  sp=0x00007ffee5f691c8,  free space=8172k
Native frames: (J=compiled Java code, j=interpreted, Vv=VM code, C=native code)
C  [libobjc.A.dylib+0x669d]  objc_msgSend+0x1d
j  jogamp.nativewindow.jawt.macosx.MacOSXJAWTWindow.UnsetJAWTRootSurfaceLayer0(JJ)V+0
j  jogamp.nativewindow.jawt.macosx.MacOSXJAWTWindow.access$200(JJ)V+2
j  jogamp.nativewindow.jawt.macosx.MacOSXJAWTWindow$1.run()V+38
J 1856 C1 com.jogamp.common.util.RunnableTask.run()V (345 bytes) @ 0x000000010e2efeb4 [0x000000010e2efd20+0x194]
v  ~StubRoutines::call_stub
V  [libjvm.dylib+0x2e3fa7]  JavaCalls::call_helper(JavaValue*, methodHandle*, JavaCallArguments*, Thread*)+0x6a7
V  [libjvm.dylib+0x2ff139]  jni_invoke_nonstatic(JNIEnv_*, JavaValue*, _jobject*, JNICallType, _jmethodID*, JNI_ArgumentPusher*, Thread*)+0x2fe
V  [libjvm.dylib+0x2f13d1]  jni_CallVoidMethod+0x16b
C  [libnativewindow_macosx.jnilib+0x5326]  Java_jogamp_nativewindow_jawt_macosx_MacOSXJAWTWindow_UnsetJAWTRootSurfaceLayer0+0x2b6
C  [Foundation+0xb0302]  __NSThreadPerformPerform+0x148
C  [CoreFoundation+0x57e33]  __CFRUNLOOP_IS_CALLING_OUT_TO_A_SOURCE0_PERFORM_FUNCTION__+0x11
C  [CoreFoundation+0x57dd9]  __CFRunLoopDoSource0+0x6c
C  [CoreFoundation+0x3b79b]  __CFRunLoopDoSources0+0xc3
C  [CoreFoundation+0x3ad65]  __CFRunLoopRun+0x4a5
C  [CoreFoundation+0x3a66e]  CFRunLoopRunSpecific+0x1c7
C  [HIToolbox+0xb1ab]  RunCurrentEventLoopInMode+0x124
C  [HIToolbox+0xaded]  ReceiveNextEventCommon+0x163
C  [HIToolbox+0xac76]  _BlockUntilNextEventMatchingListInModeWithFilter+0x40
C  [AppKit+0x1a77d]  _DPSNextEvent+0x46f
C  [AppKit+0x1946b]  -[NSApplication(NSEvent) _nextEventMatchingEventMask:untilDate:inMode:dequeue:]+0x551
C  [libosxapp.dylib+0x2328]  -[NSApplicationAWT nextEventMatchingMask:untilDate:inMode:dequeue:]+0x7c
C  [AppKit+0x13588]  -[NSApplication run]+0x2bb
C  [libosxapp.dylib+0x1f72]  +[NSApplicationAWT runAWTLoopWithApp:]+0x9c
C  [libawt_lwawt.dylib+0x4711f]  -[AWTStarter starter:]+0x389
C  [Foundation+0xb0302]  __NSThreadPerformPerform+0x148
C  [CoreFoundation+0x57e33]  __CFRUNLOOP_IS_CALLING_OUT_TO_A_SOURCE0_PERFORM_FUNCTION__+0x11
C  [CoreFoundation+0x57dd9]  __CFRunLoopDoSource0+0x6c
C  [CoreFoundation+0x3b79b]  __CFRunLoopDoSources0+0xc3
C  [CoreFoundation+0x3ad65]  __CFRunLoopRun+0x4a5
C  [CoreFoundation+0x3a66e]  CFRunLoopRunSpecific+0x1c7
C  [java+0x646e]  CreateExecutionEnvironment+0x367
C  [java+0x203c]  JLI_Launch+0x7a0
C  [java+0x84d2]  main+0x6c
C  [java+0x1894]  start+0x34
C  0x0000000000000007

Java frames: (J=compiled Java code, j=interpreted, Vv=VM code)
j  jogamp.nativewindow.jawt.macosx.MacOSXJAWTWindow.UnsetJAWTRootSurfaceLayer0(JJ)V+0
j  jogamp.nativewindow.jawt.macosx.MacOSXJAWTWindow.access$200(JJ)V+2
j  jogamp.nativewindow.jawt.macosx.MacOSXJAWTWindow$1.run()V+38
J 1856 C1 com.jogamp.common.util.RunnableTask.run()V (345 bytes) @ 0x000000010e2efeb4 [0x000000010e2efd20+0x194]
v  ~StubRoutines::call_stub

---------------  P R O C E S S  ---------------

Java Threads: ( => current thread )
  0x00007ffc487dd000 JavaThread "Thread-7" [_thread_blocked, id=28695, stack(0x000070000ba62000,0x000070000bb62000)]
  0x00007ffc47ca7800 JavaThread "Thread-6" [_thread_in_native, id=128259, stack(0x000070000c795000,0x000070000c895000)]
  0x00007ffc478bc800 JavaThread "Thread-5" [_thread_in_native, id=128771, stack(0x000070000c692000,0x000070000c792000)]
  0x00007ffc47978000 JavaThread "Thread-4" [_thread_in_native, id=88835, stack(0x000070000c58f000,0x000070000c68f000)]
  0x00007ffc48a70000 JavaThread "Thread-3" [_thread_in_native, id=129551, stack(0x000070000c48c000,0x000070000c58c000)]
  0x00007ffc46199800 JavaThread "AWT-EventQueue-1" [_thread_blocked, id=66579, stack(0x000070000c306000,0x000070000c406000)]
  0x00007ffc48802800 JavaThread "DestroyJavaVM" [_thread_blocked, id=9987, stack(0x000070000a520000,0x000070000a620000)]
  0x00007ffc47965000 JavaThread "AWT-EventQueue-0" [_thread_blocked, id=61443, stack(0x000070000c100000,0x000070000c200000)]
  0x00007ffc48165000 JavaThread "Java2D Disposer" daemon [_thread_blocked, id=75299, stack(0x000070000be77000,0x000070000bf77000)]
  0x00007ffc48884000 JavaThread "Java2D Queue Flusher" daemon [_thread_blocked, id=54023, stack(0x000070000bd74000,0x000070000be74000)]
  0x00007ffc4789d000 JavaThread "AWT-Shutdown" [_thread_blocked, id=37675, stack(0x000070000b859000,0x000070000b959000)]
=>0x00007ffc48841000 JavaThread "AWT-AppKit" daemon [_thread_in_native, id=775, stack(0x00007ffee576e000,0x00007ffee5f6e000)]
  0x00007ffc46008800 JavaThread "Service Thread" daemon [_thread_blocked, id=14851, stack(0x000070000b653000,0x000070000b753000)]
  0x00007ffc4801a800 JavaThread "C1 CompilerThread3" daemon [_thread_blocked, id=15363, stack(0x000070000b550000,0x000070000b650000)]
  0x00007ffc46807000 JavaThread "C2 CompilerThread2" daemon [_thread_blocked, id=15619, stack(0x000070000b44d000,0x000070000b54d000)]
  0x00007ffc46806000 JavaThread "C2 CompilerThread1" daemon [_thread_blocked, id=13571, stack(0x000070000b34a000,0x000070000b44a000)]
  0x00007ffc49809000 JavaThread "C2 CompilerThread0" daemon [_thread_blocked, id=16387, stack(0x000070000b247000,0x000070000b347000)]
  0x00007ffc4a004800 JavaThread "Signal Dispatcher" daemon [_thread_blocked, id=16643, stack(0x000070000b144000,0x000070000b244000)]
  0x00007ffc46005000 JavaThread "Finalizer" daemon [_thread_blocked, id=18435, stack(0x000070000b041000,0x000070000b141000)]
  0x00007ffc4800a000 JavaThread "Reference Handler" daemon [_thread_blocked, id=18691, stack(0x000070000af3e000,0x000070000b03e000)]

Other Threads:
  0x00007ffc4881e800 VMThread [stack: 0x000070000ae3b000,0x000070000af3b000] [id=11779]
  0x00007ffc4a048000 WatcherThread [stack: 0x000070000b756000,0x000070000b856000] [id=14339]

VM state:not at safepoint (normal execution)

VM Mutex/Monitor currently owned by a thread: None

heap address: 0x00000006c0000000, size: 4096 MB, Compressed Oops mode: Zero based, Oop shift amount: 3
Narrow klass base: 0x0000000000000000, Narrow klass shift: 3
Compressed class space size: 1073741824 Address: 0x00000007c0000000

Heap:
 PSYoungGen      total 76288K, used 27330K [0x000000076ab00000, 0x0000000770000000, 0x00000007c0000000)
  eden space 65536K, 26% used [0x000000076ab00000,0x000000076bbc7278,0x000000076eb00000)
  from space 10752K, 94% used [0x000000076f580000,0x000000076ff698c0,0x0000000770000000)
  to   space 10752K, 0% used [0x000000076eb00000,0x000000076eb00000,0x000000076f580000)
 ParOldGen       total 175104K, used 1949K [0x00000006c0000000, 0x00000006cab00000, 0x000000076ab00000)
  object space 175104K, 1% used [0x00000006c0000000,0x00000006c01e7498,0x00000006cab00000)
 Metaspace       used 19305K, capacity 19625K, committed 19968K, reserved 1067008K
  class space    used 1870K, capacity 1961K, committed 2048K, reserved 1048576K

Card table byte_map: [0x000000010bcf6000,0x000000010c4f7000] byte_map_base: 0x00000001086f6000

Marking Bits: (ParMarkBitMap*) 0x000000010b69f5b0
 Begin Bits: [0x000000011cc7b000, 0x0000000120c7b000)
 End Bits:   [0x0000000120c7b000, 0x0000000124c7b000)

Polling page: 0x0000000109d5c000

CodeCache: size=245760Kb used=7668Kb max_used=7668Kb free=238091Kb
 bounds [0x000000010dc7b000, 0x000000010e40b000, 0x000000011cc7b000]
 total_blobs=3084 nmethods=2184 adapters=814
 compilation: enabled

Compilation events (10 events):
Event: 24.157 Thread 0x00007ffc49809000 2174       4       sun.awt.AWTAutoShutdown::isReadyToShutdown (37 bytes)
Event: 24.158 Thread 0x00007ffc49809000 nmethod 2174 0x000000010e3ece50 code [0x000000010e3ecfa0, 0x000000010e3ed058]
Event: 24.243 Thread 0x00007ffc46807000 2175       4       java.nio.Buffer::<init> (121 bytes)
Event: 24.245 Thread 0x00007ffc46807000 nmethod 2175 0x000000010e3ef490 code [0x000000010e3ef600, 0x000000010e3ef7b8]
Event: 25.091 Thread 0x00007ffc4801a800 2176       1       java.util.HashMap::afterNodeRemoval (1 bytes)
Event: 25.091 Thread 0x00007ffc4801a800 nmethod 2176 0x000000010e3f0a90 code [0x000000010e3f0be0, 0x000000010e3f0cf0]
Event: 25.726 Thread 0x00007ffc46806000 2177       4       sun.awt.SunToolkit::getSystemEventQueueImpl (4 bytes)
Event: 25.730 Thread 0x00007ffc46806000 nmethod 2177 0x000000010e3f3910 code [0x000000010e3f3ac0, 0x000000010e3f3e28]
Event: 25.910 Thread 0x00007ffc4801a800 2178       3       sun.misc.JarIndex::get (49 bytes)
Event: 25.911 Thread 0x00007ffc4801a800 nmethod 2178 0x000000010e3f6690 code [0x000000010e3f6860, 0x000000010e3f70d8]

GC Heap History (4 events):
Event: 6.560 GC heap before
{Heap before GC invocations=1 (full 0):
 PSYoungGen      total 76288K, used 65536K [0x000000076ab00000, 0x0000000770000000, 0x00000007c0000000)
  eden space 65536K, 100% used [0x000000076ab00000,0x000000076eb00000,0x000000076eb00000)
  from space 10752K, 0% used [0x000000076f580000,0x000000076f580000,0x0000000770000000)
  to   space 10752K, 0% used [0x000000076eb00000,0x000000076eb00000,0x000000076f580000)
 ParOldGen       total 175104K, used 0K [0x00000006c0000000, 0x00000006cab00000, 0x000000076ab00000)
  object space 175104K, 0% used [0x00000006c0000000,0x00000006c0000000,0x00000006cab00000)
 Metaspace       used 18434K, capacity 18815K, committed 19200K, reserved 1067008K
  class space    used 1820K, capacity 1926K, committed 2048K, reserved 1048576K
Event: 6.569 GC heap after
Heap after GC invocations=1 (full 0):
 PSYoungGen      total 76288K, used 10722K [0x000000076ab00000, 0x0000000770000000, 0x00000007c0000000)
  eden space 65536K, 0% used [0x000000076ab00000,0x000000076ab00000,0x000000076eb00000)
  from space 10752K, 99% used [0x000000076eb00000,0x000000076f578900,0x000000076f580000)
  to   space 10752K, 0% used [0x000000076f580000,0x000000076f580000,0x0000000770000000)
 ParOldGen       total 175104K, used 1941K [0x00000006c0000000, 0x00000006cab00000, 0x000000076ab00000)
  object space 175104K, 1% used [0x00000006c0000000,0x00000006c01e5498,0x00000006cab00000)
 Metaspace       used 18434K, capacity 18815K, committed 19200K, reserved 1067008K
  class space    used 1820K, capacity 1926K, committed 2048K, reserved 1048576K
}
Event: 22.025 GC heap before
{Heap before GC invocations=2 (full 0):
 PSYoungGen      total 76288K, used 76258K [0x000000076ab00000, 0x0000000770000000, 0x00000007c0000000)
  eden space 65536K, 100% used [0x000000076ab00000,0x000000076eb00000,0x000000076eb00000)
  from space 10752K, 99% used [0x000000076eb00000,0x000000076f578900,0x000000076f580000)
  to   space 10752K, 0% used [0x000000076f580000,0x000000076f580000,0x0000000770000000)
 ParOldGen       total 175104K, used 1941K [0x00000006c0000000, 0x00000006cab00000, 0x000000076ab00000)
  object space 175104K, 1% used [0x00000006c0000000,0x00000006c01e5498,0x00000006cab00000)
 Metaspace       used 19238K, capacity 19621K, committed 19968K, reserved 1067008K
  class space    used 1857K, capacity 1959K, committed 2048K, reserved 1048576K
Event: 22.032 GC heap after
Heap after GC invocations=2 (full 0):
 PSYoungGen      total 76288K, used 10150K [0x000000076ab00000, 0x0000000770000000, 0x00000007c0000000)
  eden space 65536K, 0% used [0x000000076ab00000,0x000000076ab00000,0x000000076eb00000)
  from space 10752K, 94% used [0x000000076f580000,0x000000076ff698c0,0x0000000770000000)
  to   space 10752K, 0% used [0x000000076eb00000,0x000000076eb00000,0x000000076f580000)
 ParOldGen       total 175104K, used 1949K [0x00000006c0000000, 0x00000006cab00000, 0x000000076ab00000)
  object space 175104K, 1% used [0x00000006c0000000,0x00000006c01e7498,0x00000006cab00000)
 Metaspace       used 19238K, capacity 19621K, committed 19968K, reserved 1067008K
  class space    used 1857K, capacity 1959K, committed 2048K, reserved 1048576K
}

Deoptimization events (10 events):
Event: 2.918 Thread 0x00007ffc48802800 Uncommon trap: reason=unstable_if action=reinterpret pc=0x000000010de85700 method=java.lang.String.toLowerCase(Ljava/util/Locale;)Ljava/lang/String; @ 85
Event: 3.202 Thread 0x00007ffc488d2800 Uncommon trap: reason=unstable_if action=reinterpret pc=0x000000010df1c9f8 method=java.lang.String.indexOf([CII[CIII)I @ 3
Event: 3.202 Thread 0x00007ffc488d2800 Uncommon trap: reason=unstable_if action=reinterpret pc=0x000000010def1fd0 method=java.lang.String.indexOf([CII[CIII)I @ 3
Event: 3.202 Thread 0x00007ffc488d2800 Uncommon trap: reason=unstable_if action=reinterpret pc=0x000000010de75ff0 method=java.lang.String.indexOf([CII[CIII)I @ 3
Event: 4.196 Thread 0x00007ffc46199800 Uncommon trap: reason=unstable_if action=reinterpret pc=0x000000010de67a54 method=java.lang.AbstractStringBuilder.append(Ljava/lang/String;)Ljava/lang/AbstractStringBuilder; @ 1
Event: 4.292 Thread 0x00007ffc46199800 Uncommon trap: reason=unstable_if action=reinterpret pc=0x000000010e05b124 method=java.util.HashMap$HashIterator.<init>(Ljava/util/HashMap;)V @ 38
Event: 4.318 Thread 0x00007ffc46199800 Uncommon trap: reason=unstable_if action=reinterpret pc=0x000000010e07f2fc method=com.jogamp.common.util.IntIntHashMap.get(I)I @ 28
Event: 12.300 Thread 0x00007ffc478bc800 Uncommon trap: reason=unstable_if action=reinterpret pc=0x000000010e2ddc18 method=java.security.AccessControlContext.combine([Ljava/security/ProtectionDomain;[Ljava/security/ProtectionDomain;)[Ljava/security/ProtectionDomain; @ 151
Event: 12.300 Thread 0x00007ffc48a70000 Uncommon trap: reason=unstable_if action=reinterpret pc=0x000000010e2ddc18 method=java.security.AccessControlContext.combine([Ljava/security/ProtectionDomain;[Ljava/security/ProtectionDomain;)[Ljava/security/ProtectionDomain; @ 151
Event: 25.908 Thread 0x00007ffc47909800 Uncommon trap: reason=unstable_if action=reinterpret pc=0x000000010e3ec884 method=java.util.HashMap.putVal(ILjava/lang/Object;Ljava/lang/Object;ZZ)Ljava/lang/Object; @ 81

Classes redefined (0 events):
No events

Internal exceptions (10 events):
Event: 0.461 Thread 0x00007ffc48802800 Exception <a 'java/io/FileNotFoundException'> (0x000000076ae2f668) thrown at [/Users/jenkins/workspace/build-scripts/jobs/jdk8u/jdk8u-mac-x64-hotspot/workspace/build/src/hotspot/src/share/vm/prims/jni.cpp, line 710]
Event: 0.461 Thread 0x00007ffc48802800 Exception <a 'java/io/FileNotFoundException'> (0x000000076ae30238) thrown at [/Users/jenkins/workspace/build-scripts/jobs/jdk8u/jdk8u-mac-x64-hotspot/workspace/build/src/hotspot/src/share/vm/prims/jni.cpp, line 710]
Event: 1.439 Thread 0x00007ffc48841000 Exception <a 'java/lang/ClassNotFoundException': sun/dc/DuctusRenderingEngine> (0x000000076aedfaf8) thrown at [/Users/jenkins/workspace/build-scripts/jobs/jdk8u/jdk8u-mac-x64-hotspot/workspace/build/src/hotspot/src/share/vm/classfile/systemDictionary.cpp,
Event: 1.555 Thread 0x00007ffc48802800 Exception <a 'java/io/FileNotFoundException'> (0x000000076aeb9200) thrown at [/Users/jenkins/workspace/build-scripts/jobs/jdk8u/jdk8u-mac-x64-hotspot/workspace/build/src/hotspot/src/share/vm/prims/jni.cpp, line 710]
Event: 3.232 Thread 0x00007ffc488d2800 Exception <a 'java/lang/UnsatisfiedLinkError': com.jogamp.common.util.JarUtil.fixNativeLibAttribs(Ljava/lang/String;)Z> (0x000000076c5f3920) thrown at [/Users/jenkins/workspace/build-scripts/jobs/jdk8u/jdk8u-mac-x64-hotspot/workspace/build/src/hotspot/src
Event: 4.196 Thread 0x00007ffc46199800 Exception <a 'java/io/FileNotFoundException'> (0x000000076d6cc870) thrown at [/Users/jenkins/workspace/build-scripts/jobs/jdk8u/jdk8u-mac-x64-hotspot/workspace/build/src/hotspot/src/share/vm/prims/jni.cpp, line 710]
Event: 4.196 Thread 0x00007ffc46199800 Exception <a 'java/io/FileNotFoundException'> (0x000000076d6d46f8) thrown at [/Users/jenkins/workspace/build-scripts/jobs/jdk8u/jdk8u-mac-x64-hotspot/workspace/build/src/hotspot/src/share/vm/prims/jni.cpp, line 710]
Event: 4.196 Thread 0x00007ffc46199800 Implicit null exception at 0x000000010de67676 to 0x000000010de67a3d
Event: 4.292 Thread 0x00007ffc46199800 Implicit null exception at 0x000000010e05aec6 to 0x000000010e05b10d
Event: 6.571 Thread 0x00007ffc46005000 Exception <a 'java/lang/NullPointerException'> (0x000000076ad16430) thrown at [/Users/jenkins/workspace/build-scripts/jobs/jdk8u/jdk8u-mac-x64-hotspot/workspace/build/src/hotspot/src/share/vm/interpreter/linkResolver.cpp, line 1185]

Events (10 events):
Event: 25.918 loading class com/jogamp/nativewindow/awt/JAWTWindow$JAWTComponentListener$2
Event: 25.918 loading class com/jogamp/nativewindow/awt/JAWTWindow$JAWTComponentListener$2 done
Event: 25.919 loading class jogamp/nativewindow/jawt/macosx/MacOSXJAWTWindow$1
Event: 25.919 loading class jogamp/nativewindow/jawt/macosx/MacOSXJAWTWindow$1 done
Event: 25.920 loading class java/awt/LightweightDispatcher$2
Event: 25.920 loading class java/awt/LightweightDispatcher$2 done
Event: 25.920 loading class java/awt/event/AWTEventListenerProxy
Event: 25.920 loading class java/awt/event/AWTEventListenerProxy done
Event: 25.920 loading class java/awt/Toolkit$ToolkitEventMulticaster
Event: 25.920 loading class java/awt/Toolkit$ToolkitEventMulticaster done


Dynamic libraries:
0x00007fff37c67000 	/System/Library/Frameworks/Cocoa.framework/Versions/A/Cocoa
0x00007fff43a15000 	/System/Library/Frameworks/Security.framework/Versions/A/Security
0x00007fff368f9000 	/System/Library/Frameworks/ApplicationServices.framework/Versions/A/ApplicationServices
0x00007fff63b06000 	/usr/lib/libz.1.dylib
0x00007fff6145d000 	/usr/lib/libSystem.B.dylib
0x00007fff62c96000 	/usr/lib/libobjc.A.dylib
0x00007fff3a760000 	/System/Library/Frameworks/Foundation.framework/Versions/C/Foundation
0x00007fff384dc000 	/System/Library/Frameworks/CoreFoundation.framework/Versions/A/CoreFoundation
0x0000000109cae000 	/Library/Application Support/Cylance/Desktop/CyMemDef.dylib
0x00007fff35af2000 	/System/Library/Frameworks/AppKit.framework/Versions/C/AppKit
0x00007fff38065000 	/System/Library/Frameworks/CoreData.framework/Versions/A/CoreData
0x00007fff5af22000 	/System/Library/PrivateFrameworks/RemoteViewServices.framework/Versions/A/RemoteViewServices
0x00007fff5f199000 	/System/Library/PrivateFrameworks/UIFoundation.framework/Versions/A/UIFoundation
0x00007fff6087e000 	/System/Library/PrivateFrameworks/XCTTargetBootstrap.framework/Versions/A/XCTTargetBootstrap
0x00007fff383eb000 	/System/Library/Frameworks/CoreDisplay.framework/Versions/A/CoreDisplay
0x00007fff55c5c000 	/System/Library/PrivateFrameworks/IconServices.framework/Versions/A/IconServices
0x00007fff3d082000 	/System/Library/Frameworks/Metal.framework/Versions/A/Metal
0x00007fff4d1a0000 	/System/Library/PrivateFrameworks/DesktopServicesPriv.framework/Versions/A/DesktopServicesPriv
0x00007fff61ff9000 	/usr/lib/libenergytrace.dylib
0x00007fff5d680000 	/System/Library/PrivateFrameworks/SkyLight.framework/Versions/A/SkyLight
0x00007fff38923000 	/System/Library/Frameworks/CoreGraphics.framework/Versions/A/CoreGraphics
0x00007fff348be000 	/System/Library/Frameworks/Accelerate.framework/Versions/A/Accelerate
0x00007fff3aea9000 	/System/Library/Frameworks/IOSurface.framework/Versions/A/IOSurface
0x00007fff4d00c000 	/System/Library/PrivateFrameworks/DFRFoundation.framework/Versions/A/DFRFoundation
0x00007fff36ddc000 	/System/Library/Frameworks/AudioToolbox.framework/Versions/A/AudioToolbox
0x00007fff37055000 	/System/Library/Frameworks/AudioUnit.framework/Versions/A/AudioUnit
0x00007fff4d0a1000 	/System/Library/PrivateFrameworks/DataDetectorsCore.framework/Versions/A/DataDetectorsCore
0x00007fff3776a000 	/System/Library/Frameworks/Carbon.framework/Versions/A/Frameworks/HIToolbox.framework/Versions/A/HIToolbox
0x00007fff62152000 	/usr/lib/libicucore.A.dylib
0x00007fff42f88000 	/System/Library/Frameworks/QuartzCore.framework/Versions/A/QuartzCore
0x00007fff37b3f000 	/System/Library/Frameworks/Carbon.framework/Versions/A/Frameworks/SpeechRecognition.framework/Versions/A/SpeechRecognition
0x00007fff615b1000 	/usr/lib/libauto.dylib
0x00007fff639f9000 	/usr/lib/libxml2.2.dylib
0x00007fff4cbe7000 	/System/Library/PrivateFrameworks/CoreUI.framework/Versions/A/CoreUI
0x00007fff37f50000 	/System/Library/Frameworks/CoreAudio.framework/Versions/A/CoreAudio
0x00007fff3a595000 	/System/Library/Frameworks/DiskArbitration.framework/Versions/A/DiskArbitration
0x00007fff62400000 	/usr/lib/liblangid.dylib
0x00007fff57067000 	/System/Library/PrivateFrameworks/MultitouchSupport.framework/Versions/A/MultitouchSupport
0x00007fff3ae18000 	/System/Library/Frameworks/IOKit.framework/Versions/A/IOKit
0x00007fff6101d000 	/usr/lib/libDiagnosticMessagesClient.dylib
0x00007fff39733000 	/System/Library/Frameworks/CoreServices.framework/Versions/A/CoreServices
0x00007fff58d21000 	/System/Library/PrivateFrameworks/PerformanceAnalysis.framework/Versions/A/PerformanceAnalysis
0x00007fff4216f000 	/System/Library/Frameworks/OpenGL.framework/Versions/A/OpenGL
0x00007fff37c75000 	/System/Library/Frameworks/ColorSync.framework/Versions/A/ColorSync
0x00007fff38fb5000 	/System/Library/Frameworks/CoreImage.framework/Versions/A/CoreImage
0x00007fff3a10b000 	/System/Library/Frameworks/CoreText.framework/Versions/A/CoreText
0x00007fff3af0c000 	/System/Library/Frameworks/ImageIO.framework/Versions/A/ImageIO
0x00007fff49239000 	/System/Library/PrivateFrameworks/Backup.framework/Versions/A/Backup
0x00007fff61504000 	/usr/lib/libarchive.2.dylib
0x00007fff373ae000 	/System/Library/Frameworks/CFNetwork.framework/Versions/A/CFNetwork
0x00007fff44171000 	/System/Library/Frameworks/SystemConfiguration.framework/Versions/A/SystemConfiguration
0x00007fff60f4e000 	/usr/lib/libCRFSuite.dylib
0x00007fff616a2000 	/usr/lib/libc++.1.dylib
0x00007fff616f6000 	/usr/lib/libc++abi.dylib
0x00007fff642fc000 	/usr/lib/system/libcache.dylib
0x00007fff64301000 	/usr/lib/system/libcommonCrypto.dylib
0x00007fff6430c000 	/usr/lib/system/libcompiler_rt.dylib
0x00007fff64314000 	/usr/lib/system/libcopyfile.dylib
0x00007fff6431e000 	/usr/lib/system/libcorecrypto.dylib
0x00007fff64429000 	/usr/lib/system/libdispatch.dylib
0x00007fff64463000 	/usr/lib/system/libdyld.dylib
0x00007fff64490000 	/usr/lib/system/libkeymgr.dylib
0x00007fff6449e000 	/usr/lib/system/liblaunch.dylib
0x00007fff6449f000 	/usr/lib/system/libmacho.dylib
0x00007fff644a5000 	/usr/lib/system/libquarantine.dylib
0x00007fff644a8000 	/usr/lib/system/libremovefile.dylib
0x00007fff644aa000 	/usr/lib/system/libsystem_asl.dylib
0x00007fff644c2000 	/usr/lib/system/libsystem_blocks.dylib
0x00007fff644c3000 	/usr/lib/system/libsystem_c.dylib
0x00007fff6454b000 	/usr/lib/system/libsystem_configuration.dylib
0x00007fff6454f000 	/usr/lib/system/libsystem_coreservices.dylib
0x00007fff64553000 	/usr/lib/system/libsystem_darwin.dylib
0x00007fff6455a000 	/usr/lib/system/libsystem_dnssd.dylib
0x00007fff64561000 	/usr/lib/system/libsystem_info.dylib
0x00007fff645d6000 	/usr/lib/system/libsystem_m.dylib
0x00007fff64622000 	/usr/lib/system/libsystem_malloc.dylib
0x00007fff6464d000 	/usr/lib/system/libsystem_networkextension.dylib
0x00007fff64658000 	/usr/lib/system/libsystem_notify.dylib
0x00007fff64675000 	/usr/lib/system/libsystem_sandbox.dylib
0x00007fff64679000 	/usr/lib/system/libsystem_secinit.dylib
0x00007fff645ad000 	/usr/lib/system/libsystem_kernel.dylib
0x00007fff64660000 	/usr/lib/system/libsystem_platform.dylib
0x00007fff6466a000 	/usr/lib/system/libsystem_pthread.dylib
0x00007fff6467c000 	/usr/lib/system/libsystem_symptoms.dylib
0x00007fff64684000 	/usr/lib/system/libsystem_trace.dylib
0x00007fff6469b000 	/usr/lib/system/libunwind.dylib
0x00007fff646a1000 	/usr/lib/system/libxpc.dylib
0x00007fff61683000 	/usr/lib/libbsm.0.dylib
0x00007fff64491000 	/usr/lib/system/libkxld.dylib
0x00007fff4862a000 	/System/Library/PrivateFrameworks/AppleFSCompression.framework/Versions/A/AppleFSCompression
0x00007fff6131d000 	/usr/lib/libOpenScriptingUtil.dylib
0x00007fff619ab000 	/usr/lib/libcoretls.dylib
0x00007fff619c2000 	/usr/lib/libcoretls_cfhelpers.dylib
0x00007fff6342d000 	/usr/lib/libpam.2.dylib
0x00007fff635ed000 	/usr/lib/libsqlite3.dylib
0x00007fff639e7000 	/usr/lib/libxar.1.dylib
0x00007fff61694000 	/usr/lib/libbz2.1.0.dylib
0x00007fff62402000 	/usr/lib/liblzma.5.dylib
0x00007fff628b3000 	/usr/lib/libnetwork.dylib
0x00007fff614ed000 	/usr/lib/libapple_nghttp2.dylib
0x00007fff63434000 	/usr/lib/libpcap.A.dylib
0x00007fff39ad2000 	/System/Library/Frameworks/CoreServices.framework/Versions/A/Frameworks/FSEvents.framework/Versions/A/FSEvents
0x00007fff397b1000 	/System/Library/Frameworks/CoreServices.framework/Versions/A/Frameworks/CarbonCore.framework/Versions/A/CarbonCore
0x00007fff39c8d000 	/System/Library/Frameworks/CoreServices.framework/Versions/A/Frameworks/Metadata.framework/Versions/A/Metadata
0x00007fff39d2c000 	/System/Library/Frameworks/CoreServices.framework/Versions/A/Frameworks/OSServices.framework/Versions/A/OSServices
0x00007fff39d77000 	/System/Library/Frameworks/CoreServices.framework/Versions/A/Frameworks/SearchKit.framework/Versions/A/SearchKit
0x00007fff39734000 	/System/Library/Frameworks/CoreServices.framework/Versions/A/Frameworks/AE.framework/Versions/A/AE
0x00007fff39adb000 	/System/Library/Frameworks/CoreServices.framework/Versions/A/Frameworks/LaunchServices.framework/Versions/A/LaunchServices
0x00007fff39a89000 	/System/Library/Frameworks/CoreServices.framework/Versions/A/Frameworks/DictionaryServices.framework/Versions/A/DictionaryServices
0x00007fff39ddf000 	/System/Library/Frameworks/CoreServices.framework/Versions/A/Frameworks/SharedFileList.framework/Versions/A/SharedFileList
0x00007fff3e14a000 	/System/Library/Frameworks/NetFS.framework/Versions/A/NetFS
0x00007fff572cd000 	/System/Library/PrivateFrameworks/NetAuth.framework/Versions/A/NetAuth
0x00007fff60c82000 	/System/Library/PrivateFrameworks/login.framework/Versions/A/Frameworks/loginsupport.framework/Versions/A/loginsupport
0x00007fff5eda2000 	/System/Library/PrivateFrameworks/TCC.framework/Versions/A/TCC
0x00007fff4c244000 	/System/Library/PrivateFrameworks/CoreNLP.framework/Versions/A/CoreNLP
0x00007fff56d62000 	/System/Library/PrivateFrameworks/MetadataUtilities.framework/Versions/A/MetadataUtilities
0x00007fff624d7000 	/usr/lib/libmecabra.dylib
0x00007fff368fa000 	/System/Library/Frameworks/ApplicationServices.framework/Versions/A/Frameworks/ATS.framework/Versions/A/ATS
0x00007fff36c49000 	/System/Library/Frameworks/ApplicationServices.framework/Versions/A/Frameworks/ColorSyncLegacy.framework/Versions/A/ColorSyncLegacy
0x00007fff36ce8000 	/System/Library/Frameworks/ApplicationServices.framework/Versions/A/Frameworks/HIServices.framework/Versions/A/HIServices
0x00007fff36d3b000 	/System/Library/Frameworks/ApplicationServices.framework/Versions/A/Frameworks/LangAnalysis.framework/Versions/A/LangAnalysis
0x00007fff36d4b000 	/System/Library/Frameworks/ApplicationServices.framework/Versions/A/Frameworks/PrintCore.framework/Versions/A/PrintCore
0x00007fff36d95000 	/System/Library/Frameworks/ApplicationServices.framework/Versions/A/Frameworks/QD.framework/Versions/A/QD
0x00007fff36dcf000 	/System/Library/Frameworks/ApplicationServices.framework/Versions/A/Frameworks/SpeechSynthesis.framework/Versions/A/SpeechSynthesis
0x00007fff6171e000 	/usr/lib/libcompression.dylib
0x00007fff3d352000 	/System/Library/Frameworks/MetalPerformanceShaders.framework/Versions/A/MetalPerformanceShaders
0x00007fff348d6000 	/System/Library/Frameworks/Accelerate.framework/Versions/A/Frameworks/vImage.framework/Versions/A/vImage
0x00007fff35950000 	/System/Library/Frameworks/Accelerate.framework/Versions/A/Frameworks/vecLib.framework/Versions/A/vecLib
0x00007fff3589c000 	/System/Library/Frameworks/Accelerate.framework/Versions/A/Frameworks/vecLib.framework/Versions/A/libvMisc.dylib
0x00007fff356b4000 	/System/Library/Frameworks/Accelerate.framework/Versions/A/Frameworks/vecLib.framework/Versions/A/libvDSP.dylib
0x00007fff34f70000 	/System/Library/Frameworks/Accelerate.framework/Versions/A/Frameworks/vecLib.framework/Versions/A/libBLAS.dylib
0x00007fff3525d000 	/System/Library/Frameworks/Accelerate.framework/Versions/A/Frameworks/vecLib.framework/Versions/A/libLAPACK.dylib
0x00007fff35607000 	/System/Library/Frameworks/Accelerate.framework/Versions/A/Frameworks/vecLib.framework/Versions/A/libLinearAlgebra.dylib
0x00007fff356a0000 	/System/Library/Frameworks/Accelerate.framework/Versions/A/Frameworks/vecLib.framework/Versions/A/libSparseBLAS.dylib
0x00007fff3561d000 	/System/Library/Frameworks/Accelerate.framework/Versions/A/Frameworks/vecLib.framework/Versions/A/libQuadrature.dylib
0x00007fff351ea000 	/System/Library/Frameworks/Accelerate.framework/Versions/A/Frameworks/vecLib.framework/Versions/A/libBNNS.dylib
0x00007fff35623000 	/System/Library/Frameworks/Accelerate.framework/Versions/A/Frameworks/vecLib.framework/Versions/A/libSparse.dylib
0x00007fff53592000 	/System/Library/PrivateFrameworks/GPUWrangler.framework/Versions/A/GPUWrangler
0x00007fff55891000 	/System/Library/PrivateFrameworks/IOAccelerator.framework/Versions/A/IOAccelerator
0x00007fff5589c000 	/System/Library/PrivateFrameworks/IOPresentment.framework/Versions/A/IOPresentment
0x00007fff4d01c000 	/System/Library/PrivateFrameworks/DSExternalDisplay.framework/Versions/A/DSExternalDisplay
0x00007fff415c6000 	/System/Library/Frameworks/OpenGL.framework/Versions/A/Libraries/libCoreFSCache.dylib
0x00007fff3d146000 	/System/Library/Frameworks/MetalPerformanceShaders.framework/Frameworks/MPSCore.framework/Versions/A/MPSCore
0x00007fff3d166000 	/System/Library/Frameworks/MetalPerformanceShaders.framework/Frameworks/MPSImage.framework/Versions/A/MPSImage
0x00007fff3d20b000 	/System/Library/Frameworks/MetalPerformanceShaders.framework/Frameworks/MPSNeuralNetwork.framework/Versions/A/MPSNeuralNetwork
0x00007fff3d1e3000 	/System/Library/Frameworks/MetalPerformanceShaders.framework/Frameworks/MPSMatrix.framework/Versions/A/MPSMatrix
0x00007fff3d337000 	/System/Library/Frameworks/MetalPerformanceShaders.framework/Frameworks/MPSRayIntersector.framework/Versions/A/MPSRayIntersector
0x00007fff56d8b000 	/System/Library/PrivateFrameworks/MetalTools.framework/Versions/A/MetalTools
0x00007fff47ed4000 	/System/Library/PrivateFrameworks/AggregateDictionary.framework/Versions/A/AggregateDictionary
0x00007fff612fd000 	/usr/lib/libMobileGestalt.dylib
0x00007fff3a26e000 	/System/Library/Frameworks/CoreVideo.framework/Versions/A/CoreVideo
0x00007fff543a3000 	/System/Library/PrivateFrameworks/GraphVisualizer.framework/Versions/A/GraphVisualizer
0x00007fff4e222000 	/System/Library/PrivateFrameworks/FaceCore.framework/Versions/A/FaceCore
0x00007fff40bf4000 	/System/Library/Frameworks/OpenCL.framework/Versions/A/OpenCL
0x00007fff61055000 	/usr/lib/libFosl_dynamic.dylib
0x00007fff57b38000 	/System/Library/PrivateFrameworks/OTSVG.framework/Versions/A/OTSVG
0x00007fff369fe000 	/System/Library/Frameworks/ApplicationServices.framework/Versions/A/Frameworks/ATS.framework/Versions/A/Resources/libFontParser.dylib
0x00007fff36b16000 	/System/Library/Frameworks/ApplicationServices.framework/Versions/A/Frameworks/ATS.framework/Versions/A/Resources/libFontRegistry.dylib
0x00007fff3b17b000 	/System/Library/Frameworks/ImageIO.framework/Versions/A/Resources/libJPEG.dylib
0x00007fff3b48d000 	/System/Library/Frameworks/ImageIO.framework/Versions/A/Resources/libTIFF.dylib
0x00007fff3b463000 	/System/Library/Frameworks/ImageIO.framework/Versions/A/Resources/libPng.dylib
0x00007fff3b099000 	/System/Library/Frameworks/ImageIO.framework/Versions/A/Resources/libGIF.dylib
0x00007fff3b09e000 	/System/Library/Frameworks/ImageIO.framework/Versions/A/Resources/libJP2.dylib
0x00007fff3b48a000 	/System/Library/Frameworks/ImageIO.framework/Versions/A/Resources/libRadiance.dylib
0x00007fff48781000 	/System/Library/PrivateFrameworks/AppleJPEG.framework/Versions/A/AppleJPEG
0x00007fff415d1000 	/System/Library/Frameworks/OpenGL.framework/Versions/A/Libraries/libGFXShared.dylib
0x00007fff41794000 	/System/Library/Frameworks/OpenGL.framework/Versions/A/Libraries/libGLU.dylib
0x00007fff415da000 	/System/Library/Frameworks/OpenGL.framework/Versions/A/Libraries/libGL.dylib
0x00007fff415e6000 	/System/Library/Frameworks/OpenGL.framework/Versions/A/Libraries/libGLImage.dylib
0x00007fff415c3000 	/System/Library/Frameworks/OpenGL.framework/Versions/A/Libraries/libCVMSPluginSupport.dylib
0x00007fff415cc000 	/System/Library/Frameworks/OpenGL.framework/Versions/A/Libraries/libCoreVMClient.dylib
0x00007fff61e6f000 	/usr/lib/libcups.2.dylib
0x00007fff3c64d000 	/System/Library/Frameworks/Kerberos.framework/Versions/A/Kerberos
0x00007fff3ab7c000 	/System/Library/Frameworks/GSS.framework/Versions/A/GSS
0x00007fff63582000 	/usr/lib/libresolv.9.dylib
0x00007fff62061000 	/usr/lib/libiconv.2.dylib
0x00007fff54518000 	/System/Library/PrivateFrameworks/Heimdal.framework/Versions/A/Heimdal
0x00007fff62031000 	/usr/lib/libheimdal-asn1.dylib
0x00007fff40c68000 	/System/Library/Frameworks/OpenDirectory.framework/Versions/A/OpenDirectory
0x00007fff4afa7000 	/System/Library/PrivateFrameworks/CommonAuth.framework/Versions/A/CommonAuth
0x00007fff40c4c000 	/System/Library/Frameworks/OpenDirectory.framework/Versions/A/Frameworks/CFOpenDirectory.framework/Versions/A/CFOpenDirectory
0x00007fff43d16000 	/System/Library/Frameworks/SecurityFoundation.framework/Versions/A/SecurityFoundation
0x00007fff4741a000 	/System/Library/PrivateFrameworks/APFS.framework/Versions/A/APFS
0x00007fff639e3000 	/usr/lib/libutil.dylib
0x00007fff6170c000 	/usr/lib/libcharset.1.dylib
0x00007fff48a1e000 	/System/Library/PrivateFrameworks/AppleSauce.framework/Versions/A/AppleSauce
0x00007fff48b9f000 	/System/Library/PrivateFrameworks/AssertionServices.framework/Versions/A/AssertionServices
0x00007fff492cf000 	/System/Library/PrivateFrameworks/BaseBoard.framework/Versions/A/BaseBoard
0x00007fff62432000 	/usr/lib/libmecab.1.0.0.dylib
0x00007fff6202b000 	/usr/lib/libgermantok.dylib
0x00007fff614da000 	/usr/lib/libThaiTokenizer.dylib
0x00007fff60f85000 	/usr/lib/libChineseTokenizer.dylib
0x00007fff55f49000 	/System/Library/PrivateFrameworks/LanguageModeling.framework/Versions/A/LanguageModeling
0x00007fff4bc89000 	/System/Library/PrivateFrameworks/CoreEmoji.framework/Versions/A/CoreEmoji
0x00007fff56025000 	/System/Library/PrivateFrameworks/Lexicon.framework/Versions/A/Lexicon
0x00007fff56068000 	/System/Library/PrivateFrameworks/LinguisticData.framework/Versions/A/LinguisticData
0x00007fff6170d000 	/usr/lib/libcmph.dylib
0x00007fff43dd4000 	/System/Library/Frameworks/ServiceManagement.framework/Versions/A/ServiceManagement
0x00007fff49230000 	/System/Library/PrivateFrameworks/BackgroundTaskManagement.framework/Versions/A/BackgroundTaskManagement
0x00007fff63add000 	/usr/lib/libxslt.1.dylib
0x00007fff37a6c000 	/System/Library/Frameworks/Carbon.framework/Versions/A/Frameworks/Ink.framework/Versions/A/Ink
0x00007fff5f014000 	/System/Library/PrivateFrameworks/TextureIO.framework/Versions/A/TextureIO
0x00007fff6152e000 	/usr/lib/libate.dylib
0x00007fff4cf6b000 	/System/Library/PrivateFrameworks/CrashReporterSupport.framework/Versions/A/CrashReporterSupport
0x00007fff5c74e000 	/System/Library/PrivateFrameworks/Sharing.framework/Versions/A/Sharing
0x00007fff48f82000 	/System/Library/PrivateFrameworks/AuthKit.framework/Versions/A/AuthKit
0x00007fff484d6000 	/System/Library/PrivateFrameworks/Apple80211.framework/Versions/A/Apple80211
0x00007fff4cd13000 	/System/Library/PrivateFrameworks/CoreUtils.framework/Versions/A/CoreUtils
0x00007fff3a2af000 	/System/Library/Frameworks/CoreWLAN.framework/Versions/A/CoreWLAN
0x00007fff3acab000 	/System/Library/Frameworks/IOBluetooth.framework/Versions/A/IOBluetooth
0x00007fff5abc2000 	/System/Library/PrivateFrameworks/ProtocolBuffer.framework/Versions/A/ProtocolBuffer
0x00007fff56fc3000 	/System/Library/PrivateFrameworks/MobileKeyBag.framework/Versions/A/MobileKeyBag
0x00007fff4c557000 	/System/Library/PrivateFrameworks/CorePhoneNumbers.framework/Versions/A/CorePhoneNumbers
0x00007fff48735000 	/System/Library/PrivateFrameworks/AppleIDAuthSupport.framework/Versions/A/AppleIDAuthSupport
0x00007fff55f1c000 	/System/Library/PrivateFrameworks/KeychainCircle.framework/Versions/A/KeychainCircle
0x00007fff5ad78000 	/System/Library/PrivateFrameworks/ROCKit.framework/Versions/A/ROCKit
0x00007fff4cf07000 	/System/Library/PrivateFrameworks/CoreWiFi.framework/Versions/A/CoreWiFi
0x00007fff3803a000 	/System/Library/Frameworks/CoreBluetooth.framework/Versions/A/CoreBluetooth
0x00007fff4d162000 	/System/Library/PrivateFrameworks/DebugSymbols.framework/Versions/A/DebugSymbols
0x00007fff4cad3000 	/System/Library/PrivateFrameworks/CoreSymbolication.framework/Versions/A/CoreSymbolication
0x00007fff5e82f000 	/System/Library/PrivateFrameworks/Symbolication.framework/Versions/A/Symbolication
0x00007fff5e0d2000 	/System/Library/PrivateFrameworks/SpeechRecognitionCore.framework/Versions/A/SpeechRecognitionCore
0x000000010ae00000 	/Library/Java/JavaVirtualMachines/adoptopenjdk-8.jdk/Contents/Home/jre/lib/server/libjvm.dylib
0x00007fff638be000 	/usr/lib/libstdc++.6.dylib
0x0000000109d10000 	/Library/Java/JavaVirtualMachines/adoptopenjdk-8.jdk/Contents/Home/jre/lib/libverify.dylib
0x0000000109d21000 	/Library/Java/JavaVirtualMachines/adoptopenjdk-8.jdk/Contents/Home/jre/lib/libjava.dylib
0x0000000109da6000 	/Library/Java/JavaVirtualMachines/adoptopenjdk-8.jdk/Contents/Home/jre/lib/libzip.dylib
0x0000000126abe000 	/Library/Java/JavaVirtualMachines/adoptopenjdk-8.jdk/Contents/Home/jre/lib/libawt.dylib
0x0000000126b6e000 	/Library/Java/JavaVirtualMachines/adoptopenjdk-8.jdk/Contents/Home/jre/lib/./libmlib_image.dylib
0x00007fff3c636000 	/System/Library/Frameworks/JavaVM.framework/Versions/A/Frameworks/JavaNativeFoundation.framework/Versions/A/JavaNativeFoundation
0x00007fff3c63f000 	/System/Library/Frameworks/JavaVM.framework/Versions/A/Frameworks/JavaRuntimeSupport.framework/Versions/A/JavaRuntimeSupport
0x00007fff3c648000 	/System/Library/Frameworks/JavaVM.framework/Versions/A/JavaVM
0x00007fff55e3b000 	/System/Library/PrivateFrameworks/JavaLaunching.framework/Versions/A/JavaLaunching
0x00007fff37765000 	/System/Library/Frameworks/Carbon.framework/Versions/A/Carbon
0x00007fff37766000 	/System/Library/Frameworks/Carbon.framework/Versions/A/Frameworks/CommonPanels.framework/Versions/A/CommonPanels
0x00007fff37a62000 	/System/Library/Frameworks/Carbon.framework/Versions/A/Frameworks/Help.framework/Versions/A/Help
0x00007fff37a66000 	/System/Library/Frameworks/Carbon.framework/Versions/A/Frameworks/ImageCapture.framework/Versions/A/ImageCapture
0x00007fff37b02000 	/System/Library/Frameworks/Carbon.framework/Versions/A/Frameworks/OpenScripting.framework/Versions/A/OpenScripting
0x00007fff37b3a000 	/System/Library/Frameworks/Carbon.framework/Versions/A/Frameworks/Print.framework/Versions/A/Print
0x00007fff37b3c000 	/System/Library/Frameworks/Carbon.framework/Versions/A/Frameworks/SecurityHI.framework/Versions/A/SecurityHI
0x0000000126c41000 	/Library/Java/JavaVirtualMachines/adoptopenjdk-8.jdk/Contents/Home/jre/lib/libawt_lwawt.dylib
0x0000000126d02000 	/Library/Java/JavaVirtualMachines/adoptopenjdk-8.jdk/Contents/Home/jre/lib/./libosxapp.dylib
0x00007fff3a739000 	/System/Library/Frameworks/ExceptionHandling.framework/Versions/A/ExceptionHandling
0x00007fff4c6db000 	/System/Library/PrivateFrameworks/CoreServicesInternal.framework/Versions/A/CoreServicesInternal
0x00007fff2cc3e000 	/System/Library/CoreServices/RawCamera.bundle/Contents/MacOS/RawCamera
0x00007fff56e2f000 	/System/Library/PrivateFrameworks/MobileAsset.framework/Versions/A/MobileAsset
0x00007fff5e77d000 	/System/Library/PrivateFrameworks/StreamingZip.framework/Versions/A/StreamingZip
0x00007fff3c9da000 	/System/Library/Frameworks/MediaToolbox.framework/Versions/A/MediaToolbox
0x00007fff4b82d000 	/System/Library/PrivateFrameworks/CoreAVCHD.framework/Versions/A/CoreAVCHD
0x00007fff3c920000 	/System/Library/Frameworks/MediaAccessibility.framework/Versions/A/MediaAccessibility
0x00007fff5688b000 	/System/Library/PrivateFrameworks/Mangrove.framework/Versions/A/Mangrove
0x00007fff395d2000 	/System/Library/Frameworks/CoreMedia.framework/Versions/A/CoreMedia
0x00007fff4443d000 	/System/Library/Frameworks/VideoToolbox.framework/Versions/A/VideoToolbox
0x00007fff4b449000 	/System/Library/PrivateFrameworks/CoreAUC.framework/Versions/A/CoreAUC
0x00007fff635eb000 	/usr/lib/libspindump.dylib
0x00007fff48b04000 	/System/Library/PrivateFrameworks/AppleVA.framework/Versions/A/AppleVA
0x00007fff348bf000 	/System/Library/Frameworks/Accelerate.framework/Versions/A/Frameworks/vImage.framework/Versions/A/Libraries/libCGInterfaces.dylib
0x00007fff36bb2000 	/System/Library/Frameworks/ApplicationServices.framework/Versions/A/Frameworks/ATS.framework/Versions/A/Resources/libTrueTypeScaler.dylib
0x00007fff31a81000 	/System/Library/Extensions/AppleIntelKBLGraphicsMTLDriver.bundle/Contents/MacOS/AppleIntelKBLGraphicsMTLDriver
0x00007fff2cf9a000 	/System/Library/Extensions/AMDMTLBronzeDriver.bundle/Contents/MacOS/AMDMTLBronzeDriver
0x00007fff55887000 	/System/Library/PrivateFrameworks/IOAccelMemoryInfo.framework/Versions/A/IOAccelMemoryInfo
0x00007fff51ef1000 	/System/Library/PrivateFrameworks/GPUCompiler.framework/Versions/3902/Libraries/libmetal_timestamp.dylib
0x00007fff4e647000 	/System/Library/PrivateFrameworks/FamilyControls.framework/Versions/A/FamilyControls
0x00007fff4af9a000 	/System/Library/PrivateFrameworks/CommerceKit.framework/Versions/A/Frameworks/CommerceCore.framework/Versions/A/CommerceCore
0x00007fff5eb02000 	/System/Library/PrivateFrameworks/SystemAdministration.framework/Versions/A/SystemAdministration
0x00007fff483d7000 	/System/Library/PrivateFrameworks/AppContainer.framework/Versions/A/AppContainer
0x00007fff483f3000 	/System/Library/PrivateFrameworks/AppSandbox.framework/Versions/A/AppSandbox
0x00007fff5c5ef000 	/System/Library/PrivateFrameworks/SecCodeWrapper.framework/Versions/A/SecCodeWrapper
0x00007fff6359c000 	/usr/lib/libsandbox.1.dylib
0x00007fff612cc000 	/usr/lib/libMatch.1.dylib
0x00007fff4d4e7000 	/System/Library/PrivateFrameworks/DiskManagement.framework/Versions/A/DiskManagement
0x00007fff3a4b5000 	/System/Library/Frameworks/DirectoryService.framework/Versions/A/DirectoryService
0x00007fff4d418000 	/System/Library/PrivateFrameworks/DiskImages.framework/Versions/A/DiskImages
0x00007fff56161000 	/System/Library/PrivateFrameworks/LoginUIKit.framework/Versions/A/Frameworks/LoginUICore.framework/Versions/A/LoginUICore
0x00007fff60f90000 	/usr/lib/libCoreStorage.dylib
0x00007fff61e5c000 	/usr/lib/libcsfde.dylib
0x00007fff6341c000 	/usr/lib/libodfde.dylib
0x00007fff569a3000 	/System/Library/PrivateFrameworks/MediaKit.framework/Versions/A/MediaKit
0x00007fff3a4c1000 	/System/Library/Frameworks/DiscRecording.framework/Versions/A/DiscRecording
0x00007fff4d65b000 	/System/Library/PrivateFrameworks/EFILogin.framework/Versions/A/EFILogin
0x00007fff5ab6d000 	/System/Library/PrivateFrameworks/ProtectedCloudStorage.framework/Versions/A/ProtectedCloudStorage
0x00007fff61eee000 	/usr/lib/libcurl.4.dylib
0x00007fff61d5b000 	/usr/lib/libcrypto.42.dylib
0x00007fff6388e000 	/usr/lib/libssl.44.dylib
0x00007fff3c667000 	/System/Library/Frameworks/LDAP.framework/Versions/A/LDAP
0x00007fff5f192000 	/System/Library/PrivateFrameworks/TrustEvaluationAgent.framework/Versions/A/TrustEvaluationAgent
0x00007fff635d8000 	/usr/lib/libsasl2.2.dylib
0x00007fff4ba86000 	/System/Library/PrivateFrameworks/CoreDaemon.framework/Versions/B/CoreDaemon
0x00007fff48a19000 	/System/Library/PrivateFrameworks/AppleSRP.framework/Versions/A/AppleSRP
0x00007fff5ffcd000 	/System/Library/PrivateFrameworks/ViewBridge.framework/Versions/A/ViewBridge
0x0000000128b58000 	/usr/lib/libobjc-trampolines.dylib
0x000000012b087000 	/Library/Java/JavaVirtualMachines/adoptopenjdk-8.jdk/Contents/Home/jre/lib/libnio.dylib
0x000000012b09b000 	/Library/Java/JavaVirtualMachines/adoptopenjdk-8.jdk/Contents/Home/jre/lib/./libnet.dylib
0x00007fff4217f000 	/System/Library/Frameworks/OpenGL.framework/Versions/A/Resources/GLEngine.bundle/GLEngine
0x00007fff41621000 	/System/Library/Frameworks/OpenGL.framework/Versions/A/Libraries/libGLProgrammability.dylib
0x00007fff30cac000 	/System/Library/Extensions/AppleIntelKBLGraphicsGLDriver.bundle/Contents/MacOS/AppleIntelKBLGraphicsGLDriver
0x00007fff53586000 	/System/Library/PrivateFrameworks/GPUSupport.framework/Versions/A/Libraries/libGPUSupportMercury.dylib
0x000000012b0b9000 	/System/Library/Extensions/AMDRadeonX4000GLDriver.bundle/Contents/MacOS/AMDRadeonX4000GLDriver
0x00007fff2d0a7000 	/System/Library/Extensions/AMDRadeonX4000GLDriver.bundle/Contents/MacOS/ATIRadeonX4000SCLib.dylib
0x00007fff42317000 	/System/Library/Frameworks/OpenGL.framework/Versions/A/Resources/GLRendererFloat.bundle/GLRendererFloat
0x00007fff40beb000 	/System/Library/Frameworks/OpenCL.framework/Versions/A/Libraries/libcldcpuengine.dylib
0x00007fff61b61000 	/usr/lib/libcrypto.35.dylib
0x000000012b3a2000 	/Library/Java/JavaVirtualMachines/adoptopenjdk-8.jdk/Contents/Home/jre/lib/libfontmanager.dylib
0x000000012b412000 	/Library/Java/JavaVirtualMachines/adoptopenjdk-8.jdk/Contents/Home/jre/lib/./libfreetype.6.dylib
0x0000000128cfb000 	/Library/Java/JavaVirtualMachines/adoptopenjdk-8.jdk/Contents/Home/jre/lib/libosxui.dylib
0x0000000128cf7000 	/private/var/folders/pt/gmp3zg_n0fv1_5_mkh2b9j80003h5j/T/jogamp_0000/file_cache/jln3703401867077074371/jln118472271068371235/libgluegen-rt.jnilib
0x000000012a86d000 	/private/var/folders/pt/gmp3zg_n0fv1_5_mkh2b9j80003h5j/T/jogamp_0000/file_cache/jln3703401867077074371/jln118472271068371235/libnativewindow_awt.jnilib
0x000000012ca82000 	/Library/Java/JavaVirtualMachines/adoptopenjdk-8.jdk/Contents/Home/jre/lib/libjawt.dylib
0x000000012cb10000 	/private/var/folders/pt/gmp3zg_n0fv1_5_mkh2b9j80003h5j/T/jogamp_0000/file_cache/jln3703401867077074371/jln118472271068371235/libnativewindow_macosx.jnilib
0x000000015a5a8000 	/private/var/folders/pt/gmp3zg_n0fv1_5_mkh2b9j80003h5j/T/jogamp_0000/file_cache/jln3703401867077074371/jln118472271068371235/libjogl_desktop.jnilib

VM Arguments:
jvm_args: -Djava.security.policy=java.policy.applet -Dfile.encoding=UTF-8 
java_command: sun.applet.AppletViewer module2.LifeExpectancy1586023172201.html
java_class_path (initial): /Users/abarretti/Desktop/Java/UCSDUnfoldingMaps/UCSDUnfoldingMaps/build:/Users/abarretti/Desktop/Java/UCSDUnfoldingMaps/UCSDUnfoldingMaps/lib/core.jar:/Users/abarretti/Desktop/Java/UCSDUnfoldingMaps/UCSDUnfoldingMaps/lib/gluegen-rt.jar:/Users/abarretti/Desktop/Java/UCSDUnfoldingMaps/UCSDUnfoldingMaps/lib/jogl-all.jar:/Users/abarretti/Desktop/Java/UCSDUnfoldingMaps/UCSDUnfoldingMaps/lib/log4j-1.2.15.jar:/Users/abarretti/Desktop/Java/UCSDUnfoldingMaps/UCSDUnfoldingMaps/lib/sqlite-jdbc-3.7.2.jar:/Users/abarretti/Desktop/Java/UCSDUnfoldingMaps/UCSDUnfoldingMaps/lib/json4processing.jar:/Users/abarretti/Desktop/Java/UCSDUnfoldingMaps/UCSDUnfoldingMaps/lib/libTUIO.jar:/Users/abarretti/Desktop/Java/UCSDUnfoldingMaps/UCSDUnfoldingMaps/lib/unfolding.0.9.7-uscd.jar
Launcher Type: SUN_STANDARD

Environment Variables:
PATH=/usr/bin:/bin:/usr/sbin:/sbin
SHELL=/bin/bash

Signal Handlers:
SIGSEGV: [libjvm.dylib+0x588183], sa_mask[0]=11111111011111110111111111111111, sa_flags=SA_ONSTACK|SA_RESTART|SA_SIGINFO
SIGBUS: [libjvm.dylib+0x588183], sa_mask[0]=11111111011111110111111111111111, sa_flags=SA_RESTART|SA_SIGINFO
SIGFPE: [libjvm.dylib+0x46288c], sa_mask[0]=11111111011111110111111111111111, sa_flags=SA_RESTART|SA_SIGINFO
SIGPIPE: [libjvm.dylib+0x46288c], sa_mask[0]=11111111011111110111111111111111, sa_flags=SA_RESTART|SA_SIGINFO
SIGXFSZ: [libjvm.dylib+0x46288c], sa_mask[0]=11111111011111110111111111111111, sa_flags=SA_RESTART|SA_SIGINFO
SIGILL: [libjvm.dylib+0x46288c], sa_mask[0]=11111111011111110111111111111111, sa_flags=SA_RESTART|SA_SIGINFO
SIGUSR1: SIG_DFL, sa_mask[0]=00000000000000000000000000000000, sa_flags=none
SIGUSR2: [libjvm.dylib+0x4623aa], sa_mask[0]=00100000000000000000000000000000, sa_flags=SA_RESTART|SA_SIGINFO
SIGHUP: [libjvm.dylib+0x460935], sa_mask[0]=11111111011111110111111111111111, sa_flags=SA_RESTART|SA_SIGINFO
SIGINT: [libjvm.dylib+0x460935], sa_mask[0]=11111111011111110111111111111111, sa_flags=SA_RESTART|SA_SIGINFO
SIGTERM: [libjvm.dylib+0x460935], sa_mask[0]=11111111011111110111111111111111, sa_flags=SA_RESTART|SA_SIGINFO
SIGQUIT: [libjvm.dylib+0x460935], sa_mask[0]=11111111011111110111111111111111, sa_flags=SA_RESTART|SA_SIGINFO


---------------  S Y S T E M  ---------------

OS:Bsduname:Darwin 18.7.0 Darwin Kernel Version 18.7.0: Thu Jan 23 06:52:12 PST 2020; root:xnu-4903.278.25~1/RELEASE_X86_64 x86_64
rlimit: STACK 8192k, CORE 0k, NPROC 1418, NOFILE 10240, AS infinity
load average:2.85 2.48 1.70

CPU:total 8 (initial active 8) (4 cores per cpu, 2 threads per core) family 6 model 158 stepping 9, cmov, cx8, fxsr, mmx, sse, sse2, sse3, ssse3, sse4.1, sse4.2, popcnt, avx, avx2, aes, clmul, erms, 3dnowpref, lzcnt, ht, tsc, tscinvbit, bmi1, bmi2, adx

Memory: 4k page, physical 16777216k(399068k free)

/proc/meminfo:


vm_info: OpenJDK 64-Bit Server VM (25.242-b08) for bsd-amd64 JRE (1.8.0_242-b08), built on Jan 19 2020 06:43:11 by "jenkins" with gcc 4.2.1 (Based on Apple Inc. build 5658) (LLVM build 2336.11.00)

time: Sat Apr  4 19:59:58 2020
timezone: CEST
elapsed time: 25 seconds (0d 0h 0m 25s)

