#
# A fatal error has been detected by the Java Runtime Environment:
#
#  SIGSEGV (0xb) at pc=0x00007fff77cf569d, pid=21279, tid=0x0000000000000307
#
# JRE version: OpenJDK Runtime Environment (8.0_242-b08) (build 1.8.0_242-b08)
# Java VM: OpenJDK 64-Bit Server VM (25.242-b08 mixed mode bsd-amd64 compressed oops)
# Problematic frame:
# C  [libobjc.A.dylib+0x669d]  objc_msgSend+0x1d
#
# Failed to write core dump. Core dumps have been disabled. To enable core dumping, try "ulimit -c unlimited" before starting Java again
#
# If you would like to submit a bug report, please visit:
#   http://bugreport.java.com/bugreport/crash.jsp
# The crash happened outside the Java Virtual Machine in native code.
# See problematic frame for where to report the bug.
#

---------------  T H R E A D  ---------------

Current thread (0x00007fefff951800):  JavaThread "AWT-AppKit" daemon [_thread_in_native, id=775, stack(0x00007ffeee0ea000,0x00007ffeee8ea000)]

siginfo: si_signo: 11 (SIGSEGV), si_code: 1 (SEGV_MAPERR), si_addr: 0x0000000000000018

Registers:
RAX=0x00007ff003490870, RBX=0x00000001241a2450, RCX=0x0000000000000001, RDX=0x0000000000000000
RSP=0x00007ffeee8e51b8, RBP=0x00007ffeee8e5270, RSI=0x00007fff4b6f2537, RDI=0x00007feffde91350
R8 =0x0000000000000001, R9 =0x0000000000000000, R10=0x0000000000000000, R11=0x00007fff4b6f2537
R12=0x0000000000000000, R13=0x0000000151dde6d0, R14=0x00000001241a2440, R15=0x00007fefff951800
RIP=0x00007fff77cf569d, EFLAGS=0x0000000000010246, ERR=0x0000000000000004
  TRAPNO=0x000000000000000e

Top of Stack: (sp=0x00007ffeee8e51b8)
0x00007ffeee8e51b8:   00000001241a0157 00007ffeee8e5210
0x00007ffeee8e51c8:   0000000000000003 00007ffeee8e51f0
0x00007ffeee8e51d8:   00000001025432b2 0000000151dde6d0
0x00007ffeee8e51e8:   0000000151dde6d0 00007ff003490870
0x00007ffeee8e51f8:   00000001241a26a0 00000001241a2710
0x00007ffeee8e5208:   00007fffa871d838 00007fffa9df7088
0x00007ffeee8e5218:   00000001241a2450 00000001241a2690
0x00007ffeee8e5228:   00007ff003490870 00007feffde91350
0x00007ffeee8e5238:   00007fefff22bb30 00007ff003490870
0x00007ffeee8e5248:   00007feffde91350 00007ffeee8e52f8
0x00007ffeee8e5258:   00007fefff9519e0 0000000151dde6d0
0x00007ffeee8e5268:   00007ffeee8e5320 00007ffeee8e52e8
0x00007ffeee8e5278:   000000010c9bf407 0000000151dde6d0
0x00007ffeee8e5288:   00007ffeee8e5320 00007ffeee8e52e8
0x00007ffeee8e5298:   000000010c9bf167 000000010c9bf122
0x00007ffeee8e52a8:   00007ffeee8e52a8 0000000151dde6d0
0x00007ffeee8e52b8:   00007ffeee8e5320 0000000151de1308
0x00007ffeee8e52c8:   0000000000000000 0000000151dde6d0
0x00007ffeee8e52d8:   0000000000000000 00007ffeee8e5308
0x00007ffeee8e52e8:   00007ffeee8e5368 000000010c9aeffd
0x00007ffeee8e52f8:   00000006c0c1d340 000000010c9b8a58
0x00007ffeee8e5308:   00007ff003490870 00007ffeee8e5368
0x00007ffeee8e5318:   00007feffde91350 000000010c9ba4c2
0x00007ffeee8e5328:   00007ffeee8e5328 0000000151dde89a
0x00007ffeee8e5338:   00007ffeee8e5390 0000000151de1308
0x00007ffeee8e5348:   0000000000000000 0000000151dde8a8
0x00007ffeee8e5358:   00007ffeee8e5308 00007ffeee8e5378
0x00007ffeee8e5368:   00007ffeee8e53d8 000000010c9aeffd
0x00007ffeee8e5378:   00007ff003490870 00000006c0b51778
0x00007ffeee8e5388:   00007feffde91350 00000006c0b51778
0x00007ffeee8e5398:   00007ffeee8e5398 0000000158f4f696
0x00007ffeee8e53a8:   00007ffeee8e53e8 0000000158f4f900 

Instructions: (pc=0x00007fff77cf569d)
0x00007fff77cf567d:   0f 1f 00 48 85 ff 2e 74 62 40 f6 c7 01 2e 75 66
0x00007fff77cf568d:   49 ba f8 ff ff ff ff 7f 00 00 4c 23 17 49 89 f3
0x00007fff77cf569d:   45 23 5a 18 49 c1 e3 04 4d 03 5a 10 49 3b 33 75
0x00007fff77cf56ad:   04 41 ff 63 08 49 83 3b 01 76 0d 49 83 c3 10 49 

Register to memory mapping:

RAX=0x00007ff003490870 is an unknown value
RBX=0x00000001241a2450: Java_jogamp_nativewindow_macosx_OSXUtil_GetScreenRefreshRate0+0x1cf0 in /private/var/folders/pt/gmp3zg_n0fv1_5_mkh2b9j80003h5j/T/jogamp_0000/file_cache/jln4160376395789188749/jln5415969723776768742/libnativewindow_macosx.jnilib at 0x000000012419b000
RCX=0x0000000000000001 is an unknown value
RDX=0x0000000000000000 is an unknown value
RSP=0x00007ffeee8e51b8 is pointing into the stack for thread: 0x00007fefff951800
RBP=0x00007ffeee8e5270 is pointing into the stack for thread: 0x00007fefff951800
RSI=0x00007fff4b6f2537: GCC_except_table7+0x9e9b in /System/Library/Frameworks/AppKit.framework/Versions/C/AppKit at 0x00007fff4ab4b000
RDI=0x00007feffde91350 is an unknown value
R8 =0x0000000000000001 is an unknown value
R9 =0x0000000000000000 is an unknown value
R10=0x0000000000000000 is an unknown value
R11=0x00007fff4b6f2537: GCC_except_table7+0x9e9b in /System/Library/Frameworks/AppKit.framework/Versions/C/AppKit at 0x00007fff4ab4b000
R12=0x0000000000000000 is an unknown value
R13={method} {0x0000000151dde6d0} 'UnsetJAWTRootSurfaceLayer0' '(JJ)V' in 'jogamp/nativewindow/jawt/macosx/MacOSXJAWTWindow'
R14=0x00000001241a2440: Java_jogamp_nativewindow_macosx_OSXUtil_GetScreenRefreshRate0+0x1ce0 in /private/var/folders/pt/gmp3zg_n0fv1_5_mkh2b9j80003h5j/T/jogamp_0000/file_cache/jln4160376395789188749/jln5415969723776768742/libnativewindow_macosx.jnilib at 0x000000012419b000
R15=0x00007fefff951800 is a thread


Stack: [0x00007ffeee0ea000,0x00007ffeee8ea000],  sp=0x00007ffeee8e51b8,  free space=8172k
Native frames: (J=compiled Java code, j=interpreted, Vv=VM code, C=native code)
C  [libobjc.A.dylib+0x669d]  objc_msgSend+0x1d
j  jogamp.nativewindow.jawt.macosx.MacOSXJAWTWindow.UnsetJAWTRootSurfaceLayer0(JJ)V+0
j  jogamp.nativewindow.jawt.macosx.MacOSXJAWTWindow.access$200(JJ)V+2
j  jogamp.nativewindow.jawt.macosx.MacOSXJAWTWindow$1.run()V+38
J 2660 C1 com.jogamp.common.util.RunnableTask.run()V (345 bytes) @ 0x000000010d44c974 [0x000000010d44c7e0+0x194]
v  ~StubRoutines::call_stub
V  [libjvm.dylib+0x2e3fa7]
V  [libjvm.dylib+0x2ff139]
V  [libjvm.dylib+0x2f13d1]
C  [libnativewindow_macosx.jnilib+0x5326]  Java_jogamp_nativewindow_jawt_macosx_MacOSXJAWTWindow_UnsetJAWTRootSurfaceLayer0+0x2b6
C  [Foundation+0xb0302]  __NSThreadPerformPerform+0x148
C  [CoreFoundation+0x57e33]  __CFRUNLOOP_IS_CALLING_OUT_TO_A_SOURCE0_PERFORM_FUNCTION__+0x11
C  [CoreFoundation+0x57dd9]  __CFRunLoopDoSource0+0x6c
C  [CoreFoundation+0x3b7f3]  __CFRunLoopDoSources0+0x11b
C  [CoreFoundation+0x3ad65]  __CFRunLoopRun+0x4a5
C  [CoreFoundation+0x3a66e]  CFRunLoopRunSpecific+0x1c7
C  [HIToolbox+0xb1ab]  RunCurrentEventLoopInMode+0x124
C  [HIToolbox+0xaded]  ReceiveNextEventCommon+0x163
C  [HIToolbox+0xac76]  _BlockUntilNextEventMatchingListInModeWithFilter+0x40
C  [AppKit+0x1a77d]  _DPSNextEvent+0x46f
C  [AppKit+0x1946b]  -[NSApplication(NSEvent) _nextEventMatchingEventMask:untilDate:inMode:dequeue:]+0x551
C  [libosxapp.dylib+0x2328]  -[NSApplicationAWT nextEventMatchingMask:untilDate:inMode:dequeue:]+0x7c
C  [AppKit+0x13588]  -[NSApplication run]+0x2bb
C  [libosxapp.dylib+0x1f72]  +[NSApplicationAWT runAWTLoopWithApp:]+0x9c
C  [libawt_lwawt.dylib+0x4711f]  -[AWTStarter starter:]+0x389
C  [Foundation+0xb0302]  __NSThreadPerformPerform+0x148
C  [CoreFoundation+0x57e33]  __CFRUNLOOP_IS_CALLING_OUT_TO_A_SOURCE0_PERFORM_FUNCTION__+0x11
C  [CoreFoundation+0x57dd9]  __CFRunLoopDoSource0+0x6c
C  [CoreFoundation+0x3b79b]  __CFRunLoopDoSources0+0xc3
C  [CoreFoundation+0x3ad65]  __CFRunLoopRun+0x4a5
C  [CoreFoundation+0x3a66e]  CFRunLoopRunSpecific+0x1c7
C  [java+0x646e]  CreateExecutionEnvironment+0x367
C  [java+0x203c]  JLI_Launch+0x7a0
C  [java+0x84d2]  main+0x6c
C  [java+0x1894]  start+0x34
C  0x0000000000000007

Java frames: (J=compiled Java code, j=interpreted, Vv=VM code)
j  jogamp.nativewindow.jawt.macosx.MacOSXJAWTWindow.UnsetJAWTRootSurfaceLayer0(JJ)V+0
j  jogamp.nativewindow.jawt.macosx.MacOSXJAWTWindow.access$200(JJ)V+2
j  jogamp.nativewindow.jawt.macosx.MacOSXJAWTWindow$1.run()V+38
J 2660 C1 com.jogamp.common.util.RunnableTask.run()V (345 bytes) @ 0x000000010d44c974 [0x000000010d44c7e0+0x194]
v  ~StubRoutines::call_stub

---------------  P R O C E S S  ---------------

Java Threads: ( => current thread )
  0x00007fefffa01800 JavaThread "Thread-20" [_thread_blocked, id=89203, stack(0x0000700002fec000,0x00007000030ec000)]
  0x00007feffe166000 JavaThread "AWT-EventQueue-1" [_thread_blocked, id=62743, stack(0x0000700002e66000,0x0000700002f66000)]
  0x00007ff000e30800 JavaThread "DestroyJavaVM" [_thread_blocked, id=5891, stack(0x0000700001103000,0x0000700001203000)]
  0x00007fefff9e5800 JavaThread "AWT-EventQueue-0" [_thread_blocked, id=60679, stack(0x0000700002c60000,0x0000700002d60000)]
  0x00007ff002026800 JavaThread "Java2D Disposer" daemon [_thread_blocked, id=53795, stack(0x00007000029d7000,0x0000700002ad7000)]
  0x00007fefff96d000 JavaThread "Java2D Queue Flusher" daemon [_thread_blocked, id=47375, stack(0x00007000028d4000,0x00007000029d4000)]
  0x00007fefff967000 JavaThread "AWT-Shutdown" [_thread_blocked, id=39211, stack(0x000070000243c000,0x000070000253c000)]
=>0x00007fefff951800 JavaThread "AWT-AppKit" daemon [_thread_in_native, id=775, stack(0x00007ffeee0ea000,0x00007ffeee8ea000)]
  0x00007ff001000000 JavaThread "Service Thread" daemon [_thread_blocked, id=16643, stack(0x0000700002236000,0x0000700002336000)]
  0x00007feffe817800 JavaThread "C1 CompilerThread3" daemon [_thread_blocked, id=15363, stack(0x0000700002133000,0x0000700002233000)]
  0x00007feffe816800 JavaThread "C2 CompilerThread2" daemon [_thread_blocked, id=15107, stack(0x0000700002030000,0x0000700002130000)]
  0x00007feffe816000 JavaThread "C2 CompilerThread1" daemon [_thread_blocked, id=17411, stack(0x0000700001f2d000,0x000070000202d000)]
  0x00007fefff82c000 JavaThread "C2 CompilerThread0" daemon [_thread_blocked, id=14851, stack(0x0000700001e2a000,0x0000700001f2a000)]
  0x00007fefff828800 JavaThread "Signal Dispatcher" daemon [_thread_blocked, id=14595, stack(0x0000700001d27000,0x0000700001e27000)]
  0x00007ff000002800 JavaThread "Finalizer" daemon [_thread_blocked, id=13059, stack(0x0000700001c24000,0x0000700001d24000)]
  0x00007ff001803000 JavaThread "Reference Handler" daemon [_thread_blocked, id=12803, stack(0x0000700001b21000,0x0000700001c21000)]

Other Threads:
  0x00007ff000828000 VMThread [stack: 0x0000700001a1e000,0x0000700001b1e000] [id=12291]
  0x00007fefff829800 WatcherThread [stack: 0x0000700002339000,0x0000700002439000] [id=16131]

VM state:not at safepoint (normal execution)

VM Mutex/Monitor currently owned by a thread: None

heap address: 0x00000006c0000000, size: 4096 MB, Compressed Oops mode: Zero based, Oop shift amount: 3
Narrow klass base: 0x0000000000000000, Narrow klass shift: 3
Compressed class space size: 1073741824 Address: 0x00000007c0000000

Heap:
 PSYoungGen      total 76288K, used 48420K [0x000000076ab00000, 0x0000000772c80000, 0x00000007c0000000)
  eden space 65536K, 57% used [0x000000076ab00000,0x000000076cfd7c70,0x000000076eb00000)
  from space 10752K, 99% used [0x000000076eb00000,0x000000076f571758,0x000000076f580000)
  to   space 10752K, 0% used [0x0000000772200000,0x0000000772200000,0x0000000772c80000)
 ParOldGen       total 107520K, used 17417K [0x00000006c0000000, 0x00000006c6900000, 0x000000076ab00000)
  object space 107520K, 16% used [0x00000006c0000000,0x00000006c1102518,0x00000006c6900000)
 Metaspace       used 27363K, capacity 27691K, committed 27904K, reserved 1075200K
  class space    used 2134K, capacity 2247K, committed 2304K, reserved 1048576K

Card table byte_map: [0x0000000103336000,0x0000000103b37000] byte_map_base: 0x00000000ffd36000

Marking Bits: (ParMarkBitMap*) 0x0000000102c9f5b0
 Begin Bits: [0x000000010408d000, 0x000000010808d000)
 End Bits:   [0x000000010808d000, 0x000000010c08d000)

Polling page: 0x00000001013e0000

CodeCache: size=245760Kb used=11503Kb max_used=11503Kb free=234256Kb
 bounds [0x000000010c9a7000, 0x000000010d4f7000, 0x000000011b9a7000]
 total_blobs=3729 nmethods=2810 adapters=833
 compilation: enabled

Compilation events (10 events):
Event: 9.766 Thread 0x00007feffe817800 2853       3       java.util.concurrent.locks.AbstractQueuedSynchronizer::enq (58 bytes)
Event: 9.766 Thread 0x00007feffe817800 nmethod 2853 0x000000010d4e9390 code [0x000000010d4e9520, 0x000000010d4e9a70]
Event: 9.766 Thread 0x00007feffe817800 2852       3       java.util.IdentityHashMap::hash (18 bytes)
Event: 9.766 Thread 0x00007feffe817800 nmethod 2852 0x000000010d4e9c90 code [0x000000010d4e9e00, 0x000000010d4e9f88]
Event: 9.766 Thread 0x00007feffe817800 2854       3       java.util.concurrent.locks.AbstractQueuedSynchronizer$ConditionObject::addConditionWaiter (64 bytes)
Event: 9.767 Thread 0x00007feffe817800 nmethod 2854 0x000000010d4ea010 code [0x000000010d4ea1a0, 0x000000010d4ea5e8]
Event: 9.767 Thread 0x00007feffe817800 2855       3       java.util.concurrent.locks.AbstractQueuedSynchronizer$Node::<init> (15 bytes)
Event: 9.767 Thread 0x00007feffe817800 nmethod 2855 0x000000010d4ea790 code [0x000000010d4ea900, 0x000000010d4eaad0]
Event: 9.767 Thread 0x00007feffe817800 2856   !   3       java.util.concurrent.locks.AbstractQueuedSynchronizer::fullyRelease (54 bytes)
Event: 9.767 Thread 0x00007feffe817800 nmethod 2856 0x000000010d4eab90 code [0x000000010d4ead40, 0x000000010d4eb328]

GC Heap History (8 events):
Event: 3.306 GC heap before
{Heap before GC invocations=1 (full 0):
 PSYoungGen      total 76288K, used 64727K [0x000000076ab00000, 0x0000000770000000, 0x00000007c0000000)
  eden space 65536K, 98% used [0x000000076ab00000,0x000000076ea35f48,0x000000076eb00000)
  from space 10752K, 0% used [0x000000076f580000,0x000000076f580000,0x0000000770000000)
  to   space 10752K, 0% used [0x000000076eb00000,0x000000076eb00000,0x000000076f580000)
 ParOldGen       total 175104K, used 0K [0x00000006c0000000, 0x00000006cab00000, 0x000000076ab00000)
  object space 175104K, 0% used [0x00000006c0000000,0x00000006c0000000,0x00000006cab00000)
 Metaspace       used 19201K, capacity 19579K, committed 19840K, reserved 1067008K
  class space    used 1920K, capacity 2052K, committed 2176K, reserved 1048576K
Event: 3.315 GC heap after
Heap after GC invocations=1 (full 0):
 PSYoungGen      total 76288K, used 10736K [0x000000076ab00000, 0x0000000770000000, 0x00000007c0000000)
  eden space 65536K, 0% used [0x000000076ab00000,0x000000076ab00000,0x000000076eb00000)
  from space 10752K, 99% used [0x000000076eb00000,0x000000076f57c210,0x000000076f580000)
  to   space 10752K, 0% used [0x000000076f580000,0x000000076f580000,0x0000000770000000)
 ParOldGen       total 175104K, used 474K [0x00000006c0000000, 0x00000006cab00000, 0x000000076ab00000)
  object space 175104K, 0% used [0x00000006c0000000,0x00000006c0076960,0x00000006cab00000)
 Metaspace       used 19201K, capacity 19579K, committed 19840K, reserved 1067008K
  class space    used 1920K, capacity 2052K, committed 2176K, reserved 1048576K
}
Event: 3.447 GC heap before
{Heap before GC invocations=2 (full 0):
 PSYoungGen      total 76288K, used 35635K [0x000000076ab00000, 0x0000000770000000, 0x00000007c0000000)
  eden space 65536K, 37% used [0x000000076ab00000,0x000000076c350d70,0x000000076eb00000)
  from space 10752K, 99% used [0x000000076eb00000,0x000000076f57c210,0x000000076f580000)
  to   space 10752K, 0% used [0x000000076f580000,0x000000076f580000,0x0000000770000000)
 ParOldGen       total 175104K, used 474K [0x00000006c0000000, 0x00000006cab00000, 0x000000076ab00000)
  object space 175104K, 0% used [0x00000006c0000000,0x00000006c0076960,0x00000006cab00000)
 Metaspace       used 20893K, capacity 21168K, committed 21296K, reserved 1069056K
  class space    used 1985K, capacity 2084K, committed 2176K, reserved 1048576K
Event: 3.455 GC heap after
Heap after GC invocations=2 (full 0):
 PSYoungGen      total 76288K, used 10738K [0x000000076ab00000, 0x0000000774000000, 0x00000007c0000000)
  eden space 65536K, 0% used [0x000000076ab00000,0x000000076ab00000,0x000000076eb00000)
  from space 10752K, 99% used [0x000000076f580000,0x000000076fffc8d0,0x0000000770000000)
  to   space 10752K, 0% used [0x000000076eb00000,0x000000076eb00000,0x000000076f580000)
 ParOldGen       total 175104K, used 7164K [0x00000006c0000000, 0x00000006cab00000, 0x000000076ab00000)
  object space 175104K, 4% used [0x00000006c0000000,0x00000006c06ff088,0x00000006cab00000)
 Metaspace       used 20893K, capacity 21168K, committed 21296K, reserved 1069056K
  class space    used 1985K, capacity 2084K, committed 2176K, reserved 1048576K
}
Event: 3.455 GC heap before
{Heap before GC invocations=3 (full 1):
 PSYoungGen      total 76288K, used 10738K [0x000000076ab00000, 0x0000000774000000, 0x00000007c0000000)
  eden space 65536K, 0% used [0x000000076ab00000,0x000000076ab00000,0x000000076eb00000)
  from space 10752K, 99% used [0x000000076f580000,0x000000076fffc8d0,0x0000000770000000)
  to   space 10752K, 0% used [0x000000076eb00000,0x000000076eb00000,0x000000076f580000)
 ParOldGen       total 175104K, used 7164K [0x00000006c0000000, 0x00000006cab00000, 0x000000076ab00000)
  object space 175104K, 4% used [0x00000006c0000000,0x00000006c06ff088,0x00000006cab00000)
 Metaspace       used 20893K, capacity 21168K, committed 21296K, reserved 1069056K
  class space    used 1985K, capacity 2084K, committed 2176K, reserved 1048576K
Event: 3.489 GC heap after
Heap after GC invocations=3 (full 1):
 PSYoungGen      total 76288K, used 0K [0x000000076ab00000, 0x0000000774000000, 0x00000007c0000000)
  eden space 65536K, 0% used [0x000000076ab00000,0x000000076ab00000,0x000000076eb00000)
  from space 10752K, 0% used [0x000000076f580000,0x000000076f580000,0x0000000770000000)
  to   space 10752K, 0% used [0x000000076eb00000,0x000000076eb00000,0x000000076f580000)
 ParOldGen       total 107520K, used 17409K [0x00000006c0000000, 0x00000006c6900000, 0x000000076ab00000)
  object space 107520K, 16% used [0x00000006c0000000,0x00000006c1100518,0x00000006c6900000)
 Metaspace       used 20893K, capacity 21168K, committed 21296K, reserved 1069056K
  class space    used 1985K, capacity 2084K, committed 2176K, reserved 1048576K
}
Event: 6.165 GC heap before
{Heap before GC invocations=4 (full 1):
 PSYoungGen      total 76288K, used 65536K [0x000000076ab00000, 0x0000000774000000, 0x00000007c0000000)
  eden space 65536K, 100% used [0x000000076ab00000,0x000000076eb00000,0x000000076eb00000)
  from space 10752K, 0% used [0x000000076f580000,0x000000076f580000,0x0000000770000000)
  to   space 10752K, 0% used [0x000000076eb00000,0x000000076eb00000,0x000000076f580000)
 ParOldGen       total 107520K, used 17409K [0x00000006c0000000, 0x00000006c6900000, 0x000000076ab00000)
  object space 107520K, 16% used [0x00000006c0000000,0x00000006c1100518,0x00000006c6900000)
 Metaspace       used 27035K, capacity 27335K, committed 27648K, reserved 1075200K
  class space    used 2118K, capacity 2213K, committed 2304K, reserved 1048576K
Event: 6.170 GC heap after
Heap after GC invocations=4 (full 1):
 PSYoungGen      total 76288K, used 10693K [0x000000076ab00000, 0x0000000772c80000, 0x00000007c0000000)
  eden space 65536K, 0% used [0x000000076ab00000,0x000000076ab00000,0x000000076eb00000)
  from space 10752K, 99% used [0x000000076eb00000,0x000000076f571758,0x000000076f580000)
  to   space 10752K, 0% used [0x0000000772200000,0x0000000772200000,0x0000000772c80000)
 ParOldGen       total 107520K, used 17417K [0x00000006c0000000, 0x00000006c6900000, 0x000000076ab00000)
  object space 107520K, 16% used [0x00000006c0000000,0x00000006c1102518,0x00000006c6900000)
 Metaspace       used 27035K, capacity 27335K, committed 27648K, reserved 1075200K
  class space    used 2118K, capacity 2213K, committed 2304K, reserved 1048576K
}

Deoptimization events (10 events):
Event: 4.199 Thread 0x00007ff0011a5000 Uncommon trap: reason=unstable_if action=reinterpret pc=0x000000010cd23ea0 method=sun.nio.fs.UnixPath.normalizeAndCheck(Ljava/lang/String;)Ljava/lang/String; @ 61
Event: 4.446 Thread 0x00007feffe166000 Uncommon trap: reason=unstable_if action=reinterpret pc=0x000000010d042f30 method=processing.opengl.PGraphicsOpenGL$TessGeometry.polyIndexCheck(I)V @ 13
Event: 4.497 Thread 0x00007feffe166000 Uncommon trap: reason=unstable_if action=reinterpret pc=0x000000010d03eba0 method=processing.opengl.PGraphicsOpenGL$TessGeometry.polyVertexCheck(I)V @ 15
Event: 9.728 Thread 0x00007feffe166000 Uncommon trap: reason=unstable_if action=reinterpret pc=0x000000010d1fa0a8 method=com.jogamp.common.util.VersionNumber.compareTo(Lcom/jogamp/common/util/VersionNumber;)I @ 21
Event: 9.729 Thread 0x00007feffe105800 Uncommon trap: reason=unstable_if action=reinterpret pc=0x000000010cb09fe4 method=java.security.AccessControlContext.combine([Ljava/security/ProtectionDomain;[Ljava/security/ProtectionDomain;)[Ljava/security/ProtectionDomain; @ 151
Event: 9.730 Thread 0x00007fefff9e5800 Uncommon trap: reason=unstable_if action=reinterpret pc=0x000000010d30737c method=java.awt.font.FontRenderContext.equals(Ljava/awt/font/FontRenderContext;)Z @ 2
Event: 9.744 Thread 0x00007feffe105800 Uncommon trap: reason=unstable_if action=reinterpret pc=0x000000010cfbb7c8 method=java.util.HashMap.putVal(ILjava/lang/Object;Ljava/lang/Object;ZZ)Ljava/lang/Object; @ 81
Event: 9.744 Thread 0x00007feffe105800 Uncommon trap: reason=unstable_if action=reinterpret pc=0x000000010cf6e714 method=java.util.HashMap.putVal(ILjava/lang/Object;Ljava/lang/Object;ZZ)Ljava/lang/Object; @ 81
Event: 9.744 Thread 0x00007fefff9e5800 Uncommon trap: reason=unstable_if action=reinterpret pc=0x000000010d2fedf8 method=java.awt.font.FontRenderContext.equals(Ljava/awt/font/FontRenderContext;)Z @ 2
Event: 9.761 Thread 0x00007fefffa01800 Uncommon trap: reason=predicate action=maybe_recompile pc=0x000000010d32c9e8 method=java.util.Vector.indexOf(Ljava/lang/Object;I)I @ 44

Classes redefined (0 events):
No events

Internal exceptions (10 events):
Event: 0.414 Thread 0x00007ff001001000 Exception <a 'java/io/FileNotFoundException'> (0x000000076ae30240) thrown at [/Users/jenkins/workspace/build-scripts/jobs/jdk8u/jdk8u-mac-x64-hotspot/workspace/build/src/hotspot/src/share/vm/prims/jni.cpp, line 710]
Event: 0.920 Thread 0x00007fefff951800 Exception <a 'java/lang/ClassNotFoundException': sun/dc/DuctusRenderingEngine> (0x000000076aedfaf8) thrown at [/Users/jenkins/workspace/build-scripts/jobs/jdk8u/jdk8u-mac-x64-hotspot/workspace/build/src/hotspot/src/share/vm/classfile/systemDictionary.cpp,
Event: 1.044 Thread 0x00007ff001001000 Exception <a 'java/io/FileNotFoundException'> (0x000000076aeb9318) thrown at [/Users/jenkins/workspace/build-scripts/jobs/jdk8u/jdk8u-mac-x64-hotspot/workspace/build/src/hotspot/src/share/vm/prims/jni.cpp, line 710]
Event: 2.182 Thread 0x00007fefffaf9800 Exception <a 'java/lang/UnsatisfiedLinkError': com.jogamp.common.util.JarUtil.fixNativeLibAttribs(Ljava/lang/String;)Z> (0x000000076c5f3070) thrown at [/Users/jenkins/workspace/build-scripts/jobs/jdk8u/jdk8u-mac-x64-hotspot/workspace/build/src/hotspot/src
Event: 3.027 Thread 0x00007feffe166000 Exception <a 'java/io/FileNotFoundException'> (0x000000076d6a3280) thrown at [/Users/jenkins/workspace/build-scripts/jobs/jdk8u/jdk8u-mac-x64-hotspot/workspace/build/src/hotspot/src/share/vm/prims/jni.cpp, line 710]
Event: 3.027 Thread 0x00007feffe166000 Exception <a 'java/io/FileNotFoundException'> (0x000000076d6ab108) thrown at [/Users/jenkins/workspace/build-scripts/jobs/jdk8u/jdk8u-mac-x64-hotspot/workspace/build/src/hotspot/src/share/vm/prims/jni.cpp, line 710]
Event: 3.028 Thread 0x00007feffe166000 Implicit null exception at 0x000000010cb96ff4 to 0x000000010cb973ed
Event: 3.317 Thread 0x00007ff000002800 Exception <a 'java/lang/NullPointerException'> (0x000000076aeaef80) thrown at [/Users/jenkins/workspace/build-scripts/jobs/jdk8u/jdk8u-mac-x64-hotspot/workspace/build/src/hotspot/src/share/vm/interpreter/linkResolver.cpp, line 1185]
Event: 3.365 Thread 0x00007feffe166000 Implicit null exception at 0x000000010cd7e4c6 to 0x000000010cd7e70d
Event: 3.394 Thread 0x00007fefffff4800 Implicit null exception at 0x000000010cb9ac75 to 0x000000010cb9b035

Events (10 events):
Event: 9.766 Thread 0x00007feffeb5d000 Thread exited: 0x00007feffeb5d000
Event: 9.766 loading class java/nio/channels/ClosedChannelException done
Event: 9.766 Thread 0x00007ff0018ba000 Thread exited: 0x00007ff0018ba000
Event: 9.767 loading class com/jogamp/nativewindow/egl/EGLGraphicsDevice$EGLDisplayLifecycleCallback
Event: 9.767 loading class com/jogamp/nativewindow/egl/EGLGraphicsDevice$EGLDisplayLifecycleCallback done
Event: 9.767 Executing VM operation: RevokeBias
Event: 9.767 Executing VM operation: RevokeBias done
Event: 9.768 loading class jogamp/opengl/egl/EGLDisplayUtil$1
Event: 9.768 loading class jogamp/opengl/egl/EGLDisplayUtil$1 done
Event: 9.768 Thread 0x00007ff0069e3800 Thread exited: 0x00007ff0069e3800


Dynamic libraries:
0x00007fff4ccc0000 	/System/Library/Frameworks/Cocoa.framework/Versions/A/Cocoa
0x00007fff58a6e000 	/System/Library/Frameworks/Security.framework/Versions/A/Security
0x00007fff4b952000 	/System/Library/Frameworks/ApplicationServices.framework/Versions/A/ApplicationServices
0x00007fff78b5f000 	/usr/lib/libz.1.dylib
0x00007fff764b6000 	/usr/lib/libSystem.B.dylib
0x00007fff77cef000 	/usr/lib/libobjc.A.dylib
0x00007fff4f7b9000 	/System/Library/Frameworks/Foundation.framework/Versions/C/Foundation
0x00007fff4d535000 	/System/Library/Frameworks/CoreFoundation.framework/Versions/A/CoreFoundation
0x0000000101338000 	/Library/Application Support/Cylance/Desktop/CyMemDef.dylib
0x00007fff4ab4b000 	/System/Library/Frameworks/AppKit.framework/Versions/C/AppKit
0x00007fff4d0be000 	/System/Library/Frameworks/CoreData.framework/Versions/A/CoreData
0x00007fff6ff7b000 	/System/Library/PrivateFrameworks/RemoteViewServices.framework/Versions/A/RemoteViewServices
0x00007fff741f2000 	/System/Library/PrivateFrameworks/UIFoundation.framework/Versions/A/UIFoundation
0x00007fff758d7000 	/System/Library/PrivateFrameworks/XCTTargetBootstrap.framework/Versions/A/XCTTargetBootstrap
0x00007fff4d444000 	/System/Library/Frameworks/CoreDisplay.framework/Versions/A/CoreDisplay
0x00007fff6acb5000 	/System/Library/PrivateFrameworks/IconServices.framework/Versions/A/IconServices
0x00007fff520db000 	/System/Library/Frameworks/Metal.framework/Versions/A/Metal
0x00007fff621f9000 	/System/Library/PrivateFrameworks/DesktopServicesPriv.framework/Versions/A/DesktopServicesPriv
0x00007fff77052000 	/usr/lib/libenergytrace.dylib
0x00007fff726d9000 	/System/Library/PrivateFrameworks/SkyLight.framework/Versions/A/SkyLight
0x00007fff4d97c000 	/System/Library/Frameworks/CoreGraphics.framework/Versions/A/CoreGraphics
0x00007fff49917000 	/System/Library/Frameworks/Accelerate.framework/Versions/A/Accelerate
0x00007fff4ff02000 	/System/Library/Frameworks/IOSurface.framework/Versions/A/IOSurface
0x00007fff62065000 	/System/Library/PrivateFrameworks/DFRFoundation.framework/Versions/A/DFRFoundation
0x00007fff4be35000 	/System/Library/Frameworks/AudioToolbox.framework/Versions/A/AudioToolbox
0x00007fff4c0ae000 	/System/Library/Frameworks/AudioUnit.framework/Versions/A/AudioUnit
0x00007fff620fa000 	/System/Library/PrivateFrameworks/DataDetectorsCore.framework/Versions/A/DataDetectorsCore
0x00007fff4c7c3000 	/System/Library/Frameworks/Carbon.framework/Versions/A/Frameworks/HIToolbox.framework/Versions/A/HIToolbox
0x00007fff771ab000 	/usr/lib/libicucore.A.dylib
0x00007fff57fe1000 	/System/Library/Frameworks/QuartzCore.framework/Versions/A/QuartzCore
0x00007fff4cb98000 	/System/Library/Frameworks/Carbon.framework/Versions/A/Frameworks/SpeechRecognition.framework/Versions/A/SpeechRecognition
0x00007fff7660a000 	/usr/lib/libauto.dylib
0x00007fff78a52000 	/usr/lib/libxml2.2.dylib
0x00007fff61c40000 	/System/Library/PrivateFrameworks/CoreUI.framework/Versions/A/CoreUI
0x00007fff4cfa9000 	/System/Library/Frameworks/CoreAudio.framework/Versions/A/CoreAudio
0x00007fff4f5ee000 	/System/Library/Frameworks/DiskArbitration.framework/Versions/A/DiskArbitration
0x00007fff77459000 	/usr/lib/liblangid.dylib
0x00007fff6c0c0000 	/System/Library/PrivateFrameworks/MultitouchSupport.framework/Versions/A/MultitouchSupport
0x00007fff4fe71000 	/System/Library/Frameworks/IOKit.framework/Versions/A/IOKit
0x00007fff76076000 	/usr/lib/libDiagnosticMessagesClient.dylib
0x00007fff4e78c000 	/System/Library/Frameworks/CoreServices.framework/Versions/A/CoreServices
0x00007fff6dd7a000 	/System/Library/PrivateFrameworks/PerformanceAnalysis.framework/Versions/A/PerformanceAnalysis
0x00007fff571c8000 	/System/Library/Frameworks/OpenGL.framework/Versions/A/OpenGL
0x00007fff4ccce000 	/System/Library/Frameworks/ColorSync.framework/Versions/A/ColorSync
0x00007fff4e00e000 	/System/Library/Frameworks/CoreImage.framework/Versions/A/CoreImage
0x00007fff4f164000 	/System/Library/Frameworks/CoreText.framework/Versions/A/CoreText
0x00007fff4ff65000 	/System/Library/Frameworks/ImageIO.framework/Versions/A/ImageIO
0x00007fff5e292000 	/System/Library/PrivateFrameworks/Backup.framework/Versions/A/Backup
0x00007fff7655d000 	/usr/lib/libarchive.2.dylib
0x00007fff4c407000 	/System/Library/Frameworks/CFNetwork.framework/Versions/A/CFNetwork
0x00007fff591ca000 	/System/Library/Frameworks/SystemConfiguration.framework/Versions/A/SystemConfiguration
0x00007fff75fa7000 	/usr/lib/libCRFSuite.dylib
0x00007fff766fb000 	/usr/lib/libc++.1.dylib
0x00007fff7674f000 	/usr/lib/libc++abi.dylib
0x00007fff79355000 	/usr/lib/system/libcache.dylib
0x00007fff7935a000 	/usr/lib/system/libcommonCrypto.dylib
0x00007fff79365000 	/usr/lib/system/libcompiler_rt.dylib
0x00007fff7936d000 	/usr/lib/system/libcopyfile.dylib
0x00007fff79377000 	/usr/lib/system/libcorecrypto.dylib
0x00007fff79482000 	/usr/lib/system/libdispatch.dylib
0x00007fff794bc000 	/usr/lib/system/libdyld.dylib
0x00007fff794e9000 	/usr/lib/system/libkeymgr.dylib
0x00007fff794f7000 	/usr/lib/system/liblaunch.dylib
0x00007fff794f8000 	/usr/lib/system/libmacho.dylib
0x00007fff794fe000 	/usr/lib/system/libquarantine.dylib
0x00007fff79501000 	/usr/lib/system/libremovefile.dylib
0x00007fff79503000 	/usr/lib/system/libsystem_asl.dylib
0x00007fff7951b000 	/usr/lib/system/libsystem_blocks.dylib
0x00007fff7951c000 	/usr/lib/system/libsystem_c.dylib
0x00007fff795a4000 	/usr/lib/system/libsystem_configuration.dylib
0x00007fff795a8000 	/usr/lib/system/libsystem_coreservices.dylib
0x00007fff795ac000 	/usr/lib/system/libsystem_darwin.dylib
0x00007fff795b3000 	/usr/lib/system/libsystem_dnssd.dylib
0x00007fff795ba000 	/usr/lib/system/libsystem_info.dylib
0x00007fff7962f000 	/usr/lib/system/libsystem_m.dylib
0x00007fff7967b000 	/usr/lib/system/libsystem_malloc.dylib
0x00007fff796a6000 	/usr/lib/system/libsystem_networkextension.dylib
0x00007fff796b1000 	/usr/lib/system/libsystem_notify.dylib
0x00007fff796ce000 	/usr/lib/system/libsystem_sandbox.dylib
0x00007fff796d2000 	/usr/lib/system/libsystem_secinit.dylib
0x00007fff79606000 	/usr/lib/system/libsystem_kernel.dylib
0x00007fff796b9000 	/usr/lib/system/libsystem_platform.dylib
0x00007fff796c3000 	/usr/lib/system/libsystem_pthread.dylib
0x00007fff796d5000 	/usr/lib/system/libsystem_symptoms.dylib
0x00007fff796dd000 	/usr/lib/system/libsystem_trace.dylib
0x00007fff796f4000 	/usr/lib/system/libunwind.dylib
0x00007fff796fa000 	/usr/lib/system/libxpc.dylib
0x00007fff766dc000 	/usr/lib/libbsm.0.dylib
0x00007fff794ea000 	/usr/lib/system/libkxld.dylib
0x00007fff5d683000 	/System/Library/PrivateFrameworks/AppleFSCompression.framework/Versions/A/AppleFSCompression
0x00007fff76376000 	/usr/lib/libOpenScriptingUtil.dylib
0x00007fff76a04000 	/usr/lib/libcoretls.dylib
0x00007fff76a1b000 	/usr/lib/libcoretls_cfhelpers.dylib
0x00007fff78486000 	/usr/lib/libpam.2.dylib
0x00007fff78646000 	/usr/lib/libsqlite3.dylib
0x00007fff78a40000 	/usr/lib/libxar.1.dylib
0x00007fff766ed000 	/usr/lib/libbz2.1.0.dylib
0x00007fff7745b000 	/usr/lib/liblzma.5.dylib
0x00007fff7790c000 	/usr/lib/libnetwork.dylib
0x00007fff76546000 	/usr/lib/libapple_nghttp2.dylib
0x00007fff7848d000 	/usr/lib/libpcap.A.dylib
0x00007fff4eb2b000 	/System/Library/Frameworks/CoreServices.framework/Versions/A/Frameworks/FSEvents.framework/Versions/A/FSEvents
0x00007fff4e80a000 	/System/Library/Frameworks/CoreServices.framework/Versions/A/Frameworks/CarbonCore.framework/Versions/A/CarbonCore
0x00007fff4ece6000 	/System/Library/Frameworks/CoreServices.framework/Versions/A/Frameworks/Metadata.framework/Versions/A/Metadata
0x00007fff4ed85000 	/System/Library/Frameworks/CoreServices.framework/Versions/A/Frameworks/OSServices.framework/Versions/A/OSServices
0x00007fff4edd0000 	/System/Library/Frameworks/CoreServices.framework/Versions/A/Frameworks/SearchKit.framework/Versions/A/SearchKit
0x00007fff4e78d000 	/System/Library/Frameworks/CoreServices.framework/Versions/A/Frameworks/AE.framework/Versions/A/AE
0x00007fff4eb34000 	/System/Library/Frameworks/CoreServices.framework/Versions/A/Frameworks/LaunchServices.framework/Versions/A/LaunchServices
0x00007fff4eae2000 	/System/Library/Frameworks/CoreServices.framework/Versions/A/Frameworks/DictionaryServices.framework/Versions/A/DictionaryServices
0x00007fff4ee38000 	/System/Library/Frameworks/CoreServices.framework/Versions/A/Frameworks/SharedFileList.framework/Versions/A/SharedFileList
0x00007fff531a3000 	/System/Library/Frameworks/NetFS.framework/Versions/A/NetFS
0x00007fff6c326000 	/System/Library/PrivateFrameworks/NetAuth.framework/Versions/A/NetAuth
0x00007fff75cdb000 	/System/Library/PrivateFrameworks/login.framework/Versions/A/Frameworks/loginsupport.framework/Versions/A/loginsupport
0x00007fff73dfb000 	/System/Library/PrivateFrameworks/TCC.framework/Versions/A/TCC
0x00007fff6129d000 	/System/Library/PrivateFrameworks/CoreNLP.framework/Versions/A/CoreNLP
0x00007fff6bdbb000 	/System/Library/PrivateFrameworks/MetadataUtilities.framework/Versions/A/MetadataUtilities
0x00007fff77530000 	/usr/lib/libmecabra.dylib
0x00007fff4b953000 	/System/Library/Frameworks/ApplicationServices.framework/Versions/A/Frameworks/ATS.framework/Versions/A/ATS
0x00007fff4bca2000 	/System/Library/Frameworks/ApplicationServices.framework/Versions/A/Frameworks/ColorSyncLegacy.framework/Versions/A/ColorSyncLegacy
0x00007fff4bd41000 	/System/Library/Frameworks/ApplicationServices.framework/Versions/A/Frameworks/HIServices.framework/Versions/A/HIServices
0x00007fff4bd94000 	/System/Library/Frameworks/ApplicationServices.framework/Versions/A/Frameworks/LangAnalysis.framework/Versions/A/LangAnalysis
0x00007fff4bda4000 	/System/Library/Frameworks/ApplicationServices.framework/Versions/A/Frameworks/PrintCore.framework/Versions/A/PrintCore
0x00007fff4bdee000 	/System/Library/Frameworks/ApplicationServices.framework/Versions/A/Frameworks/QD.framework/Versions/A/QD
0x00007fff4be28000 	/System/Library/Frameworks/ApplicationServices.framework/Versions/A/Frameworks/SpeechSynthesis.framework/Versions/A/SpeechSynthesis
0x00007fff76777000 	/usr/lib/libcompression.dylib
0x00007fff523ab000 	/System/Library/Frameworks/MetalPerformanceShaders.framework/Versions/A/MetalPerformanceShaders
0x00007fff4992f000 	/System/Library/Frameworks/Accelerate.framework/Versions/A/Frameworks/vImage.framework/Versions/A/vImage
0x00007fff4a9a9000 	/System/Library/Frameworks/Accelerate.framework/Versions/A/Frameworks/vecLib.framework/Versions/A/vecLib
0x00007fff4a8f5000 	/System/Library/Frameworks/Accelerate.framework/Versions/A/Frameworks/vecLib.framework/Versions/A/libvMisc.dylib
0x00007fff4a70d000 	/System/Library/Frameworks/Accelerate.framework/Versions/A/Frameworks/vecLib.framework/Versions/A/libvDSP.dylib
0x00007fff49fc9000 	/System/Library/Frameworks/Accelerate.framework/Versions/A/Frameworks/vecLib.framework/Versions/A/libBLAS.dylib
0x00007fff4a2b6000 	/System/Library/Frameworks/Accelerate.framework/Versions/A/Frameworks/vecLib.framework/Versions/A/libLAPACK.dylib
0x00007fff4a660000 	/System/Library/Frameworks/Accelerate.framework/Versions/A/Frameworks/vecLib.framework/Versions/A/libLinearAlgebra.dylib
0x00007fff4a6f9000 	/System/Library/Frameworks/Accelerate.framework/Versions/A/Frameworks/vecLib.framework/Versions/A/libSparseBLAS.dylib
0x00007fff4a676000 	/System/Library/Frameworks/Accelerate.framework/Versions/A/Frameworks/vecLib.framework/Versions/A/libQuadrature.dylib
0x00007fff4a243000 	/System/Library/Frameworks/Accelerate.framework/Versions/A/Frameworks/vecLib.framework/Versions/A/libBNNS.dylib
0x00007fff4a67c000 	/System/Library/Frameworks/Accelerate.framework/Versions/A/Frameworks/vecLib.framework/Versions/A/libSparse.dylib
0x00007fff685eb000 	/System/Library/PrivateFrameworks/GPUWrangler.framework/Versions/A/GPUWrangler
0x00007fff6a8ea000 	/System/Library/PrivateFrameworks/IOAccelerator.framework/Versions/A/IOAccelerator
0x00007fff6a8f5000 	/System/Library/PrivateFrameworks/IOPresentment.framework/Versions/A/IOPresentment
0x00007fff62075000 	/System/Library/PrivateFrameworks/DSExternalDisplay.framework/Versions/A/DSExternalDisplay
0x00007fff5661f000 	/System/Library/Frameworks/OpenGL.framework/Versions/A/Libraries/libCoreFSCache.dylib
0x00007fff5219f000 	/System/Library/Frameworks/MetalPerformanceShaders.framework/Frameworks/MPSCore.framework/Versions/A/MPSCore
0x00007fff521bf000 	/System/Library/Frameworks/MetalPerformanceShaders.framework/Frameworks/MPSImage.framework/Versions/A/MPSImage
0x00007fff52264000 	/System/Library/Frameworks/MetalPerformanceShaders.framework/Frameworks/MPSNeuralNetwork.framework/Versions/A/MPSNeuralNetwork
0x00007fff5223c000 	/System/Library/Frameworks/MetalPerformanceShaders.framework/Frameworks/MPSMatrix.framework/Versions/A/MPSMatrix
0x00007fff52390000 	/System/Library/Frameworks/MetalPerformanceShaders.framework/Frameworks/MPSRayIntersector.framework/Versions/A/MPSRayIntersector
0x00007fff6bde4000 	/System/Library/PrivateFrameworks/MetalTools.framework/Versions/A/MetalTools
0x00007fff5cf2d000 	/System/Library/PrivateFrameworks/AggregateDictionary.framework/Versions/A/AggregateDictionary
0x00007fff76356000 	/usr/lib/libMobileGestalt.dylib
0x00007fff4f2c7000 	/System/Library/Frameworks/CoreVideo.framework/Versions/A/CoreVideo
0x00007fff693fc000 	/System/Library/PrivateFrameworks/GraphVisualizer.framework/Versions/A/GraphVisualizer
0x00007fff6327b000 	/System/Library/PrivateFrameworks/FaceCore.framework/Versions/A/FaceCore
0x00007fff55c4d000 	/System/Library/Frameworks/OpenCL.framework/Versions/A/OpenCL
0x00007fff760ae000 	/usr/lib/libFosl_dynamic.dylib
0x00007fff6cb91000 	/System/Library/PrivateFrameworks/OTSVG.framework/Versions/A/OTSVG
0x00007fff4ba57000 	/System/Library/Frameworks/ApplicationServices.framework/Versions/A/Frameworks/ATS.framework/Versions/A/Resources/libFontParser.dylib
0x00007fff4bb6f000 	/System/Library/Frameworks/ApplicationServices.framework/Versions/A/Frameworks/ATS.framework/Versions/A/Resources/libFontRegistry.dylib
0x00007fff501d4000 	/System/Library/Frameworks/ImageIO.framework/Versions/A/Resources/libJPEG.dylib
0x00007fff504e6000 	/System/Library/Frameworks/ImageIO.framework/Versions/A/Resources/libTIFF.dylib
0x00007fff504bc000 	/System/Library/Frameworks/ImageIO.framework/Versions/A/Resources/libPng.dylib
0x00007fff500f2000 	/System/Library/Frameworks/ImageIO.framework/Versions/A/Resources/libGIF.dylib
0x00007fff500f7000 	/System/Library/Frameworks/ImageIO.framework/Versions/A/Resources/libJP2.dylib
0x00007fff504e3000 	/System/Library/Frameworks/ImageIO.framework/Versions/A/Resources/libRadiance.dylib
0x00007fff5d7da000 	/System/Library/PrivateFrameworks/AppleJPEG.framework/Versions/A/AppleJPEG
0x00007fff5662a000 	/System/Library/Frameworks/OpenGL.framework/Versions/A/Libraries/libGFXShared.dylib
0x00007fff567ed000 	/System/Library/Frameworks/OpenGL.framework/Versions/A/Libraries/libGLU.dylib
0x00007fff56633000 	/System/Library/Frameworks/OpenGL.framework/Versions/A/Libraries/libGL.dylib
0x00007fff5663f000 	/System/Library/Frameworks/OpenGL.framework/Versions/A/Libraries/libGLImage.dylib
0x00007fff5661c000 	/System/Library/Frameworks/OpenGL.framework/Versions/A/Libraries/libCVMSPluginSupport.dylib
0x00007fff56625000 	/System/Library/Frameworks/OpenGL.framework/Versions/A/Libraries/libCoreVMClient.dylib
0x00007fff76ec8000 	/usr/lib/libcups.2.dylib
0x00007fff516a6000 	/System/Library/Frameworks/Kerberos.framework/Versions/A/Kerberos
0x00007fff4fbd5000 	/System/Library/Frameworks/GSS.framework/Versions/A/GSS
0x00007fff785db000 	/usr/lib/libresolv.9.dylib
0x00007fff770ba000 	/usr/lib/libiconv.2.dylib
0x00007fff69571000 	/System/Library/PrivateFrameworks/Heimdal.framework/Versions/A/Heimdal
0x00007fff7708a000 	/usr/lib/libheimdal-asn1.dylib
0x00007fff55cc1000 	/System/Library/Frameworks/OpenDirectory.framework/Versions/A/OpenDirectory
0x00007fff60000000 	/System/Library/PrivateFrameworks/CommonAuth.framework/Versions/A/CommonAuth
0x00007fff55ca5000 	/System/Library/Frameworks/OpenDirectory.framework/Versions/A/Frameworks/CFOpenDirectory.framework/Versions/A/CFOpenDirectory
0x00007fff58d6f000 	/System/Library/Frameworks/SecurityFoundation.framework/Versions/A/SecurityFoundation
0x00007fff5c473000 	/System/Library/PrivateFrameworks/APFS.framework/Versions/A/APFS
0x00007fff78a3c000 	/usr/lib/libutil.dylib
0x00007fff76765000 	/usr/lib/libcharset.1.dylib
0x00007fff5da77000 	/System/Library/PrivateFrameworks/AppleSauce.framework/Versions/A/AppleSauce
0x00007fff5dbf8000 	/System/Library/PrivateFrameworks/AssertionServices.framework/Versions/A/AssertionServices
0x00007fff5e328000 	/System/Library/PrivateFrameworks/BaseBoard.framework/Versions/A/BaseBoard
0x00007fff7748b000 	/usr/lib/libmecab.1.0.0.dylib
0x00007fff77084000 	/usr/lib/libgermantok.dylib
0x00007fff76533000 	/usr/lib/libThaiTokenizer.dylib
0x00007fff75fde000 	/usr/lib/libChineseTokenizer.dylib
0x00007fff6afa2000 	/System/Library/PrivateFrameworks/LanguageModeling.framework/Versions/A/LanguageModeling
0x00007fff60ce2000 	/System/Library/PrivateFrameworks/CoreEmoji.framework/Versions/A/CoreEmoji
0x00007fff6b07e000 	/System/Library/PrivateFrameworks/Lexicon.framework/Versions/A/Lexicon
0x00007fff6b0c1000 	/System/Library/PrivateFrameworks/LinguisticData.framework/Versions/A/LinguisticData
0x00007fff76766000 	/usr/lib/libcmph.dylib
0x00007fff58e2d000 	/System/Library/Frameworks/ServiceManagement.framework/Versions/A/ServiceManagement
0x00007fff5e289000 	/System/Library/PrivateFrameworks/BackgroundTaskManagement.framework/Versions/A/BackgroundTaskManagement
0x00007fff78b36000 	/usr/lib/libxslt.1.dylib
0x00007fff4cac5000 	/System/Library/Frameworks/Carbon.framework/Versions/A/Frameworks/Ink.framework/Versions/A/Ink
0x00007fff7406d000 	/System/Library/PrivateFrameworks/TextureIO.framework/Versions/A/TextureIO
0x00007fff76587000 	/usr/lib/libate.dylib
0x00007fff61fc4000 	/System/Library/PrivateFrameworks/CrashReporterSupport.framework/Versions/A/CrashReporterSupport
0x00007fff717a7000 	/System/Library/PrivateFrameworks/Sharing.framework/Versions/A/Sharing
0x00007fff5dfdb000 	/System/Library/PrivateFrameworks/AuthKit.framework/Versions/A/AuthKit
0x00007fff5d52f000 	/System/Library/PrivateFrameworks/Apple80211.framework/Versions/A/Apple80211
0x00007fff61d6c000 	/System/Library/PrivateFrameworks/CoreUtils.framework/Versions/A/CoreUtils
0x00007fff4f308000 	/System/Library/Frameworks/CoreWLAN.framework/Versions/A/CoreWLAN
0x00007fff4fd04000 	/System/Library/Frameworks/IOBluetooth.framework/Versions/A/IOBluetooth
0x00007fff6fc1b000 	/System/Library/PrivateFrameworks/ProtocolBuffer.framework/Versions/A/ProtocolBuffer
0x00007fff6c01c000 	/System/Library/PrivateFrameworks/MobileKeyBag.framework/Versions/A/MobileKeyBag
0x00007fff615b0000 	/System/Library/PrivateFrameworks/CorePhoneNumbers.framework/Versions/A/CorePhoneNumbers
0x00007fff5d78e000 	/System/Library/PrivateFrameworks/AppleIDAuthSupport.framework/Versions/A/AppleIDAuthSupport
0x00007fff6af75000 	/System/Library/PrivateFrameworks/KeychainCircle.framework/Versions/A/KeychainCircle
0x00007fff6fdd1000 	/System/Library/PrivateFrameworks/ROCKit.framework/Versions/A/ROCKit
0x00007fff61f60000 	/System/Library/PrivateFrameworks/CoreWiFi.framework/Versions/A/CoreWiFi
0x00007fff4d093000 	/System/Library/Frameworks/CoreBluetooth.framework/Versions/A/CoreBluetooth
0x00007fff621bb000 	/System/Library/PrivateFrameworks/DebugSymbols.framework/Versions/A/DebugSymbols
0x00007fff61b2c000 	/System/Library/PrivateFrameworks/CoreSymbolication.framework/Versions/A/CoreSymbolication
0x00007fff73888000 	/System/Library/PrivateFrameworks/Symbolication.framework/Versions/A/Symbolication
0x00007fff7312b000 	/System/Library/PrivateFrameworks/SpeechRecognitionCore.framework/Versions/A/SpeechRecognitionCore
0x0000000102400000 	/Library/Java/JavaVirtualMachines/adoptopenjdk-8.jdk/Contents/Home/jre/lib/server/libjvm.dylib
0x00007fff78917000 	/usr/lib/libstdc++.6.dylib
0x0000000101394000 	/Library/Java/JavaVirtualMachines/adoptopenjdk-8.jdk/Contents/Home/jre/lib/libverify.dylib
0x00000001013a5000 	/Library/Java/JavaVirtualMachines/adoptopenjdk-8.jdk/Contents/Home/jre/lib/libjava.dylib
0x00000001013ea000 	/Library/Java/JavaVirtualMachines/adoptopenjdk-8.jdk/Contents/Home/jre/lib/libzip.dylib
0x000000011e142000 	/Library/Java/JavaVirtualMachines/adoptopenjdk-8.jdk/Contents/Home/jre/lib/libawt.dylib
0x000000011e1f2000 	/Library/Java/JavaVirtualMachines/adoptopenjdk-8.jdk/Contents/Home/jre/lib/./libmlib_image.dylib
0x00007fff5168f000 	/System/Library/Frameworks/JavaVM.framework/Versions/A/Frameworks/JavaNativeFoundation.framework/Versions/A/JavaNativeFoundation
0x00007fff51698000 	/System/Library/Frameworks/JavaVM.framework/Versions/A/Frameworks/JavaRuntimeSupport.framework/Versions/A/JavaRuntimeSupport
0x00007fff516a1000 	/System/Library/Frameworks/JavaVM.framework/Versions/A/JavaVM
0x00007fff6ae94000 	/System/Library/PrivateFrameworks/JavaLaunching.framework/Versions/A/JavaLaunching
0x00007fff4c7be000 	/System/Library/Frameworks/Carbon.framework/Versions/A/Carbon
0x00007fff4c7bf000 	/System/Library/Frameworks/Carbon.framework/Versions/A/Frameworks/CommonPanels.framework/Versions/A/CommonPanels
0x00007fff4cabb000 	/System/Library/Frameworks/Carbon.framework/Versions/A/Frameworks/Help.framework/Versions/A/Help
0x00007fff4cabf000 	/System/Library/Frameworks/Carbon.framework/Versions/A/Frameworks/ImageCapture.framework/Versions/A/ImageCapture
0x00007fff4cb5b000 	/System/Library/Frameworks/Carbon.framework/Versions/A/Frameworks/OpenScripting.framework/Versions/A/OpenScripting
0x00007fff4cb93000 	/System/Library/Frameworks/Carbon.framework/Versions/A/Frameworks/Print.framework/Versions/A/Print
0x00007fff4cb95000 	/System/Library/Frameworks/Carbon.framework/Versions/A/Frameworks/SecurityHI.framework/Versions/A/SecurityHI
0x000000011e2c5000 	/Library/Java/JavaVirtualMachines/adoptopenjdk-8.jdk/Contents/Home/jre/lib/libawt_lwawt.dylib
0x000000011e386000 	/Library/Java/JavaVirtualMachines/adoptopenjdk-8.jdk/Contents/Home/jre/lib/./libosxapp.dylib
0x00007fff4f792000 	/System/Library/Frameworks/ExceptionHandling.framework/Versions/A/ExceptionHandling
0x00007fff61734000 	/System/Library/PrivateFrameworks/CoreServicesInternal.framework/Versions/A/CoreServicesInternal
0x00007fff41c97000 	/System/Library/CoreServices/RawCamera.bundle/Contents/MacOS/RawCamera
0x00007fff6be88000 	/System/Library/PrivateFrameworks/MobileAsset.framework/Versions/A/MobileAsset
0x00007fff737d6000 	/System/Library/PrivateFrameworks/StreamingZip.framework/Versions/A/StreamingZip
0x00007fff51a33000 	/System/Library/Frameworks/MediaToolbox.framework/Versions/A/MediaToolbox
0x00007fff60886000 	/System/Library/PrivateFrameworks/CoreAVCHD.framework/Versions/A/CoreAVCHD
0x00007fff51979000 	/System/Library/Frameworks/MediaAccessibility.framework/Versions/A/MediaAccessibility
0x00007fff6b8e4000 	/System/Library/PrivateFrameworks/Mangrove.framework/Versions/A/Mangrove
0x00007fff4e62b000 	/System/Library/Frameworks/CoreMedia.framework/Versions/A/CoreMedia
0x00007fff59496000 	/System/Library/Frameworks/VideoToolbox.framework/Versions/A/VideoToolbox
0x00007fff604a2000 	/System/Library/PrivateFrameworks/CoreAUC.framework/Versions/A/CoreAUC
0x00007fff78644000 	/usr/lib/libspindump.dylib
0x00007fff5db5d000 	/System/Library/PrivateFrameworks/AppleVA.framework/Versions/A/AppleVA
0x00007fff49918000 	/System/Library/Frameworks/Accelerate.framework/Versions/A/Frameworks/vImage.framework/Versions/A/Libraries/libCGInterfaces.dylib
0x00007fff4bc0b000 	/System/Library/Frameworks/ApplicationServices.framework/Versions/A/Frameworks/ATS.framework/Versions/A/Resources/libTrueTypeScaler.dylib
0x00007fff46ada000 	/System/Library/Extensions/AppleIntelKBLGraphicsMTLDriver.bundle/Contents/MacOS/AppleIntelKBLGraphicsMTLDriver
0x00007fff41ff3000 	/System/Library/Extensions/AMDMTLBronzeDriver.bundle/Contents/MacOS/AMDMTLBronzeDriver
0x00007fff6a8e0000 	/System/Library/PrivateFrameworks/IOAccelMemoryInfo.framework/Versions/A/IOAccelMemoryInfo
0x00007fff66f4a000 	/System/Library/PrivateFrameworks/GPUCompiler.framework/Versions/3902/Libraries/libmetal_timestamp.dylib
0x00007fff636a0000 	/System/Library/PrivateFrameworks/FamilyControls.framework/Versions/A/FamilyControls
0x00007fff5fff3000 	/System/Library/PrivateFrameworks/CommerceKit.framework/Versions/A/Frameworks/CommerceCore.framework/Versions/A/CommerceCore
0x00007fff73b5b000 	/System/Library/PrivateFrameworks/SystemAdministration.framework/Versions/A/SystemAdministration
0x00007fff5d430000 	/System/Library/PrivateFrameworks/AppContainer.framework/Versions/A/AppContainer
0x00007fff5d44c000 	/System/Library/PrivateFrameworks/AppSandbox.framework/Versions/A/AppSandbox
0x00007fff71648000 	/System/Library/PrivateFrameworks/SecCodeWrapper.framework/Versions/A/SecCodeWrapper
0x00007fff785f5000 	/usr/lib/libsandbox.1.dylib
0x00007fff76325000 	/usr/lib/libMatch.1.dylib
0x00007fff62540000 	/System/Library/PrivateFrameworks/DiskManagement.framework/Versions/A/DiskManagement
0x00007fff4f50e000 	/System/Library/Frameworks/DirectoryService.framework/Versions/A/DirectoryService
0x00007fff62471000 	/System/Library/PrivateFrameworks/DiskImages.framework/Versions/A/DiskImages
0x00007fff6b1ba000 	/System/Library/PrivateFrameworks/LoginUIKit.framework/Versions/A/Frameworks/LoginUICore.framework/Versions/A/LoginUICore
0x00007fff75fe9000 	/usr/lib/libCoreStorage.dylib
0x00007fff76eb5000 	/usr/lib/libcsfde.dylib
0x00007fff78475000 	/usr/lib/libodfde.dylib
0x00007fff6b9fc000 	/System/Library/PrivateFrameworks/MediaKit.framework/Versions/A/MediaKit
0x00007fff4f51a000 	/System/Library/Frameworks/DiscRecording.framework/Versions/A/DiscRecording
0x00007fff626b4000 	/System/Library/PrivateFrameworks/EFILogin.framework/Versions/A/EFILogin
0x00007fff6fbc6000 	/System/Library/PrivateFrameworks/ProtectedCloudStorage.framework/Versions/A/ProtectedCloudStorage
0x00007fff76f47000 	/usr/lib/libcurl.4.dylib
0x00007fff76db4000 	/usr/lib/libcrypto.42.dylib
0x00007fff788e7000 	/usr/lib/libssl.44.dylib
0x00007fff516c0000 	/System/Library/Frameworks/LDAP.framework/Versions/A/LDAP
0x00007fff741eb000 	/System/Library/PrivateFrameworks/TrustEvaluationAgent.framework/Versions/A/TrustEvaluationAgent
0x00007fff78631000 	/usr/lib/libsasl2.2.dylib
0x00007fff60adf000 	/System/Library/PrivateFrameworks/CoreDaemon.framework/Versions/B/CoreDaemon
0x00007fff5da72000 	/System/Library/PrivateFrameworks/AppleSRP.framework/Versions/A/AppleSRP
0x00007fff75026000 	/System/Library/PrivateFrameworks/ViewBridge.framework/Versions/A/ViewBridge
0x00000001201f0000 	/usr/lib/libobjc-trampolines.dylib
0x00000001226fb000 	/Library/Java/JavaVirtualMachines/adoptopenjdk-8.jdk/Contents/Home/jre/lib/libnio.dylib
0x000000012270f000 	/Library/Java/JavaVirtualMachines/adoptopenjdk-8.jdk/Contents/Home/jre/lib/./libnet.dylib
0x00007fff571d8000 	/System/Library/Frameworks/OpenGL.framework/Versions/A/Resources/GLEngine.bundle/GLEngine
0x00007fff5667a000 	/System/Library/Frameworks/OpenGL.framework/Versions/A/Libraries/libGLProgrammability.dylib
0x00007fff45d05000 	/System/Library/Extensions/AppleIntelKBLGraphicsGLDriver.bundle/Contents/MacOS/AppleIntelKBLGraphicsGLDriver
0x00007fff685df000 	/System/Library/PrivateFrameworks/GPUSupport.framework/Versions/A/Libraries/libGPUSupportMercury.dylib
0x000000012272d000 	/System/Library/Extensions/AMDRadeonX4000GLDriver.bundle/Contents/MacOS/AMDRadeonX4000GLDriver
0x00007fff42100000 	/System/Library/Extensions/AMDRadeonX4000GLDriver.bundle/Contents/MacOS/ATIRadeonX4000SCLib.dylib
0x00007fff57370000 	/System/Library/Frameworks/OpenGL.framework/Versions/A/Resources/GLRendererFloat.bundle/GLRendererFloat
0x00007fff55c44000 	/System/Library/Frameworks/OpenCL.framework/Versions/A/Libraries/libcldcpuengine.dylib
0x00007fff76bba000 	/usr/lib/libcrypto.35.dylib
0x0000000122a17000 	/Library/Java/JavaVirtualMachines/adoptopenjdk-8.jdk/Contents/Home/jre/lib/libfontmanager.dylib
0x0000000122a87000 	/Library/Java/JavaVirtualMachines/adoptopenjdk-8.jdk/Contents/Home/jre/lib/./libfreetype.6.dylib
0x0000000120393000 	/Library/Java/JavaVirtualMachines/adoptopenjdk-8.jdk/Contents/Home/jre/lib/libosxui.dylib
0x00000001202ed000 	/private/var/folders/pt/gmp3zg_n0fv1_5_mkh2b9j80003h5j/T/jogamp_0000/file_cache/jln4160376395789188749/jln5415969723776768742/libgluegen-rt.jnilib
0x00000001202f2000 	/private/var/folders/pt/gmp3zg_n0fv1_5_mkh2b9j80003h5j/T/jogamp_0000/file_cache/jln4160376395789188749/jln5415969723776768742/libnativewindow_awt.jnilib
0x0000000124194000 	/Library/Java/JavaVirtualMachines/adoptopenjdk-8.jdk/Contents/Home/jre/lib/libjawt.dylib
0x000000012419b000 	/private/var/folders/pt/gmp3zg_n0fv1_5_mkh2b9j80003h5j/T/jogamp_0000/file_cache/jln4160376395789188749/jln5415969723776768742/libnativewindow_macosx.jnilib
0x0000000151f04000 	/private/var/folders/pt/gmp3zg_n0fv1_5_mkh2b9j80003h5j/T/jogamp_0000/file_cache/jln4160376395789188749/jln5415969723776768742/libjogl_desktop.jnilib

VM Arguments:
jvm_args: -Djava.security.policy=java.policy.applet -Dfile.encoding=UTF-8 
java_command: sun.applet.AppletViewer module4.EarthquakeCityMap1587483920003.html
java_class_path (initial): /Users/abarretti/Desktop/Java/UCSDUnfoldingMaps/UCSDUnfoldingMaps/build:/Users/abarretti/Desktop/Java/UCSDUnfoldingMaps/UCSDUnfoldingMaps/lib/core.jar:/Users/abarretti/Desktop/Java/UCSDUnfoldingMaps/UCSDUnfoldingMaps/lib/gluegen-rt.jar:/Users/abarretti/Desktop/Java/UCSDUnfoldingMaps/UCSDUnfoldingMaps/lib/jogl-all.jar:/Users/abarretti/Desktop/Java/UCSDUnfoldingMaps/UCSDUnfoldingMaps/lib/log4j-1.2.15.jar:/Users/abarretti/Desktop/Java/UCSDUnfoldingMaps/UCSDUnfoldingMaps/lib/sqlite-jdbc-3.7.2.jar:/Users/abarretti/Desktop/Java/UCSDUnfoldingMaps/UCSDUnfoldingMaps/lib/json4processing.jar:/Users/abarretti/Desktop/Java/UCSDUnfoldingMaps/UCSDUnfoldingMaps/lib/libTUIO.jar:/Users/abarretti/Desktop/Java/UCSDUnfoldingMaps/UCSDUnfoldingMaps/lib/unfolding.0.9.7-uscd.jar
Launcher Type: SUN_STANDARD

Environment Variables:
PATH=/usr/bin:/bin:/usr/sbin:/sbin
SHELL=/bin/bash

Signal Handlers:
SIGSEGV: [libjvm.dylib+0x588183], sa_mask[0]=11111111011111110111111111111111, sa_flags=SA_ONSTACK|SA_RESTART|SA_SIGINFO
SIGBUS: [libjvm.dylib+0x588183], sa_mask[0]=11111111011111110111111111111111, sa_flags=SA_RESTART|SA_SIGINFO
SIGFPE: [libjvm.dylib+0x46288c], sa_mask[0]=11111111011111110111111111111111, sa_flags=SA_RESTART|SA_SIGINFO
SIGPIPE: [libjvm.dylib+0x46288c], sa_mask[0]=11111111011111110111111111111111, sa_flags=SA_RESTART|SA_SIGINFO
SIGXFSZ: [libjvm.dylib+0x46288c], sa_mask[0]=11111111011111110111111111111111, sa_flags=SA_RESTART|SA_SIGINFO
SIGILL: [libjvm.dylib+0x46288c], sa_mask[0]=11111111011111110111111111111111, sa_flags=SA_RESTART|SA_SIGINFO
SIGUSR1: SIG_DFL, sa_mask[0]=00000000000000000000000000000000, sa_flags=none
SIGUSR2: [libjvm.dylib+0x4623aa], sa_mask[0]=00100000000000000000000000000000, sa_flags=SA_RESTART|SA_SIGINFO
SIGHUP: [libjvm.dylib+0x460935], sa_mask[0]=11111111011111110111111111111111, sa_flags=SA_RESTART|SA_SIGINFO
SIGINT: [libjvm.dylib+0x460935], sa_mask[0]=11111111011111110111111111111111, sa_flags=SA_RESTART|SA_SIGINFO
SIGTERM: [libjvm.dylib+0x460935], sa_mask[0]=11111111011111110111111111111111, sa_flags=SA_RESTART|SA_SIGINFO
SIGQUIT: [libjvm.dylib+0x460935], sa_mask[0]=11111111011111110111111111111111, sa_flags=SA_RESTART|SA_SIGINFO


---------------  S Y S T E M  ---------------

OS:Bsduname:Darwin 18.7.0 Darwin Kernel Version 18.7.0: Thu Jan 23 06:52:12 PST 2020; root:xnu-4903.278.25~1/RELEASE_X86_64 x86_64
rlimit: STACK 8192k, CORE 0k, NPROC 1418, NOFILE 10240, AS infinity
load average:2.74 2.99 2.67

CPU:total 8 (initial active 8) (4 cores per cpu, 2 threads per core) family 6 model 158 stepping 9, cmov, cx8, fxsr, mmx, sse, sse2, sse3, ssse3, sse4.1, sse4.2, popcnt, avx, avx2, aes, clmul, erms, 3dnowpref, lzcnt, ht, tsc, tscinvbit, bmi1, bmi2, adx

Memory: 4k page, physical 16777216k(2280156k free)

/proc/meminfo:


vm_info: OpenJDK 64-Bit Server VM (25.242-b08) for bsd-amd64 JRE (1.8.0_242-b08), built on Jan 19 2020 06:43:11 by "jenkins" with gcc 4.2.1 (Based on Apple Inc. build 5658) (LLVM build 2336.11.00)

time: Tue Apr 21 17:45:29 2020
timezone: CEST
elapsed time: 9 seconds (0d 0h 0m 9s)

