#
# A fatal error has been detected by the Java Runtime Environment:
#
#  SIGSEGV (0xb) at pc=0x00007fff70f0d69d, pid=4313, tid=0x0000000000000307
#
# JRE version: OpenJDK Runtime Environment (8.0_242-b08) (build 1.8.0_242-b08)
# Java VM: OpenJDK 64-Bit Server VM (25.242-b08 mixed mode bsd-amd64 compressed oops)
# Problematic frame:
# C  [libobjc.A.dylib+0x669d]  objc_msgSend+0x1d
#
# Failed to write core dump. Core dumps have been disabled. To enable core dumping, try "ulimit -c unlimited" before starting Java again
#
# If you would like to submit a bug report, please visit:
#   http://bugreport.java.com/bugreport/crash.jsp
# The crash happened outside the Java Virtual Machine in native code.
# See problematic frame for where to report the bug.
#

---------------  T H R E A D  ---------------

Current thread (0x00007fccc1803000):  JavaThread "AWT-AppKit" daemon [_thread_in_native, id=775, stack(0x00007ffee3c01000,0x00007ffee4401000)]

siginfo: si_signo: 11 (SIGSEGV), si_code: 1 (SEGV_MAPERR), si_addr: 0x00007fff00000018

Registers:
RAX=0x00007fccc35380d0, RBX=0x000000012d0bc450, RCX=0x0000000000000001, RDX=0x0000000000000000
RSP=0x00007ffee43fc168, RBP=0x00007ffee43fc220, RSI=0x00007fff4490a537, RDI=0x00007fccc3536060
R8 =0x00000000cbef00d3, R9 =0x00000000fff7ffff, R10=0x00007fff00000000, R11=0x00007fff4490a537
R12=0x0000000000000000, R13=0x000000015bdeafe0, R14=0x000000012d0bc440, R15=0x00007fccc1803000
RIP=0x00007fff70f0d69d, EFLAGS=0x0000000000010206, ERR=0x0000000000000004
  TRAPNO=0x000000000000000e

Top of Stack: (sp=0x00007ffee43fc168)
0x00007ffee43fc168:   000000012d0ba157 00007ffee43fc1c0
0x00007ffee43fc178:   0000000000000003 00007ffee43fc1a0
0x00007ffee43fc188:   000000010cb432b2 000000015bdeafe0
0x00007ffee43fc198:   000000015bdeafe0 00007fccc35380d0
0x00007ffee43fc1a8:   000000012d0bc6a0 000000012d0bc710
0x00007ffee43fc1b8:   00007fffa1935838 00007fffa300f088
0x00007ffee43fc1c8:   000000012d0bc450 000000012d0bc690
0x00007ffee43fc1d8:   00007fccc35380d0 00007fccc3536060
0x00007ffee43fc1e8:   00007fccbeb2d530 00007fccc35380d0
0x00007ffee43fc1f8:   00007fccc3536060 00007ffee43fc2a8
0x00007ffee43fc208:   00007fccc18031e0 000000015bdeafe0
0x00007ffee43fc218:   00007ffee43fc2d0 00007ffee43fc298
0x00007ffee43fc228:   00000001125b7407 000000015bdeafe0
0x00007ffee43fc238:   00007ffee43fc2d0 00007ffee43fc298
0x00007ffee43fc248:   00000001125b7167 00000001125b7122
0x00007ffee43fc258:   00007ffee43fc258 000000015bdeafe0
0x00007ffee43fc268:   00007ffee43fc2d0 000000015bdedc18
0x00007ffee43fc278:   0000000000000000 000000015bdeafe0
0x00007ffee43fc288:   0000000000000000 00007ffee43fc2b8
0x00007ffee43fc298:   00007ffee43fc318 00000001125a6ffd
0x00007ffee43fc2a8:   000000076ee63060 00000001125b0a58
0x00007ffee43fc2b8:   00007fccc35380d0 00007ffee43fc318
0x00007ffee43fc2c8:   00007fccc3536060 00000001125b24c2
0x00007ffee43fc2d8:   00007ffee43fc2d8 000000015bdeb1aa
0x00007ffee43fc2e8:   00007ffee43fc340 000000015bdedc18
0x00007ffee43fc2f8:   0000000000000000 000000015bdeb1b8
0x00007ffee43fc308:   00007ffee43fc2b8 00007ffee43fc328
0x00007ffee43fc318:   00007ffee43fc388 00000001125a6ffd
0x00007ffee43fc328:   00007fccc35380d0 000000076ede5a90
0x00007ffee43fc338:   00007fccc3536060 000000076ede5a90
0x00007ffee43fc348:   00007ffee43fc348 0000000163304e96
0x00007ffee43fc358:   00007ffee43fc398 0000000163304f50 

Instructions: (pc=0x00007fff70f0d69d)
0x00007fff70f0d67d:   0f 1f 00 48 85 ff 2e 74 62 40 f6 c7 01 2e 75 66
0x00007fff70f0d68d:   49 ba f8 ff ff ff ff 7f 00 00 4c 23 17 49 89 f3
0x00007fff70f0d69d:   45 23 5a 18 49 c1 e3 04 4d 03 5a 10 49 3b 33 75
0x00007fff70f0d6ad:   04 41 ff 63 08 49 83 3b 01 76 0d 49 83 c3 10 49 

Register to memory mapping:

RAX=0x00007fccc35380d0 is an unknown value
RBX=0x000000012d0bc450: Java_jogamp_nativewindow_macosx_OSXUtil_GetScreenRefreshRate0+0x1cf0 in /private/var/folders/pt/gmp3zg_n0fv1_5_mkh2b9j80003h5j/T/jogamp_0000/file_cache/jln6182220512803919712/jln1184155249940708095/libnativewindow_macosx.jnilib at 0x000000012d0b5000
RCX=0x0000000000000001 is an unknown value
RDX=0x0000000000000000 is an unknown value
RSP=0x00007ffee43fc168 is pointing into the stack for thread: 0x00007fccc1803000
RBP=0x00007ffee43fc220 is pointing into the stack for thread: 0x00007fccc1803000
RSI=0x00007fff4490a537: GCC_except_table7+0x9e9b in /System/Library/Frameworks/AppKit.framework/Versions/C/AppKit at 0x00007fff43d63000
RDI=0x00007fccc3536060 is an unknown value
R8 =0x00000000cbef00d3 is an unknown value
R9 =0x00000000fff7ffff is an unknown value
R10=0x00007fff00000000 is an unknown value
R11=0x00007fff4490a537: GCC_except_table7+0x9e9b in /System/Library/Frameworks/AppKit.framework/Versions/C/AppKit at 0x00007fff43d63000
R12=0x0000000000000000 is an unknown value
R13={method} {0x000000015bdeafe0} 'UnsetJAWTRootSurfaceLayer0' '(JJ)V' in 'jogamp/nativewindow/jawt/macosx/MacOSXJAWTWindow'
R14=0x000000012d0bc440: Java_jogamp_nativewindow_macosx_OSXUtil_GetScreenRefreshRate0+0x1ce0 in /private/var/folders/pt/gmp3zg_n0fv1_5_mkh2b9j80003h5j/T/jogamp_0000/file_cache/jln6182220512803919712/jln1184155249940708095/libnativewindow_macosx.jnilib at 0x000000012d0b5000
R15=0x00007fccc1803000 is a thread


Stack: [0x00007ffee3c01000,0x00007ffee4401000],  sp=0x00007ffee43fc168,  free space=8172k
Native frames: (J=compiled Java code, j=interpreted, Vv=VM code, C=native code)
C  [libobjc.A.dylib+0x669d]  objc_msgSend+0x1d
j  jogamp.nativewindow.jawt.macosx.MacOSXJAWTWindow.UnsetJAWTRootSurfaceLayer0(JJ)V+0
j  jogamp.nativewindow.jawt.macosx.MacOSXJAWTWindow.access$200(JJ)V+2
j  jogamp.nativewindow.jawt.macosx.MacOSXJAWTWindow$1.run()V+38
J 1903 C1 com.jogamp.common.util.RunnableTask.run()V (345 bytes) @ 0x0000000112c54974 [0x0000000112c547e0+0x194]
v  ~StubRoutines::call_stub
V  [libjvm.dylib+0x2e3fa7]  JavaCalls::call_helper(JavaValue*, methodHandle*, JavaCallArguments*, Thread*)+0x6a7
V  [libjvm.dylib+0x2ff139]  jni_invoke_nonstatic(JNIEnv_*, JavaValue*, _jobject*, JNICallType, _jmethodID*, JNI_ArgumentPusher*, Thread*)+0x2fe
V  [libjvm.dylib+0x2f13d1]  jni_CallVoidMethod+0x16b
C  [libnativewindow_macosx.jnilib+0x5326]  Java_jogamp_nativewindow_jawt_macosx_MacOSXJAWTWindow_UnsetJAWTRootSurfaceLayer0+0x2b6
C  [Foundation+0xb0302]  __NSThreadPerformPerform+0x148
C  [CoreFoundation+0x57e33]  __CFRUNLOOP_IS_CALLING_OUT_TO_A_SOURCE0_PERFORM_FUNCTION__+0x11
C  [CoreFoundation+0x57dd9]  __CFRunLoopDoSource0+0x6c
C  [CoreFoundation+0x3b79b]  __CFRunLoopDoSources0+0xc3
C  [CoreFoundation+0x3ad65]  __CFRunLoopRun+0x4a5
C  [CoreFoundation+0x3a66e]  CFRunLoopRunSpecific+0x1c7
C  [HIToolbox+0xb1ab]  RunCurrentEventLoopInMode+0x124
C  [HIToolbox+0xaded]  ReceiveNextEventCommon+0x163
C  [HIToolbox+0xac76]  _BlockUntilNextEventMatchingListInModeWithFilter+0x40
C  [AppKit+0x1a77d]  _DPSNextEvent+0x46f
C  [AppKit+0x1946b]  -[NSApplication(NSEvent) _nextEventMatchingEventMask:untilDate:inMode:dequeue:]+0x551
C  [libosxapp.dylib+0x2328]  -[NSApplicationAWT nextEventMatchingMask:untilDate:inMode:dequeue:]+0x7c
C  [AppKit+0x13588]  -[NSApplication run]+0x2bb
C  [libosxapp.dylib+0x1f72]  +[NSApplicationAWT runAWTLoopWithApp:]+0x9c
C  [libawt_lwawt.dylib+0x4711f]  -[AWTStarter starter:]+0x389
C  [Foundation+0xb0302]  __NSThreadPerformPerform+0x148
C  [CoreFoundation+0x57e33]  __CFRUNLOOP_IS_CALLING_OUT_TO_A_SOURCE0_PERFORM_FUNCTION__+0x11
C  [CoreFoundation+0x57dd9]  __CFRunLoopDoSource0+0x6c
C  [CoreFoundation+0x3b79b]  __CFRunLoopDoSources0+0xc3
C  [CoreFoundation+0x3ad65]  __CFRunLoopRun+0x4a5
C  [CoreFoundation+0x3a66e]  CFRunLoopRunSpecific+0x1c7
C  [java+0x646e]  CreateExecutionEnvironment+0x367
C  [java+0x203c]  JLI_Launch+0x7a0
C  [java+0x84d2]  main+0x6c
C  [java+0x1894]  start+0x34
C  0x0000000000000007

Java frames: (J=compiled Java code, j=interpreted, Vv=VM code)
j  jogamp.nativewindow.jawt.macosx.MacOSXJAWTWindow.UnsetJAWTRootSurfaceLayer0(JJ)V+0
j  jogamp.nativewindow.jawt.macosx.MacOSXJAWTWindow.access$200(JJ)V+2
j  jogamp.nativewindow.jawt.macosx.MacOSXJAWTWindow$1.run()V+38
J 1903 C1 com.jogamp.common.util.RunnableTask.run()V (345 bytes) @ 0x0000000112c54974 [0x0000000112c547e0+0x194]
v  ~StubRoutines::call_stub

---------------  P R O C E S S  ---------------

Java Threads: ( => current thread )
  0x00007fccbfed4000 JavaThread "Thread-19" [_thread_blocked, id=27979, stack(0x0000700007533000,0x0000700007633000)]
  0x00007fccc0ddc000 JavaThread "Animation Thread" [_thread_blocked, id=64555, stack(0x0000700007cd4000,0x0000700007dd4000)]
  0x00007fccc2082800 JavaThread "AWT-EventQueue-1" [_thread_blocked, id=71203, stack(0x0000700007dd7000,0x0000700007ed7000)]
  0x00007fccbfc0c800 JavaThread "DestroyJavaVM" [_thread_blocked, id=6147, stack(0x0000700006074000,0x0000700006174000)]
  0x00007fccc00c0800 JavaThread "AWT-EventQueue-0" [_thread_blocked, id=73751, stack(0x0000700007bd1000,0x0000700007cd1000)]
  0x00007fccc1818000 JavaThread "Java2D Disposer" daemon [_thread_blocked, id=58159, stack(0x0000700007948000,0x0000700007a48000)]
  0x00007fccc00a5800 JavaThread "Java2D Queue Flusher" daemon [_thread_blocked, id=56583, stack(0x0000700007845000,0x0000700007945000)]
  0x00007fccc007b000 JavaThread "AWT-Shutdown" [_thread_blocked, id=26411, stack(0x00007000073ad000,0x00007000074ad000)]
=>0x00007fccc1803000 JavaThread "AWT-AppKit" daemon [_thread_in_native, id=775, stack(0x00007ffee3c01000,0x00007ffee4401000)]
  0x00007fccc1009000 JavaThread "Service Thread" daemon [_thread_blocked, id=16387, stack(0x00007000071a7000,0x00007000072a7000)]
  0x00007fccbe00b800 JavaThread "C1 CompilerThread3" daemon [_thread_blocked, id=16643, stack(0x00007000070a4000,0x00007000071a4000)]
  0x00007fccbf01e800 JavaThread "C2 CompilerThread2" daemon [_thread_blocked, id=14851, stack(0x0000700006fa1000,0x00007000070a1000)]
  0x00007fccc0826800 JavaThread "C2 CompilerThread1" daemon [_thread_blocked, id=16899, stack(0x0000700006e9e000,0x0000700006f9e000)]
  0x00007fccc1010000 JavaThread "C2 CompilerThread0" daemon [_thread_blocked, id=17411, stack(0x0000700006d9b000,0x0000700006e9b000)]
  0x00007fccbf804000 JavaThread "Signal Dispatcher" daemon [_thread_blocked, id=14339, stack(0x0000700006c98000,0x0000700006d98000)]
  0x00007fccbf826800 JavaThread "Finalizer" daemon [_thread_blocked, id=18947, stack(0x0000700006b95000,0x0000700006c95000)]
  0x00007fccc0805800 JavaThread "Reference Handler" daemon [_thread_blocked, id=12547, stack(0x0000700006a92000,0x0000700006b92000)]

Other Threads:
  0x00007fccc0803000 VMThread [stack: 0x000070000698f000,0x0000700006a8f000] [id=19715]
  0x00007fccc0847000 WatcherThread [stack: 0x00007000072aa000,0x00007000073aa000] [id=15619]

VM state:not at safepoint (normal execution)

VM Mutex/Monitor currently owned by a thread: None

heap address: 0x00000006c0000000, size: 4096 MB, Compressed Oops mode: Zero based, Oop shift amount: 3
Narrow klass base: 0x0000000000000000, Narrow klass shift: 3
Compressed class space size: 1073741824 Address: 0x00000007c0000000

Heap:
 PSYoungGen      total 76288K, used 17319K [0x000000076ab00000, 0x0000000770000000, 0x00000007c0000000)
  eden space 65536K, 10% used [0x000000076ab00000,0x000000076b1749b0,0x000000076eb00000)
  from space 10752K, 99% used [0x000000076eb00000,0x000000076f5752d0,0x000000076f580000)
  to   space 10752K, 0% used [0x000000076f580000,0x000000076f580000,0x0000000770000000)
 ParOldGen       total 175104K, used 5758K [0x00000006c0000000, 0x00000006cab00000, 0x000000076ab00000)
  object space 175104K, 3% used [0x00000006c0000000,0x00000006c059f950,0x00000006cab00000)
 Metaspace       used 19478K, capacity 19829K, committed 19968K, reserved 1067008K
  class space    used 1888K, capacity 2005K, committed 2048K, reserved 1048576K

Card table byte_map: [0x000000010d8f6000,0x000000010e0f7000] byte_map_base: 0x000000010a2f6000

Marking Bits: (ParMarkBitMap*) 0x000000010d29f5b0
 Begin Bits: [0x000000012159f000, 0x000000012559f000)
 End Bits:   [0x000000012559f000, 0x000000012959f000)

Polling page: 0x000000010b8c9000

CodeCache: size=245760Kb used=8394Kb max_used=8407Kb free=237365Kb
 bounds [0x000000011259f000, 0x0000000112ddf000, 0x000000012159f000]
 total_blobs=3221 nmethods=2315 adapters=820
 compilation: enabled

Compilation events (10 events):
Event: 40.589 Thread 0x00007fccbe00b800 2305   !   3       sun.lwawt.LWComponentPeer::isShowing (49 bytes)
Event: 40.589 Thread 0x00007fccbe00b800 nmethod 2305 0x0000000112d87610 code [0x0000000112d877c0, 0x0000000112d880c8]
Event: 40.604 Thread 0x00007fccbe00b800 2306       3       java.util.HashMap::remove (26 bytes)
Event: 40.604 Thread 0x00007fccbe00b800 nmethod 2306 0x0000000112d86f10 code [0x0000000112d870a0, 0x0000000112d874b8]
Event: 40.605 Thread 0x00007fccbe00b800 2307       3       sun.misc.JarIndex::get (49 bytes)
Event: 40.606 Thread 0x00007fccbe00b800 nmethod 2307 0x0000000112d86190 code [0x0000000112d86360, 0x0000000112d86bd8]
Event: 40.618 Thread 0x00007fccbe00b800 2308       1       sun.java2d.SurfaceData::isValid (5 bytes)
Event: 40.618 Thread 0x00007fccbe00b800 nmethod 2308 0x0000000112d85b90 code [0x0000000112d85ce0, 0x0000000112d85df0]
Event: 40.618 Thread 0x00007fccbe00b800 2309       3       sun.java2d.pipe.RenderBuffer::putFloat (26 bytes)
Event: 40.618 Thread 0x00007fccbe00b800 nmethod 2309 0x0000000112d857d0 code [0x0000000112d85940, 0x0000000112d85ad0]

GC Heap History (6 events):
Event: 3.190 GC heap before
{Heap before GC invocations=1 (full 0):
 PSYoungGen      total 76288K, used 65536K [0x000000076ab00000, 0x0000000770000000, 0x00000007c0000000)
  eden space 65536K, 100% used [0x000000076ab00000,0x000000076eb00000,0x000000076eb00000)
  from space 10752K, 0% used [0x000000076f580000,0x000000076f580000,0x0000000770000000)
  to   space 10752K, 0% used [0x000000076eb00000,0x000000076eb00000,0x000000076f580000)
 ParOldGen       total 175104K, used 0K [0x00000006c0000000, 0x00000006cab00000, 0x000000076ab00000)
  object space 175104K, 0% used [0x00000006c0000000,0x00000006c0000000,0x00000006cab00000)
 Metaspace       used 18652K, capacity 19039K, committed 19200K, reserved 1067008K
  class space    used 1875K, capacity 2000K, committed 2048K, reserved 1048576K
Event: 3.199 GC heap after
Heap after GC invocations=1 (full 0):
 PSYoungGen      total 76288K, used 10725K [0x000000076ab00000, 0x0000000770000000, 0x00000007c0000000)
  eden space 65536K, 0% used [0x000000076ab00000,0x000000076ab00000,0x000000076eb00000)
  from space 10752K, 99% used [0x000000076eb00000,0x000000076f5795b0,0x000000076f580000)
  to   space 10752K, 0% used [0x000000076f580000,0x000000076f580000,0x0000000770000000)
 ParOldGen       total 175104K, used 3491K [0x00000006c0000000, 0x00000006cab00000, 0x000000076ab00000)
  object space 175104K, 1% used [0x00000006c0000000,0x00000006c0368f00,0x00000006cab00000)
 Metaspace       used 18652K, capacity 19039K, committed 19200K, reserved 1067008K
  class space    used 1875K, capacity 2000K, committed 2048K, reserved 1048576K
}
Event: 17.439 GC heap before
{Heap before GC invocations=2 (full 0):
 PSYoungGen      total 76288K, used 76261K [0x000000076ab00000, 0x0000000770000000, 0x00000007c0000000)
  eden space 65536K, 100% used [0x000000076ab00000,0x000000076eb00000,0x000000076eb00000)
  from space 10752K, 99% used [0x000000076eb00000,0x000000076f5795b0,0x000000076f580000)
  to   space 10752K, 0% used [0x000000076f580000,0x000000076f580000,0x0000000770000000)
 ParOldGen       total 175104K, used 3491K [0x00000006c0000000, 0x00000006cab00000, 0x000000076ab00000)
  object space 175104K, 1% used [0x00000006c0000000,0x00000006c0368f00,0x00000006cab00000)
 Metaspace       used 19398K, capacity 19755K, committed 19968K, reserved 1067008K
  class space    used 1876K, capacity 2002K, committed 2048K, reserved 1048576K
Event: 17.448 GC heap after
Heap after GC invocations=2 (full 0):
 PSYoungGen      total 76288K, used 10740K [0x000000076ab00000, 0x0000000770000000, 0x00000007c0000000)
  eden space 65536K, 0% used [0x000000076ab00000,0x000000076ab00000,0x000000076eb00000)
  from space 10752K, 99% used [0x000000076f580000,0x000000076fffd2d0,0x0000000770000000)
  to   space 10752K, 0% used [0x000000076eb00000,0x000000076eb00000,0x000000076f580000)
 ParOldGen       total 175104K, used 5750K [0x00000006c0000000, 0x00000006cab00000, 0x000000076ab00000)
  object space 175104K, 3% used [0x00000006c0000000,0x00000006c059d950,0x00000006cab00000)
 Metaspace       used 19398K, capacity 19755K, committed 19968K, reserved 1067008K
  class space    used 1876K, capacity 2002K, committed 2048K, reserved 1048576K
}
Event: 39.439 GC heap before
{Heap before GC invocations=3 (full 0):
 PSYoungGen      total 76288K, used 76276K [0x000000076ab00000, 0x0000000770000000, 0x00000007c0000000)
  eden space 65536K, 100% used [0x000000076ab00000,0x000000076eb00000,0x000000076eb00000)
  from space 10752K, 99% used [0x000000076f580000,0x000000076fffd2d0,0x0000000770000000)
  to   space 10752K, 0% used [0x000000076eb00000,0x000000076eb00000,0x000000076f580000)
 ParOldGen       total 175104K, used 5750K [0x00000006c0000000, 0x00000006cab00000, 0x000000076ab00000)
  object space 175104K, 3% used [0x00000006c0000000,0x00000006c059d950,0x00000006cab00000)
 Metaspace       used 19416K, capacity 19825K, committed 19968K, reserved 1067008K
  class space    used 1877K, capacity 2003K, committed 2048K, reserved 1048576K
Event: 39.445 GC heap after
Heap after GC invocations=3 (full 0):
 PSYoungGen      total 76288K, used 10708K [0x000000076ab00000, 0x0000000770000000, 0x00000007c0000000)
  eden space 65536K, 0% used [0x000000076ab00000,0x000000076ab00000,0x000000076eb00000)
  from space 10752K, 99% used [0x000000076eb00000,0x000000076f5752d0,0x000000076f580000)
  to   space 10752K, 0% used [0x000000076f580000,0x000000076f580000,0x0000000770000000)
 ParOldGen       total 175104K, used 5758K [0x00000006c0000000, 0x00000006cab00000, 0x000000076ab00000)
  object space 175104K, 3% used [0x00000006c0000000,0x00000006c059f950,0x00000006cab00000)
 Metaspace       used 19416K, capacity 19825K, committed 19968K, reserved 1067008K
  class space    used 1877K, capacity 2003K, committed 2048K, reserved 1048576K
}

Deoptimization events (10 events):
Event: 2.076 Thread 0x00007fccc0ddc000 Uncommon trap: reason=unstable_if action=reinterpret pc=0x00000001128638f4 method=java.lang.String.indexOf([CII[CIII)I @ 3
Event: 2.076 Thread 0x00007fccc0ddc000 Uncommon trap: reason=unstable_if action=reinterpret pc=0x000000011279ad30 method=java.lang.String.indexOf([CII[CIII)I @ 3
Event: 2.957 Thread 0x00007fccc2082800 Uncommon trap: reason=unstable_if action=reinterpret pc=0x000000011278bf00 method=java.lang.AbstractStringBuilder.append(Ljava/lang/String;)Ljava/lang/AbstractStringBuilder; @ 1
Event: 3.052 Thread 0x00007fccc2082800 Uncommon trap: reason=unstable_if action=reinterpret pc=0x00000001129855a4 method=java.util.HashMap$HashIterator.<init>(Ljava/util/HashMap;)V @ 38
Event: 3.077 Thread 0x00007fccc2082800 Uncommon trap: reason=unstable_if action=reinterpret pc=0x00000001129918fc method=com.jogamp.common.util.IntIntHashMap.get(I)I @ 28
Event: 40.587 Thread 0x00007fccc2082800 Uncommon trap: reason=unstable_if action=reinterpret pc=0x0000000112a94368 method=com.jogamp.common.util.VersionNumber.compareTo(Lcom/jogamp/common/util/VersionNumber;)I @ 21
Event: 40.587 Thread 0x00007fccc00c0800 Uncommon trap: reason=unstable_if action=reinterpret pc=0x0000000112d93d28 method=java.awt.EventQueue.getPriority(Ljava/awt/AWTEvent;)I @ 71
Event: 40.589 Thread 0x00007fccc00c0800 Uncommon trap: reason=unstable_if action=reinterpret pc=0x0000000112db45a4 method=sun.java2d.pipe.Region.intersectsQuickCheck(Lsun/java2d/pipe/Region;)Z @ 41
Event: 40.603 Thread 0x00007fccc00c0000 Uncommon trap: reason=unstable_if action=reinterpret pc=0x0000000112d5aff4 method=java.util.HashMap.putVal(ILjava/lang/Object;Ljava/lang/Object;ZZ)Ljava/lang/Object; @ 81
Event: 40.617 Thread 0x00007fccc2082800 Uncommon trap: reason=unstable_if action=reinterpret pc=0x0000000112d41ed0 method=java.security.AccessControlContext.optimize()Ljava/security/AccessControlContext; @ 233

Classes redefined (0 events):
No events

Internal exceptions (10 events):
Event: 0.380 Thread 0x00007fccc1000000 Exception <a 'java/io/FileNotFoundException'> (0x000000076ae2f828) thrown at [/Users/jenkins/workspace/build-scripts/jobs/jdk8u/jdk8u-mac-x64-hotspot/workspace/build/src/hotspot/src/share/vm/prims/jni.cpp, line 710]
Event: 0.380 Thread 0x00007fccc1000000 Exception <a 'java/io/FileNotFoundException'> (0x000000076ae303f8) thrown at [/Users/jenkins/workspace/build-scripts/jobs/jdk8u/jdk8u-mac-x64-hotspot/workspace/build/src/hotspot/src/share/vm/prims/jni.cpp, line 710]
Event: 0.875 Thread 0x00007fccc1803000 Exception <a 'java/lang/ClassNotFoundException': sun/dc/DuctusRenderingEngine> (0x000000076aedfaf8) thrown at [/Users/jenkins/workspace/build-scripts/jobs/jdk8u/jdk8u-mac-x64-hotspot/workspace/build/src/hotspot/src/share/vm/classfile/systemDictionary.cpp,
Event: 0.960 Thread 0x00007fccc1000000 Exception <a 'java/io/FileNotFoundException'> (0x000000076aeb94d0) thrown at [/Users/jenkins/workspace/build-scripts/jobs/jdk8u/jdk8u-mac-x64-hotspot/workspace/build/src/hotspot/src/share/vm/prims/jni.cpp, line 710]
Event: 2.106 Thread 0x00007fccc0ddc000 Exception <a 'java/lang/UnsatisfiedLinkError': com.jogamp.common.util.JarUtil.fixNativeLibAttribs(Ljava/lang/String;)Z> (0x000000076c5f2f68) thrown at [/Users/jenkins/workspace/build-scripts/jobs/jdk8u/jdk8u-mac-x64-hotspot/workspace/build/src/hotspot/src
Event: 2.957 Thread 0x00007fccc2082800 Exception <a 'java/io/FileNotFoundException'> (0x000000076d6a4218) thrown at [/Users/jenkins/workspace/build-scripts/jobs/jdk8u/jdk8u-mac-x64-hotspot/workspace/build/src/hotspot/src/share/vm/prims/jni.cpp, line 710]
Event: 2.957 Thread 0x00007fccc2082800 Exception <a 'java/io/FileNotFoundException'> (0x000000076d6ac0a0) thrown at [/Users/jenkins/workspace/build-scripts/jobs/jdk8u/jdk8u-mac-x64-hotspot/workspace/build/src/hotspot/src/share/vm/prims/jni.cpp, line 710]
Event: 2.957 Thread 0x00007fccc2082800 Implicit null exception at 0x000000011278bab4 to 0x000000011278bee9
Event: 3.052 Thread 0x00007fccc2082800 Implicit null exception at 0x0000000112985346 to 0x000000011298558d
Event: 3.201 Thread 0x00007fccbf826800 Exception <a 'java/lang/NullPointerException'> (0x000000076b041b10) thrown at [/Users/jenkins/workspace/build-scripts/jobs/jdk8u/jdk8u-mac-x64-hotspot/workspace/build/src/hotspot/src/share/vm/interpreter/linkResolver.cpp, line 1185]

Events (10 events):
Event: 40.617 Thread 0x00007fccc2082800 DEOPT UNPACKING pc=0x00000001125e447a sp=0x0000700007ed47b0 mode 2
Event: 40.617 loading class java/awt/LightweightDispatcher$2
Event: 40.617 loading class java/awt/LightweightDispatcher$2 done
Event: 40.617 loading class java/awt/event/AWTEventListenerProxy
Event: 40.617 loading class java/awt/event/AWTEventListenerProxy done
Event: 40.617 loading class java/awt/Toolkit$ToolkitEventMulticaster
Event: 40.617 loading class java/awt/Toolkit$ToolkitEventMulticaster done
Event: 40.618 Thread 0x00007fccc00c0000 Thread exited: 0x00007fccc00c0000
Event: 40.618 loading class java/awt/Window$1DisposeAction
Event: 40.618 loading class java/awt/Window$1DisposeAction done


Dynamic libraries:
0x00007fff45ed8000 	/System/Library/Frameworks/Cocoa.framework/Versions/A/Cocoa
0x00007fff51c86000 	/System/Library/Frameworks/Security.framework/Versions/A/Security
0x00007fff44b6a000 	/System/Library/Frameworks/ApplicationServices.framework/Versions/A/ApplicationServices
0x00007fff71d77000 	/usr/lib/libz.1.dylib
0x00007fff6f6ce000 	/usr/lib/libSystem.B.dylib
0x00007fff70f07000 	/usr/lib/libobjc.A.dylib
0x00007fff489d1000 	/System/Library/Frameworks/Foundation.framework/Versions/C/Foundation
0x00007fff4674d000 	/System/Library/Frameworks/CoreFoundation.framework/Versions/A/CoreFoundation
0x000000010b820000 	/Library/Application Support/Cylance/Desktop/CyMemDef.dylib
0x00007fff43d63000 	/System/Library/Frameworks/AppKit.framework/Versions/C/AppKit
0x00007fff462d6000 	/System/Library/Frameworks/CoreData.framework/Versions/A/CoreData
0x00007fff69193000 	/System/Library/PrivateFrameworks/RemoteViewServices.framework/Versions/A/RemoteViewServices
0x00007fff6d40a000 	/System/Library/PrivateFrameworks/UIFoundation.framework/Versions/A/UIFoundation
0x00007fff6eaef000 	/System/Library/PrivateFrameworks/XCTTargetBootstrap.framework/Versions/A/XCTTargetBootstrap
0x00007fff4665c000 	/System/Library/Frameworks/CoreDisplay.framework/Versions/A/CoreDisplay
0x00007fff63ecd000 	/System/Library/PrivateFrameworks/IconServices.framework/Versions/A/IconServices
0x00007fff4b2f3000 	/System/Library/Frameworks/Metal.framework/Versions/A/Metal
0x00007fff5b411000 	/System/Library/PrivateFrameworks/DesktopServicesPriv.framework/Versions/A/DesktopServicesPriv
0x00007fff7026a000 	/usr/lib/libenergytrace.dylib
0x00007fff6b8f1000 	/System/Library/PrivateFrameworks/SkyLight.framework/Versions/A/SkyLight
0x00007fff46b94000 	/System/Library/Frameworks/CoreGraphics.framework/Versions/A/CoreGraphics
0x00007fff42b2f000 	/System/Library/Frameworks/Accelerate.framework/Versions/A/Accelerate
0x00007fff4911a000 	/System/Library/Frameworks/IOSurface.framework/Versions/A/IOSurface
0x00007fff5b27d000 	/System/Library/PrivateFrameworks/DFRFoundation.framework/Versions/A/DFRFoundation
0x00007fff4504d000 	/System/Library/Frameworks/AudioToolbox.framework/Versions/A/AudioToolbox
0x00007fff452c6000 	/System/Library/Frameworks/AudioUnit.framework/Versions/A/AudioUnit
0x00007fff5b312000 	/System/Library/PrivateFrameworks/DataDetectorsCore.framework/Versions/A/DataDetectorsCore
0x00007fff459db000 	/System/Library/Frameworks/Carbon.framework/Versions/A/Frameworks/HIToolbox.framework/Versions/A/HIToolbox
0x00007fff703c3000 	/usr/lib/libicucore.A.dylib
0x00007fff511f9000 	/System/Library/Frameworks/QuartzCore.framework/Versions/A/QuartzCore
0x00007fff45db0000 	/System/Library/Frameworks/Carbon.framework/Versions/A/Frameworks/SpeechRecognition.framework/Versions/A/SpeechRecognition
0x00007fff6f822000 	/usr/lib/libauto.dylib
0x00007fff71c6a000 	/usr/lib/libxml2.2.dylib
0x00007fff5ae58000 	/System/Library/PrivateFrameworks/CoreUI.framework/Versions/A/CoreUI
0x00007fff461c1000 	/System/Library/Frameworks/CoreAudio.framework/Versions/A/CoreAudio
0x00007fff48806000 	/System/Library/Frameworks/DiskArbitration.framework/Versions/A/DiskArbitration
0x00007fff70671000 	/usr/lib/liblangid.dylib
0x00007fff652d8000 	/System/Library/PrivateFrameworks/MultitouchSupport.framework/Versions/A/MultitouchSupport
0x00007fff49089000 	/System/Library/Frameworks/IOKit.framework/Versions/A/IOKit
0x00007fff6f28e000 	/usr/lib/libDiagnosticMessagesClient.dylib
0x00007fff479a4000 	/System/Library/Frameworks/CoreServices.framework/Versions/A/CoreServices
0x00007fff66f92000 	/System/Library/PrivateFrameworks/PerformanceAnalysis.framework/Versions/A/PerformanceAnalysis
0x00007fff503e0000 	/System/Library/Frameworks/OpenGL.framework/Versions/A/OpenGL
0x00007fff45ee6000 	/System/Library/Frameworks/ColorSync.framework/Versions/A/ColorSync
0x00007fff47226000 	/System/Library/Frameworks/CoreImage.framework/Versions/A/CoreImage
0x00007fff4837c000 	/System/Library/Frameworks/CoreText.framework/Versions/A/CoreText
0x00007fff4917d000 	/System/Library/Frameworks/ImageIO.framework/Versions/A/ImageIO
0x00007fff574aa000 	/System/Library/PrivateFrameworks/Backup.framework/Versions/A/Backup
0x00007fff6f775000 	/usr/lib/libarchive.2.dylib
0x00007fff4561f000 	/System/Library/Frameworks/CFNetwork.framework/Versions/A/CFNetwork
0x00007fff523e2000 	/System/Library/Frameworks/SystemConfiguration.framework/Versions/A/SystemConfiguration
0x00007fff6f1bf000 	/usr/lib/libCRFSuite.dylib
0x00007fff6f913000 	/usr/lib/libc++.1.dylib
0x00007fff6f967000 	/usr/lib/libc++abi.dylib
0x00007fff7256d000 	/usr/lib/system/libcache.dylib
0x00007fff72572000 	/usr/lib/system/libcommonCrypto.dylib
0x00007fff7257d000 	/usr/lib/system/libcompiler_rt.dylib
0x00007fff72585000 	/usr/lib/system/libcopyfile.dylib
0x00007fff7258f000 	/usr/lib/system/libcorecrypto.dylib
0x00007fff7269a000 	/usr/lib/system/libdispatch.dylib
0x00007fff726d4000 	/usr/lib/system/libdyld.dylib
0x00007fff72701000 	/usr/lib/system/libkeymgr.dylib
0x00007fff7270f000 	/usr/lib/system/liblaunch.dylib
0x00007fff72710000 	/usr/lib/system/libmacho.dylib
0x00007fff72716000 	/usr/lib/system/libquarantine.dylib
0x00007fff72719000 	/usr/lib/system/libremovefile.dylib
0x00007fff7271b000 	/usr/lib/system/libsystem_asl.dylib
0x00007fff72733000 	/usr/lib/system/libsystem_blocks.dylib
0x00007fff72734000 	/usr/lib/system/libsystem_c.dylib
0x00007fff727bc000 	/usr/lib/system/libsystem_configuration.dylib
0x00007fff727c0000 	/usr/lib/system/libsystem_coreservices.dylib
0x00007fff727c4000 	/usr/lib/system/libsystem_darwin.dylib
0x00007fff727cb000 	/usr/lib/system/libsystem_dnssd.dylib
0x00007fff727d2000 	/usr/lib/system/libsystem_info.dylib
0x00007fff72847000 	/usr/lib/system/libsystem_m.dylib
0x00007fff72893000 	/usr/lib/system/libsystem_malloc.dylib
0x00007fff728be000 	/usr/lib/system/libsystem_networkextension.dylib
0x00007fff728c9000 	/usr/lib/system/libsystem_notify.dylib
0x00007fff728e6000 	/usr/lib/system/libsystem_sandbox.dylib
0x00007fff728ea000 	/usr/lib/system/libsystem_secinit.dylib
0x00007fff7281e000 	/usr/lib/system/libsystem_kernel.dylib
0x00007fff728d1000 	/usr/lib/system/libsystem_platform.dylib
0x00007fff728db000 	/usr/lib/system/libsystem_pthread.dylib
0x00007fff728ed000 	/usr/lib/system/libsystem_symptoms.dylib
0x00007fff728f5000 	/usr/lib/system/libsystem_trace.dylib
0x00007fff7290c000 	/usr/lib/system/libunwind.dylib
0x00007fff72912000 	/usr/lib/system/libxpc.dylib
0x00007fff6f8f4000 	/usr/lib/libbsm.0.dylib
0x00007fff72702000 	/usr/lib/system/libkxld.dylib
0x00007fff5689b000 	/System/Library/PrivateFrameworks/AppleFSCompression.framework/Versions/A/AppleFSCompression
0x00007fff6f58e000 	/usr/lib/libOpenScriptingUtil.dylib
0x00007fff6fc1c000 	/usr/lib/libcoretls.dylib
0x00007fff6fc33000 	/usr/lib/libcoretls_cfhelpers.dylib
0x00007fff7169e000 	/usr/lib/libpam.2.dylib
0x00007fff7185e000 	/usr/lib/libsqlite3.dylib
0x00007fff71c58000 	/usr/lib/libxar.1.dylib
0x00007fff6f905000 	/usr/lib/libbz2.1.0.dylib
0x00007fff70673000 	/usr/lib/liblzma.5.dylib
0x00007fff70b24000 	/usr/lib/libnetwork.dylib
0x00007fff6f75e000 	/usr/lib/libapple_nghttp2.dylib
0x00007fff716a5000 	/usr/lib/libpcap.A.dylib
0x00007fff47d43000 	/System/Library/Frameworks/CoreServices.framework/Versions/A/Frameworks/FSEvents.framework/Versions/A/FSEvents
0x00007fff47a22000 	/System/Library/Frameworks/CoreServices.framework/Versions/A/Frameworks/CarbonCore.framework/Versions/A/CarbonCore
0x00007fff47efe000 	/System/Library/Frameworks/CoreServices.framework/Versions/A/Frameworks/Metadata.framework/Versions/A/Metadata
0x00007fff47f9d000 	/System/Library/Frameworks/CoreServices.framework/Versions/A/Frameworks/OSServices.framework/Versions/A/OSServices
0x00007fff47fe8000 	/System/Library/Frameworks/CoreServices.framework/Versions/A/Frameworks/SearchKit.framework/Versions/A/SearchKit
0x00007fff479a5000 	/System/Library/Frameworks/CoreServices.framework/Versions/A/Frameworks/AE.framework/Versions/A/AE
0x00007fff47d4c000 	/System/Library/Frameworks/CoreServices.framework/Versions/A/Frameworks/LaunchServices.framework/Versions/A/LaunchServices
0x00007fff47cfa000 	/System/Library/Frameworks/CoreServices.framework/Versions/A/Frameworks/DictionaryServices.framework/Versions/A/DictionaryServices
0x00007fff48050000 	/System/Library/Frameworks/CoreServices.framework/Versions/A/Frameworks/SharedFileList.framework/Versions/A/SharedFileList
0x00007fff4c3bb000 	/System/Library/Frameworks/NetFS.framework/Versions/A/NetFS
0x00007fff6553e000 	/System/Library/PrivateFrameworks/NetAuth.framework/Versions/A/NetAuth
0x00007fff6eef3000 	/System/Library/PrivateFrameworks/login.framework/Versions/A/Frameworks/loginsupport.framework/Versions/A/loginsupport
0x00007fff6d013000 	/System/Library/PrivateFrameworks/TCC.framework/Versions/A/TCC
0x00007fff5a4b5000 	/System/Library/PrivateFrameworks/CoreNLP.framework/Versions/A/CoreNLP
0x00007fff64fd3000 	/System/Library/PrivateFrameworks/MetadataUtilities.framework/Versions/A/MetadataUtilities
0x00007fff70748000 	/usr/lib/libmecabra.dylib
0x00007fff44b6b000 	/System/Library/Frameworks/ApplicationServices.framework/Versions/A/Frameworks/ATS.framework/Versions/A/ATS
0x00007fff44eba000 	/System/Library/Frameworks/ApplicationServices.framework/Versions/A/Frameworks/ColorSyncLegacy.framework/Versions/A/ColorSyncLegacy
0x00007fff44f59000 	/System/Library/Frameworks/ApplicationServices.framework/Versions/A/Frameworks/HIServices.framework/Versions/A/HIServices
0x00007fff44fac000 	/System/Library/Frameworks/ApplicationServices.framework/Versions/A/Frameworks/LangAnalysis.framework/Versions/A/LangAnalysis
0x00007fff44fbc000 	/System/Library/Frameworks/ApplicationServices.framework/Versions/A/Frameworks/PrintCore.framework/Versions/A/PrintCore
0x00007fff45006000 	/System/Library/Frameworks/ApplicationServices.framework/Versions/A/Frameworks/QD.framework/Versions/A/QD
0x00007fff45040000 	/System/Library/Frameworks/ApplicationServices.framework/Versions/A/Frameworks/SpeechSynthesis.framework/Versions/A/SpeechSynthesis
0x00007fff6f98f000 	/usr/lib/libcompression.dylib
0x00007fff4b5c3000 	/System/Library/Frameworks/MetalPerformanceShaders.framework/Versions/A/MetalPerformanceShaders
0x00007fff42b47000 	/System/Library/Frameworks/Accelerate.framework/Versions/A/Frameworks/vImage.framework/Versions/A/vImage
0x00007fff43bc1000 	/System/Library/Frameworks/Accelerate.framework/Versions/A/Frameworks/vecLib.framework/Versions/A/vecLib
0x00007fff43b0d000 	/System/Library/Frameworks/Accelerate.framework/Versions/A/Frameworks/vecLib.framework/Versions/A/libvMisc.dylib
0x00007fff43925000 	/System/Library/Frameworks/Accelerate.framework/Versions/A/Frameworks/vecLib.framework/Versions/A/libvDSP.dylib
0x00007fff431e1000 	/System/Library/Frameworks/Accelerate.framework/Versions/A/Frameworks/vecLib.framework/Versions/A/libBLAS.dylib
0x00007fff434ce000 	/System/Library/Frameworks/Accelerate.framework/Versions/A/Frameworks/vecLib.framework/Versions/A/libLAPACK.dylib
0x00007fff43878000 	/System/Library/Frameworks/Accelerate.framework/Versions/A/Frameworks/vecLib.framework/Versions/A/libLinearAlgebra.dylib
0x00007fff43911000 	/System/Library/Frameworks/Accelerate.framework/Versions/A/Frameworks/vecLib.framework/Versions/A/libSparseBLAS.dylib
0x00007fff4388e000 	/System/Library/Frameworks/Accelerate.framework/Versions/A/Frameworks/vecLib.framework/Versions/A/libQuadrature.dylib
0x00007fff4345b000 	/System/Library/Frameworks/Accelerate.framework/Versions/A/Frameworks/vecLib.framework/Versions/A/libBNNS.dylib
0x00007fff43894000 	/System/Library/Frameworks/Accelerate.framework/Versions/A/Frameworks/vecLib.framework/Versions/A/libSparse.dylib
0x00007fff61803000 	/System/Library/PrivateFrameworks/GPUWrangler.framework/Versions/A/GPUWrangler
0x00007fff63b02000 	/System/Library/PrivateFrameworks/IOAccelerator.framework/Versions/A/IOAccelerator
0x00007fff63b0d000 	/System/Library/PrivateFrameworks/IOPresentment.framework/Versions/A/IOPresentment
0x00007fff5b28d000 	/System/Library/PrivateFrameworks/DSExternalDisplay.framework/Versions/A/DSExternalDisplay
0x00007fff4f837000 	/System/Library/Frameworks/OpenGL.framework/Versions/A/Libraries/libCoreFSCache.dylib
0x00007fff4b3b7000 	/System/Library/Frameworks/MetalPerformanceShaders.framework/Frameworks/MPSCore.framework/Versions/A/MPSCore
0x00007fff4b3d7000 	/System/Library/Frameworks/MetalPerformanceShaders.framework/Frameworks/MPSImage.framework/Versions/A/MPSImage
0x00007fff4b47c000 	/System/Library/Frameworks/MetalPerformanceShaders.framework/Frameworks/MPSNeuralNetwork.framework/Versions/A/MPSNeuralNetwork
0x00007fff4b454000 	/System/Library/Frameworks/MetalPerformanceShaders.framework/Frameworks/MPSMatrix.framework/Versions/A/MPSMatrix
0x00007fff4b5a8000 	/System/Library/Frameworks/MetalPerformanceShaders.framework/Frameworks/MPSRayIntersector.framework/Versions/A/MPSRayIntersector
0x00007fff64ffc000 	/System/Library/PrivateFrameworks/MetalTools.framework/Versions/A/MetalTools
0x00007fff56145000 	/System/Library/PrivateFrameworks/AggregateDictionary.framework/Versions/A/AggregateDictionary
0x00007fff6f56e000 	/usr/lib/libMobileGestalt.dylib
0x00007fff484df000 	/System/Library/Frameworks/CoreVideo.framework/Versions/A/CoreVideo
0x00007fff62614000 	/System/Library/PrivateFrameworks/GraphVisualizer.framework/Versions/A/GraphVisualizer
0x00007fff5c493000 	/System/Library/PrivateFrameworks/FaceCore.framework/Versions/A/FaceCore
0x00007fff4ee65000 	/System/Library/Frameworks/OpenCL.framework/Versions/A/OpenCL
0x00007fff6f2c6000 	/usr/lib/libFosl_dynamic.dylib
0x00007fff65da9000 	/System/Library/PrivateFrameworks/OTSVG.framework/Versions/A/OTSVG
0x00007fff44c6f000 	/System/Library/Frameworks/ApplicationServices.framework/Versions/A/Frameworks/ATS.framework/Versions/A/Resources/libFontParser.dylib
0x00007fff44d87000 	/System/Library/Frameworks/ApplicationServices.framework/Versions/A/Frameworks/ATS.framework/Versions/A/Resources/libFontRegistry.dylib
0x00007fff493ec000 	/System/Library/Frameworks/ImageIO.framework/Versions/A/Resources/libJPEG.dylib
0x00007fff496fe000 	/System/Library/Frameworks/ImageIO.framework/Versions/A/Resources/libTIFF.dylib
0x00007fff496d4000 	/System/Library/Frameworks/ImageIO.framework/Versions/A/Resources/libPng.dylib
0x00007fff4930a000 	/System/Library/Frameworks/ImageIO.framework/Versions/A/Resources/libGIF.dylib
0x00007fff4930f000 	/System/Library/Frameworks/ImageIO.framework/Versions/A/Resources/libJP2.dylib
0x00007fff496fb000 	/System/Library/Frameworks/ImageIO.framework/Versions/A/Resources/libRadiance.dylib
0x00007fff569f2000 	/System/Library/PrivateFrameworks/AppleJPEG.framework/Versions/A/AppleJPEG
0x00007fff4f842000 	/System/Library/Frameworks/OpenGL.framework/Versions/A/Libraries/libGFXShared.dylib
0x00007fff4fa05000 	/System/Library/Frameworks/OpenGL.framework/Versions/A/Libraries/libGLU.dylib
0x00007fff4f84b000 	/System/Library/Frameworks/OpenGL.framework/Versions/A/Libraries/libGL.dylib
0x00007fff4f857000 	/System/Library/Frameworks/OpenGL.framework/Versions/A/Libraries/libGLImage.dylib
0x00007fff4f834000 	/System/Library/Frameworks/OpenGL.framework/Versions/A/Libraries/libCVMSPluginSupport.dylib
0x00007fff4f83d000 	/System/Library/Frameworks/OpenGL.framework/Versions/A/Libraries/libCoreVMClient.dylib
0x00007fff700e0000 	/usr/lib/libcups.2.dylib
0x00007fff4a8be000 	/System/Library/Frameworks/Kerberos.framework/Versions/A/Kerberos
0x00007fff48ded000 	/System/Library/Frameworks/GSS.framework/Versions/A/GSS
0x00007fff717f3000 	/usr/lib/libresolv.9.dylib
0x00007fff702d2000 	/usr/lib/libiconv.2.dylib
0x00007fff62789000 	/System/Library/PrivateFrameworks/Heimdal.framework/Versions/A/Heimdal
0x00007fff702a2000 	/usr/lib/libheimdal-asn1.dylib
0x00007fff4eed9000 	/System/Library/Frameworks/OpenDirectory.framework/Versions/A/OpenDirectory
0x00007fff59218000 	/System/Library/PrivateFrameworks/CommonAuth.framework/Versions/A/CommonAuth
0x00007fff4eebd000 	/System/Library/Frameworks/OpenDirectory.framework/Versions/A/Frameworks/CFOpenDirectory.framework/Versions/A/CFOpenDirectory
0x00007fff51f87000 	/System/Library/Frameworks/SecurityFoundation.framework/Versions/A/SecurityFoundation
0x00007fff5568b000 	/System/Library/PrivateFrameworks/APFS.framework/Versions/A/APFS
0x00007fff71c54000 	/usr/lib/libutil.dylib
0x00007fff6f97d000 	/usr/lib/libcharset.1.dylib
0x00007fff56c8f000 	/System/Library/PrivateFrameworks/AppleSauce.framework/Versions/A/AppleSauce
0x00007fff56e10000 	/System/Library/PrivateFrameworks/AssertionServices.framework/Versions/A/AssertionServices
0x00007fff57540000 	/System/Library/PrivateFrameworks/BaseBoard.framework/Versions/A/BaseBoard
0x00007fff706a3000 	/usr/lib/libmecab.1.0.0.dylib
0x00007fff7029c000 	/usr/lib/libgermantok.dylib
0x00007fff6f74b000 	/usr/lib/libThaiTokenizer.dylib
0x00007fff6f1f6000 	/usr/lib/libChineseTokenizer.dylib
0x00007fff641ba000 	/System/Library/PrivateFrameworks/LanguageModeling.framework/Versions/A/LanguageModeling
0x00007fff59efa000 	/System/Library/PrivateFrameworks/CoreEmoji.framework/Versions/A/CoreEmoji
0x00007fff64296000 	/System/Library/PrivateFrameworks/Lexicon.framework/Versions/A/Lexicon
0x00007fff642d9000 	/System/Library/PrivateFrameworks/LinguisticData.framework/Versions/A/LinguisticData
0x00007fff6f97e000 	/usr/lib/libcmph.dylib
0x00007fff52045000 	/System/Library/Frameworks/ServiceManagement.framework/Versions/A/ServiceManagement
0x00007fff574a1000 	/System/Library/PrivateFrameworks/BackgroundTaskManagement.framework/Versions/A/BackgroundTaskManagement
0x00007fff71d4e000 	/usr/lib/libxslt.1.dylib
0x00007fff45cdd000 	/System/Library/Frameworks/Carbon.framework/Versions/A/Frameworks/Ink.framework/Versions/A/Ink
0x00007fff6d285000 	/System/Library/PrivateFrameworks/TextureIO.framework/Versions/A/TextureIO
0x00007fff6f79f000 	/usr/lib/libate.dylib
0x00007fff5b1dc000 	/System/Library/PrivateFrameworks/CrashReporterSupport.framework/Versions/A/CrashReporterSupport
0x00007fff6a9bf000 	/System/Library/PrivateFrameworks/Sharing.framework/Versions/A/Sharing
0x00007fff571f3000 	/System/Library/PrivateFrameworks/AuthKit.framework/Versions/A/AuthKit
0x00007fff56747000 	/System/Library/PrivateFrameworks/Apple80211.framework/Versions/A/Apple80211
0x00007fff5af84000 	/System/Library/PrivateFrameworks/CoreUtils.framework/Versions/A/CoreUtils
0x00007fff48520000 	/System/Library/Frameworks/CoreWLAN.framework/Versions/A/CoreWLAN
0x00007fff48f1c000 	/System/Library/Frameworks/IOBluetooth.framework/Versions/A/IOBluetooth
0x00007fff68e33000 	/System/Library/PrivateFrameworks/ProtocolBuffer.framework/Versions/A/ProtocolBuffer
0x00007fff65234000 	/System/Library/PrivateFrameworks/MobileKeyBag.framework/Versions/A/MobileKeyBag
0x00007fff5a7c8000 	/System/Library/PrivateFrameworks/CorePhoneNumbers.framework/Versions/A/CorePhoneNumbers
0x00007fff569a6000 	/System/Library/PrivateFrameworks/AppleIDAuthSupport.framework/Versions/A/AppleIDAuthSupport
0x00007fff6418d000 	/System/Library/PrivateFrameworks/KeychainCircle.framework/Versions/A/KeychainCircle
0x00007fff68fe9000 	/System/Library/PrivateFrameworks/ROCKit.framework/Versions/A/ROCKit
0x00007fff5b178000 	/System/Library/PrivateFrameworks/CoreWiFi.framework/Versions/A/CoreWiFi
0x00007fff462ab000 	/System/Library/Frameworks/CoreBluetooth.framework/Versions/A/CoreBluetooth
0x00007fff5b3d3000 	/System/Library/PrivateFrameworks/DebugSymbols.framework/Versions/A/DebugSymbols
0x00007fff5ad44000 	/System/Library/PrivateFrameworks/CoreSymbolication.framework/Versions/A/CoreSymbolication
0x00007fff6caa0000 	/System/Library/PrivateFrameworks/Symbolication.framework/Versions/A/Symbolication
0x00007fff6c343000 	/System/Library/PrivateFrameworks/SpeechRecognitionCore.framework/Versions/A/SpeechRecognitionCore
0x000000010ca00000 	/Library/Java/JavaVirtualMachines/adoptopenjdk-8.jdk/Contents/Home/jre/lib/server/libjvm.dylib
0x00007fff71b2f000 	/usr/lib/libstdc++.6.dylib
0x000000010b87d000 	/Library/Java/JavaVirtualMachines/adoptopenjdk-8.jdk/Contents/Home/jre/lib/libverify.dylib
0x000000010b88e000 	/Library/Java/JavaVirtualMachines/adoptopenjdk-8.jdk/Contents/Home/jre/lib/libjava.dylib
0x000000010b913000 	/Library/Java/JavaVirtualMachines/adoptopenjdk-8.jdk/Contents/Home/jre/lib/libzip.dylib
0x000000011155f000 	/Library/Java/JavaVirtualMachines/adoptopenjdk-8.jdk/Contents/Home/jre/lib/libawt.dylib
0x000000011160f000 	/Library/Java/JavaVirtualMachines/adoptopenjdk-8.jdk/Contents/Home/jre/lib/./libmlib_image.dylib
0x00007fff4a8a7000 	/System/Library/Frameworks/JavaVM.framework/Versions/A/Frameworks/JavaNativeFoundation.framework/Versions/A/JavaNativeFoundation
0x00007fff4a8b0000 	/System/Library/Frameworks/JavaVM.framework/Versions/A/Frameworks/JavaRuntimeSupport.framework/Versions/A/JavaRuntimeSupport
0x00007fff4a8b9000 	/System/Library/Frameworks/JavaVM.framework/Versions/A/JavaVM
0x00007fff640ac000 	/System/Library/PrivateFrameworks/JavaLaunching.framework/Versions/A/JavaLaunching
0x00007fff459d6000 	/System/Library/Frameworks/Carbon.framework/Versions/A/Carbon
0x00007fff459d7000 	/System/Library/Frameworks/Carbon.framework/Versions/A/Frameworks/CommonPanels.framework/Versions/A/CommonPanels
0x00007fff45cd3000 	/System/Library/Frameworks/Carbon.framework/Versions/A/Frameworks/Help.framework/Versions/A/Help
0x00007fff45cd7000 	/System/Library/Frameworks/Carbon.framework/Versions/A/Frameworks/ImageCapture.framework/Versions/A/ImageCapture
0x00007fff45d73000 	/System/Library/Frameworks/Carbon.framework/Versions/A/Frameworks/OpenScripting.framework/Versions/A/OpenScripting
0x00007fff45dab000 	/System/Library/Frameworks/Carbon.framework/Versions/A/Frameworks/Print.framework/Versions/A/Print
0x00007fff45dad000 	/System/Library/Frameworks/Carbon.framework/Versions/A/Frameworks/SecurityHI.framework/Versions/A/SecurityHI
0x00000001116e2000 	/Library/Java/JavaVirtualMachines/adoptopenjdk-8.jdk/Contents/Home/jre/lib/libawt_lwawt.dylib
0x00000001117a3000 	/Library/Java/JavaVirtualMachines/adoptopenjdk-8.jdk/Contents/Home/jre/lib/./libosxapp.dylib
0x00007fff489aa000 	/System/Library/Frameworks/ExceptionHandling.framework/Versions/A/ExceptionHandling
0x00007fff5a94c000 	/System/Library/PrivateFrameworks/CoreServicesInternal.framework/Versions/A/CoreServicesInternal
0x00007fff3aeaf000 	/System/Library/CoreServices/RawCamera.bundle/Contents/MacOS/RawCamera
0x00007fff650a0000 	/System/Library/PrivateFrameworks/MobileAsset.framework/Versions/A/MobileAsset
0x00007fff6c9ee000 	/System/Library/PrivateFrameworks/StreamingZip.framework/Versions/A/StreamingZip
0x00007fff4ac4b000 	/System/Library/Frameworks/MediaToolbox.framework/Versions/A/MediaToolbox
0x00007fff59a9e000 	/System/Library/PrivateFrameworks/CoreAVCHD.framework/Versions/A/CoreAVCHD
0x00007fff4ab91000 	/System/Library/Frameworks/MediaAccessibility.framework/Versions/A/MediaAccessibility
0x00007fff64afc000 	/System/Library/PrivateFrameworks/Mangrove.framework/Versions/A/Mangrove
0x00007fff47843000 	/System/Library/Frameworks/CoreMedia.framework/Versions/A/CoreMedia
0x00007fff526ae000 	/System/Library/Frameworks/VideoToolbox.framework/Versions/A/VideoToolbox
0x00007fff596ba000 	/System/Library/PrivateFrameworks/CoreAUC.framework/Versions/A/CoreAUC
0x00007fff7185c000 	/usr/lib/libspindump.dylib
0x00007fff56d75000 	/System/Library/PrivateFrameworks/AppleVA.framework/Versions/A/AppleVA
0x00007fff42b30000 	/System/Library/Frameworks/Accelerate.framework/Versions/A/Frameworks/vImage.framework/Versions/A/Libraries/libCGInterfaces.dylib
0x00007fff44e23000 	/System/Library/Frameworks/ApplicationServices.framework/Versions/A/Frameworks/ATS.framework/Versions/A/Resources/libTrueTypeScaler.dylib
0x00007fff3fcf2000 	/System/Library/Extensions/AppleIntelKBLGraphicsMTLDriver.bundle/Contents/MacOS/AppleIntelKBLGraphicsMTLDriver
0x00007fff3b20b000 	/System/Library/Extensions/AMDMTLBronzeDriver.bundle/Contents/MacOS/AMDMTLBronzeDriver
0x00007fff63af8000 	/System/Library/PrivateFrameworks/IOAccelMemoryInfo.framework/Versions/A/IOAccelMemoryInfo
0x00007fff60162000 	/System/Library/PrivateFrameworks/GPUCompiler.framework/Versions/3902/Libraries/libmetal_timestamp.dylib
0x00007fff5c8b8000 	/System/Library/PrivateFrameworks/FamilyControls.framework/Versions/A/FamilyControls
0x00007fff5920b000 	/System/Library/PrivateFrameworks/CommerceKit.framework/Versions/A/Frameworks/CommerceCore.framework/Versions/A/CommerceCore
0x00007fff6cd73000 	/System/Library/PrivateFrameworks/SystemAdministration.framework/Versions/A/SystemAdministration
0x00007fff56648000 	/System/Library/PrivateFrameworks/AppContainer.framework/Versions/A/AppContainer
0x00007fff56664000 	/System/Library/PrivateFrameworks/AppSandbox.framework/Versions/A/AppSandbox
0x00007fff6a860000 	/System/Library/PrivateFrameworks/SecCodeWrapper.framework/Versions/A/SecCodeWrapper
0x00007fff7180d000 	/usr/lib/libsandbox.1.dylib
0x00007fff6f53d000 	/usr/lib/libMatch.1.dylib
0x00007fff5b758000 	/System/Library/PrivateFrameworks/DiskManagement.framework/Versions/A/DiskManagement
0x00007fff48726000 	/System/Library/Frameworks/DirectoryService.framework/Versions/A/DirectoryService
0x00007fff5b689000 	/System/Library/PrivateFrameworks/DiskImages.framework/Versions/A/DiskImages
0x00007fff643d2000 	/System/Library/PrivateFrameworks/LoginUIKit.framework/Versions/A/Frameworks/LoginUICore.framework/Versions/A/LoginUICore
0x00007fff6f201000 	/usr/lib/libCoreStorage.dylib
0x00007fff700cd000 	/usr/lib/libcsfde.dylib
0x00007fff7168d000 	/usr/lib/libodfde.dylib
0x00007fff64c14000 	/System/Library/PrivateFrameworks/MediaKit.framework/Versions/A/MediaKit
0x00007fff48732000 	/System/Library/Frameworks/DiscRecording.framework/Versions/A/DiscRecording
0x00007fff5b8cc000 	/System/Library/PrivateFrameworks/EFILogin.framework/Versions/A/EFILogin
0x00007fff68dde000 	/System/Library/PrivateFrameworks/ProtectedCloudStorage.framework/Versions/A/ProtectedCloudStorage
0x00007fff7015f000 	/usr/lib/libcurl.4.dylib
0x00007fff6ffcc000 	/usr/lib/libcrypto.42.dylib
0x00007fff71aff000 	/usr/lib/libssl.44.dylib
0x00007fff4a8d8000 	/System/Library/Frameworks/LDAP.framework/Versions/A/LDAP
0x00007fff6d403000 	/System/Library/PrivateFrameworks/TrustEvaluationAgent.framework/Versions/A/TrustEvaluationAgent
0x00007fff71849000 	/usr/lib/libsasl2.2.dylib
0x00007fff59cf7000 	/System/Library/PrivateFrameworks/CoreDaemon.framework/Versions/B/CoreDaemon
0x00007fff56c8a000 	/System/Library/PrivateFrameworks/AppleSRP.framework/Versions/A/AppleSRP
0x00007fff6e23e000 	/System/Library/PrivateFrameworks/ViewBridge.framework/Versions/A/ViewBridge
0x0000000111c17000 	/usr/lib/libobjc-trampolines.dylib
0x000000012cbef000 	/Library/Java/JavaVirtualMachines/adoptopenjdk-8.jdk/Contents/Home/jre/lib/libnio.dylib
0x000000012cc03000 	/Library/Java/JavaVirtualMachines/adoptopenjdk-8.jdk/Contents/Home/jre/lib/./libnet.dylib
0x00007fff503f0000 	/System/Library/Frameworks/OpenGL.framework/Versions/A/Resources/GLEngine.bundle/GLEngine
0x00007fff4f892000 	/System/Library/Frameworks/OpenGL.framework/Versions/A/Libraries/libGLProgrammability.dylib
0x00007fff3ef1d000 	/System/Library/Extensions/AppleIntelKBLGraphicsGLDriver.bundle/Contents/MacOS/AppleIntelKBLGraphicsGLDriver
0x00007fff617f7000 	/System/Library/PrivateFrameworks/GPUSupport.framework/Versions/A/Libraries/libGPUSupportMercury.dylib
0x000000012cc21000 	/System/Library/Extensions/AMDRadeonX4000GLDriver.bundle/Contents/MacOS/AMDRadeonX4000GLDriver
0x00007fff3b318000 	/System/Library/Extensions/AMDRadeonX4000GLDriver.bundle/Contents/MacOS/ATIRadeonX4000SCLib.dylib
0x00007fff50588000 	/System/Library/Frameworks/OpenGL.framework/Versions/A/Resources/GLRendererFloat.bundle/GLRendererFloat
0x00007fff4ee5c000 	/System/Library/Frameworks/OpenCL.framework/Versions/A/Libraries/libcldcpuengine.dylib
0x00007fff6fdd2000 	/usr/lib/libcrypto.35.dylib
0x000000012cf0d000 	/Library/Java/JavaVirtualMachines/adoptopenjdk-8.jdk/Contents/Home/jre/lib/libfontmanager.dylib
0x000000012cf7d000 	/Library/Java/JavaVirtualMachines/adoptopenjdk-8.jdk/Contents/Home/jre/lib/./libfreetype.6.dylib
0x0000000111dad000 	/Library/Java/JavaVirtualMachines/adoptopenjdk-8.jdk/Contents/Home/jre/lib/libosxui.dylib
0x0000000111d1e000 	/private/var/folders/pt/gmp3zg_n0fv1_5_mkh2b9j80003h5j/T/jogamp_0000/file_cache/jln6182220512803919712/jln1184155249940708095/libgluegen-rt.jnilib
0x0000000111dea000 	/private/var/folders/pt/gmp3zg_n0fv1_5_mkh2b9j80003h5j/T/jogamp_0000/file_cache/jln6182220512803919712/jln1184155249940708095/libnativewindow_awt.jnilib
0x000000012d0ae000 	/Library/Java/JavaVirtualMachines/adoptopenjdk-8.jdk/Contents/Home/jre/lib/libjawt.dylib
0x000000012d0b5000 	/private/var/folders/pt/gmp3zg_n0fv1_5_mkh2b9j80003h5j/T/jogamp_0000/file_cache/jln6182220512803919712/jln1184155249940708095/libnativewindow_macosx.jnilib
0x000000015c1a9000 	/private/var/folders/pt/gmp3zg_n0fv1_5_mkh2b9j80003h5j/T/jogamp_0000/file_cache/jln6182220512803919712/jln1184155249940708095/libjogl_desktop.jnilib

VM Arguments:
jvm_args: -Djava.security.policy=java.policy.applet -Dfile.encoding=UTF-8 
java_command: sun.applet.AppletViewer module2.EarthquakeCityMap1585766551481.html
java_class_path (initial): /Users/abarretti/Desktop/Java/UCSDUnfoldingMaps/UCSDUnfoldingMaps/build:/Users/abarretti/Desktop/Java/UCSDUnfoldingMaps/UCSDUnfoldingMaps/lib/core.jar:/Users/abarretti/Desktop/Java/UCSDUnfoldingMaps/UCSDUnfoldingMaps/lib/gluegen-rt.jar:/Users/abarretti/Desktop/Java/UCSDUnfoldingMaps/UCSDUnfoldingMaps/lib/jogl-all.jar:/Users/abarretti/Desktop/Java/UCSDUnfoldingMaps/UCSDUnfoldingMaps/lib/log4j-1.2.15.jar:/Users/abarretti/Desktop/Java/UCSDUnfoldingMaps/UCSDUnfoldingMaps/lib/sqlite-jdbc-3.7.2.jar:/Users/abarretti/Desktop/Java/UCSDUnfoldingMaps/UCSDUnfoldingMaps/lib/json4processing.jar:/Users/abarretti/Desktop/Java/UCSDUnfoldingMaps/UCSDUnfoldingMaps/lib/libTUIO.jar:/Users/abarretti/Desktop/Java/UCSDUnfoldingMaps/UCSDUnfoldingMaps/lib/unfolding.0.9.7-uscd.jar
Launcher Type: SUN_STANDARD

Environment Variables:
PATH=/usr/bin:/bin:/usr/sbin:/sbin
SHELL=/bin/bash

Signal Handlers:
SIGSEGV: [libjvm.dylib+0x588183], sa_mask[0]=11111111011111110111111111111111, sa_flags=SA_ONSTACK|SA_RESTART|SA_SIGINFO
SIGBUS: [libjvm.dylib+0x588183], sa_mask[0]=11111111011111110111111111111111, sa_flags=SA_RESTART|SA_SIGINFO
SIGFPE: [libjvm.dylib+0x46288c], sa_mask[0]=11111111011111110111111111111111, sa_flags=SA_RESTART|SA_SIGINFO
SIGPIPE: [libjvm.dylib+0x46288c], sa_mask[0]=11111111011111110111111111111111, sa_flags=SA_RESTART|SA_SIGINFO
SIGXFSZ: [libjvm.dylib+0x46288c], sa_mask[0]=11111111011111110111111111111111, sa_flags=SA_RESTART|SA_SIGINFO
SIGILL: [libjvm.dylib+0x46288c], sa_mask[0]=11111111011111110111111111111111, sa_flags=SA_RESTART|SA_SIGINFO
SIGUSR1: SIG_DFL, sa_mask[0]=00000000000000000000000000000000, sa_flags=none
SIGUSR2: [libjvm.dylib+0x4623aa], sa_mask[0]=00100000000000000000000000000000, sa_flags=SA_RESTART|SA_SIGINFO
SIGHUP: [libjvm.dylib+0x460935], sa_mask[0]=11111111011111110111111111111111, sa_flags=SA_RESTART|SA_SIGINFO
SIGINT: [libjvm.dylib+0x460935], sa_mask[0]=11111111011111110111111111111111, sa_flags=SA_RESTART|SA_SIGINFO
SIGTERM: [libjvm.dylib+0x460935], sa_mask[0]=11111111011111110111111111111111, sa_flags=SA_RESTART|SA_SIGINFO
SIGQUIT: [libjvm.dylib+0x460935], sa_mask[0]=11111111011111110111111111111111, sa_flags=SA_RESTART|SA_SIGINFO


---------------  S Y S T E M  ---------------

OS:Bsduname:Darwin 18.7.0 Darwin Kernel Version 18.7.0: Thu Jan 23 06:52:12 PST 2020; root:xnu-4903.278.25~1/RELEASE_X86_64 x86_64
rlimit: STACK 8192k, CORE 0k, NPROC 1418, NOFILE 10240, AS infinity
load average:1.66 2.18 2.06

CPU:total 8 (initial active 8) (4 cores per cpu, 2 threads per core) family 6 model 158 stepping 9, cmov, cx8, fxsr, mmx, sse, sse2, sse3, ssse3, sse4.1, sse4.2, popcnt, avx, avx2, aes, clmul, erms, 3dnowpref, lzcnt, ht, tsc, tscinvbit, bmi1, bmi2, adx

Memory: 4k page, physical 16777216k(2237280k free)

/proc/meminfo:


vm_info: OpenJDK 64-Bit Server VM (25.242-b08) for bsd-amd64 JRE (1.8.0_242-b08), built on Jan 19 2020 06:43:11 by "jenkins" with gcc 4.2.1 (Based on Apple Inc. build 5658) (LLVM build 2336.11.00)

time: Wed Apr  1 20:43:12 2020
timezone: CEST
elapsed time: 40 seconds (0d 0h 0m 40s)

