#
# A fatal error has been detected by the Java Runtime Environment:
#
#  SIGSEGV (0xb) at pc=0x00007fff74b0069d, pid=24580, tid=0x0000000000000307
#
# JRE version: OpenJDK Runtime Environment (8.0_242-b08) (build 1.8.0_242-b08)
# Java VM: OpenJDK 64-Bit Server VM (25.242-b08 mixed mode bsd-amd64 compressed oops)
# Problematic frame:
# C  [libobjc.A.dylib+0x669d]  objc_msgSend+0x1d
#
# Failed to write core dump. Core dumps have been disabled. To enable core dumping, try "ulimit -c unlimited" before starting Java again
#
# If you would like to submit a bug report, please visit:
#   http://bugreport.java.com/bugreport/crash.jsp
# The crash happened outside the Java Virtual Machine in native code.
# See problematic frame for where to report the bug.
#

---------------  T H R E A D  ---------------

Current thread (0x00007fd20280a800):  JavaThread "AWT-AppKit" daemon [_thread_in_native, id=775, stack(0x00007ffee7827000,0x00007ffee8027000)]

siginfo: si_signo: 11 (SIGSEGV), si_code: 1 (SEGV_MAPERR), si_addr: 0x0000000000000018

Registers:
RAX=0x00007fd204c8a920, RBX=0x000000010fad6450, RCX=0x0000000000000001, RDX=0x0000000000000000
RSP=0x00007ffee8022168, RBP=0x00007ffee8022220, RSI=0x00007fff484fd537, RDI=0x00007fd204c05c30
R8 =0x0000000000000001, R9 =0x0000000000000000, R10=0x0000000000000000, R11=0x00007fff484fd537
R12=0x0000000000000000, R13=0x0000000158696178, R14=0x000000010fad6440, R15=0x00007fd20280a800
RIP=0x00007fff74b0069d, EFLAGS=0x0000000000010246, ERR=0x0000000000000004
  TRAPNO=0x000000000000000e

Top of Stack: (sp=0x00007ffee8022168)
0x00007ffee8022168:   000000010fad4157 00007ffee80221c0
0x00007ffee8022178:   0000000000000003 00007ffee80221a0
0x00007ffee8022188:   0000000108f432b2 0000000158696178
0x00007ffee8022198:   0000000158696178 00007fd204c8a920
0x00007ffee80221a8:   000000010fad66a0 000000010fad6710
0x00007ffee80221b8:   00007fffa5528838 00007fffa6c02088
0x00007ffee80221c8:   000000010fad6450 000000010fad6690
0x00007ffee80221d8:   00007fd204c8a920 00007fd204c05c30
0x00007ffee80221e8:   00007fd1fec59c10 00007fd204c8a920
0x00007ffee80221f8:   00007fd204c05c30 00007ffee80222a8
0x00007ffee8022208:   00007fd20280a9e0 0000000158696178
0x00007ffee8022218:   00007ffee80222d0 00007ffee8022298
0x00007ffee8022228:   0000000110521407 0000000158696178
0x00007ffee8022238:   00007ffee80222d0 00007ffee8022298
0x00007ffee8022248:   0000000110521167 0000000110521122
0x00007ffee8022258:   00007ffee8022258 0000000158696178
0x00007ffee8022268:   00007ffee80222d0 0000000158698db0
0x00007ffee8022278:   0000000000000000 0000000158696178
0x00007ffee8022288:   0000000000000000 00007ffee80222b8
0x00007ffee8022298:   00007ffee8022318 0000000110510ffd
0x00007ffee80222a8:   000000076ed3b9c8 000000011051aa58
0x00007ffee80222b8:   00007fd204c8a920 00007ffee8022318
0x00007ffee80222c8:   00007fd204c05c30 000000011051c4c2
0x00007ffee80222d8:   00007ffee80222d8 0000000158696342
0x00007ffee80222e8:   00007ffee8022340 0000000158698db0
0x00007ffee80222f8:   0000000000000000 0000000158696350
0x00007ffee8022308:   00007ffee80222b8 00007ffee8022328
0x00007ffee8022318:   00007ffee8022388 0000000110510ffd
0x00007ffee8022328:   00007fd204c8a920 000000076eda9398
0x00007ffee8022338:   00007fd204c05c30 000000076eda9398
0x00007ffee8022348:   00007ffee8022348 000000015e58fe46
0x00007ffee8022358:   00007ffee8022398 000000015e58ff00 

Instructions: (pc=0x00007fff74b0069d)
0x00007fff74b0067d:   0f 1f 00 48 85 ff 2e 74 62 40 f6 c7 01 2e 75 66
0x00007fff74b0068d:   49 ba f8 ff ff ff ff 7f 00 00 4c 23 17 49 89 f3
0x00007fff74b0069d:   45 23 5a 18 49 c1 e3 04 4d 03 5a 10 49 3b 33 75
0x00007fff74b006ad:   04 41 ff 63 08 49 83 3b 01 76 0d 49 83 c3 10 49 

Register to memory mapping:

RAX=0x00007fd204c8a920 is an unknown value
RBX=0x000000010fad6450: Java_jogamp_nativewindow_macosx_OSXUtil_GetScreenRefreshRate0+0x1cf0 in /private/var/folders/pt/gmp3zg_n0fv1_5_mkh2b9j80003h5j/T/jogamp_0000/file_cache/jln204753475713863492/jln3716582517799553691/libnativewindow_macosx.jnilib at 0x000000010facf000
RCX=0x0000000000000001 is an unknown value
RDX=0x0000000000000000 is an unknown value
RSP=0x00007ffee8022168 is pointing into the stack for thread: 0x00007fd20280a800
RBP=0x00007ffee8022220 is pointing into the stack for thread: 0x00007fd20280a800
RSI=0x00007fff484fd537: GCC_except_table7+0x9e9b in /System/Library/Frameworks/AppKit.framework/Versions/C/AppKit at 0x00007fff47956000
RDI=0x00007fd204c05c30 is an unknown value
R8 =0x0000000000000001 is an unknown value
R9 =0x0000000000000000 is an unknown value
R10=0x0000000000000000 is an unknown value
R11=0x00007fff484fd537: GCC_except_table7+0x9e9b in /System/Library/Frameworks/AppKit.framework/Versions/C/AppKit at 0x00007fff47956000
R12=0x0000000000000000 is an unknown value
R13={method} {0x0000000158696178} 'UnsetJAWTRootSurfaceLayer0' '(JJ)V' in 'jogamp/nativewindow/jawt/macosx/MacOSXJAWTWindow'
R14=0x000000010fad6440: Java_jogamp_nativewindow_macosx_OSXUtil_GetScreenRefreshRate0+0x1ce0 in /private/var/folders/pt/gmp3zg_n0fv1_5_mkh2b9j80003h5j/T/jogamp_0000/file_cache/jln204753475713863492/jln3716582517799553691/libnativewindow_macosx.jnilib at 0x000000010facf000
R15=0x00007fd20280a800 is a thread


Stack: [0x00007ffee7827000,0x00007ffee8027000],  sp=0x00007ffee8022168,  free space=8172k
Native frames: (J=compiled Java code, j=interpreted, Vv=VM code, C=native code)
C  [libobjc.A.dylib+0x669d]  objc_msgSend+0x1d
j  jogamp.nativewindow.jawt.macosx.MacOSXJAWTWindow.UnsetJAWTRootSurfaceLayer0(JJ)V+0
j  jogamp.nativewindow.jawt.macosx.MacOSXJAWTWindow.access$200(JJ)V+2
j  jogamp.nativewindow.jawt.macosx.MacOSXJAWTWindow$1.run()V+38
J 1860 C1 com.jogamp.common.util.RunnableTask.run()V (345 bytes) @ 0x0000000110ba5274 [0x0000000110ba50e0+0x194]
v  ~StubRoutines::call_stub
V  [libjvm.dylib+0x2e3fa7]
V  [libjvm.dylib+0x2ff139]
V  [libjvm.dylib+0x2f13d1]
C  [libnativewindow_macosx.jnilib+0x5326]  Java_jogamp_nativewindow_jawt_macosx_MacOSXJAWTWindow_UnsetJAWTRootSurfaceLayer0+0x2b6
C  [Foundation+0xb0302]  __NSThreadPerformPerform+0x148
C  [CoreFoundation+0x57e33]  __CFRUNLOOP_IS_CALLING_OUT_TO_A_SOURCE0_PERFORM_FUNCTION__+0x11
C  [CoreFoundation+0x57dd9]  __CFRunLoopDoSource0+0x6c
C  [CoreFoundation+0x3b7f3]  __CFRunLoopDoSources0+0x11b
C  [CoreFoundation+0x3ad65]  __CFRunLoopRun+0x4a5
C  [CoreFoundation+0x3a66e]  CFRunLoopRunSpecific+0x1c7
C  [HIToolbox+0xb1ab]  RunCurrentEventLoopInMode+0x124
C  [HIToolbox+0xaded]  ReceiveNextEventCommon+0x163
C  [HIToolbox+0xac76]  _BlockUntilNextEventMatchingListInModeWithFilter+0x40
C  [AppKit+0x1a77d]  _DPSNextEvent+0x46f
C  [AppKit+0x1946b]  -[NSApplication(NSEvent) _nextEventMatchingEventMask:untilDate:inMode:dequeue:]+0x551
C  [libosxapp.dylib+0x2328]  -[NSApplicationAWT nextEventMatchingMask:untilDate:inMode:dequeue:]+0x7c
C  [AppKit+0x13588]  -[NSApplication run]+0x2bb
C  [libosxapp.dylib+0x1f72]  +[NSApplicationAWT runAWTLoopWithApp:]+0x9c
C  [libawt_lwawt.dylib+0x4711f]  -[AWTStarter starter:]+0x389
C  [Foundation+0xb0302]  __NSThreadPerformPerform+0x148
C  [CoreFoundation+0x57e33]  __CFRUNLOOP_IS_CALLING_OUT_TO_A_SOURCE0_PERFORM_FUNCTION__+0x11
C  [CoreFoundation+0x57dd9]  __CFRunLoopDoSource0+0x6c
C  [CoreFoundation+0x3b79b]  __CFRunLoopDoSources0+0xc3
C  [CoreFoundation+0x3ad65]  __CFRunLoopRun+0x4a5
C  [CoreFoundation+0x3a66e]  CFRunLoopRunSpecific+0x1c7
C  [java+0x646e]  CreateExecutionEnvironment+0x367
C  [java+0x203c]  JLI_Launch+0x7a0
C  [java+0x84d2]  main+0x6c
C  [java+0x1894]  start+0x34
C  0x0000000000000007

Java frames: (J=compiled Java code, j=interpreted, Vv=VM code)
j  jogamp.nativewindow.jawt.macosx.MacOSXJAWTWindow.UnsetJAWTRootSurfaceLayer0(JJ)V+0
j  jogamp.nativewindow.jawt.macosx.MacOSXJAWTWindow.access$200(JJ)V+2
j  jogamp.nativewindow.jawt.macosx.MacOSXJAWTWindow$1.run()V+38
J 1860 C1 com.jogamp.common.util.RunnableTask.run()V (345 bytes) @ 0x0000000110ba5274 [0x0000000110ba50e0+0x194]
v  ~StubRoutines::call_stub

---------------  P R O C E S S  ---------------

Java Threads: ( => current thread )
  0x00007fd202ea1000 JavaThread "Thread-7" [_thread_blocked, id=126735, stack(0x0000700005af4000,0x0000700005bf4000)]
  0x00007fd201f22000 JavaThread "Keep-Alive-Timer" daemon [_thread_blocked, id=127747, stack(0x0000700006b36000,0x0000700006c36000)]
  0x00007fd202bc0800 JavaThread "AWT-EventQueue-1" [_thread_blocked, id=61743, stack(0x00007000065a4000,0x00007000066a4000)]
  0x00007fd20101c800 JavaThread "DestroyJavaVM" [_thread_blocked, id=9731, stack(0x0000700004635000,0x0000700004735000)]
  0x00007fd1ff1e9800 JavaThread "AWT-EventQueue-0" [_thread_blocked, id=60691, stack(0x000070000639e000,0x000070000649e000)]
  0x00007fd20288d000 JavaThread "Java2D Disposer" daemon [_thread_blocked, id=54819, stack(0x0000700006115000,0x0000700006215000)]
  0x00007fd2018ce800 JavaThread "Java2D Queue Flusher" daemon [_thread_blocked, id=75791, stack(0x0000700006012000,0x0000700006112000)]
  0x00007fd2018be000 JavaThread "AWT-Shutdown" [_thread_blocked, id=26667, stack(0x00007000059f1000,0x0000700005af1000)]
=>0x00007fd20280a800 JavaThread "AWT-AppKit" daemon [_thread_in_native, id=775, stack(0x00007ffee7827000,0x00007ffee8027000)]
  0x00007fd1ff00e000 JavaThread "Service Thread" daemon [_thread_blocked, id=14851, stack(0x0000700005768000,0x0000700005868000)]
  0x00007fd202810800 JavaThread "C1 CompilerThread3" daemon [_thread_blocked, id=15363, stack(0x0000700005665000,0x0000700005765000)]
  0x00007fd1ff00d800 JavaThread "C2 CompilerThread2" daemon [_thread_blocked, id=13827, stack(0x0000700005562000,0x0000700005662000)]
  0x00007fd20280f800 JavaThread "C2 CompilerThread1" daemon [_thread_blocked, id=15875, stack(0x000070000545f000,0x000070000555f000)]
  0x00007fd200017800 JavaThread "C2 CompilerThread0" daemon [_thread_blocked, id=16131, stack(0x000070000535c000,0x000070000545c000)]
  0x00007fd20280c800 JavaThread "Signal Dispatcher" daemon [_thread_blocked, id=12803, stack(0x0000700005259000,0x0000700005359000)]
  0x00007fd201004000 JavaThread "Finalizer" daemon [_thread_blocked, id=18435, stack(0x0000700005156000,0x0000700005256000)]
  0x00007fd1ff00c800 JavaThread "Reference Handler" daemon [_thread_blocked, id=18691, stack(0x0000700005053000,0x0000700005153000)]

Other Threads:
  0x00007fd1ff807800 VMThread [stack: 0x0000700004f50000,0x0000700005050000] [id=11779]
  0x00007fd1ff803800 WatcherThread [stack: 0x000070000586b000,0x000070000596b000] [id=14595]

VM state:not at safepoint (normal execution)

VM Mutex/Monitor currently owned by a thread: None

heap address: 0x00000006c0000000, size: 4096 MB, Compressed Oops mode: Zero based, Oop shift amount: 3
Narrow klass base: 0x0000000000000000, Narrow klass shift: 3
Compressed class space size: 1073741824 Address: 0x00000007c0000000

Heap:
 PSYoungGen      total 76288K, used 25662K [0x000000076ab00000, 0x0000000770000000, 0x00000007c0000000)
  eden space 65536K, 22% used [0x000000076ab00000,0x000000076b997668,0x000000076eb00000)
  from space 10752K, 99% used [0x000000076eb00000,0x000000076f5784d8,0x000000076f580000)
  to   space 10752K, 0% used [0x000000076f580000,0x000000076f580000,0x0000000770000000)
 ParOldGen       total 175104K, used 2136K [0x00000006c0000000, 0x00000006cab00000, 0x000000076ab00000)
  object space 175104K, 1% used [0x00000006c0000000,0x00000006c0216350,0x00000006cab00000)
 Metaspace       used 19352K, capacity 19699K, committed 19968K, reserved 1067008K
  class space    used 1894K, capacity 2004K, committed 2048K, reserved 1048576K

Card table byte_map: [0x0000000109cf6000,0x000000010a4f7000] byte_map_base: 0x00000001066f6000

Marking Bits: (ParMarkBitMap*) 0x000000010969f5b0
 Begin Bits: [0x000000011f509000, 0x0000000123509000)
 End Bits:   [0x0000000123509000, 0x0000000127509000)

Polling page: 0x0000000107ca3000

CodeCache: size=245760Kb used=7144Kb max_used=7157Kb free=238615Kb
 bounds [0x0000000110509000, 0x0000000110c19000, 0x000000011f509000]
 total_blobs=2897 nmethods=1991 adapters=820
 compilation: enabled

Compilation events (10 events):
Event: 9.234 Thread 0x00007fd202810800 1983       1       sun.java2d.SurfaceData::isValid (5 bytes)
Event: 9.234 Thread 0x00007fd202810800 nmethod 1983 0x0000000110bfffd0 code [0x0000000110c00120, 0x0000000110c00230]
Event: 9.248 Thread 0x00007fd202810800 1985       3       java.util.HashMap::afterNodeAccess (1 bytes)
Event: 9.248 Thread 0x00007fd202810800 nmethod 1985 0x0000000110bffcd0 code [0x0000000110bffe20, 0x0000000110bfff70]
Event: 9.249 Thread 0x00007fd202810800 1986       1       jogamp.common.util.locks.RecursiveLockImpl01Unfairish$SingleThreadSync::incrHoldCount (11 bytes)
Event: 9.249 Thread 0x00007fd202810800 nmethod 1986 0x0000000110bffa10 code [0x0000000110bffb60, 0x0000000110bffc70]
Event: 9.249 Thread 0x00007fd202810800 1987       3       sun.misc.JarIndex::get (49 bytes)
Event: 9.250 Thread 0x00007fd202810800 nmethod 1987 0x0000000110bfec90 code [0x0000000110bfee60, 0x0000000110bff6d8]
Event: 9.258 Thread 0x00007fd202810800 1988       3       java.util.IdentityHashMap::maskNull (12 bytes)
Event: 9.258 Thread 0x00007fd202810800 nmethod 1988 0x0000000110c01ed0 code [0x0000000110c02040, 0x0000000110c021d0]

GC Heap History (2 events):
Event: 4.966 GC heap before
{Heap before GC invocations=1 (full 0):
 PSYoungGen      total 76288K, used 65536K [0x000000076ab00000, 0x0000000770000000, 0x00000007c0000000)
  eden space 65536K, 100% used [0x000000076ab00000,0x000000076eb00000,0x000000076eb00000)
  from space 10752K, 0% used [0x000000076f580000,0x000000076f580000,0x0000000770000000)
  to   space 10752K, 0% used [0x000000076eb00000,0x000000076eb00000,0x000000076f580000)
 ParOldGen       total 175104K, used 0K [0x00000006c0000000, 0x00000006cab00000, 0x000000076ab00000)
  object space 175104K, 0% used [0x00000006c0000000,0x00000006c0000000,0x00000006cab00000)
 Metaspace       used 18874K, capacity 19237K, committed 19456K, reserved 1067008K
  class space    used 1881K, capacity 2001K, committed 2048K, reserved 1048576K
Event: 4.975 GC heap after
Heap after GC invocations=1 (full 0):
 PSYoungGen      total 76288K, used 10721K [0x000000076ab00000, 0x0000000770000000, 0x00000007c0000000)
  eden space 65536K, 0% used [0x000000076ab00000,0x000000076ab00000,0x000000076eb00000)
  from space 10752K, 99% used [0x000000076eb00000,0x000000076f5784d8,0x000000076f580000)
  to   space 10752K, 0% used [0x000000076f580000,0x000000076f580000,0x0000000770000000)
 ParOldGen       total 175104K, used 2136K [0x00000006c0000000, 0x00000006cab00000, 0x000000076ab00000)
  object space 175104K, 1% used [0x00000006c0000000,0x00000006c0216350,0x00000006cab00000)
 Metaspace       used 18874K, capacity 19237K, committed 19456K, reserved 1067008K
  class space    used 1881K, capacity 2001K, committed 2048K, reserved 1048576K
}

Deoptimization events (8 events):
Event: 1.727 Thread 0x00007fd202000000 Uncommon trap: reason=unstable_if action=reinterpret pc=0x00000001106c0900 method=java.lang.String.replace(CC)Ljava/lang/String; @ 26
Event: 2.567 Thread 0x00007fd202000000 Uncommon trap: reason=unstable_if action=reinterpret pc=0x0000000110716140 method=java.lang.String.toLowerCase(Ljava/util/Locale;)Ljava/lang/String; @ 85
Event: 2.844 Thread 0x00007fd202bce000 Uncommon trap: reason=unstable_if action=reinterpret pc=0x00000001107cc378 method=java.lang.String.indexOf([CII[CIII)I @ 3
Event: 2.844 Thread 0x00007fd202bce000 Uncommon trap: reason=unstable_if action=reinterpret pc=0x0000000110704330 method=java.lang.String.indexOf([CII[CIII)I @ 3
Event: 3.843 Thread 0x00007fd202bc0800 Uncommon trap: reason=unstable_if action=reinterpret pc=0x00000001106f1610 method=java.lang.AbstractStringBuilder.append(Ljava/lang/String;)Ljava/lang/AbstractStringBuilder; @ 1
Event: 3.952 Thread 0x00007fd202bc0800 Uncommon trap: reason=unstable_if action=reinterpret pc=0x00000001108dbb24 method=java.util.HashMap$HashIterator.<init>(Ljava/util/HashMap;)V @ 38
Event: 3.977 Thread 0x00007fd202bc0800 Uncommon trap: reason=unstable_if action=reinterpret pc=0x00000001109096fc method=com.jogamp.common.util.IntIntHashMap.get(I)I @ 28
Event: 9.261 Thread 0x00007fd202ea1000 Uncommon trap: reason=predicate action=maybe_recompile pc=0x0000000110bfb034 method=java.util.Vector.indexOf(Ljava/lang/Object;I)I @ 44

Classes redefined (0 events):
No events

Internal exceptions (10 events):
Event: 0.506 Thread 0x00007fd202000000 Exception <a 'java/io/FileNotFoundException'> (0x000000076ae2f830) thrown at [/Users/jenkins/workspace/build-scripts/jobs/jdk8u/jdk8u-mac-x64-hotspot/workspace/build/src/hotspot/src/share/vm/prims/jni.cpp, line 710]
Event: 0.506 Thread 0x00007fd202000000 Exception <a 'java/io/FileNotFoundException'> (0x000000076ae30400) thrown at [/Users/jenkins/workspace/build-scripts/jobs/jdk8u/jdk8u-mac-x64-hotspot/workspace/build/src/hotspot/src/share/vm/prims/jni.cpp, line 710]
Event: 1.519 Thread 0x00007fd20280a800 Exception <a 'java/lang/ClassNotFoundException': sun/dc/DuctusRenderingEngine> (0x000000076aedfaf8) thrown at [/Users/jenkins/workspace/build-scripts/jobs/jdk8u/jdk8u-mac-x64-hotspot/workspace/build/src/hotspot/src/share/vm/classfile/systemDictionary.cpp,
Event: 1.598 Thread 0x00007fd202000000 Exception <a 'java/io/FileNotFoundException'> (0x000000076aeb93c8) thrown at [/Users/jenkins/workspace/build-scripts/jobs/jdk8u/jdk8u-mac-x64-hotspot/workspace/build/src/hotspot/src/share/vm/prims/jni.cpp, line 710]
Event: 2.878 Thread 0x00007fd202bce000 Exception <a 'java/lang/UnsatisfiedLinkError': com.jogamp.common.util.JarUtil.fixNativeLibAttribs(Ljava/lang/String;)Z> (0x000000076c61b0e0) thrown at [/Users/jenkins/workspace/build-scripts/jobs/jdk8u/jdk8u-mac-x64-hotspot/workspace/build/src/hotspot/src
Event: 3.842 Thread 0x00007fd202bc0800 Exception <a 'java/io/FileNotFoundException'> (0x000000076d6cee68) thrown at [/Users/jenkins/workspace/build-scripts/jobs/jdk8u/jdk8u-mac-x64-hotspot/workspace/build/src/hotspot/src/share/vm/prims/jni.cpp, line 710]
Event: 3.843 Thread 0x00007fd202bc0800 Exception <a 'java/io/FileNotFoundException'> (0x000000076d6d6cf0) thrown at [/Users/jenkins/workspace/build-scripts/jobs/jdk8u/jdk8u-mac-x64-hotspot/workspace/build/src/hotspot/src/share/vm/prims/jni.cpp, line 710]
Event: 3.843 Thread 0x00007fd202bc0800 Implicit null exception at 0x00000001106f1236 to 0x00000001106f15f9
Event: 3.952 Thread 0x00007fd202bc0800 Implicit null exception at 0x00000001108db8c6 to 0x00000001108dbb0d
Event: 4.977 Thread 0x00007fd201004000 Exception <a 'java/lang/NullPointerException'> (0x000000076ad08b78) thrown at [/Users/jenkins/workspace/build-scripts/jobs/jdk8u/jdk8u-mac-x64-hotspot/workspace/build/src/hotspot/src/share/vm/interpreter/linkResolver.cpp, line 1185]

Events (10 events):
Event: 9.261 loading class java/awt/event/AWTEventListenerProxy
Event: 9.261 loading class java/awt/event/AWTEventListenerProxy done
Event: 9.261 loading class java/awt/Toolkit$ToolkitEventMulticaster
Event: 9.261 loading class java/awt/Toolkit$ToolkitEventMulticaster done
Event: 9.261 Thread 0x00007fd201945800 Thread exited: 0x00007fd201945800
Event: 9.261 Thread 0x00007fd202ea1000 Uncommon trap: trap_request=0xffffff86 fr.pc=0x0000000110bfb034
Event: 9.261 Thread 0x00007fd202ea1000 DEOPT PACKING pc=0x0000000110bfb034 sp=0x0000700005bf3810
Event: 9.261 Thread 0x00007fd202ea1000 DEOPT UNPACKING pc=0x000000011054e47a sp=0x0000700005bf37c0 mode 2
Event: 9.261 loading class java/awt/Window$1DisposeAction
Event: 9.261 loading class java/awt/Window$1DisposeAction done


Dynamic libraries:
0x00007fff49acb000 	/System/Library/Frameworks/Cocoa.framework/Versions/A/Cocoa
0x00007fff55879000 	/System/Library/Frameworks/Security.framework/Versions/A/Security
0x00007fff4875d000 	/System/Library/Frameworks/ApplicationServices.framework/Versions/A/ApplicationServices
0x00007fff7596a000 	/usr/lib/libz.1.dylib
0x00007fff732c1000 	/usr/lib/libSystem.B.dylib
0x00007fff74afa000 	/usr/lib/libobjc.A.dylib
0x00007fff4c5c4000 	/System/Library/Frameworks/Foundation.framework/Versions/C/Foundation
0x00007fff4a340000 	/System/Library/Frameworks/CoreFoundation.framework/Versions/A/CoreFoundation
0x0000000107bf7000 	/Library/Application Support/Cylance/Desktop/CyMemDef.dylib
0x00007fff47956000 	/System/Library/Frameworks/AppKit.framework/Versions/C/AppKit
0x00007fff49ec9000 	/System/Library/Frameworks/CoreData.framework/Versions/A/CoreData
0x00007fff6cd86000 	/System/Library/PrivateFrameworks/RemoteViewServices.framework/Versions/A/RemoteViewServices
0x00007fff70ffd000 	/System/Library/PrivateFrameworks/UIFoundation.framework/Versions/A/UIFoundation
0x00007fff726e2000 	/System/Library/PrivateFrameworks/XCTTargetBootstrap.framework/Versions/A/XCTTargetBootstrap
0x00007fff4a24f000 	/System/Library/Frameworks/CoreDisplay.framework/Versions/A/CoreDisplay
0x00007fff67ac0000 	/System/Library/PrivateFrameworks/IconServices.framework/Versions/A/IconServices
0x00007fff4eee6000 	/System/Library/Frameworks/Metal.framework/Versions/A/Metal
0x00007fff5f004000 	/System/Library/PrivateFrameworks/DesktopServicesPriv.framework/Versions/A/DesktopServicesPriv
0x00007fff73e5d000 	/usr/lib/libenergytrace.dylib
0x00007fff6f4e4000 	/System/Library/PrivateFrameworks/SkyLight.framework/Versions/A/SkyLight
0x00007fff4a787000 	/System/Library/Frameworks/CoreGraphics.framework/Versions/A/CoreGraphics
0x00007fff46722000 	/System/Library/Frameworks/Accelerate.framework/Versions/A/Accelerate
0x00007fff4cd0d000 	/System/Library/Frameworks/IOSurface.framework/Versions/A/IOSurface
0x00007fff5ee70000 	/System/Library/PrivateFrameworks/DFRFoundation.framework/Versions/A/DFRFoundation
0x00007fff48c40000 	/System/Library/Frameworks/AudioToolbox.framework/Versions/A/AudioToolbox
0x00007fff48eb9000 	/System/Library/Frameworks/AudioUnit.framework/Versions/A/AudioUnit
0x00007fff5ef05000 	/System/Library/PrivateFrameworks/DataDetectorsCore.framework/Versions/A/DataDetectorsCore
0x00007fff495ce000 	/System/Library/Frameworks/Carbon.framework/Versions/A/Frameworks/HIToolbox.framework/Versions/A/HIToolbox
0x00007fff73fb6000 	/usr/lib/libicucore.A.dylib
0x00007fff54dec000 	/System/Library/Frameworks/QuartzCore.framework/Versions/A/QuartzCore
0x00007fff499a3000 	/System/Library/Frameworks/Carbon.framework/Versions/A/Frameworks/SpeechRecognition.framework/Versions/A/SpeechRecognition
0x00007fff73415000 	/usr/lib/libauto.dylib
0x00007fff7585d000 	/usr/lib/libxml2.2.dylib
0x00007fff5ea4b000 	/System/Library/PrivateFrameworks/CoreUI.framework/Versions/A/CoreUI
0x00007fff49db4000 	/System/Library/Frameworks/CoreAudio.framework/Versions/A/CoreAudio
0x00007fff4c3f9000 	/System/Library/Frameworks/DiskArbitration.framework/Versions/A/DiskArbitration
0x00007fff74264000 	/usr/lib/liblangid.dylib
0x00007fff68ecb000 	/System/Library/PrivateFrameworks/MultitouchSupport.framework/Versions/A/MultitouchSupport
0x00007fff4cc7c000 	/System/Library/Frameworks/IOKit.framework/Versions/A/IOKit
0x00007fff72e81000 	/usr/lib/libDiagnosticMessagesClient.dylib
0x00007fff4b597000 	/System/Library/Frameworks/CoreServices.framework/Versions/A/CoreServices
0x00007fff6ab85000 	/System/Library/PrivateFrameworks/PerformanceAnalysis.framework/Versions/A/PerformanceAnalysis
0x00007fff53fd3000 	/System/Library/Frameworks/OpenGL.framework/Versions/A/OpenGL
0x00007fff49ad9000 	/System/Library/Frameworks/ColorSync.framework/Versions/A/ColorSync
0x00007fff4ae19000 	/System/Library/Frameworks/CoreImage.framework/Versions/A/CoreImage
0x00007fff4bf6f000 	/System/Library/Frameworks/CoreText.framework/Versions/A/CoreText
0x00007fff4cd70000 	/System/Library/Frameworks/ImageIO.framework/Versions/A/ImageIO
0x00007fff5b09d000 	/System/Library/PrivateFrameworks/Backup.framework/Versions/A/Backup
0x00007fff73368000 	/usr/lib/libarchive.2.dylib
0x00007fff49212000 	/System/Library/Frameworks/CFNetwork.framework/Versions/A/CFNetwork
0x00007fff55fd5000 	/System/Library/Frameworks/SystemConfiguration.framework/Versions/A/SystemConfiguration
0x00007fff72db2000 	/usr/lib/libCRFSuite.dylib
0x00007fff73506000 	/usr/lib/libc++.1.dylib
0x00007fff7355a000 	/usr/lib/libc++abi.dylib
0x00007fff76160000 	/usr/lib/system/libcache.dylib
0x00007fff76165000 	/usr/lib/system/libcommonCrypto.dylib
0x00007fff76170000 	/usr/lib/system/libcompiler_rt.dylib
0x00007fff76178000 	/usr/lib/system/libcopyfile.dylib
0x00007fff76182000 	/usr/lib/system/libcorecrypto.dylib
0x00007fff7628d000 	/usr/lib/system/libdispatch.dylib
0x00007fff762c7000 	/usr/lib/system/libdyld.dylib
0x00007fff762f4000 	/usr/lib/system/libkeymgr.dylib
0x00007fff76302000 	/usr/lib/system/liblaunch.dylib
0x00007fff76303000 	/usr/lib/system/libmacho.dylib
0x00007fff76309000 	/usr/lib/system/libquarantine.dylib
0x00007fff7630c000 	/usr/lib/system/libremovefile.dylib
0x00007fff7630e000 	/usr/lib/system/libsystem_asl.dylib
0x00007fff76326000 	/usr/lib/system/libsystem_blocks.dylib
0x00007fff76327000 	/usr/lib/system/libsystem_c.dylib
0x00007fff763af000 	/usr/lib/system/libsystem_configuration.dylib
0x00007fff763b3000 	/usr/lib/system/libsystem_coreservices.dylib
0x00007fff763b7000 	/usr/lib/system/libsystem_darwin.dylib
0x00007fff763be000 	/usr/lib/system/libsystem_dnssd.dylib
0x00007fff763c5000 	/usr/lib/system/libsystem_info.dylib
0x00007fff7643a000 	/usr/lib/system/libsystem_m.dylib
0x00007fff76486000 	/usr/lib/system/libsystem_malloc.dylib
0x00007fff764b1000 	/usr/lib/system/libsystem_networkextension.dylib
0x00007fff764bc000 	/usr/lib/system/libsystem_notify.dylib
0x00007fff764d9000 	/usr/lib/system/libsystem_sandbox.dylib
0x00007fff764dd000 	/usr/lib/system/libsystem_secinit.dylib
0x00007fff76411000 	/usr/lib/system/libsystem_kernel.dylib
0x00007fff764c4000 	/usr/lib/system/libsystem_platform.dylib
0x00007fff764ce000 	/usr/lib/system/libsystem_pthread.dylib
0x00007fff764e0000 	/usr/lib/system/libsystem_symptoms.dylib
0x00007fff764e8000 	/usr/lib/system/libsystem_trace.dylib
0x00007fff764ff000 	/usr/lib/system/libunwind.dylib
0x00007fff76505000 	/usr/lib/system/libxpc.dylib
0x00007fff734e7000 	/usr/lib/libbsm.0.dylib
0x00007fff762f5000 	/usr/lib/system/libkxld.dylib
0x00007fff5a48e000 	/System/Library/PrivateFrameworks/AppleFSCompression.framework/Versions/A/AppleFSCompression
0x00007fff73181000 	/usr/lib/libOpenScriptingUtil.dylib
0x00007fff7380f000 	/usr/lib/libcoretls.dylib
0x00007fff73826000 	/usr/lib/libcoretls_cfhelpers.dylib
0x00007fff75291000 	/usr/lib/libpam.2.dylib
0x00007fff75451000 	/usr/lib/libsqlite3.dylib
0x00007fff7584b000 	/usr/lib/libxar.1.dylib
0x00007fff734f8000 	/usr/lib/libbz2.1.0.dylib
0x00007fff74266000 	/usr/lib/liblzma.5.dylib
0x00007fff74717000 	/usr/lib/libnetwork.dylib
0x00007fff73351000 	/usr/lib/libapple_nghttp2.dylib
0x00007fff75298000 	/usr/lib/libpcap.A.dylib
0x00007fff4b936000 	/System/Library/Frameworks/CoreServices.framework/Versions/A/Frameworks/FSEvents.framework/Versions/A/FSEvents
0x00007fff4b615000 	/System/Library/Frameworks/CoreServices.framework/Versions/A/Frameworks/CarbonCore.framework/Versions/A/CarbonCore
0x00007fff4baf1000 	/System/Library/Frameworks/CoreServices.framework/Versions/A/Frameworks/Metadata.framework/Versions/A/Metadata
0x00007fff4bb90000 	/System/Library/Frameworks/CoreServices.framework/Versions/A/Frameworks/OSServices.framework/Versions/A/OSServices
0x00007fff4bbdb000 	/System/Library/Frameworks/CoreServices.framework/Versions/A/Frameworks/SearchKit.framework/Versions/A/SearchKit
0x00007fff4b598000 	/System/Library/Frameworks/CoreServices.framework/Versions/A/Frameworks/AE.framework/Versions/A/AE
0x00007fff4b93f000 	/System/Library/Frameworks/CoreServices.framework/Versions/A/Frameworks/LaunchServices.framework/Versions/A/LaunchServices
0x00007fff4b8ed000 	/System/Library/Frameworks/CoreServices.framework/Versions/A/Frameworks/DictionaryServices.framework/Versions/A/DictionaryServices
0x00007fff4bc43000 	/System/Library/Frameworks/CoreServices.framework/Versions/A/Frameworks/SharedFileList.framework/Versions/A/SharedFileList
0x00007fff4ffae000 	/System/Library/Frameworks/NetFS.framework/Versions/A/NetFS
0x00007fff69131000 	/System/Library/PrivateFrameworks/NetAuth.framework/Versions/A/NetAuth
0x00007fff72ae6000 	/System/Library/PrivateFrameworks/login.framework/Versions/A/Frameworks/loginsupport.framework/Versions/A/loginsupport
0x00007fff70c06000 	/System/Library/PrivateFrameworks/TCC.framework/Versions/A/TCC
0x00007fff5e0a8000 	/System/Library/PrivateFrameworks/CoreNLP.framework/Versions/A/CoreNLP
0x00007fff68bc6000 	/System/Library/PrivateFrameworks/MetadataUtilities.framework/Versions/A/MetadataUtilities
0x00007fff7433b000 	/usr/lib/libmecabra.dylib
0x00007fff4875e000 	/System/Library/Frameworks/ApplicationServices.framework/Versions/A/Frameworks/ATS.framework/Versions/A/ATS
0x00007fff48aad000 	/System/Library/Frameworks/ApplicationServices.framework/Versions/A/Frameworks/ColorSyncLegacy.framework/Versions/A/ColorSyncLegacy
0x00007fff48b4c000 	/System/Library/Frameworks/ApplicationServices.framework/Versions/A/Frameworks/HIServices.framework/Versions/A/HIServices
0x00007fff48b9f000 	/System/Library/Frameworks/ApplicationServices.framework/Versions/A/Frameworks/LangAnalysis.framework/Versions/A/LangAnalysis
0x00007fff48baf000 	/System/Library/Frameworks/ApplicationServices.framework/Versions/A/Frameworks/PrintCore.framework/Versions/A/PrintCore
0x00007fff48bf9000 	/System/Library/Frameworks/ApplicationServices.framework/Versions/A/Frameworks/QD.framework/Versions/A/QD
0x00007fff48c33000 	/System/Library/Frameworks/ApplicationServices.framework/Versions/A/Frameworks/SpeechSynthesis.framework/Versions/A/SpeechSynthesis
0x00007fff73582000 	/usr/lib/libcompression.dylib
0x00007fff4f1b6000 	/System/Library/Frameworks/MetalPerformanceShaders.framework/Versions/A/MetalPerformanceShaders
0x00007fff4673a000 	/System/Library/Frameworks/Accelerate.framework/Versions/A/Frameworks/vImage.framework/Versions/A/vImage
0x00007fff477b4000 	/System/Library/Frameworks/Accelerate.framework/Versions/A/Frameworks/vecLib.framework/Versions/A/vecLib
0x00007fff47700000 	/System/Library/Frameworks/Accelerate.framework/Versions/A/Frameworks/vecLib.framework/Versions/A/libvMisc.dylib
0x00007fff47518000 	/System/Library/Frameworks/Accelerate.framework/Versions/A/Frameworks/vecLib.framework/Versions/A/libvDSP.dylib
0x00007fff46dd4000 	/System/Library/Frameworks/Accelerate.framework/Versions/A/Frameworks/vecLib.framework/Versions/A/libBLAS.dylib
0x00007fff470c1000 	/System/Library/Frameworks/Accelerate.framework/Versions/A/Frameworks/vecLib.framework/Versions/A/libLAPACK.dylib
0x00007fff4746b000 	/System/Library/Frameworks/Accelerate.framework/Versions/A/Frameworks/vecLib.framework/Versions/A/libLinearAlgebra.dylib
0x00007fff47504000 	/System/Library/Frameworks/Accelerate.framework/Versions/A/Frameworks/vecLib.framework/Versions/A/libSparseBLAS.dylib
0x00007fff47481000 	/System/Library/Frameworks/Accelerate.framework/Versions/A/Frameworks/vecLib.framework/Versions/A/libQuadrature.dylib
0x00007fff4704e000 	/System/Library/Frameworks/Accelerate.framework/Versions/A/Frameworks/vecLib.framework/Versions/A/libBNNS.dylib
0x00007fff47487000 	/System/Library/Frameworks/Accelerate.framework/Versions/A/Frameworks/vecLib.framework/Versions/A/libSparse.dylib
0x00007fff653f6000 	/System/Library/PrivateFrameworks/GPUWrangler.framework/Versions/A/GPUWrangler
0x00007fff676f5000 	/System/Library/PrivateFrameworks/IOAccelerator.framework/Versions/A/IOAccelerator
0x00007fff67700000 	/System/Library/PrivateFrameworks/IOPresentment.framework/Versions/A/IOPresentment
0x00007fff5ee80000 	/System/Library/PrivateFrameworks/DSExternalDisplay.framework/Versions/A/DSExternalDisplay
0x00007fff5342a000 	/System/Library/Frameworks/OpenGL.framework/Versions/A/Libraries/libCoreFSCache.dylib
0x00007fff4efaa000 	/System/Library/Frameworks/MetalPerformanceShaders.framework/Frameworks/MPSCore.framework/Versions/A/MPSCore
0x00007fff4efca000 	/System/Library/Frameworks/MetalPerformanceShaders.framework/Frameworks/MPSImage.framework/Versions/A/MPSImage
0x00007fff4f06f000 	/System/Library/Frameworks/MetalPerformanceShaders.framework/Frameworks/MPSNeuralNetwork.framework/Versions/A/MPSNeuralNetwork
0x00007fff4f047000 	/System/Library/Frameworks/MetalPerformanceShaders.framework/Frameworks/MPSMatrix.framework/Versions/A/MPSMatrix
0x00007fff4f19b000 	/System/Library/Frameworks/MetalPerformanceShaders.framework/Frameworks/MPSRayIntersector.framework/Versions/A/MPSRayIntersector
0x00007fff68bef000 	/System/Library/PrivateFrameworks/MetalTools.framework/Versions/A/MetalTools
0x00007fff59d38000 	/System/Library/PrivateFrameworks/AggregateDictionary.framework/Versions/A/AggregateDictionary
0x00007fff73161000 	/usr/lib/libMobileGestalt.dylib
0x00007fff4c0d2000 	/System/Library/Frameworks/CoreVideo.framework/Versions/A/CoreVideo
0x00007fff66207000 	/System/Library/PrivateFrameworks/GraphVisualizer.framework/Versions/A/GraphVisualizer
0x00007fff60086000 	/System/Library/PrivateFrameworks/FaceCore.framework/Versions/A/FaceCore
0x00007fff52a58000 	/System/Library/Frameworks/OpenCL.framework/Versions/A/OpenCL
0x00007fff72eb9000 	/usr/lib/libFosl_dynamic.dylib
0x00007fff6999c000 	/System/Library/PrivateFrameworks/OTSVG.framework/Versions/A/OTSVG
0x00007fff48862000 	/System/Library/Frameworks/ApplicationServices.framework/Versions/A/Frameworks/ATS.framework/Versions/A/Resources/libFontParser.dylib
0x00007fff4897a000 	/System/Library/Frameworks/ApplicationServices.framework/Versions/A/Frameworks/ATS.framework/Versions/A/Resources/libFontRegistry.dylib
0x00007fff4cfdf000 	/System/Library/Frameworks/ImageIO.framework/Versions/A/Resources/libJPEG.dylib
0x00007fff4d2f1000 	/System/Library/Frameworks/ImageIO.framework/Versions/A/Resources/libTIFF.dylib
0x00007fff4d2c7000 	/System/Library/Frameworks/ImageIO.framework/Versions/A/Resources/libPng.dylib
0x00007fff4cefd000 	/System/Library/Frameworks/ImageIO.framework/Versions/A/Resources/libGIF.dylib
0x00007fff4cf02000 	/System/Library/Frameworks/ImageIO.framework/Versions/A/Resources/libJP2.dylib
0x00007fff4d2ee000 	/System/Library/Frameworks/ImageIO.framework/Versions/A/Resources/libRadiance.dylib
0x00007fff5a5e5000 	/System/Library/PrivateFrameworks/AppleJPEG.framework/Versions/A/AppleJPEG
0x00007fff53435000 	/System/Library/Frameworks/OpenGL.framework/Versions/A/Libraries/libGFXShared.dylib
0x00007fff535f8000 	/System/Library/Frameworks/OpenGL.framework/Versions/A/Libraries/libGLU.dylib
0x00007fff5343e000 	/System/Library/Frameworks/OpenGL.framework/Versions/A/Libraries/libGL.dylib
0x00007fff5344a000 	/System/Library/Frameworks/OpenGL.framework/Versions/A/Libraries/libGLImage.dylib
0x00007fff53427000 	/System/Library/Frameworks/OpenGL.framework/Versions/A/Libraries/libCVMSPluginSupport.dylib
0x00007fff53430000 	/System/Library/Frameworks/OpenGL.framework/Versions/A/Libraries/libCoreVMClient.dylib
0x00007fff73cd3000 	/usr/lib/libcups.2.dylib
0x00007fff4e4b1000 	/System/Library/Frameworks/Kerberos.framework/Versions/A/Kerberos
0x00007fff4c9e0000 	/System/Library/Frameworks/GSS.framework/Versions/A/GSS
0x00007fff753e6000 	/usr/lib/libresolv.9.dylib
0x00007fff73ec5000 	/usr/lib/libiconv.2.dylib
0x00007fff6637c000 	/System/Library/PrivateFrameworks/Heimdal.framework/Versions/A/Heimdal
0x00007fff73e95000 	/usr/lib/libheimdal-asn1.dylib
0x00007fff52acc000 	/System/Library/Frameworks/OpenDirectory.framework/Versions/A/OpenDirectory
0x00007fff5ce0b000 	/System/Library/PrivateFrameworks/CommonAuth.framework/Versions/A/CommonAuth
0x00007fff52ab0000 	/System/Library/Frameworks/OpenDirectory.framework/Versions/A/Frameworks/CFOpenDirectory.framework/Versions/A/CFOpenDirectory
0x00007fff55b7a000 	/System/Library/Frameworks/SecurityFoundation.framework/Versions/A/SecurityFoundation
0x00007fff5927e000 	/System/Library/PrivateFrameworks/APFS.framework/Versions/A/APFS
0x00007fff75847000 	/usr/lib/libutil.dylib
0x00007fff73570000 	/usr/lib/libcharset.1.dylib
0x00007fff5a882000 	/System/Library/PrivateFrameworks/AppleSauce.framework/Versions/A/AppleSauce
0x00007fff5aa03000 	/System/Library/PrivateFrameworks/AssertionServices.framework/Versions/A/AssertionServices
0x00007fff5b133000 	/System/Library/PrivateFrameworks/BaseBoard.framework/Versions/A/BaseBoard
0x00007fff74296000 	/usr/lib/libmecab.1.0.0.dylib
0x00007fff73e8f000 	/usr/lib/libgermantok.dylib
0x00007fff7333e000 	/usr/lib/libThaiTokenizer.dylib
0x00007fff72de9000 	/usr/lib/libChineseTokenizer.dylib
0x00007fff67dad000 	/System/Library/PrivateFrameworks/LanguageModeling.framework/Versions/A/LanguageModeling
0x00007fff5daed000 	/System/Library/PrivateFrameworks/CoreEmoji.framework/Versions/A/CoreEmoji
0x00007fff67e89000 	/System/Library/PrivateFrameworks/Lexicon.framework/Versions/A/Lexicon
0x00007fff67ecc000 	/System/Library/PrivateFrameworks/LinguisticData.framework/Versions/A/LinguisticData
0x00007fff73571000 	/usr/lib/libcmph.dylib
0x00007fff55c38000 	/System/Library/Frameworks/ServiceManagement.framework/Versions/A/ServiceManagement
0x00007fff5b094000 	/System/Library/PrivateFrameworks/BackgroundTaskManagement.framework/Versions/A/BackgroundTaskManagement
0x00007fff75941000 	/usr/lib/libxslt.1.dylib
0x00007fff498d0000 	/System/Library/Frameworks/Carbon.framework/Versions/A/Frameworks/Ink.framework/Versions/A/Ink
0x00007fff70e78000 	/System/Library/PrivateFrameworks/TextureIO.framework/Versions/A/TextureIO
0x00007fff73392000 	/usr/lib/libate.dylib
0x00007fff5edcf000 	/System/Library/PrivateFrameworks/CrashReporterSupport.framework/Versions/A/CrashReporterSupport
0x00007fff6e5b2000 	/System/Library/PrivateFrameworks/Sharing.framework/Versions/A/Sharing
0x00007fff5ade6000 	/System/Library/PrivateFrameworks/AuthKit.framework/Versions/A/AuthKit
0x00007fff5a33a000 	/System/Library/PrivateFrameworks/Apple80211.framework/Versions/A/Apple80211
0x00007fff5eb77000 	/System/Library/PrivateFrameworks/CoreUtils.framework/Versions/A/CoreUtils
0x00007fff4c113000 	/System/Library/Frameworks/CoreWLAN.framework/Versions/A/CoreWLAN
0x00007fff4cb0f000 	/System/Library/Frameworks/IOBluetooth.framework/Versions/A/IOBluetooth
0x00007fff6ca26000 	/System/Library/PrivateFrameworks/ProtocolBuffer.framework/Versions/A/ProtocolBuffer
0x00007fff68e27000 	/System/Library/PrivateFrameworks/MobileKeyBag.framework/Versions/A/MobileKeyBag
0x00007fff5e3bb000 	/System/Library/PrivateFrameworks/CorePhoneNumbers.framework/Versions/A/CorePhoneNumbers
0x00007fff5a599000 	/System/Library/PrivateFrameworks/AppleIDAuthSupport.framework/Versions/A/AppleIDAuthSupport
0x00007fff67d80000 	/System/Library/PrivateFrameworks/KeychainCircle.framework/Versions/A/KeychainCircle
0x00007fff6cbdc000 	/System/Library/PrivateFrameworks/ROCKit.framework/Versions/A/ROCKit
0x00007fff5ed6b000 	/System/Library/PrivateFrameworks/CoreWiFi.framework/Versions/A/CoreWiFi
0x00007fff49e9e000 	/System/Library/Frameworks/CoreBluetooth.framework/Versions/A/CoreBluetooth
0x00007fff5efc6000 	/System/Library/PrivateFrameworks/DebugSymbols.framework/Versions/A/DebugSymbols
0x00007fff5e937000 	/System/Library/PrivateFrameworks/CoreSymbolication.framework/Versions/A/CoreSymbolication
0x00007fff70693000 	/System/Library/PrivateFrameworks/Symbolication.framework/Versions/A/Symbolication
0x00007fff6ff36000 	/System/Library/PrivateFrameworks/SpeechRecognitionCore.framework/Versions/A/SpeechRecognitionCore
0x0000000108e00000 	/Library/Java/JavaVirtualMachines/adoptopenjdk-8.jdk/Contents/Home/jre/lib/server/libjvm.dylib
0x00007fff75722000 	/usr/lib/libstdc++.6.dylib
0x0000000107c57000 	/Library/Java/JavaVirtualMachines/adoptopenjdk-8.jdk/Contents/Home/jre/lib/libverify.dylib
0x0000000107c68000 	/Library/Java/JavaVirtualMachines/adoptopenjdk-8.jdk/Contents/Home/jre/lib/libjava.dylib
0x0000000107ced000 	/Library/Java/JavaVirtualMachines/adoptopenjdk-8.jdk/Contents/Home/jre/lib/libzip.dylib
0x000000010d93b000 	/Library/Java/JavaVirtualMachines/adoptopenjdk-8.jdk/Contents/Home/jre/lib/libawt.dylib
0x000000010d9eb000 	/Library/Java/JavaVirtualMachines/adoptopenjdk-8.jdk/Contents/Home/jre/lib/./libmlib_image.dylib
0x00007fff4e49a000 	/System/Library/Frameworks/JavaVM.framework/Versions/A/Frameworks/JavaNativeFoundation.framework/Versions/A/JavaNativeFoundation
0x00007fff4e4a3000 	/System/Library/Frameworks/JavaVM.framework/Versions/A/Frameworks/JavaRuntimeSupport.framework/Versions/A/JavaRuntimeSupport
0x00007fff4e4ac000 	/System/Library/Frameworks/JavaVM.framework/Versions/A/JavaVM
0x00007fff67c9f000 	/System/Library/PrivateFrameworks/JavaLaunching.framework/Versions/A/JavaLaunching
0x00007fff495c9000 	/System/Library/Frameworks/Carbon.framework/Versions/A/Carbon
0x00007fff495ca000 	/System/Library/Frameworks/Carbon.framework/Versions/A/Frameworks/CommonPanels.framework/Versions/A/CommonPanels
0x00007fff498c6000 	/System/Library/Frameworks/Carbon.framework/Versions/A/Frameworks/Help.framework/Versions/A/Help
0x00007fff498ca000 	/System/Library/Frameworks/Carbon.framework/Versions/A/Frameworks/ImageCapture.framework/Versions/A/ImageCapture
0x00007fff49966000 	/System/Library/Frameworks/Carbon.framework/Versions/A/Frameworks/OpenScripting.framework/Versions/A/OpenScripting
0x00007fff4999e000 	/System/Library/Frameworks/Carbon.framework/Versions/A/Frameworks/Print.framework/Versions/A/Print
0x00007fff499a0000 	/System/Library/Frameworks/Carbon.framework/Versions/A/Frameworks/SecurityHI.framework/Versions/A/SecurityHI
0x000000010dabe000 	/Library/Java/JavaVirtualMachines/adoptopenjdk-8.jdk/Contents/Home/jre/lib/libawt_lwawt.dylib
0x000000010db7f000 	/Library/Java/JavaVirtualMachines/adoptopenjdk-8.jdk/Contents/Home/jre/lib/./libosxapp.dylib
0x00007fff4c59d000 	/System/Library/Frameworks/ExceptionHandling.framework/Versions/A/ExceptionHandling
0x00007fff5e53f000 	/System/Library/PrivateFrameworks/CoreServicesInternal.framework/Versions/A/CoreServicesInternal
0x00007fff3eaa2000 	/System/Library/CoreServices/RawCamera.bundle/Contents/MacOS/RawCamera
0x00007fff68c93000 	/System/Library/PrivateFrameworks/MobileAsset.framework/Versions/A/MobileAsset
0x00007fff705e1000 	/System/Library/PrivateFrameworks/StreamingZip.framework/Versions/A/StreamingZip
0x00007fff4e83e000 	/System/Library/Frameworks/MediaToolbox.framework/Versions/A/MediaToolbox
0x00007fff5d691000 	/System/Library/PrivateFrameworks/CoreAVCHD.framework/Versions/A/CoreAVCHD
0x00007fff4e784000 	/System/Library/Frameworks/MediaAccessibility.framework/Versions/A/MediaAccessibility
0x00007fff686ef000 	/System/Library/PrivateFrameworks/Mangrove.framework/Versions/A/Mangrove
0x00007fff4b436000 	/System/Library/Frameworks/CoreMedia.framework/Versions/A/CoreMedia
0x00007fff562a1000 	/System/Library/Frameworks/VideoToolbox.framework/Versions/A/VideoToolbox
0x00007fff5d2ad000 	/System/Library/PrivateFrameworks/CoreAUC.framework/Versions/A/CoreAUC
0x00007fff7544f000 	/usr/lib/libspindump.dylib
0x00007fff5a968000 	/System/Library/PrivateFrameworks/AppleVA.framework/Versions/A/AppleVA
0x00007fff46723000 	/System/Library/Frameworks/Accelerate.framework/Versions/A/Frameworks/vImage.framework/Versions/A/Libraries/libCGInterfaces.dylib
0x00007fff48a16000 	/System/Library/Frameworks/ApplicationServices.framework/Versions/A/Frameworks/ATS.framework/Versions/A/Resources/libTrueTypeScaler.dylib
0x00007fff438e5000 	/System/Library/Extensions/AppleIntelKBLGraphicsMTLDriver.bundle/Contents/MacOS/AppleIntelKBLGraphicsMTLDriver
0x00007fff3edfe000 	/System/Library/Extensions/AMDMTLBronzeDriver.bundle/Contents/MacOS/AMDMTLBronzeDriver
0x00007fff676eb000 	/System/Library/PrivateFrameworks/IOAccelMemoryInfo.framework/Versions/A/IOAccelMemoryInfo
0x00007fff63d55000 	/System/Library/PrivateFrameworks/GPUCompiler.framework/Versions/3902/Libraries/libmetal_timestamp.dylib
0x00007fff604ab000 	/System/Library/PrivateFrameworks/FamilyControls.framework/Versions/A/FamilyControls
0x00007fff5cdfe000 	/System/Library/PrivateFrameworks/CommerceKit.framework/Versions/A/Frameworks/CommerceCore.framework/Versions/A/CommerceCore
0x00007fff70966000 	/System/Library/PrivateFrameworks/SystemAdministration.framework/Versions/A/SystemAdministration
0x00007fff5a23b000 	/System/Library/PrivateFrameworks/AppContainer.framework/Versions/A/AppContainer
0x00007fff5a257000 	/System/Library/PrivateFrameworks/AppSandbox.framework/Versions/A/AppSandbox
0x00007fff6e453000 	/System/Library/PrivateFrameworks/SecCodeWrapper.framework/Versions/A/SecCodeWrapper
0x00007fff75400000 	/usr/lib/libsandbox.1.dylib
0x00007fff73130000 	/usr/lib/libMatch.1.dylib
0x00007fff5f34b000 	/System/Library/PrivateFrameworks/DiskManagement.framework/Versions/A/DiskManagement
0x00007fff4c319000 	/System/Library/Frameworks/DirectoryService.framework/Versions/A/DirectoryService
0x00007fff5f27c000 	/System/Library/PrivateFrameworks/DiskImages.framework/Versions/A/DiskImages
0x00007fff67fc5000 	/System/Library/PrivateFrameworks/LoginUIKit.framework/Versions/A/Frameworks/LoginUICore.framework/Versions/A/LoginUICore
0x00007fff72df4000 	/usr/lib/libCoreStorage.dylib
0x00007fff73cc0000 	/usr/lib/libcsfde.dylib
0x00007fff75280000 	/usr/lib/libodfde.dylib
0x00007fff68807000 	/System/Library/PrivateFrameworks/MediaKit.framework/Versions/A/MediaKit
0x00007fff4c325000 	/System/Library/Frameworks/DiscRecording.framework/Versions/A/DiscRecording
0x00007fff5f4bf000 	/System/Library/PrivateFrameworks/EFILogin.framework/Versions/A/EFILogin
0x00007fff6c9d1000 	/System/Library/PrivateFrameworks/ProtectedCloudStorage.framework/Versions/A/ProtectedCloudStorage
0x00007fff73d52000 	/usr/lib/libcurl.4.dylib
0x00007fff73bbf000 	/usr/lib/libcrypto.42.dylib
0x00007fff756f2000 	/usr/lib/libssl.44.dylib
0x00007fff4e4cb000 	/System/Library/Frameworks/LDAP.framework/Versions/A/LDAP
0x00007fff70ff6000 	/System/Library/PrivateFrameworks/TrustEvaluationAgent.framework/Versions/A/TrustEvaluationAgent
0x00007fff7543c000 	/usr/lib/libsasl2.2.dylib
0x00007fff5d8ea000 	/System/Library/PrivateFrameworks/CoreDaemon.framework/Versions/B/CoreDaemon
0x00007fff5a87d000 	/System/Library/PrivateFrameworks/AppleSRP.framework/Versions/A/AppleSRP
0x00007fff71e31000 	/System/Library/PrivateFrameworks/ViewBridge.framework/Versions/A/ViewBridge
0x000000010f9e0000 	/usr/lib/libobjc-trampolines.dylib
0x0000000128fcf000 	/Library/Java/JavaVirtualMachines/adoptopenjdk-8.jdk/Contents/Home/jre/lib/libnio.dylib
0x0000000128fe3000 	/Library/Java/JavaVirtualMachines/adoptopenjdk-8.jdk/Contents/Home/jre/lib/./libnet.dylib
0x00007fff53fe3000 	/System/Library/Frameworks/OpenGL.framework/Versions/A/Resources/GLEngine.bundle/GLEngine
0x00007fff53485000 	/System/Library/Frameworks/OpenGL.framework/Versions/A/Libraries/libGLProgrammability.dylib
0x00007fff42b10000 	/System/Library/Extensions/AppleIntelKBLGraphicsGLDriver.bundle/Contents/MacOS/AppleIntelKBLGraphicsGLDriver
0x00007fff653ea000 	/System/Library/PrivateFrameworks/GPUSupport.framework/Versions/A/Libraries/libGPUSupportMercury.dylib
0x0000000129002000 	/System/Library/Extensions/AMDRadeonX4000GLDriver.bundle/Contents/MacOS/AMDRadeonX4000GLDriver
0x00007fff3ef0b000 	/System/Library/Extensions/AMDRadeonX4000GLDriver.bundle/Contents/MacOS/ATIRadeonX4000SCLib.dylib
0x00007fff5417b000 	/System/Library/Frameworks/OpenGL.framework/Versions/A/Resources/GLRendererFloat.bundle/GLRendererFloat
0x00007fff52a4f000 	/System/Library/Frameworks/OpenCL.framework/Versions/A/Libraries/libcldcpuengine.dylib
0x00007fff739c5000 	/usr/lib/libcrypto.35.dylib
0x00000001292ee000 	/Library/Java/JavaVirtualMachines/adoptopenjdk-8.jdk/Contents/Home/jre/lib/libfontmanager.dylib
0x000000012935e000 	/Library/Java/JavaVirtualMachines/adoptopenjdk-8.jdk/Contents/Home/jre/lib/./libfreetype.6.dylib
0x000000010fb76000 	/Library/Java/JavaVirtualMachines/adoptopenjdk-8.jdk/Contents/Home/jre/lib/libosxui.dylib
0x000000010fac1000 	/private/var/folders/pt/gmp3zg_n0fv1_5_mkh2b9j80003h5j/T/jogamp_0000/file_cache/jln204753475713863492/jln3716582517799553691/libgluegen-rt.jnilib
0x000000010fac5000 	/private/var/folders/pt/gmp3zg_n0fv1_5_mkh2b9j80003h5j/T/jogamp_0000/file_cache/jln204753475713863492/jln3716582517799553691/libnativewindow_awt.jnilib
0x000000010fac8000 	/Library/Java/JavaVirtualMachines/adoptopenjdk-8.jdk/Contents/Home/jre/lib/libjawt.dylib
0x000000010facf000 	/private/var/folders/pt/gmp3zg_n0fv1_5_mkh2b9j80003h5j/T/jogamp_0000/file_cache/jln204753475713863492/jln3716582517799553691/libnativewindow_macosx.jnilib
0x0000000128697000 	/private/var/folders/pt/gmp3zg_n0fv1_5_mkh2b9j80003h5j/T/jogamp_0000/file_cache/jln204753475713863492/jln3716582517799553691/libjogl_desktop.jnilib

VM Arguments:
jvm_args: -Djava.security.policy=java.policy.applet -Dfile.encoding=UTF-8 
java_command: sun.applet.AppletViewer module2.LifeExpectancy1585850134779.html
java_class_path (initial): /Users/abarretti/Desktop/Java/UCSDUnfoldingMaps/UCSDUnfoldingMaps/build:/Users/abarretti/Desktop/Java/UCSDUnfoldingMaps/UCSDUnfoldingMaps/lib/core.jar:/Users/abarretti/Desktop/Java/UCSDUnfoldingMaps/UCSDUnfoldingMaps/lib/gluegen-rt.jar:/Users/abarretti/Desktop/Java/UCSDUnfoldingMaps/UCSDUnfoldingMaps/lib/jogl-all.jar:/Users/abarretti/Desktop/Java/UCSDUnfoldingMaps/UCSDUnfoldingMaps/lib/log4j-1.2.15.jar:/Users/abarretti/Desktop/Java/UCSDUnfoldingMaps/UCSDUnfoldingMaps/lib/sqlite-jdbc-3.7.2.jar:/Users/abarretti/Desktop/Java/UCSDUnfoldingMaps/UCSDUnfoldingMaps/lib/json4processing.jar:/Users/abarretti/Desktop/Java/UCSDUnfoldingMaps/UCSDUnfoldingMaps/lib/libTUIO.jar:/Users/abarretti/Desktop/Java/UCSDUnfoldingMaps/UCSDUnfoldingMaps/lib/unfolding.0.9.7-uscd.jar
Launcher Type: SUN_STANDARD

Environment Variables:
PATH=/usr/bin:/bin:/usr/sbin:/sbin
SHELL=/bin/bash

Signal Handlers:
SIGSEGV: [libjvm.dylib+0x588183], sa_mask[0]=11111111011111110111111111111111, sa_flags=SA_ONSTACK|SA_RESTART|SA_SIGINFO
SIGBUS: [libjvm.dylib+0x588183], sa_mask[0]=11111111011111110111111111111111, sa_flags=SA_RESTART|SA_SIGINFO
SIGFPE: [libjvm.dylib+0x46288c], sa_mask[0]=11111111011111110111111111111111, sa_flags=SA_RESTART|SA_SIGINFO
SIGPIPE: [libjvm.dylib+0x46288c], sa_mask[0]=11111111011111110111111111111111, sa_flags=SA_RESTART|SA_SIGINFO
SIGXFSZ: [libjvm.dylib+0x46288c], sa_mask[0]=11111111011111110111111111111111, sa_flags=SA_RESTART|SA_SIGINFO
SIGILL: [libjvm.dylib+0x46288c], sa_mask[0]=11111111011111110111111111111111, sa_flags=SA_RESTART|SA_SIGINFO
SIGUSR1: SIG_DFL, sa_mask[0]=00000000000000000000000000000000, sa_flags=none
SIGUSR2: [libjvm.dylib+0x4623aa], sa_mask[0]=00100000000000000000000000000000, sa_flags=SA_RESTART|SA_SIGINFO
SIGHUP: [libjvm.dylib+0x460935], sa_mask[0]=11111111011111110111111111111111, sa_flags=SA_RESTART|SA_SIGINFO
SIGINT: [libjvm.dylib+0x460935], sa_mask[0]=11111111011111110111111111111111, sa_flags=SA_RESTART|SA_SIGINFO
SIGTERM: [libjvm.dylib+0x460935], sa_mask[0]=11111111011111110111111111111111, sa_flags=SA_RESTART|SA_SIGINFO
SIGQUIT: [libjvm.dylib+0x460935], sa_mask[0]=11111111011111110111111111111111, sa_flags=SA_RESTART|SA_SIGINFO


---------------  S Y S T E M  ---------------

OS:Bsduname:Darwin 18.7.0 Darwin Kernel Version 18.7.0: Thu Jan 23 06:52:12 PST 2020; root:xnu-4903.278.25~1/RELEASE_X86_64 x86_64
rlimit: STACK 8192k, CORE 0k, NPROC 1418, NOFILE 10240, AS infinity
load average:2.89 2.10 1.96

CPU:total 8 (initial active 8) (4 cores per cpu, 2 threads per core) family 6 model 158 stepping 9, cmov, cx8, fxsr, mmx, sse, sse2, sse3, ssse3, sse4.1, sse4.2, popcnt, avx, avx2, aes, clmul, erms, 3dnowpref, lzcnt, ht, tsc, tscinvbit, bmi1, bmi2, adx

Memory: 4k page, physical 16777216k(3557592k free)

/proc/meminfo:


vm_info: OpenJDK 64-Bit Server VM (25.242-b08) for bsd-amd64 JRE (1.8.0_242-b08), built on Jan 19 2020 06:43:11 by "jenkins" with gcc 4.2.1 (Based on Apple Inc. build 5658) (LLVM build 2336.11.00)

time: Thu Apr  2 19:55:44 2020
timezone: CEST
elapsed time: 9 seconds (0d 0h 0m 9s)

